Log file open, 07/05/17 11:39:32
LogInit:Display: Running engine for game: MyProject5
LogPlatformFile: Not using cached read wrapper
LogInit:Display: RandInit(-2085775799) SRandInit(-2085775799).
LogTaskGraph: Started task graph with 5 named threads and 8 total threads with 1 sets of task threads.
LogStats: Stats thread started at 0.094406
LogInit: Using libcurl 7.47.1
LogInit:  - built for x86_64-pc-win32
LogInit:  - supports SSL with OpenSSL/1.0.2g
LogInit:  - supports HTTP deflate (compression) using libz 1.2.8
LogInit:  - other features:
LogInit:      CURL_VERSION_SSL
LogInit:      CURL_VERSION_LIBZ
LogInit:      CURL_VERSION_IPV6
LogInit:      CURL_VERSION_ASYNCHDNS
LogInit:      CURL_VERSION_LARGEFILE
LogInit:      CURL_VERSION_IDN
LogInit:  CurlRequestOptions (configurable via config and command line):
LogInit:  - bVerifyPeer = false  - Libcurl will NOT verify peer certificate
LogInit:  - bUseHttpProxy = false  - Libcurl will NOT use HTTP proxy
LogInit:  - bDontReuseConnections = false  - Libcurl will reuse connections
LogInit:  - CertBundlePath = nullptr  - Libcurl will use whatever was configured at build time.
LogInit: Build: ++UE4+Release-4.15-CL-3416026
LogInit: Engine Version: 4.15.2-3416026+++UE4+Release-4.15
LogInit: Compatible Engine Version: 4.15.0-3299760+++UE4+Release-4.15
LogInit: Net CL: 3299760
LogDevObjectVersion: Number of dev versions registered: 14
LogDevObjectVersion:   Dev-Blueprints (B0D832E4-1F89-4F0D-ACCF-7EB736FD4AA2): 8
LogDevObjectVersion:   Dev-Build (E1C64328-A22C-4D53-A36C-8E866417BD8C): 0
LogDevObjectVersion:   Dev-Core (375EC13C-06E4-48FB-B500-84F0262A717E): 2
LogDevObjectVersion:   Dev-Editor (E4B068ED-F494-42E9-A231-DA0B2E46BB41): 14
LogDevObjectVersion:   Dev-Framework (CFFC743F-43B0-4480-9391-14DF171D2073): 22
LogDevObjectVersion:   Dev-Mobile (B02B49B5-BB20-44E9-A304-32B752E40360): 0
LogDevObjectVersion:   Dev-Networking (A4E4105C-59A1-49B5-A7C5-40C4547EDFEE): 0
LogDevObjectVersion:   Dev-Online (39C831C9-5AE6-47DC-9A44-9C173E1C8E7C): 0
LogDevObjectVersion:   Dev-Physics (78F01B33-EBEA-4F98-B9B4-84EACCB95AA2): 0
LogDevObjectVersion:   Dev-Platform (6631380F-2D4D-43E0-8009-CF276956A95A): 0
LogDevObjectVersion:   Dev-Rendering (12F88B9F-8875-4AFC-A67C-D90C383ABD29): 12
LogDevObjectVersion:   Dev-Sequencer (7B5AE74C-D270-4C10-A958-57980B212A5A): 3
LogDevObjectVersion:   Dev-VR (D7296918-1DD6-4BDD-9DE2-64A83CC13884): 0
LogDevObjectVersion:   Dev-LoadTimes (C2A15278-BFE7-4AFE-6C17-90FF531DF755): 1
LogInit: Compiled (64-bit): May  1 2017 13:11:28
LogInit: Compiled with Visual C++: 19.00.23026.00
LogInit: Build Configuration: Development
LogInit: Branch Name: ++UE4+Release-4.15
LogInit: Command line:  
LogInit: Base directory: C:/Program Files/Epic Games/UE_4.15/Engine/Binaries/Win64/
LogInit: Installed Engine Build: 1
LogInit: Presizing for max 8388607 objects, including 0 objects not considered by GC, pre-allocating 0 bytes for permanent pool.
LogInit: Object subsystem initialized
[2017.07.05-15.39.34:189][  0]LogInit: Selected Device Profile: [Windows]
[2017.07.05-15.39.34:189][  0]LogInit: Applying CVar settings loaded from the selected device profile: [Windows]
[2017.07.05-15.39.34:200][  0]LogInit: Computer: EGDWS_MA_0018
[2017.07.05-15.39.34:200][  0]LogInit: User: Camper
[2017.07.05-15.39.34:200][  0]LogInit: CPU Page size=65536, Cores=4
[2017.07.05-15.39.34:200][  0]LogInit: High frequency timer resolution =2.338341 MHz
[2017.07.05-15.39.34:200][  0]LogMemory: Memory total: Physical=15.6GB (16GB approx)
[2017.07.05-15.39.34:200][  0]LogMemory: Platform Memory Stats for Windows
[2017.07.05-15.39.34:200][  0]LogMemory: Process Physical Memory: 262.53 MB used, 262.53 MB peak
[2017.07.05-15.39.34:200][  0]LogMemory: Process Virtual Memory: 262.71 MB used, 262.71 MB peak
[2017.07.05-15.39.34:200][  0]LogMemory: Physical Memory: 7614.10 MB used,  8395.12 MB free, 16009.22 MB total
[2017.07.05-15.39.34:200][  0]LogMemory: Virtual Memory: 630.80 MB used,  8395.12 MB free, 134217728.00 MB total
[2017.07.05-15.39.34:306][  0]LogTextLocalizationManager: No specific translations for ('en-US') exist, so ('en') translations will be used.
[2017.07.05-15.39.35:155][  0]LogD3D11RHI: D3D11 adapters:
[2017.07.05-15.39.35:199][  0]LogD3D11RHI:    0. 'NVIDIA Quadro K1100M   ' (Feature Level 11_0)
[2017.07.05-15.39.35:199][  0]LogD3D11RHI:       1992/0/8004 MB DedicatedVideo/DedicatedSystem/SharedSystem, Outputs:1, VendorId:0x10de
[2017.07.05-15.39.35:206][  0]LogD3D11RHI:    1. 'Intel(R) HD Graphics 4600' (Feature Level 11_0)
[2017.07.05-15.39.35:206][  0]LogD3D11RHI:       112/0/2048 MB DedicatedVideo/DedicatedSystem/SharedSystem, Outputs:0, VendorId:0x8086
[2017.07.05-15.39.35:207][  0]LogD3D11RHI:    2. 'Microsoft Basic Render Driver' (Feature Level 11_0)
[2017.07.05-15.39.35:208][  0]LogD3D11RHI:       0/0/8004 MB DedicatedVideo/DedicatedSystem/SharedSystem, Outputs:0, VendorId:0x1414
[2017.07.05-15.39.35:208][  0]LogD3D11RHI: Chosen D3D11 Adapter: 0
[2017.07.05-15.39.35:212][  0]LogD3D11RHI: Creating new Direct3DDevice
[2017.07.05-15.39.35:213][  0]LogD3D11RHI:     GPU DeviceId: 0xff6 (for the marketing name, search the web for "GPU Device Id")
[2017.07.05-15.39.35:213][  0]LogWindows: EnumDisplayDevices:
[2017.07.05-15.39.35:213][  0]LogWindows:    0. 'Intel(R) HD Graphics 4600' (P:0 D:0)
[2017.07.05-15.39.35:214][  0]LogWindows:    1. 'Intel(R) HD Graphics 4600' (P:1 D:1)
[2017.07.05-15.39.35:214][  0]LogWindows:    2. 'Intel(R) HD Graphics 4600' (P:0 D:0)
[2017.07.05-15.39.35:214][  0]LogWindows: DebugString: PrimaryIsNotTheChoosenAdapter PrimaryIsNotTheChoosenAdapter PrimaryIsNotTheChoosenAdapter FoundDriverCount:0 
[2017.07.05-15.39.35:214][  0]LogD3D11RHI:     Adapter Name: NVIDIA Quadro K1100M   
[2017.07.05-15.39.35:214][  0]LogD3D11RHI:   Driver Version: Unknown (internal:Unknown, unified:Unknown)
[2017.07.05-15.39.35:214][  0]LogD3D11RHI:      Driver Date: Unknown
[2017.07.05-15.39.35:214][  0]LogRHI: Texture pool is 1361 MB (70% of 1945 MB)
[2017.07.05-15.39.35:233][  0]LogD3D11RHI:Warning: Timestamp queries are currently disabled on this hardware due to instability. Realtime GPU stats will not be available. You can override this behaviour by setting r.NVIDIATimestampWorkaround to 0
[2017.07.05-15.39.35:236][  0]LogD3D11RHI: NvAPI_D3D_GetCurrentSLIState failed: 0xfffffff7
[2017.07.05-15.39.35:238][  0]LogD3D11RHI: [Aftermath] Aftermath enabled but failed to initialize due to reason: DriverVersionNotSupported
[2017.07.05-15.39.35:238][  0]LogD3D11RHI: Async texture creation enabled
[2017.07.05-15.39.35:256][  0]LogD3D11RHI: GPU Timing Frequency: 1000.000000 (Debug: 2 2)
[2017.07.05-15.39.35:257][  0]LogShaderCompilers: Guid format shader working directory is -35 characters bigger than the processId version (../../../../../../Users/Camper/Documents/GitHub/Emagination2017Project/MyProject5/Intermediate/Shaders/WorkingDirectory/11332/).
[2017.07.05-15.39.35:257][  0]LogShaderCompilers: Cleaned the shader compiler working directory 'C:/Users/Camper/AppData/Local/Temp/UnrealShaderWorkingDir/DB2A75514164FBF71B10D18AD23DE1A2/'.
[2017.07.05-15.39.35:257][  0]LogShaderCompilers:Display: Using Local Shader Compiler.
[2017.07.05-15.39.36:603][  0]LogTemp:Display: Loaded TP AllDesktopTargetPlatform
[2017.07.05-15.39.36:694][  0]LogTemp:Display: Loaded TP MacClientTargetPlatform
[2017.07.05-15.39.36:789][  0]LogTemp:Display: Loaded TP MacNoEditorTargetPlatform
[2017.07.05-15.39.36:874][  0]LogTemp:Display: Loaded TP MacServerTargetPlatform
[2017.07.05-15.39.36:982][  0]LogTemp:Display: Loaded TP MacTargetPlatform
[2017.07.05-15.39.37:087][  0]LogTemp:Display: Loaded TP WindowsClientTargetPlatform
[2017.07.05-15.39.37:171][  0]LogTemp:Display: Loaded TP WindowsNoEditorTargetPlatform
[2017.07.05-15.39.37:265][  0]LogTemp:Display: Loaded TP WindowsServerTargetPlatform
[2017.07.05-15.39.37:343][  0]LogTemp:Display: Loaded TP WindowsTargetPlatform
[2017.07.05-15.39.37:434][  0]LogTemp:Display: Loaded TP AndroidTargetPlatform
[2017.07.05-15.39.37:525][  0]LogTemp:Display: Loaded TP Android_ASTCTargetPlatform
[2017.07.05-15.39.37:614][  0]LogTemp:Display: Loaded TP Android_ATCTargetPlatform
[2017.07.05-15.39.37:703][  0]LogTemp:Display: Loaded TP Android_DXTTargetPlatform
[2017.07.05-15.39.37:792][  0]LogTemp:Display: Loaded TP Android_ETC1TargetPlatform
[2017.07.05-15.39.37:875][  0]LogTemp:Display: Loaded TP Android_ETC2TargetPlatform
[2017.07.05-15.39.38:046][  0]LogTemp:Display: Loaded TP Android_MultiTargetPlatform
[2017.07.05-15.39.38:046][  0]LogTemp:Display: Loaded TP Android_PVRTCTargetPlatform
[2017.07.05-15.39.38:121][  0]LogTemp:Display: Loaded TP HTML5TargetPlatform
[2017.07.05-15.39.38:262][  0]LogTemp:Display: Loaded TP IOSTargetPlatform
[2017.07.05-15.39.38:315][  0]LogTemp:Display: Loaded TP TVOSTargetPlatform
[2017.07.05-15.39.38:397][  0]LogTemp:Display: Loaded TP LinuxClientTargetPlatform
[2017.07.05-15.39.38:486][  0]LogTemp:Display: Loaded TP LinuxNoEditorTargetPlatform
[2017.07.05-15.39.38:582][  0]LogTemp:Display: Loaded TP LinuxServerTargetPlatform
[2017.07.05-15.39.38:674][  0]LogTemp:Display: Loaded TP LinuxTargetPlatform
[2017.07.05-15.39.38:674][  0]LogTargetPlatformManager:Display: Building Assets For Windows
[2017.07.05-15.39.39:390][  0]LogDerivedDataCache:Display: Max Cache Size: 512 MB
[2017.07.05-15.39.39:455][  0]LogDerivedDataCache: Loaded boot cache 0.06s 50MB C:/Users/Camper/AppData/Local/UnrealEngine/4.15/DerivedDataCache/Boot.ddc.
[2017.07.05-15.39.39:455][  0]LogDerivedDataCache:Display: Loaded Boot cache: C:/Users/Camper/AppData/Local/UnrealEngine/4.15/DerivedDataCache/Boot.ddc
[2017.07.05-15.39.39:455][  0]LogDerivedDataCache: FDerivedDataBackendGraph:  Pak pak cache file ../../../../../../Users/Camper/Documents/GitHub/Emagination2017Project/MyProject5/DerivedDataCache/DDC.ddp not found, will not use a pak cache.
[2017.07.05-15.39.39:455][  0]LogDerivedDataCache: Unable to find inner node Pak for hierarchical cache Hierarchy.
[2017.07.05-15.39.39:455][  0]LogDerivedDataCache: FDerivedDataBackendGraph:  CompressedPak pak cache file ../../../../../../Users/Camper/Documents/GitHub/Emagination2017Project/MyProject5/DerivedDataCache/Compressed.ddp not found, will not use a pak cache.
[2017.07.05-15.39.39:455][  0]LogDerivedDataCache: Unable to find inner node CompressedPak for hierarchical cache Hierarchy.
[2017.07.05-15.39.39:477][  0]LogDerivedDataCache:Display: Pak cache opened for reading ../../../Engine/DerivedDataCache/Compressed.ddp.
[2017.07.05-15.39.39:489][  0]LogDerivedDataCache: Using Local data cache path C:/Users/Camper/AppData/Local/UnrealEngine/Common/DerivedDataCache: Writable
[2017.07.05-15.39.39:501][  0]LogSlate: Using Freetype 2.6.0
[2017.07.05-15.39.39:502][  0]LogSlate: SlateFontCache - WITH_FREETYPE: 1, WITH_HARFBUZZ: 1
[2017.07.05-15.39.39:502][  0]LogSlate: SlateFontCache - WITH_FREETYPE: 1, WITH_HARFBUZZ: 1
[2017.07.05-15.39.39:891][  0]LogInit: Selected Device Profile: [Windows]
[2017.07.05-15.39.39:894][  0]LogContentStreaming: Texture pool size is 0.00 MB
[2017.07.05-15.39.40:190][  0]LogMeshUtilities: Using QuadricMeshReduction for automatic static mesh reduction
[2017.07.05-15.39.40:269][  0]LogSimplygon: Simplygon DLL not present - disabling.
[2017.07.05-15.39.40:363][  0]LogMeshUtilities: Using SimplygonSwarm for distributed automatic mesh merging
[2017.07.05-15.39.40:363][  0]LogMeshUtilities: No automatic skeletal mesh reduction module available
[2017.07.05-15.39.40:363][  0]LogMeshUtilities: No automatic mesh merging module available
[2017.07.05-15.39.41:128][  0]LogNetVersion: GetLocalNetworkVersion: CL: 3299760, ProjectName: myproject5, ProjectVersion: , EngineNetworkVersion: 2, GameNetworkVersion: 0, NetworkChecksum: 2091606010
[2017.07.05-15.39.41:184][  0]LogAssetRegistry: FAssetRegistry took 0.0216 seconds to start up
[2017.07.05-15.39.41:261][  0]LogPackageLocalizationCache: Processed 3 localized package path(s) for 2 prioritized culture(s) in 0.039952 seconds
[2017.07.05-15.39.41:267][  0]LogUObjectArray: 32493 objects as part of root set at end of initial load.
[2017.07.05-15.39.41:267][  0]LogUObjectAllocator: 7077024 out of 0 bytes used by permanent object pool.
[2017.07.05-15.39.41:267][  0]LogUObjectArray: CloseDisregardForGC: 0/0 objects in disregard for GC pool
[2017.07.05-15.39.41:376][  0]LogInit: WinSock: version 1.1 (2.2), MaxSocks=32767, MaxUdp=65467
[2017.07.05-15.39.44:019][  0]LogTcpMessaging: Initializing TcpMessaging bridge
[2017.07.05-15.39.44:087][  0]LogUdpMessaging: Initializing bridge on interface 0.0.0.0:0 to multicast group 230.0.0.1:6666.
[2017.07.05-15.39.44:828][  0]LogMaterial: Uniform references updated for custom material expression Custom.
[2017.07.05-15.39.45:489][  0]SourceControl: Info Source control is disabled
[2017.07.05-15.39.45:490][  0]SourceControl: Info Source control is disabled
[2017.07.05-15.39.45:572][  0]SourceControl: Info Source control is disabled
[2017.07.05-15.39.45:654][  0]SourceControl: Info Source control is disabled
[2017.07.05-15.39.47:881][  0]LogEngine: Initializing Engine...
[2017.07.05-15.39.47:881][  0]LogHMD: Failed to initialize OpenVR with code 110
[2017.07.05-15.39.48:019][  0]LogStats: UGameplayTagsManager::ConstructGameplayTagTree: Construct from data asset -  0.000 s
[2017.07.05-15.39.48:019][  0]LogStats: UGameplayTagsManager::ConstructGameplayTagTree: GameplayTagTreeChangedEvent.Broadcast -  0.000 s
[2017.07.05-15.39.48:225][  0]LogAIModule: Creating AISystem for world Untitled
[2017.07.05-15.39.48:232][  0]LogInit: XAudio2 using 'Speaker/HP (Realtek High Definition Audio)' : 2 channels at 48 kHz using 32 bits per sample (channel mask 0x3)
[2017.07.05-15.39.48:248][  0]LogInit: FAudioDevice initialized.
[2017.07.05-15.39.48:276][  0]LogDerivedDataCache: Saved boot cache 0.03s 50MB C:/Users/Camper/AppData/Local/UnrealEngine/4.15/DerivedDataCache/Boot.ddc.
[2017.07.05-15.39.48:279][  0]LogInit: Texture streaming: Enabled
[2017.07.05-15.39.48:430][  0]LogEngineSessionManager: EngineSessionManager initialized
[2017.07.05-15.39.48:576][  0]LogInit: Transaction tracking system initialized
[2017.07.05-15.39.49:199][  0]BlueprintLog: New page: Editor Load
[2017.07.05-15.39.50:708][  0]LocalizationService: Info Localization service is disabled
[2017.07.05-15.39.51:838][  0]LogConsoleResponse:Display: 
[2017.07.05-15.39.52:014][  0]LogCook:Display: Max memory allowance for cook 16384mb min free memory 0mb
[2017.07.05-15.39.52:014][  0]LogCook:Display: Mobile HDR setting 1
[2017.07.05-15.39.52:854][  0]LogFileCache: Scanning file cache for directory 'C:/Users/Camper/Documents/GitHub/Emagination2017Project/MyProject5/Content/' took 0.02s
[2017.07.05-15.39.53:848][  0]SourceControl: Info Source control is disabled
[2017.07.05-15.39.53:849][  0]Cmd: MAP LOAD FILE="../../../../../../Users/Camper/Documents/GitHub/Emagination2017Project/MyProject5/Content/SideScrollerBP/Maps/SideScrollerExampleMap.umap" TEMPLATE=0 SHOWPROGRESS=1 FEATURELEVEL=3
[2017.07.05-15.39.53:849][  0]LogEditorServer:Warning: Can't find file '../../../../../../Users/Camper/Documents/GitHub/Emagination2017Project/MyProject5/Content/SideScrollerBP/Maps/SideScrollerExampleMap.umap'
[2017.07.05-15.39.53:849][  0]Cmd: MAP CHECKDEP NOCLEARLOG
[2017.07.05-15.39.53:945][  0]MapCheck: Info Map check complete: 0 Error(s), 0 Warning(s), took 95.852ms to complete.
[2017.07.05-15.39.53:945][  0]LogFileHelpers: Loading map 'SideScrollerExampleMap' took 0.096
[2017.07.05-15.39.54:022][  0]LogWindowsTextInputMethodSystem:Display: IME system now deactivated.
[2017.07.05-15.39.54:177][  0]LogCollectionManager: Loaded 0 collections in 0.002771 seconds
[2017.07.05-15.39.54:287][  0]LogFileCache: Scanning file cache for directory 'C:/Users/Camper/Documents/GitHub/Emagination2017Project/MyProject5/Saved/Collections/' took 0.01s
[2017.07.05-15.39.54:287][  0]LogFileCache: Scanning file cache for directory 'C:/Users/Camper/Documents/GitHub/Emagination2017Project/MyProject5/Content/Developers/Camper/Collections/' took 0.01s
[2017.07.05-15.39.54:287][  0]LogFileCache: Scanning file cache for directory 'C:/Users/Camper/Documents/GitHub/Emagination2017Project/MyProject5/Content/Collections/' took 0.01s
[2017.07.05-15.39.54:287][  0]LogCollectionManager: Rebuilt the GUID cache for 0 collections in 0.000002 seconds
[2017.07.05-15.39.54:297][  0]LogContentBrowser: Native class hierarchy populated in 0.0098 seconds. Added 2245 classes and 453 folders.
[2017.07.05-15.39.54:407][  0]LogContentBrowser: Native class hierarchy updated for 'WidgetCarousel' in 0.0006 seconds. Added 0 classes and 0 folders.
[2017.07.05-15.39.54:484][  0]LogContentBrowser: Native class hierarchy updated for 'AddContentDialog' in 0.0006 seconds. Added 0 classes and 0 folders.
[2017.07.05-15.39.54:558][  0]LogContentBrowser: Native class hierarchy updated for 'SceneOutliner' in 0.0006 seconds. Added 1 classes and 2 folders.
[2017.07.05-15.39.54:620][  0]LogCrashTracker: Crashtracker disabled due to settings.
[2017.07.05-15.39.54:626][  0]LogUObjectGlobals:Warning: Failed to find object 'Class None.'
[2017.07.05-15.39.54:746][  0]LogContentBrowser: Native class hierarchy updated for 'HierarchicalLODOutliner' in 0.0008 seconds. Added 1 classes and 2 folders.
[2017.07.05-15.39.54:746][  0]LogLoad: (Engine Initialization) Total time: 23.38 seconds
[2017.07.05-15.39.54:746][  0]LogLoad: (Engine Initialization) Total Blueprint compile time: 0.08 seconds
[2017.07.05-15.39.54:746][  0]LogExternalProfiler: No external profilers were discovered.  External profiling features will not be available.
[2017.07.05-15.39.54:764][  0]LogOcInput: OculusInput pre-init called
[2017.07.05-15.39.54:792][  0]LogContentStreaming: Texture pool size now 1000 MB
[2017.07.05-15.39.54:795][  0]LogSlate: Took 0.000717 seconds to synchronously load lazily loaded font '../../../Engine/Content/Slate/Fonts/Roboto-Regular.ttf' (155K)
[2017.07.05-15.39.54:800][  0]LogSlate: Took 0.000551 seconds to synchronously load lazily loaded font '../../../Engine/Content/Slate/Fonts/Roboto-Bold.ttf' (160K)
[2017.07.05-15.39.54:809][  0]LogSlate: Took 0.000435 seconds to synchronously load lazily loaded font '../../../Engine/Content/Editor/Slate/Fonts/FontAwesome.ttf' (139K)
[2017.07.05-15.39.55:014][  0]LogRenderer: Reallocating scene render targets to support 1116x656 NumSamples 1 (Frame:2).
[2017.07.05-15.39.55:141][  2]LogAssetRegistry: Asset discovery search completed in 13.9784 seconds
[2017.07.05-15.39.55:141][  2]LogCollectionManager: Rebuilt the object cache for 0 collections in 0.000028 seconds (found 0 objects)
[2017.07.05-15.39.55:141][  2]LogCollectionManager: Fixed up redirectors for 0 collections in 0.000062 seconds (updated 0 objects)
[2017.07.05-15.39.55:811][ 40]LogSlate: Took 0.000383 seconds to synchronously load lazily loaded font '../../../Engine/Content/Slate/Fonts/Roboto-Light.ttf' (159K)
[2017.07.05-15.39.58:959][228]LogSlate: Took 0.000655 seconds to synchronously load lazily loaded font '../../../Engine/Content/Slate/Fonts/Roboto-Light.ttf' (159K)
[2017.07.05-15.40.03:542][501]LogSlate: Took 0.000342 seconds to synchronously load lazily loaded font '../../../Engine/Content/Slate/Fonts/Roboto-Light.ttf' (159K)
[2017.07.05-15.40.03:721][501]LogBlueprint:Warning: [PauseMenu] 'HUD Reference' variable not found. Base class was probably changed.
[2017.07.05-15.40.03:721][501]LogBlueprint:Warning: [PauseMenu] 'HUD Reference' variable not found. Base class was probably changed.
[2017.07.05-15.40.04:377][501]LogStats: FPlatformStackWalk::StackWalkAndDump -  0.647 s
[2017.07.05-15.40.04:377][501]LogOutputDevice:Error: === Handled ensure: ===
[2017.07.05-15.40.04:377][501]LogOutputDevice:Error: 
[2017.07.05-15.40.04:377][501]LogOutputDevice:Error: Ensure condition failed: pContextTerm != nullptr [File:D:\Build\++UE4+Release-4.15+Compile\Sync\Engine\Source\Editor\BlueprintGraph\Private\CallFunctionHandler.cpp] [Line: 384]
[2017.07.05-15.40.04:377][501]LogOutputDevice:Error: '/Game/SideScroller_BP/Blueprints/PauseMenu.PauseMenu:EdGraph_2.K2Node_CallFunction_20' is missing a target input - if this is a server build, the input may be a cosmetic only property which was discarded (if this is the case, and this is expecting component variable try resaving.)
[2017.07.05-15.40.04:377][501]LogOutputDevice:Error: Stack: 
[2017.07.05-15.40.04:377][501]LogOutputDevice:Error: UE4Editor-Core.dll!0x00000000D27095E6
[2017.07.05-15.40.04:377][501]LogOutputDevice:Error: UE4Editor-Core.dll!0x00000000D24B9B82
[2017.07.05-15.40.04:377][501]LogOutputDevice:Error: UE4Editor-Core.dll!0x00000000D24CB666
[2017.07.05-15.40.04:377][501]LogOutputDevice:Error: UE4Editor-BlueprintGraph.dll!0x00000000C0B63D12
[2017.07.05-15.40.04:377][501]LogOutputDevice:Error: UE4Editor-BlueprintGraph.dll!0x00000000C0B59FC3
[2017.07.05-15.40.04:377][501]LogOutputDevice:Error: UE4Editor-KismetCompiler.dll!0x00000000BD73D004
[2017.07.05-15.40.04:377][501]LogOutputDevice:Error: UE4Editor-KismetCompiler.dll!0x00000000BD73854B
[2017.07.05-15.40.04:377][501]LogOutputDevice:Error: UE4Editor-UMGEditor.dll!0x00000000BDA44913
[2017.07.05-15.40.04:377][501]LogOutputDevice:Error: UE4Editor-UMGEditor.dll!0x00000000BDA44833
[2017.07.05-15.40.04:377][501]LogOutputDevice:Error: UE4Editor-KismetCompiler.dll!0x00000000BD73C1EC
[2017.07.05-15.40.04:377][501]LogOutputDevice:Error: UE4Editor-KismetCompiler.dll!0x00000000BD73B94D
[2017.07.05-15.40.04:377][501]LogOutputDevice:Error: UE4Editor-UnrealEd.dll!0x00000000C4476AD9
[2017.07.05-15.40.04:377][501]LogOutputDevice:Error: UE4Editor-UnrealEd.dll!0x00000000C4438A1A
[2017.07.05-15.40.04:377][501]LogOutputDevice:Error: UE4Editor-CoreUObject.dll!0x00000000D1ED0C37
[2017.07.05-15.40.04:377][501]LogOutputDevice:Error: UE4Editor-CoreUObject.dll!0x00000000D1EAB086
[2017.07.05-15.40.04:378][501]LogOutputDevice:Error: UE4Editor-CoreUObject.dll!0x00000000D1FAE5DA
[2017.07.05-15.40.04:378][501]LogOutputDevice:Error: UE4Editor-CoreUObject.dll!0x00000000D1F8868E
[2017.07.05-15.40.04:378][501]LogOutputDevice:Error: UE4Editor-CoreUObject.dll!0x00000000D1FA2C11
[2017.07.05-15.40.04:378][501]LogOutputDevice:Error: UE4Editor-CoreUObject.dll!0x00000000D1F87709
[2017.07.05-15.40.04:378][501]LogOutputDevice:Error: UE4Editor-CoreUObject.dll!0x00000000D1F88ACB
[2017.07.05-15.40.04:378][501]LogOutputDevice:Error: UE4Editor-CoreUObject.dll!0x00000000D1FA51B6
[2017.07.05-15.40.04:378][501]LogOutputDevice:Error: UE4Editor-CoreUObject.dll!0x00000000D2084D72
[2017.07.05-15.40.04:378][501]LogOutputDevice:Error: UE4Editor-CoreUObject.dll!0x00000000D2084327
[2017.07.05-15.40.04:378][501]LogOutputDevice:Error: UE4Editor-CoreUObject.dll!0x00000000D1FD0CB4
[2017.07.05-15.40.04:378][501]LogOutputDevice:Error: UE4Editor-CoreUObject.dll!0x00000000D1FCF9E5
[2017.07.05-15.40.04:378][501]LogOutputDevice:Error: UE4Editor-CoreUObject.dll!0x00000000D1FD0F05
[2017.07.05-15.40.04:378][501]LogOutputDevice:Error: UE4Editor-CoreUObject.dll!0x00000000D1FCF9E5
[2017.07.05-15.40.04:378][501]LogOutputDevice:Error: UE4Editor-CoreUObject.dll!0x00000000D1F89846
[2017.07.05-15.40.04:378][501]LogOutputDevice:Error: UE4Editor-CoreUObject.dll!0x00000000D1EE2DDF
[2017.07.05-15.40.04:378][501]LogOutputDevice:Error: UE4Editor-CoreUObject.dll!0x00000000D1EE1B85
[2017.07.05-15.40.04:378][501]LogOutputDevice:Error: UE4Editor-CoreUObject.dll!0x00000000D1EE17E8
[2017.07.05-15.40.04:378][501]LogOutputDevice:Error: UE4Editor-CoreUObject.dll!0x00000000D1EAAE90
[2017.07.05-15.40.04:378][501]LogOutputDevice:Error: UE4Editor-CoreUObject.dll!0x00000000D1FAE5DA
[2017.07.05-15.40.04:378][501]LogOutputDevice:Error: UE4Editor-CoreUObject.dll!0x00000000D1F8868E
[2017.07.05-15.40.04:378][501]LogOutputDevice:Error: UE4Editor-CoreUObject.dll!0x00000000D1FA2C11
[2017.07.05-15.40.04:378][501]LogOutputDevice:Error: UE4Editor-CoreUObject.dll!0x00000000D1F87709
[2017.07.05-15.40.04:378][501]LogOutputDevice:Error: UE4Editor-CoreUObject.dll!0x00000000D1F88ACB
[2017.07.05-15.40.04:378][501]LogOutputDevice:Error: UE4Editor-CoreUObject.dll!0x00000000D1FA51B6
[2017.07.05-15.40.04:378][501]LogOutputDevice:Error: UE4Editor-CoreUObject.dll!0x00000000D2084D72
[2017.07.05-15.40.04:378][501]LogOutputDevice:Error: UE4Editor-CoreUObject.dll!0x00000000D2084327
[2017.07.05-15.40.04:378][501]LogOutputDevice:Error: UE4Editor-CoreUObject.dll!0x00000000D1FD0CB4
[2017.07.05-15.40.04:378][501]LogOutputDevice:Error: UE4Editor-CoreUObject.dll!0x00000000D1FCF9E5
[2017.07.05-15.40.04:378][501]LogOutputDevice:Error: UE4Editor-CoreUObject.dll!0x00000000D1FD0F05
[2017.07.05-15.40.04:378][501]LogOutputDevice:Error: UE4Editor-CoreUObject.dll!0x00000000D1FCF9E5
[2017.07.05-15.40.04:378][501]LogOutputDevice:Error: UE4Editor-CoreUObject.dll!0x00000000D1F89846
[2017.07.05-15.40.04:378][501]LogOutputDevice:Error: UE4Editor-CoreUObject.dll!0x00000000D1EE2DDF
[2017.07.05-15.40.04:378][501]LogOutputDevice:Error: UE4Editor-CoreUObject.dll!0x00000000D1EE1B85
[2017.07.05-15.40.04:378][501]LogOutputDevice:Error: UE4Editor-CoreUObject.dll!0x00000000D1FAE5CF
[2017.07.05-15.40.04:378][501]LogOutputDevice:Error: UE4Editor-CoreUObject.dll!0x00000000D1F8868E
[2017.07.05-15.40.04:378][501]LogOutputDevice:Error: UE4Editor-CoreUObject.dll!0x00000000D1FA2C11
[2017.07.05-15.40.04:378][501]LogOutputDevice:Error: UE4Editor-CoreUObject.dll!0x00000000D1F87709
[2017.07.05-15.40.04:378][501]LogOutputDevice:Error: UE4Editor-CoreUObject.dll!0x00000000D1F88ACB
[2017.07.05-15.40.04:378][501]LogOutputDevice:Error: UE4Editor-CoreUObject.dll!0x00000000D1FA51B6
[2017.07.05-15.40.04:378][501]LogOutputDevice:Error: UE4Editor-CoreUObject.dll!0x00000000D2084D72
[2017.07.05-15.40.04:378][501]LogOutputDevice:Error: UE4Editor-CoreUObject.dll!0x00000000D2084327
[2017.07.05-15.40.04:378][501]LogOutputDevice:Error: UE4Editor-CoreUObject.dll!0x00000000D1FD0CB4
[2017.07.05-15.40.04:378][501]LogOutputDevice:Error: UE4Editor-CoreUObject.dll!0x00000000D1FCF9E5
[2017.07.05-15.40.04:378][501]LogOutputDevice:Error: UE4Editor-CoreUObject.dll!0x00000000D1FD0F05
[2017.07.05-15.40.04:378][501]LogOutputDevice:Error: UE4Editor-CoreUObject.dll!0x00000000D1FCF9E5
[2017.07.05-15.40.04:378][501]LogOutputDevice:Error: UE4Editor-CoreUObject.dll!0x00000000D1FCF828
[2017.07.05-15.40.04:378][501]LogOutputDevice:Error: UE4Editor-CoreUObject.dll!0x00000000D1F922EA
[2017.07.05-15.40.04:378][501]LogOutputDevice:Error: UE4Editor-CoreUObject.dll!0x00000000D1FCEA45
[2017.07.05-15.40.04:378][501]LogOutputDevice:Error: UE4Editor-CoreUObject.dll!0x00000000D1F8AB6B
[2017.07.05-15.40.04:378][501]LogOutputDevice:Error: UE4Editor-CoreUObject.dll!0x00000000D1FA0B64
[2017.07.05-15.40.04:378][501]LogOutputDevice:Error: UE4Editor-CoreUObject.dll!0x00000000D2084B2C
[2017.07.05-15.40.04:378][501]LogOutputDevice:Error: UE4Editor-CoreUObject.dll!0x00000000D2084327
[2017.07.05-15.40.04:378][501]LogOutputDevice:Error: UE4Editor-CoreUObject.dll!0x00000000D1FD0CB4
[2017.07.05-15.40.04:378][501]LogOutputDevice:Error: UE4Editor-CoreUObject.dll!0x00000000D1FCF9E5
[2017.07.05-15.40.04:378][501]LogOutputDevice:Error: UE4Editor-CoreUObject.dll!0x00000000D1FCF828
[2017.07.05-15.40.04:378][501]LogOutputDevice:Error: UE4Editor-CoreUObject.dll!0x00000000D1F922EA
[2017.07.05-15.40.04:378][501]LogOutputDevice:Error: UE4Editor-CoreUObject.dll!0x00000000D1FCEA45
[2017.07.05-15.40.04:378][501]LogOutputDevice:Error: UE4Editor-CoreUObject.dll!0x00000000D1F8AB6B
[2017.07.05-15.40.04:378][501]LogOutputDevice:Error: UE4Editor-CoreUObject.dll!0x00000000D1FA0B64
[2017.07.05-15.40.04:378][501]LogOutputDevice:Error: UE4Editor-CoreUObject.dll!0x00000000D2084B2C
[2017.07.05-15.40.04:378][501]LogOutputDevice:Error: UE4Editor-CoreUObject.dll!0x00000000D2084327
[2017.07.05-15.40.04:378][501]LogOutputDevice:Error: UE4Editor-CoreUObject.dll!0x00000000D1FD0CB4
[2017.07.05-15.40.04:378][501]LogOutputDevice:Error: UE4Editor-CoreUObject.dll!0x00000000D1FCF9E5
[2017.07.05-15.40.04:378][501]LogOutputDevice:Error: UE4Editor-CoreUObject.dll!0x00000000D1FD0F05
[2017.07.05-15.40.04:378][501]LogOutputDevice:Error: UE4Editor-CoreUObject.dll!0x00000000D1FCF9E5
[2017.07.05-15.40.04:378][501]LogOutputDevice:Error: UE4Editor-CoreUObject.dll!0x00000000D1FD0F05
[2017.07.05-15.40.04:378][501]LogOutputDevice:Error: UE4Editor-CoreUObject.dll!0x00000000D1FCF9E5
[2017.07.05-15.40.04:378][501]LogOutputDevice:Error: UE4Editor-CoreUObject.dll!0x00000000D1FCF828
[2017.07.05-15.40.04:378][501]LogOutputDevice:Error: UE4Editor-CoreUObject.dll!0x00000000D1F922EA
[2017.07.05-15.40.04:378][501]LogOutputDevice:Error: UE4Editor-CoreUObject.dll!0x00000000D1FCEA45
[2017.07.05-15.40.04:378][501]LogOutputDevice:Error: UE4Editor-CoreUObject.dll!0x00000000D1F8AB6B
[2017.07.05-15.40.04:378][501]LogOutputDevice:Error: UE4Editor-CoreUObject.dll!0x00000000D1FA0B64
[2017.07.05-15.40.04:378][501]LogOutputDevice:Error: UE4Editor-CoreUObject.dll!0x00000000D2084B2C
[2017.07.05-15.40.04:378][501]LogOutputDevice:Error: UE4Editor-CoreUObject.dll!0x00000000D20842B7
[2017.07.05-15.40.04:378][501]LogOutputDevice:Error: UE4Editor-CoreUObject.dll!0x00000000D209C007
[2017.07.05-15.40.04:378][501]LogOutputDevice:Error: UE4Editor-CoreUObject.dll!0x00000000D20A6DF1
[2017.07.05-15.40.04:378][501]LogOutputDevice:Error: UE4Editor-CoreUObject.dll!0x00000000D20A6596
[2017.07.05-15.40.04:379][501]LogOutputDevice:Error: UE4Editor-ContentBrowser.dll!0x00000000AFAA61A7
[2017.07.05-15.40.04:379][501]LogOutputDevice:Error: UE4Editor-ContentBrowser.dll!0x00000000AFBE71C4
[2017.07.05-15.40.04:379][501]LogOutputDevice:Error: UE4Editor-ContentBrowser.dll!0x00000000AFB9AA27
[2017.07.05-15.40.04:379][501]LogOutputDevice:Error: UE4Editor-ContentBrowser.dll!0x00000000AFBA0947
[2017.07.05-15.40.04:379][501]LogOutputDevice:Error: UE4Editor-ContentBrowser.dll!0x00000000AFB9D201
[2017.07.05-15.40.04:379][501]LogOutputDevice:Error: UE4Editor-ContentBrowser.dll!0x00000000AFBF1189
[2017.07.05-15.40.04:379][501]LogOutputDevice:Error: UE4Editor-ContentBrowser.dll!0x00000000AFB99031
[2017.07.05-15.40.04:379][501]LogOutputDevice:Error: 
[2017.07.05-15.40.04:385][501]LogStats:                SubmitErrorReport -  0.000 s
