Log file open, 07/06/17 09:03:05
LogInit:Display: Running engine for game: MyProject5
LogPlatformFile: Not using cached read wrapper
LogInit:Display: RandInit(391186546) SRandInit(391186546).
LogTaskGraph: Started task graph with 5 named threads and 8 total threads with 1 sets of task threads.
LogStats: Stats thread started at 0.092990
LogInit: Using libcurl 7.47.1
LogInit:  - built for x86_64-pc-win32
LogInit:  - supports SSL with OpenSSL/1.0.2g
LogInit:  - supports HTTP deflate (compression) using libz 1.2.8
LogInit:  - other features:
LogInit:      CURL_VERSION_SSL
LogInit:      CURL_VERSION_LIBZ
LogInit:      CURL_VERSION_IPV6
LogInit:      CURL_VERSION_ASYNCHDNS
LogInit:      CURL_VERSION_LARGEFILE
LogInit:      CURL_VERSION_IDN
LogInit:  CurlRequestOptions (configurable via config and command line):
LogInit:  - bVerifyPeer = false  - Libcurl will NOT verify peer certificate
LogInit:  - bUseHttpProxy = false  - Libcurl will NOT use HTTP proxy
LogInit:  - bDontReuseConnections = false  - Libcurl will reuse connections
LogInit:  - CertBundlePath = nullptr  - Libcurl will use whatever was configured at build time.
LogInit: Build: ++UE4+Release-4.15-CL-3416026
LogInit: Engine Version: 4.15.2-3416026+++UE4+Release-4.15
LogInit: Compatible Engine Version: 4.15.0-3299760+++UE4+Release-4.15
LogInit: Net CL: 3299760
LogDevObjectVersion: Number of dev versions registered: 14
LogDevObjectVersion:   Dev-Blueprints (B0D832E4-1F89-4F0D-ACCF-7EB736FD4AA2): 8
LogDevObjectVersion:   Dev-Build (E1C64328-A22C-4D53-A36C-8E866417BD8C): 0
LogDevObjectVersion:   Dev-Core (375EC13C-06E4-48FB-B500-84F0262A717E): 2
LogDevObjectVersion:   Dev-Editor (E4B068ED-F494-42E9-A231-DA0B2E46BB41): 14
LogDevObjectVersion:   Dev-Framework (CFFC743F-43B0-4480-9391-14DF171D2073): 22
LogDevObjectVersion:   Dev-Mobile (B02B49B5-BB20-44E9-A304-32B752E40360): 0
LogDevObjectVersion:   Dev-Networking (A4E4105C-59A1-49B5-A7C5-40C4547EDFEE): 0
LogDevObjectVersion:   Dev-Online (39C831C9-5AE6-47DC-9A44-9C173E1C8E7C): 0
LogDevObjectVersion:   Dev-Physics (78F01B33-EBEA-4F98-B9B4-84EACCB95AA2): 0
LogDevObjectVersion:   Dev-Platform (6631380F-2D4D-43E0-8009-CF276956A95A): 0
LogDevObjectVersion:   Dev-Rendering (12F88B9F-8875-4AFC-A67C-D90C383ABD29): 12
LogDevObjectVersion:   Dev-Sequencer (7B5AE74C-D270-4C10-A958-57980B212A5A): 3
LogDevObjectVersion:   Dev-VR (D7296918-1DD6-4BDD-9DE2-64A83CC13884): 0
LogDevObjectVersion:   Dev-LoadTimes (C2A15278-BFE7-4AFE-6C17-90FF531DF755): 1
LogInit: Compiled (64-bit): May  1 2017 13:11:28
LogInit: Compiled with Visual C++: 19.00.23026.00
LogInit: Build Configuration: Development
LogInit: Branch Name: ++UE4+Release-4.15
LogInit: Command line:  
LogInit: Base directory: C:/Program Files/Epic Games/UE_4.15/Engine/Binaries/Win64/
LogInit: Installed Engine Build: 1
LogInit: Presizing for max 8388607 objects, including 0 objects not considered by GC, pre-allocating 0 bytes for permanent pool.
LogInit: Object subsystem initialized
[2017.07.06-13.03.06:915][  0]LogInit: Selected Device Profile: [Windows]
[2017.07.06-13.03.06:915][  0]LogInit: Applying CVar settings loaded from the selected device profile: [Windows]
[2017.07.06-13.03.06:925][  0]LogInit: Computer: EGDWS_MA_0013
[2017.07.06-13.03.06:925][  0]LogInit: User: Camper
[2017.07.06-13.03.06:925][  0]LogInit: CPU Page size=65536, Cores=4
[2017.07.06-13.03.06:925][  0]LogInit: High frequency timer resolution =2.338344 MHz
[2017.07.06-13.03.06:925][  0]LogMemory: Memory total: Physical=15.6GB (16GB approx)
[2017.07.06-13.03.06:925][  0]LogMemory: Platform Memory Stats for Windows
[2017.07.06-13.03.06:925][  0]LogMemory: Process Physical Memory: 262.36 MB used, 262.36 MB peak
[2017.07.06-13.03.06:925][  0]LogMemory: Process Virtual Memory: 262.65 MB used, 262.65 MB peak
[2017.07.06-13.03.06:925][  0]LogMemory: Physical Memory: 6805.68 MB used,  9203.54 MB free, 16009.22 MB total
[2017.07.06-13.03.06:925][  0]LogMemory: Virtual Memory: 630.80 MB used,  9203.54 MB free, 134217728.00 MB total
[2017.07.06-13.03.07:032][  0]LogTextLocalizationManager: No specific translations for ('en-US') exist, so ('en') translations will be used.
[2017.07.06-13.03.07:876][  0]LogD3D11RHI: D3D11 adapters:
[2017.07.06-13.03.07:906][  0]LogD3D11RHI:    0. 'NVIDIA Quadro K1100M   ' (Feature Level 11_0)
[2017.07.06-13.03.07:906][  0]LogD3D11RHI:       1992/0/8004 MB DedicatedVideo/DedicatedSystem/SharedSystem, Outputs:1, VendorId:0x10de
[2017.07.06-13.03.07:913][  0]LogD3D11RHI:    1. 'Intel(R) HD Graphics 4600' (Feature Level 11_0)
[2017.07.06-13.03.07:913][  0]LogD3D11RHI:       112/0/2048 MB DedicatedVideo/DedicatedSystem/SharedSystem, Outputs:0, VendorId:0x8086
[2017.07.06-13.03.07:915][  0]LogD3D11RHI:    2. 'Microsoft Basic Render Driver' (Feature Level 11_0)
[2017.07.06-13.03.07:915][  0]LogD3D11RHI:       0/0/8004 MB DedicatedVideo/DedicatedSystem/SharedSystem, Outputs:0, VendorId:0x1414
[2017.07.06-13.03.07:915][  0]LogD3D11RHI: Chosen D3D11 Adapter: 0
[2017.07.06-13.03.07:920][  0]LogD3D11RHI: Creating new Direct3DDevice
[2017.07.06-13.03.07:920][  0]LogD3D11RHI:     GPU DeviceId: 0xff6 (for the marketing name, search the web for "GPU Device Id")
[2017.07.06-13.03.07:920][  0]LogWindows: EnumDisplayDevices:
[2017.07.06-13.03.07:920][  0]LogWindows:    0. 'Intel(R) HD Graphics 4600' (P:1 D:1)
[2017.07.06-13.03.07:921][  0]LogWindows:    1. 'Intel(R) HD Graphics 4600' (P:0 D:0)
[2017.07.06-13.03.07:921][  0]LogWindows:    2. 'Intel(R) HD Graphics 4600' (P:0 D:0)
[2017.07.06-13.03.07:921][  0]LogWindows: DebugString: PrimaryIsNotTheChoosenAdapter PrimaryIsNotTheChoosenAdapter PrimaryIsNotTheChoosenAdapter FoundDriverCount:0 
[2017.07.06-13.03.07:921][  0]LogD3D11RHI:     Adapter Name: NVIDIA Quadro K1100M   
[2017.07.06-13.03.07:921][  0]LogD3D11RHI:   Driver Version: Unknown (internal:Unknown, unified:Unknown)
[2017.07.06-13.03.07:921][  0]LogD3D11RHI:      Driver Date: Unknown
[2017.07.06-13.03.07:921][  0]LogRHI: Texture pool is 1361 MB (70% of 1945 MB)
[2017.07.06-13.03.07:939][  0]LogD3D11RHI:Warning: Timestamp queries are currently disabled on this hardware due to instability. Realtime GPU stats will not be available. You can override this behaviour by setting r.NVIDIATimestampWorkaround to 0
[2017.07.06-13.03.07:943][  0]LogD3D11RHI: NvAPI_D3D_GetCurrentSLIState failed: 0xfffffff7
[2017.07.06-13.03.07:945][  0]LogD3D11RHI: [Aftermath] Aftermath enabled but failed to initialize due to reason: DriverVersionNotSupported
[2017.07.06-13.03.07:945][  0]LogD3D11RHI: Async texture creation enabled
[2017.07.06-13.03.07:961][  0]LogD3D11RHI: GPU Timing Frequency: 1000.000000 (Debug: 2 1)
[2017.07.06-13.03.07:962][  0]LogShaderCompilers: Guid format shader working directory is -34 characters bigger than the processId version (../../../../../../Users/Camper/Documents/GitHub/Emagination2017Project/MyProject5/Intermediate/Shaders/WorkingDirectory/5128/).
[2017.07.06-13.03.07:962][  0]LogShaderCompilers: Cleaned the shader compiler working directory 'C:/Users/Camper/AppData/Local/Temp/UnrealShaderWorkingDir/34BA713C405D7BC4228620A93F8D1CA7/'.
[2017.07.06-13.03.07:962][  0]LogShaderCompilers:Display: Using Local Shader Compiler.
[2017.07.06-13.03.09:254][  0]LogTemp:Display: Loaded TP AllDesktopTargetPlatform
[2017.07.06-13.03.09:336][  0]LogTemp:Display: Loaded TP MacClientTargetPlatform
[2017.07.06-13.03.09:422][  0]LogTemp:Display: Loaded TP MacNoEditorTargetPlatform
[2017.07.06-13.03.09:505][  0]LogTemp:Display: Loaded TP MacServerTargetPlatform
[2017.07.06-13.03.09:586][  0]LogTemp:Display: Loaded TP MacTargetPlatform
[2017.07.06-13.03.09:665][  0]LogTemp:Display: Loaded TP WindowsClientTargetPlatform
[2017.07.06-13.03.09:752][  0]LogTemp:Display: Loaded TP WindowsNoEditorTargetPlatform
[2017.07.06-13.03.09:842][  0]LogTemp:Display: Loaded TP WindowsServerTargetPlatform
[2017.07.06-13.03.09:919][  0]LogTemp:Display: Loaded TP WindowsTargetPlatform
[2017.07.06-13.03.10:005][  0]LogTemp:Display: Loaded TP AndroidTargetPlatform
[2017.07.06-13.03.10:080][  0]LogTemp:Display: Loaded TP Android_ASTCTargetPlatform
[2017.07.06-13.03.10:156][  0]LogTemp:Display: Loaded TP Android_ATCTargetPlatform
[2017.07.06-13.03.10:236][  0]LogTemp:Display: Loaded TP Android_DXTTargetPlatform
[2017.07.06-13.03.10:321][  0]LogTemp:Display: Loaded TP Android_ETC1TargetPlatform
[2017.07.06-13.03.10:405][  0]LogTemp:Display: Loaded TP Android_ETC2TargetPlatform
[2017.07.06-13.03.10:567][  0]LogTemp:Display: Loaded TP Android_MultiTargetPlatform
[2017.07.06-13.03.10:567][  0]LogTemp:Display: Loaded TP Android_PVRTCTargetPlatform
[2017.07.06-13.03.10:626][  0]LogTemp:Display: Loaded TP HTML5TargetPlatform
[2017.07.06-13.03.10:755][  0]LogTemp:Display: Loaded TP IOSTargetPlatform
[2017.07.06-13.03.10:806][  0]LogTemp:Display: Loaded TP TVOSTargetPlatform
[2017.07.06-13.03.10:887][  0]LogTemp:Display: Loaded TP LinuxClientTargetPlatform
[2017.07.06-13.03.10:969][  0]LogTemp:Display: Loaded TP LinuxNoEditorTargetPlatform
[2017.07.06-13.03.11:045][  0]LogTemp:Display: Loaded TP LinuxServerTargetPlatform
[2017.07.06-13.03.11:125][  0]LogTemp:Display: Loaded TP LinuxTargetPlatform
[2017.07.06-13.03.11:125][  0]LogTargetPlatformManager:Display: Building Assets For Windows
[2017.07.06-13.03.11:801][  0]LogDerivedDataCache:Display: Max Cache Size: 512 MB
[2017.07.06-13.03.11:857][  0]LogDerivedDataCache: Loaded boot cache 0.06s 50MB C:/Users/Camper/AppData/Local/UnrealEngine/4.15/DerivedDataCache/Boot.ddc.
[2017.07.06-13.03.11:857][  0]LogDerivedDataCache:Display: Loaded Boot cache: C:/Users/Camper/AppData/Local/UnrealEngine/4.15/DerivedDataCache/Boot.ddc
[2017.07.06-13.03.11:857][  0]LogDerivedDataCache: FDerivedDataBackendGraph:  Pak pak cache file ../../../../../../Users/Camper/Documents/GitHub/Emagination2017Project/MyProject5/DerivedDataCache/DDC.ddp not found, will not use a pak cache.
[2017.07.06-13.03.11:857][  0]LogDerivedDataCache: Unable to find inner node Pak for hierarchical cache Hierarchy.
[2017.07.06-13.03.11:857][  0]LogDerivedDataCache: FDerivedDataBackendGraph:  CompressedPak pak cache file ../../../../../../Users/Camper/Documents/GitHub/Emagination2017Project/MyProject5/DerivedDataCache/Compressed.ddp not found, will not use a pak cache.
[2017.07.06-13.03.11:857][  0]LogDerivedDataCache: Unable to find inner node CompressedPak for hierarchical cache Hierarchy.
[2017.07.06-13.03.11:880][  0]LogDerivedDataCache:Display: Pak cache opened for reading ../../../Engine/DerivedDataCache/Compressed.ddp.
[2017.07.06-13.03.11:892][  0]LogDerivedDataCache: Using Local data cache path C:/Users/Camper/AppData/Local/UnrealEngine/Common/DerivedDataCache: Writable
[2017.07.06-13.03.11:904][  0]LogSlate: Using Freetype 2.6.0
[2017.07.06-13.03.11:905][  0]LogSlate: SlateFontCache - WITH_FREETYPE: 1, WITH_HARFBUZZ: 1
[2017.07.06-13.03.11:906][  0]LogSlate: SlateFontCache - WITH_FREETYPE: 1, WITH_HARFBUZZ: 1
[2017.07.06-13.03.12:267][  0]LogInit: Selected Device Profile: [Windows]
[2017.07.06-13.03.12:270][  0]LogContentStreaming: Texture pool size is 0.00 MB
[2017.07.06-13.03.12:579][  0]LogMeshUtilities: Using QuadricMeshReduction for automatic static mesh reduction
[2017.07.06-13.03.12:648][  0]LogSimplygon: Simplygon DLL not present - disabling.
[2017.07.06-13.03.12:730][  0]LogMeshUtilities: Using SimplygonSwarm for distributed automatic mesh merging
[2017.07.06-13.03.12:730][  0]LogMeshUtilities: No automatic skeletal mesh reduction module available
[2017.07.06-13.03.12:730][  0]LogMeshUtilities: No automatic mesh merging module available
[2017.07.06-13.03.13:418][  0]LogNetVersion: GetLocalNetworkVersion: CL: 3299760, ProjectName: myproject5, ProjectVersion: , EngineNetworkVersion: 2, GameNetworkVersion: 0, NetworkChecksum: 2091606010
[2017.07.06-13.03.13:472][  0]LogAssetRegistry: FAssetRegistry took 0.0224 seconds to start up
[2017.07.06-13.03.13:539][  0]LogPackageLocalizationCache: Processed 3 localized package path(s) for 2 prioritized culture(s) in 0.035309 seconds
[2017.07.06-13.03.13:546][  0]LogUObjectArray: 32493 objects as part of root set at end of initial load.
[2017.07.06-13.03.13:546][  0]LogUObjectAllocator: 7077032 out of 0 bytes used by permanent object pool.
[2017.07.06-13.03.13:546][  0]LogUObjectArray: CloseDisregardForGC: 0/0 objects in disregard for GC pool
[2017.07.06-13.03.13:655][  0]LogInit: WinSock: version 1.1 (2.2), MaxSocks=32767, MaxUdp=65467
[2017.07.06-13.03.16:188][  0]LogTcpMessaging: Initializing TcpMessaging bridge
[2017.07.06-13.03.16:248][  0]LogUdpMessaging: Initializing bridge on interface 0.0.0.0:0 to multicast group 230.0.0.1:6666.
[2017.07.06-13.03.16:978][  0]LogMaterial: Uniform references updated for custom material expression Custom.
[2017.07.06-13.03.17:655][  0]SourceControl: Info Source control is disabled
[2017.07.06-13.03.17:656][  0]SourceControl: Info Source control is disabled
[2017.07.06-13.03.17:735][  0]SourceControl: Info Source control is disabled
[2017.07.06-13.03.17:815][  0]SourceControl: Info Source control is disabled
[2017.07.06-13.03.19:875][  0]LogEngine: Initializing Engine...
[2017.07.06-13.03.19:876][  0]LogHMD: Failed to initialize OpenVR with code 110
[2017.07.06-13.03.20:004][  0]LogStats: UGameplayTagsManager::ConstructGameplayTagTree: Construct from data asset -  0.000 s
[2017.07.06-13.03.20:004][  0]LogStats: UGameplayTagsManager::ConstructGameplayTagTree: GameplayTagTreeChangedEvent.Broadcast -  0.000 s
[2017.07.06-13.03.20:202][  0]LogAIModule: Creating AISystem for world Untitled
[2017.07.06-13.03.20:210][  0]LogInit: XAudio2 using 'Speaker/HP (Realtek High Definition Audio)' : 2 channels at 48 kHz using 32 bits per sample (channel mask 0x3)
[2017.07.06-13.03.20:240][  0]LogInit: FAudioDevice initialized.
[2017.07.06-13.03.20:271][  0]LogDerivedDataCache: Saved boot cache 0.03s 50MB C:/Users/Camper/AppData/Local/UnrealEngine/4.15/DerivedDataCache/Boot.ddc.
[2017.07.06-13.03.20:276][  0]LogInit: Texture streaming: Enabled
[2017.07.06-13.03.20:421][  0]LogEngineSessionManager: EngineSessionManager initialized
[2017.07.06-13.03.20:559][  0]LogInit: Transaction tracking system initialized
[2017.07.06-13.03.21:138][  0]BlueprintLog: New page: Editor Load
[2017.07.06-13.03.22:574][  0]LocalizationService: Info Localization service is disabled
[2017.07.06-13.03.23:651][  0]LogConsoleResponse:Display: 
[2017.07.06-13.03.23:819][  0]LogCook:Display: Max memory allowance for cook 16384mb min free memory 0mb
[2017.07.06-13.03.23:819][  0]LogCook:Display: Mobile HDR setting 1
[2017.07.06-13.03.24:577][  0]LogFileCache: Scanning file cache for directory 'C:/Users/Camper/Documents/GitHub/Emagination2017Project/MyProject5/Content/' took 0.02s
[2017.07.06-13.03.25:661][  0]SourceControl: Info Source control is disabled
[2017.07.06-13.03.25:661][  0]Cmd: MAP LOAD FILE="../../../../../../Users/Camper/Documents/GitHub/Emagination2017Project/MyProject5/Content/SideScrollerBP/Maps/SideScrollerExampleMap.umap" TEMPLATE=0 SHOWPROGRESS=1 FEATURELEVEL=3
[2017.07.06-13.03.25:661][  0]LogEditorServer:Warning: Can't find file '../../../../../../Users/Camper/Documents/GitHub/Emagination2017Project/MyProject5/Content/SideScrollerBP/Maps/SideScrollerExampleMap.umap'
[2017.07.06-13.03.25:661][  0]Cmd: MAP CHECKDEP NOCLEARLOG
[2017.07.06-13.03.25:750][  0]MapCheck: Info Map check complete: 0 Error(s), 0 Warning(s), took 89.116ms to complete.
[2017.07.06-13.03.25:750][  0]LogFileHelpers: Loading map 'SideScrollerExampleMap' took 0.089
[2017.07.06-13.03.25:835][  0]LogWindowsTextInputMethodSystem:Display: IME system now deactivated.
[2017.07.06-13.03.25:985][  0]LogCollectionManager: Loaded 0 collections in 0.002820 seconds
[2017.07.06-13.03.26:107][  0]LogFileCache: Scanning file cache for directory 'C:/Users/Camper/Documents/GitHub/Emagination2017Project/MyProject5/Saved/Collections/' took 0.01s
[2017.07.06-13.03.26:107][  0]LogFileCache: Scanning file cache for directory 'C:/Users/Camper/Documents/GitHub/Emagination2017Project/MyProject5/Content/Developers/Camper/Collections/' took 0.01s
[2017.07.06-13.03.26:107][  0]LogFileCache: Scanning file cache for directory 'C:/Users/Camper/Documents/GitHub/Emagination2017Project/MyProject5/Content/Collections/' took 0.01s
[2017.07.06-13.03.26:107][  0]LogCollectionManager: Rebuilt the GUID cache for 0 collections in 0.000002 seconds
[2017.07.06-13.03.26:117][  0]LogContentBrowser: Native class hierarchy populated in 0.0091 seconds. Added 2245 classes and 453 folders.
[2017.07.06-13.03.26:217][  0]LogContentBrowser: Native class hierarchy updated for 'WidgetCarousel' in 0.0006 seconds. Added 0 classes and 0 folders.
[2017.07.06-13.03.26:290][  0]LogContentBrowser: Native class hierarchy updated for 'AddContentDialog' in 0.0007 seconds. Added 0 classes and 0 folders.
[2017.07.06-13.03.26:360][  0]LogContentBrowser: Native class hierarchy updated for 'SceneOutliner' in 0.0006 seconds. Added 1 classes and 2 folders.
[2017.07.06-13.03.26:475][  0]LogCrashTracker: Crashtracker disabled due to settings.
[2017.07.06-13.03.26:482][  0]LogUObjectGlobals:Warning: Failed to find object 'Class None.'
[2017.07.06-13.03.26:586][  0]LogContentBrowser: Native class hierarchy updated for 'HierarchicalLODOutliner' in 0.0006 seconds. Added 1 classes and 2 folders.
[2017.07.06-13.03.26:586][  0]LogLoad: (Engine Initialization) Total time: 22.36 seconds
[2017.07.06-13.03.26:586][  0]LogLoad: (Engine Initialization) Total Blueprint compile time: 0.07 seconds
[2017.07.06-13.03.26:586][  0]LogExternalProfiler: No external profilers were discovered.  External profiling features will not be available.
[2017.07.06-13.03.26:604][  0]LogOcInput: OculusInput pre-init called
[2017.07.06-13.03.26:640][  0]LogContentStreaming: Texture pool size now 1000 MB
[2017.07.06-13.03.26:641][  0]LogSlate: Took 0.000405 seconds to synchronously load lazily loaded font '../../../Engine/Content/Slate/Fonts/Roboto-Regular.ttf' (155K)
[2017.07.06-13.03.26:646][  0]LogSlate: Took 0.000420 seconds to synchronously load lazily loaded font '../../../Engine/Content/Slate/Fonts/Roboto-Bold.ttf' (160K)
[2017.07.06-13.03.26:651][  0]LogSlate: Took 0.000371 seconds to synchronously load lazily loaded font '../../../Engine/Content/Editor/Slate/Fonts/FontAwesome.ttf' (139K)
[2017.07.06-13.03.26:765][  0]LogSlate: Took 0.000407 seconds to synchronously load lazily loaded font '../../../Engine/Content/Slate/Fonts/Roboto-Light.ttf' (159K)
[2017.07.06-13.03.26:824][  0]LogRenderer: Reallocating scene render targets to support 896x436 NumSamples 1 (Frame:2).
[2017.07.06-13.03.26:903][  1]LogFileCache: Retrieving MD5 hashes for directory 'C:/Users/Camper/Documents/GitHub/Emagination2017Project/MyProject5/Content/' took 0.29s
[2017.07.06-13.03.26:917][  1]LogAssetRegistry: Asset discovery search completed in 13.4667 seconds
[2017.07.06-13.03.26:917][  1]LogCollectionManager: Rebuilt the object cache for 0 collections in 0.000008 seconds (found 0 objects)
[2017.07.06-13.03.26:917][  1]LogCollectionManager: Fixed up redirectors for 0 collections in 0.000022 seconds (updated 0 objects)
[2017.07.06-13.03.37:094][606]LogSlate: Took 0.000282 seconds to synchronously load lazily loaded font '../../../Engine/Content/Slate/Fonts/Roboto-Light.ttf' (159K)
[2017.07.06-13.03.37:176][606]LogAIModule: Creating AISystem for world MenuLevel
[2017.07.06-13.03.37:192][606]Cmd: MAP LOAD FILE="../../../../../../Users/Camper/Documents/GitHub/Emagination2017Project/MyProject5/Content/SideScroller_BP/Maps/MenuLevel.umap" TEMPLATE=0 SHOWPROGRESS=1 FEATURELEVEL=3
[2017.07.06-13.03.37:192][606]LightingResults: New page: Lighting Build
[2017.07.06-13.03.37:260][606]LogContentBrowser: Native class hierarchy updated for 'StatsViewer' in 0.0007 seconds. Added 5 classes and 0 folders.
[2017.07.06-13.03.37:261][606]LoadErrors: New page: Loading map: MenuLevel.umap
[2017.07.06-13.03.37:262][606]MapCheck: New page: Map Check
[2017.07.06-13.03.37:262][606]LightingResults: New page: Lighting Build
[2017.07.06-13.03.37:330][606]LogEditorServer: Finished looking for orphan Actors (0.000 secs)
[2017.07.06-13.03.37:355][606]Cmd: MAP CHECKDEP NOCLEARLOG
[2017.07.06-13.03.37:449][606]MapCheck: Info Map check complete: 0 Error(s), 0 Warning(s), took 94.457ms to complete.
[2017.07.06-13.03.37:451][606]LogFileHelpers: Loading map 'MenuLevel' took 0.260
[2017.07.06-13.03.38:471][666]LogTemp: Repeting last play command: Selected Viewport
[2017.07.06-13.03.38:485][666]LogBlueprintUserMessages: Early PlayInEditor Detection: Level '/Game/SideScroller_BP/Maps/MenuLevel.MenuLevel:PersistentLevel' has LevelScriptBlueprint '/Game/SideScroller_BP/Maps/MenuLevel.MenuLevel:PersistentLevel.MenuLevel' with GeneratedClass '/Game/SideScroller_BP/Maps/MenuLevel.MenuLevel_C' with ClassGeneratedBy '/Game/SideScroller_BP/Maps/MenuLevel.MenuLevel:PersistentLevel.MenuLevel'
[2017.07.06-13.03.38:485][666]LogPlayLevel: PlayLevel: No blueprints needed recompiling
[2017.07.06-13.03.38:485][666]PIE: New page: PIE session: MenuLevel (Jul 6, 2017, 5:03:38 AM)
[2017.07.06-13.03.38:485][666]LogPlayLevel: Creating play world package: /Game/SideScroller_BP/Maps/UEDPIE_0_MenuLevel
[2017.07.06-13.03.38:487][666]LogPlayLevel: PIE: StaticDuplicateObject took: (0.001089s)
[2017.07.06-13.03.38:487][666]LogAIModule: Creating AISystem for world MenuLevel
[2017.07.06-13.03.38:487][666]LogPlayLevel: PIE: World Init took: (0.000765s)
[2017.07.06-13.03.38:488][666]LogPlayLevel: PIE: Created PIE world by copying editor world from /Game/SideScroller_BP/Maps/MenuLevel.MenuLevel to /Game/SideScroller_BP/Maps/UEDPIE_0_MenuLevel.MenuLevel (0.002101s)
[2017.07.06-13.03.38:502][666]LogInit: XAudio2 using 'Speaker/HP (Realtek High Definition Audio)' : 2 channels at 48 kHz using 32 bits per sample (channel mask 0x3)
[2017.07.06-13.03.38:517][666]LogInit: FAudioDevice initialized.
[2017.07.06-13.03.38:564][666]LogLinker:Warning: Can't find file '/Game/SideScrollerBP/Blueprints/SideScrollerGameMode'
[2017.07.06-13.03.38:565][666]LogLinker:Warning: Can't find file '/Game/SideScrollerBP/Blueprints/SideScrollerGameMode'
[2017.07.06-13.03.38:565][666]LogUObjectGlobals:Warning: Failed to find object 'Class /Game/SideScrollerBP/Blueprints/SideScrollerGameMode.SideScrollerGameMode_C'
[2017.07.06-13.03.38:565][666]LogLoad: Game class is 'GameModeBase'
[2017.07.06-13.03.38:566][666]LogWorld: Bringing World /Game/SideScroller_BP/Maps/UEDPIE_0_MenuLevel.MenuLevel up for play (max tick rate 60) at 2017.07.06-09.03.38
[2017.07.06-13.03.38:567][666]LogWorld: Bringing up level for play took: 0.000887
[2017.07.06-13.03.38:635][666]LogContentBrowser: Native class hierarchy updated for 'MovieSceneCapture' in 0.0007 seconds. Added 11 classes and 0 folders.
[2017.07.06-13.03.38:640][666]PIE: Info Play in editor start time for /Game/SideScroller_BP/Maps/UEDPIE_0_MenuLevel -0.671
[2017.07.06-13.03.38:640][666]LogBlueprintUserMessages: Late PlayInEditor Detection: Level '/Game/SideScroller_BP/Maps/MenuLevel.MenuLevel:PersistentLevel' has LevelScriptBlueprint '/Game/SideScroller_BP/Maps/MenuLevel.MenuLevel:PersistentLevel.MenuLevel' with GeneratedClass '/Game/SideScroller_BP/Maps/MenuLevel.MenuLevel_C' with ClassGeneratedBy '/Game/SideScroller_BP/Maps/MenuLevel.MenuLevel:PersistentLevel.MenuLevel'
[2017.07.06-13.03.44:621][ 24]LogNet: Browse: /Game/SideScroller_BP/Maps/Level1
[2017.07.06-13.03.44:621][ 24]LogLoad: LoadMap: /Game/SideScroller_BP/Maps/Level1
[2017.07.06-13.03.44:632][ 24]Cmd: MEM
[2017.07.06-13.03.44:643][ 24]LogMemory: Platform Memory Stats for Windows
[2017.07.06-13.03.44:643][ 24]LogMemory: Process Physical Memory: 974.05 MB used, 974.90 MB peak
[2017.07.06-13.03.44:643][ 24]LogMemory: Process Virtual Memory: 1126.43 MB used, 1128.89 MB peak
[2017.07.06-13.03.44:643][ 24]LogMemory: Physical Memory: 7550.96 MB used,  8458.26 MB free, 16009.22 MB total
[2017.07.06-13.03.44:643][ 24]LogMemory: Virtual Memory: 1877.60 MB used,  8458.26 MB free, 134217728.00 MB total
[2017.07.06-13.03.44:643][ 24]LogMemory: 
[2017.07.06-13.03.44:643][ 24]Allocator Stats for TBB: (not implemented)
[2017.07.06-13.03.45:791][ 24]LogAIModule: Creating AISystem for world Level1
[2017.07.06-13.03.45:794][ 24]LogLoad: Game class is 'GameModeBase'
[2017.07.06-13.03.45:804][ 24]LogWorld: Bringing World /Game/SideScroller_BP/Maps/UEDPIE_0_Level1.Level1 up for play (max tick rate 60) at 2017.07.06-09.03.45
[2017.07.06-13.03.45:805][ 24]LogWorld: Bringing up level for play took: 0.009715
[2017.07.06-13.03.45:809][ 24]LogLoad: Took 1.187611 seconds to LoadMap(/Game/SideScroller_BP/Maps/Level1)
[2017.07.06-13.04.04:795][973]LogBlueprintUserMessages: Early EndPlayMap Detection: Level '/Game/SideScroller_BP/Maps/MenuLevel.MenuLevel:PersistentLevel' has LevelScriptBlueprint '/Game/SideScroller_BP/Maps/MenuLevel.MenuLevel:PersistentLevel.MenuLevel' with GeneratedClass '/Game/SideScroller_BP/Maps/MenuLevel.MenuLevel_C' with ClassGeneratedBy '/Game/SideScroller_BP/Maps/MenuLevel.MenuLevel:PersistentLevel.MenuLevel'
[2017.07.06-13.04.04:837][973]LogBlueprintUserMessages: Late EndPlayMap Detection: Level '/Game/SideScroller_BP/Maps/MenuLevel.MenuLevel:PersistentLevel' has LevelScriptBlueprint '/Game/SideScroller_BP/Maps/MenuLevel.MenuLevel:PersistentLevel.MenuLevel' with GeneratedClass '/Game/SideScroller_BP/Maps/MenuLevel.MenuLevel_C' with ClassGeneratedBy '/Game/SideScroller_BP/Maps/MenuLevel.MenuLevel:PersistentLevel.MenuLevel'
[2017.07.06-13.04.20:848][928]LogSlate: Took 0.000416 seconds to synchronously load lazily loaded font '../../../Engine/Content/Slate/Fonts/Roboto-Light.ttf' (159K)
[2017.07.06-13.04.21:957][953]LogContentBrowser: Native class hierarchy updated for 'BlueprintGraph' in 0.0011 seconds. Added 112 classes and 0 folders.
[2017.07.06-13.04.22:659][953]LogSlate: Took 0.000664 seconds to synchronously load lazily loaded font '../../../Engine/Content/Editor/Slate/Fonts/Roboto-BoldCondensed.ttf' (158K)
[2017.07.06-13.04.22:783][954]LogSlate: Took 0.009777 seconds to synchronously load lazily loaded font '../../../Engine/Content/Editor/Slate/Fonts/Roboto-Italic.ttf' (157K)
[2017.07.06-13.05.11:643][771]BlueprintLog: New page: Compile MainMenu
[2017.07.06-13.05.12:360][799]LogSavePackage: Save=52.62ms
[2017.07.06-13.05.12:360][799]LogSavePackage: Moving '../../../../../../Users/Camper/Documents/GitHub/Emagination2017Project/MyProject5/Saved/MainMenuD98EB9144624EFA772AAE490EC05DDA4.tmp' to '../../../../../../Users/Camper/Documents/GitHub/Emagination2017Project/MyProject5/Content/SideScroller_BP/Blueprints/MainMenu.uasset'
[2017.07.06-13.05.12:365][799]LogSavePackage:Display: Finished SavePackage ../../../../../../Users/Camper/Documents/GitHub/Emagination2017Project/MyProject5/Content/SideScroller_BP/Blueprints/MainMenu.uasset
[2017.07.06-13.05.15:125][963]LogTemp: Repeting last play command: Selected Viewport
[2017.07.06-13.05.15:148][963]LogBlueprintUserMessages: Early PlayInEditor Detection: Level '/Game/SideScroller_BP/Maps/MenuLevel.MenuLevel:PersistentLevel' has LevelScriptBlueprint '/Game/SideScroller_BP/Maps/MenuLevel.MenuLevel:PersistentLevel.MenuLevel' with GeneratedClass '/Game/SideScroller_BP/Maps/MenuLevel.MenuLevel_C' with ClassGeneratedBy '/Game/SideScroller_BP/Maps/MenuLevel.MenuLevel:PersistentLevel.MenuLevel'
[2017.07.06-13.05.15:148][963]LogPlayLevel: PlayLevel: No blueprints needed recompiling
[2017.07.06-13.05.15:148][963]PIE: New page: PIE session: MenuLevel (Jul 6, 2017, 5:05:15 AM)
[2017.07.06-13.05.15:148][963]LogPlayLevel: Creating play world package: /Game/SideScroller_BP/Maps/UEDPIE_0_MenuLevel
[2017.07.06-13.05.15:150][963]LogPlayLevel: PIE: StaticDuplicateObject took: (0.001163s)
[2017.07.06-13.05.15:150][963]LogAIModule: Creating AISystem for world MenuLevel
[2017.07.06-13.05.15:151][963]LogPlayLevel: PIE: World Init took: (0.000920s)
[2017.07.06-13.05.15:151][963]LogPlayLevel: PIE: Created PIE world by copying editor world from /Game/SideScroller_BP/Maps/MenuLevel.MenuLevel to /Game/SideScroller_BP/Maps/UEDPIE_0_MenuLevel.MenuLevel (0.002365s)
[2017.07.06-13.05.15:173][963]LogInit: XAudio2 using 'Speaker/HP (Realtek High Definition Audio)' : 2 channels at 48 kHz using 32 bits per sample (channel mask 0x3)
[2017.07.06-13.05.15:185][963]LogInit: FAudioDevice initialized.
[2017.07.06-13.05.15:221][963]LogLoad: Game class is 'GameModeBase'
[2017.07.06-13.05.15:223][963]LogWorld: Bringing World /Game/SideScroller_BP/Maps/UEDPIE_0_MenuLevel.MenuLevel up for play (max tick rate 60) at 2017.07.06-09.05.15
[2017.07.06-13.05.15:223][963]LogWorld: Bringing up level for play took: 0.000893
[2017.07.06-13.05.15:227][963]PIE: Info Play in editor start time for /Game/SideScroller_BP/Maps/UEDPIE_0_MenuLevel -0.083
[2017.07.06-13.05.15:227][963]LogBlueprintUserMessages: Late PlayInEditor Detection: Level '/Game/SideScroller_BP/Maps/MenuLevel.MenuLevel:PersistentLevel' has LevelScriptBlueprint '/Game/SideScroller_BP/Maps/MenuLevel.MenuLevel:PersistentLevel.MenuLevel' with GeneratedClass '/Game/SideScroller_BP/Maps/MenuLevel.MenuLevel_C' with ClassGeneratedBy '/Game/SideScroller_BP/Maps/MenuLevel.MenuLevel:PersistentLevel.MenuLevel'
[2017.07.06-13.05.20:464][277]LogNet: Browse: /Game/SideScroller_BP/Maps/Level1
[2017.07.06-13.05.20:464][277]LogLoad: LoadMap: /Game/SideScroller_BP/Maps/Level1
[2017.07.06-13.05.20:483][277]Cmd: MEM
[2017.07.06-13.05.20:502][277]LogMemory: Platform Memory Stats for Windows
[2017.07.06-13.05.20:502][277]LogMemory: Process Physical Memory: 1309.41 MB used, 1322.32 MB peak
[2017.07.06-13.05.20:502][277]LogMemory: Process Virtual Memory: 1855.07 MB used, 1859.45 MB peak
[2017.07.06-13.05.20:502][277]LogMemory: Physical Memory: 7884.94 MB used,  8124.29 MB free, 16009.22 MB total
[2017.07.06-13.05.20:502][277]LogMemory: Virtual Memory: 2638.08 MB used,  8124.29 MB free, 134217728.00 MB total
[2017.07.06-13.05.20:502][277]LogMemory: 
[2017.07.06-13.05.20:502][277]Allocator Stats for TBB: (not implemented)
[2017.07.06-13.05.21:259][277]LogStats: FPlatformStackWalk::StackWalkAndDump -  0.528 s
[2017.07.06-13.05.21:259][277]LogOutputDevice:Error: === Handled ensure: ===
[2017.07.06-13.05.21:259][277]LogOutputDevice:Error: 
[2017.07.06-13.05.21:259][277]LogOutputDevice:Error: Ensure condition failed: IsObjectValidForDatabase(AssetObject) [File:D:\Build\++UE4+Release-4.15+Compile\Sync\Engine\Source\Editor\BlueprintGraph\Private\BlueprintActionDatabase.cpp] [Line: 1282]
[2017.07.06-13.05.21:259][277]LogOutputDevice:Error: 
[2017.07.06-13.05.21:259][277]LogOutputDevice:Error: Stack: 
[2017.07.06-13.05.21:259][277]LogOutputDevice:Error: UE4Editor-Core.dll!0x00000000DC8D95E6
[2017.07.06-13.05.21:259][277]LogOutputDevice:Error: UE4Editor-Core.dll!0x00000000DC689B82
[2017.07.06-13.05.21:259][277]LogOutputDevice:Error: UE4Editor-Core.dll!0x00000000DC69B666
[2017.07.06-13.05.21:259][277]LogOutputDevice:Error: UE4Editor-BlueprintGraph.dll!0x00000000D426B7A7
[2017.07.06-13.05.21:259][277]LogOutputDevice:Error: UE4Editor-BlueprintGraph.dll!0x00000000D423BFCD
[2017.07.06-13.05.21:259][277]LogOutputDevice:Error: UE4Editor-CoreUObject.dll!0x00000000DC010DFA
[2017.07.06-13.05.21:259][277]LogOutputDevice:Error: UE4Editor-CoreUObject.dll!0x00000000DC24158A
[2017.07.06-13.05.21:259][277]LogOutputDevice:Error: UE4Editor-CoreUObject.dll!0x00000000DC254DC0
[2017.07.06-13.05.21:259][277]LogOutputDevice:Error: UE4Editor-CoreUObject.dll!0x00000000DC2542B7
[2017.07.06-13.05.21:259][277]LogOutputDevice:Error: UE4Editor-Engine.dll!0x00000000D9C8890D
[2017.07.06-13.05.21:259][277]LogOutputDevice:Error: UE4Editor-Engine.dll!0x00000000D9C3E08E
[2017.07.06-13.05.21:259][277]LogOutputDevice:Error: UE4Editor-Engine.dll!0x00000000D9CAC890
[2017.07.06-13.05.21:259][277]LogOutputDevice:Error: UE4Editor-UnrealEd.dll!0x00000000D70E637F
[2017.07.06-13.05.21:259][277]LogOutputDevice:Error: UE4Editor-UnrealEd.dll!0x00000000D78F2156
[2017.07.06-13.05.21:259][277]LogOutputDevice:Error: UE4Editor.exe!0x000000007909DEE3
[2017.07.06-13.05.21:259][277]LogOutputDevice:Error: UE4Editor.exe!0x000000007908EB40
[2017.07.06-13.05.21:260][277]LogOutputDevice:Error: UE4Editor.exe!0x000000007908EBBA
[2017.07.06-13.05.21:260][277]LogOutputDevice:Error: UE4Editor.exe!0x00000000790A0A29
[2017.07.06-13.05.21:260][277]LogOutputDevice:Error: UE4Editor.exe!0x00000000790A22B6
[2017.07.06-13.05.21:260][277]LogOutputDevice:Error: KERNEL32.DLL!0x000000001C2C8364
[2017.07.06-13.05.21:260][277]LogOutputDevice:Error: ntdll.dll!0x000000001ED370D1
[2017.07.06-13.05.21:260][277]LogOutputDevice:Error: 
[2017.07.06-13.05.21:267][277]LogStats:                SubmitErrorReport -  0.000 s
