Log file open, 07/06/17 08:50:31
LogInit:Display: Running engine for game: MyProject5
LogPlatformFile: Not using cached read wrapper
LogInit:Display: RandInit(-1372181888) SRandInit(-1372181888).
LogTaskGraph: Started task graph with 5 named threads and 8 total threads with 1 sets of task threads.
LogStats: Stats thread started at 0.089233
LogInit: Using libcurl 7.47.1
LogInit:  - built for x86_64-pc-win32
LogInit:  - supports SSL with OpenSSL/1.0.2g
LogInit:  - supports HTTP deflate (compression) using libz 1.2.8
LogInit:  - other features:
LogInit:      CURL_VERSION_SSL
LogInit:      CURL_VERSION_LIBZ
LogInit:      CURL_VERSION_IPV6
LogInit:      CURL_VERSION_ASYNCHDNS
LogInit:      CURL_VERSION_LARGEFILE
LogInit:      CURL_VERSION_IDN
LogInit:  CurlRequestOptions (configurable via config and command line):
LogInit:  - bVerifyPeer = false  - Libcurl will NOT verify peer certificate
LogInit:  - bUseHttpProxy = false  - Libcurl will NOT use HTTP proxy
LogInit:  - bDontReuseConnections = false  - Libcurl will reuse connections
LogInit:  - CertBundlePath = nullptr  - Libcurl will use whatever was configured at build time.
LogInit: Build: ++UE4+Release-4.15-CL-3416026
LogInit: Engine Version: 4.15.2-3416026+++UE4+Release-4.15
LogInit: Compatible Engine Version: 4.15.0-3299760+++UE4+Release-4.15
LogInit: Net CL: 3299760
LogDevObjectVersion: Number of dev versions registered: 14
LogDevObjectVersion:   Dev-Blueprints (B0D832E4-1F89-4F0D-ACCF-7EB736FD4AA2): 8
LogDevObjectVersion:   Dev-Build (E1C64328-A22C-4D53-A36C-8E866417BD8C): 0
LogDevObjectVersion:   Dev-Core (375EC13C-06E4-48FB-B500-84F0262A717E): 2
LogDevObjectVersion:   Dev-Editor (E4B068ED-F494-42E9-A231-DA0B2E46BB41): 14
LogDevObjectVersion:   Dev-Framework (CFFC743F-43B0-4480-9391-14DF171D2073): 22
LogDevObjectVersion:   Dev-Mobile (B02B49B5-BB20-44E9-A304-32B752E40360): 0
LogDevObjectVersion:   Dev-Networking (A4E4105C-59A1-49B5-A7C5-40C4547EDFEE): 0
LogDevObjectVersion:   Dev-Online (39C831C9-5AE6-47DC-9A44-9C173E1C8E7C): 0
LogDevObjectVersion:   Dev-Physics (78F01B33-EBEA-4F98-B9B4-84EACCB95AA2): 0
LogDevObjectVersion:   Dev-Platform (6631380F-2D4D-43E0-8009-CF276956A95A): 0
LogDevObjectVersion:   Dev-Rendering (12F88B9F-8875-4AFC-A67C-D90C383ABD29): 12
LogDevObjectVersion:   Dev-Sequencer (7B5AE74C-D270-4C10-A958-57980B212A5A): 3
LogDevObjectVersion:   Dev-VR (D7296918-1DD6-4BDD-9DE2-64A83CC13884): 0
LogDevObjectVersion:   Dev-LoadTimes (C2A15278-BFE7-4AFE-6C17-90FF531DF755): 1
LogInit: Compiled (64-bit): May  1 2017 13:11:28
LogInit: Compiled with Visual C++: 19.00.23026.00
LogInit: Build Configuration: Development
LogInit: Branch Name: ++UE4+Release-4.15
LogInit: Command line:  
LogInit: Base directory: C:/Program Files/Epic Games/UE_4.15/Engine/Binaries/Win64/
LogInit: Installed Engine Build: 1
LogInit: Presizing for max 8388607 objects, including 0 objects not considered by GC, pre-allocating 0 bytes for permanent pool.
LogInit: Object subsystem initialized
[2017.07.06-12.50.33:048][  0]LogInit: Selected Device Profile: [Windows]
[2017.07.06-12.50.33:048][  0]LogInit: Applying CVar settings loaded from the selected device profile: [Windows]
[2017.07.06-12.50.33:072][  0]LogInit: Computer: EGDWS_MA_0013
[2017.07.06-12.50.33:072][  0]LogInit: User: Camper
[2017.07.06-12.50.33:072][  0]LogInit: CPU Page size=65536, Cores=4
[2017.07.06-12.50.33:072][  0]LogInit: High frequency timer resolution =2.338344 MHz
[2017.07.06-12.50.33:072][  0]LogMemory: Memory total: Physical=15.6GB (16GB approx)
[2017.07.06-12.50.33:072][  0]LogMemory: Platform Memory Stats for Windows
[2017.07.06-12.50.33:072][  0]LogMemory: Process Physical Memory: 262.36 MB used, 262.36 MB peak
[2017.07.06-12.50.33:072][  0]LogMemory: Process Virtual Memory: 262.66 MB used, 262.66 MB peak
[2017.07.06-12.50.33:072][  0]LogMemory: Physical Memory: 7000.30 MB used,  9008.93 MB free, 16009.22 MB total
[2017.07.06-12.50.33:072][  0]LogMemory: Virtual Memory: 630.80 MB used,  9008.93 MB free, 134217728.00 MB total
[2017.07.06-12.50.33:260][  0]LogTextLocalizationManager: No specific translations for ('en-US') exist, so ('en') translations will be used.
[2017.07.06-12.50.34:370][  0]LogD3D11RHI: D3D11 adapters:
[2017.07.06-12.50.34:400][  0]LogD3D11RHI:    0. 'NVIDIA Quadro K1100M   ' (Feature Level 11_0)
[2017.07.06-12.50.34:400][  0]LogD3D11RHI:       1992/0/8004 MB DedicatedVideo/DedicatedSystem/SharedSystem, Outputs:1, VendorId:0x10de
[2017.07.06-12.50.34:408][  0]LogD3D11RHI:    1. 'Intel(R) HD Graphics 4600' (Feature Level 11_0)
[2017.07.06-12.50.34:408][  0]LogD3D11RHI:       112/0/2048 MB DedicatedVideo/DedicatedSystem/SharedSystem, Outputs:0, VendorId:0x8086
[2017.07.06-12.50.34:410][  0]LogD3D11RHI:    2. 'Microsoft Basic Render Driver' (Feature Level 11_0)
[2017.07.06-12.50.34:410][  0]LogD3D11RHI:       0/0/8004 MB DedicatedVideo/DedicatedSystem/SharedSystem, Outputs:0, VendorId:0x1414
[2017.07.06-12.50.34:410][  0]LogD3D11RHI: Chosen D3D11 Adapter: 0
[2017.07.06-12.50.34:416][  0]LogD3D11RHI: Creating new Direct3DDevice
[2017.07.06-12.50.34:416][  0]LogD3D11RHI:     GPU DeviceId: 0xff6 (for the marketing name, search the web for "GPU Device Id")
[2017.07.06-12.50.34:416][  0]LogWindows: EnumDisplayDevices:
[2017.07.06-12.50.34:416][  0]LogWindows:    0. 'Intel(R) HD Graphics 4600' (P:1 D:1)
[2017.07.06-12.50.34:416][  0]LogWindows:    1. 'Intel(R) HD Graphics 4600' (P:0 D:0)
[2017.07.06-12.50.34:417][  0]LogWindows:    2. 'Intel(R) HD Graphics 4600' (P:0 D:0)
[2017.07.06-12.50.34:417][  0]LogWindows: DebugString: PrimaryIsNotTheChoosenAdapter PrimaryIsNotTheChoosenAdapter PrimaryIsNotTheChoosenAdapter FoundDriverCount:0 
[2017.07.06-12.50.34:417][  0]LogD3D11RHI:     Adapter Name: NVIDIA Quadro K1100M   
[2017.07.06-12.50.34:417][  0]LogD3D11RHI:   Driver Version: Unknown (internal:Unknown, unified:Unknown)
[2017.07.06-12.50.34:417][  0]LogD3D11RHI:      Driver Date: Unknown
[2017.07.06-12.50.34:417][  0]LogRHI: Texture pool is 1361 MB (70% of 1945 MB)
[2017.07.06-12.50.34:433][  0]LogD3D11RHI:Warning: Timestamp queries are currently disabled on this hardware due to instability. Realtime GPU stats will not be available. You can override this behaviour by setting r.NVIDIATimestampWorkaround to 0
[2017.07.06-12.50.34:437][  0]LogD3D11RHI: NvAPI_D3D_GetCurrentSLIState failed: 0xfffffff7
[2017.07.06-12.50.34:439][  0]LogD3D11RHI: [Aftermath] Aftermath enabled but failed to initialize due to reason: DriverVersionNotSupported
[2017.07.06-12.50.34:439][  0]LogD3D11RHI: Async texture creation enabled
[2017.07.06-12.50.34:458][  0]LogD3D11RHI: GPU Timing Frequency: 1000.000000 (Debug: 2 2)
[2017.07.06-12.50.34:458][  0]LogShaderCompilers: Guid format shader working directory is -35 characters bigger than the processId version (../../../../../../Users/Camper/Documents/GitHub/Emagination2017Project/MyProject5/Intermediate/Shaders/WorkingDirectory/10244/).
[2017.07.06-12.50.34:458][  0]LogShaderCompilers: Cleaned the shader compiler working directory 'C:/Users/Camper/AppData/Local/Temp/UnrealShaderWorkingDir/D26AF11C4028CD8462638E988F0CB2B7/'.
[2017.07.06-12.50.34:459][  0]LogShaderCompilers:Display: Using Local Shader Compiler.
[2017.07.06-12.50.36:134][  0]LogTemp:Display: Loaded TP AllDesktopTargetPlatform
[2017.07.06-12.50.36:231][  0]LogTemp:Display: Loaded TP MacClientTargetPlatform
[2017.07.06-12.50.36:327][  0]LogTemp:Display: Loaded TP MacNoEditorTargetPlatform
[2017.07.06-12.50.36:429][  0]LogTemp:Display: Loaded TP MacServerTargetPlatform
[2017.07.06-12.50.36:541][  0]LogTemp:Display: Loaded TP MacTargetPlatform
[2017.07.06-12.50.36:630][  0]LogTemp:Display: Loaded TP WindowsClientTargetPlatform
[2017.07.06-12.50.36:711][  0]LogTemp:Display: Loaded TP WindowsNoEditorTargetPlatform
[2017.07.06-12.50.36:801][  0]LogTemp:Display: Loaded TP WindowsServerTargetPlatform
[2017.07.06-12.50.36:890][  0]LogTemp:Display: Loaded TP WindowsTargetPlatform
[2017.07.06-12.50.37:000][  0]LogTemp:Display: Loaded TP AndroidTargetPlatform
[2017.07.06-12.50.37:095][  0]LogTemp:Display: Loaded TP Android_ASTCTargetPlatform
[2017.07.06-12.50.37:224][  0]LogTemp:Display: Loaded TP Android_ATCTargetPlatform
[2017.07.06-12.50.37:337][  0]LogTemp:Display: Loaded TP Android_DXTTargetPlatform
[2017.07.06-12.50.37:422][  0]LogTemp:Display: Loaded TP Android_ETC1TargetPlatform
[2017.07.06-12.50.37:501][  0]LogTemp:Display: Loaded TP Android_ETC2TargetPlatform
[2017.07.06-12.50.37:684][  0]LogTemp:Display: Loaded TP Android_MultiTargetPlatform
[2017.07.06-12.50.37:684][  0]LogTemp:Display: Loaded TP Android_PVRTCTargetPlatform
[2017.07.06-12.50.37:780][  0]LogTemp:Display: Loaded TP HTML5TargetPlatform
[2017.07.06-12.50.37:971][  0]LogTemp:Display: Loaded TP IOSTargetPlatform
[2017.07.06-12.50.38:030][  0]LogTemp:Display: Loaded TP TVOSTargetPlatform
[2017.07.06-12.50.38:130][  0]LogTemp:Display: Loaded TP LinuxClientTargetPlatform
[2017.07.06-12.50.38:212][  0]LogTemp:Display: Loaded TP LinuxNoEditorTargetPlatform
[2017.07.06-12.50.38:302][  0]LogTemp:Display: Loaded TP LinuxServerTargetPlatform
[2017.07.06-12.50.38:408][  0]LogTemp:Display: Loaded TP LinuxTargetPlatform
[2017.07.06-12.50.38:408][  0]LogTargetPlatformManager:Display: Building Assets For Windows
[2017.07.06-12.50.39:292][  0]LogDerivedDataCache:Display: Max Cache Size: 512 MB
[2017.07.06-12.50.39:828][  0]LogDerivedDataCache: Loaded boot cache 0.54s 50MB C:/Users/Camper/AppData/Local/UnrealEngine/4.15/DerivedDataCache/Boot.ddc.
[2017.07.06-12.50.39:828][  0]LogDerivedDataCache:Display: Loaded Boot cache: C:/Users/Camper/AppData/Local/UnrealEngine/4.15/DerivedDataCache/Boot.ddc
[2017.07.06-12.50.39:828][  0]LogDerivedDataCache: FDerivedDataBackendGraph:  Pak pak cache file ../../../../../../Users/Camper/Documents/GitHub/Emagination2017Project/MyProject5/DerivedDataCache/DDC.ddp not found, will not use a pak cache.
[2017.07.06-12.50.39:828][  0]LogDerivedDataCache: Unable to find inner node Pak for hierarchical cache Hierarchy.
[2017.07.06-12.50.39:828][  0]LogDerivedDataCache: FDerivedDataBackendGraph:  CompressedPak pak cache file ../../../../../../Users/Camper/Documents/GitHub/Emagination2017Project/MyProject5/DerivedDataCache/Compressed.ddp not found, will not use a pak cache.
[2017.07.06-12.50.39:828][  0]LogDerivedDataCache: Unable to find inner node CompressedPak for hierarchical cache Hierarchy.
[2017.07.06-12.50.39:860][  0]LogDerivedDataCache:Display: Pak cache opened for reading ../../../Engine/DerivedDataCache/Compressed.ddp.
[2017.07.06-12.50.39:873][  0]LogDerivedDataCache: Using Local data cache path C:/Users/Camper/AppData/Local/UnrealEngine/Common/DerivedDataCache: Writable
[2017.07.06-12.50.39:883][  0]LogSlate: Using Freetype 2.6.0
[2017.07.06-12.50.39:904][  0]LogSlate: SlateFontCache - WITH_FREETYPE: 1, WITH_HARFBUZZ: 1
[2017.07.06-12.50.39:904][  0]LogSlate: SlateFontCache - WITH_FREETYPE: 1, WITH_HARFBUZZ: 1
[2017.07.06-12.50.41:770][  0]LogInit: Selected Device Profile: [Windows]
[2017.07.06-12.50.41:774][  0]LogContentStreaming: Texture pool size is 0.00 MB
[2017.07.06-12.50.42:114][  0]LogMeshUtilities: Using QuadricMeshReduction for automatic static mesh reduction
[2017.07.06-12.50.42:189][  0]LogSimplygon: Simplygon DLL not present - disabling.
[2017.07.06-12.50.42:289][  0]LogMeshUtilities: Using SimplygonSwarm for distributed automatic mesh merging
[2017.07.06-12.50.42:289][  0]LogMeshUtilities: No automatic skeletal mesh reduction module available
[2017.07.06-12.50.42:289][  0]LogMeshUtilities: No automatic mesh merging module available
[2017.07.06-12.50.43:371][  0]LogNetVersion: GetLocalNetworkVersion: CL: 3299760, ProjectName: myproject5, ProjectVersion: , EngineNetworkVersion: 2, GameNetworkVersion: 0, NetworkChecksum: 2091606010
[2017.07.06-12.50.43:427][  0]LogAssetRegistry: FAssetRegistry took 0.0219 seconds to start up
[2017.07.06-12.50.43:516][  0]LogPackageLocalizationCache: Processed 3 localized package path(s) for 2 prioritized culture(s) in 0.059306 seconds
[2017.07.06-12.50.43:524][  0]LogUObjectArray: 32493 objects as part of root set at end of initial load.
[2017.07.06-12.50.43:524][  0]LogUObjectAllocator: 7077032 out of 0 bytes used by permanent object pool.
[2017.07.06-12.50.43:524][  0]LogUObjectArray: CloseDisregardForGC: 0/0 objects in disregard for GC pool
[2017.07.06-12.50.43:655][  0]LogInit: WinSock: version 1.1 (2.2), MaxSocks=32767, MaxUdp=65467
[2017.07.06-12.50.51:457][  0]LogTcpMessaging: Initializing TcpMessaging bridge
[2017.07.06-12.50.51:520][  0]LogUdpMessaging: Initializing bridge on interface 0.0.0.0:0 to multicast group 230.0.0.1:6666.
[2017.07.06-12.50.52:519][  0]LogMaterial: Uniform references updated for custom material expression Custom.
[2017.07.06-12.50.53:151][  0]SourceControl: Info Source control is disabled
[2017.07.06-12.50.53:152][  0]SourceControl: Info Source control is disabled
[2017.07.06-12.50.53:231][  0]SourceControl: Info Source control is disabled
[2017.07.06-12.50.53:346][  0]SourceControl: Info Source control is disabled
[2017.07.06-12.50.55:730][  0]LogEngine: Initializing Engine...
[2017.07.06-12.50.55:730][  0]LogHMD: Failed to initialize OpenVR with code 110
[2017.07.06-12.50.55:871][  0]LogStats: UGameplayTagsManager::ConstructGameplayTagTree: Construct from data asset -  0.000 s
[2017.07.06-12.50.55:872][  0]LogStats: UGameplayTagsManager::ConstructGameplayTagTree: GameplayTagTreeChangedEvent.Broadcast -  0.000 s
[2017.07.06-12.50.56:080][  0]LogAIModule: Creating AISystem for world Untitled
[2017.07.06-12.50.56:088][  0]LogInit: XAudio2 using 'Speaker/HP (Realtek High Definition Audio)' : 2 channels at 48 kHz using 32 bits per sample (channel mask 0x3)
[2017.07.06-12.50.56:121][  0]LogInit: FAudioDevice initialized.
[2017.07.06-12.50.56:151][  0]LogDerivedDataCache: Saved boot cache 0.03s 50MB C:/Users/Camper/AppData/Local/UnrealEngine/4.15/DerivedDataCache/Boot.ddc.
[2017.07.06-12.50.56:155][  0]LogInit: Texture streaming: Enabled
[2017.07.06-12.50.56:315][  0]LogEngineSessionManager: EngineSessionManager initialized
[2017.07.06-12.50.56:447][  0]LogInit: Transaction tracking system initialized
[2017.07.06-12.50.57:008][  0]BlueprintLog: New page: Editor Load
[2017.07.06-12.50.58:645][  0]LocalizationService: Info Localization service is disabled
[2017.07.06-12.50.59:865][  0]LogConsoleResponse:Display: 
[2017.07.06-12.51.00:337][  0]LogCook:Display: Max memory allowance for cook 16384mb min free memory 0mb
[2017.07.06-12.51.00:337][  0]LogCook:Display: Mobile HDR setting 1
[2017.07.06-12.51.00:828][  0]LogFileCache: Scanning file cache for directory 'C:/Users/Camper/Documents/GitHub/Emagination2017Project/MyProject5/Content/' took 0.02s
[2017.07.06-12.51.02:405][  0]SourceControl: Info Source control is disabled
[2017.07.06-12.51.02:405][  0]Cmd: MAP LOAD FILE="../../../../../../Users/Camper/Documents/GitHub/Emagination2017Project/MyProject5/Content/SideScrollerBP/Maps/SideScrollerExampleMap.umap" TEMPLATE=0 SHOWPROGRESS=1 FEATURELEVEL=3
[2017.07.06-12.51.02:405][  0]LogEditorServer:Warning: Can't find file '../../../../../../Users/Camper/Documents/GitHub/Emagination2017Project/MyProject5/Content/SideScrollerBP/Maps/SideScrollerExampleMap.umap'
[2017.07.06-12.51.02:405][  0]Cmd: MAP CHECKDEP NOCLEARLOG
[2017.07.06-12.51.02:487][  0]MapCheck: Info Map check complete: 0 Error(s), 0 Warning(s), took 81.369ms to complete.
[2017.07.06-12.51.02:487][  0]LogFileHelpers: Loading map 'SideScrollerExampleMap' took 0.082
[2017.07.06-12.51.02:573][  0]LogWindowsTextInputMethodSystem:Display: IME system now deactivated.
[2017.07.06-12.51.02:775][  0]LogCollectionManager: Loaded 0 collections in 0.002577 seconds
[2017.07.06-12.51.02:885][  0]LogFileCache: Scanning file cache for directory 'C:/Users/Camper/Documents/GitHub/Emagination2017Project/MyProject5/Saved/Collections/' took 0.01s
[2017.07.06-12.51.02:885][  0]LogFileCache: Scanning file cache for directory 'C:/Users/Camper/Documents/GitHub/Emagination2017Project/MyProject5/Content/Developers/Camper/Collections/' took 0.01s
[2017.07.06-12.51.02:885][  0]LogFileCache: Scanning file cache for directory 'C:/Users/Camper/Documents/GitHub/Emagination2017Project/MyProject5/Content/Collections/' took 0.01s
[2017.07.06-12.51.02:885][  0]LogCollectionManager: Rebuilt the GUID cache for 0 collections in 0.000003 seconds
[2017.07.06-12.51.02:900][  0]LogContentBrowser: Native class hierarchy populated in 0.0148 seconds. Added 2245 classes and 453 folders.
[2017.07.06-12.51.03:007][  0]LogContentBrowser: Native class hierarchy updated for 'WidgetCarousel' in 0.0006 seconds. Added 0 classes and 0 folders.
[2017.07.06-12.51.03:414][  0]LogContentBrowser: Native class hierarchy updated for 'AddContentDialog' in 0.0007 seconds. Added 0 classes and 0 folders.
[2017.07.06-12.51.03:486][  0]LogContentBrowser: Native class hierarchy updated for 'SceneOutliner' in 0.0007 seconds. Added 1 classes and 2 folders.
[2017.07.06-12.51.03:609][  0]LogCrashTracker: Crashtracker disabled due to settings.
[2017.07.06-12.51.03:615][  0]LogUObjectGlobals:Warning: Failed to find object 'Class None.'
[2017.07.06-12.51.03:736][  0]LogContentBrowser: Native class hierarchy updated for 'HierarchicalLODOutliner' in 0.0008 seconds. Added 1 classes and 2 folders.
[2017.07.06-12.51.03:736][  0]LogLoad: (Engine Initialization) Total time: 33.62 seconds
[2017.07.06-12.51.03:736][  0]LogLoad: (Engine Initialization) Total Blueprint compile time: 0.09 seconds
[2017.07.06-12.51.03:736][  0]LogExternalProfiler: No external profilers were discovered.  External profiling features will not be available.
[2017.07.06-12.51.03:755][  0]LogOcInput: OculusInput pre-init called
[2017.07.06-12.51.03:798][  0]LogContentStreaming: Texture pool size now 1000 MB
[2017.07.06-12.51.03:799][  0]LogSlate: Took 0.000372 seconds to synchronously load lazily loaded font '../../../Engine/Content/Slate/Fonts/Roboto-Regular.ttf' (155K)
[2017.07.06-12.51.03:817][  0]LogSlate: Took 0.014336 seconds to synchronously load lazily loaded font '../../../Engine/Content/Slate/Fonts/Roboto-Bold.ttf' (160K)
[2017.07.06-12.51.03:837][  0]LogSlate: Took 0.013091 seconds to synchronously load lazily loaded font '../../../Engine/Content/Editor/Slate/Fonts/FontAwesome.ttf' (139K)
[2017.07.06-12.51.04:005][  0]LogSlate: Took 0.011897 seconds to synchronously load lazily loaded font '../../../Engine/Content/Slate/Fonts/Roboto-Light.ttf' (159K)
[2017.07.06-12.51.04:025][  1]LogFileCache: Retrieving MD5 hashes for directory 'C:/Users/Camper/Documents/GitHub/Emagination2017Project/MyProject5/Content/' took 0.26s
[2017.07.06-12.51.04:040][  1]LogAssetRegistry: Asset discovery search completed in 20.6355 seconds
[2017.07.06-12.51.04:040][  1]LogCollectionManager: Rebuilt the object cache for 0 collections in 0.000007 seconds (found 0 objects)
[2017.07.06-12.51.04:040][  1]LogCollectionManager: Fixed up redirectors for 0 collections in 0.000021 seconds (updated 0 objects)
[2017.07.06-12.51.04:072][  2]LogRenderer: Reallocating scene render targets to support 888x420 NumSamples 1 (Frame:2).
[2017.07.06-12.51.04:779][ 36]LogSlate: Took 0.000427 seconds to synchronously load lazily loaded font '../../../Engine/Content/Slate/Fonts/Roboto-Light.ttf' (159K)
[2017.07.06-12.51.33:228][454]LogTemp: Repeting last play command: Selected Viewport
[2017.07.06-12.51.33:244][454]LogPlayLevel: PlayLevel: No blueprints needed recompiling
[2017.07.06-12.51.33:245][454]PIE: New page: PIE session: Untitled_0 (Jul 6, 2017, 4:51:33 AM)
[2017.07.06-12.51.33:245][454]LogPlayLevel: Creating play world package: /Temp/UEDPIE_0_Untitled_0
[2017.07.06-12.51.33:246][454]LogPlayLevel: PIE: StaticDuplicateObject took: (0.000730s)
[2017.07.06-12.51.33:247][454]LogAIModule: Creating AISystem for world Untitled
[2017.07.06-12.51.33:247][454]LogPlayLevel: PIE: World Init took: (0.000958s)
[2017.07.06-12.51.33:247][454]LogPlayLevel: PIE: Created PIE world by copying editor world from /Temp/Untitled_0.Untitled to /Temp/UEDPIE_0_Untitled_0.Untitled (0.001984s)
[2017.07.06-12.51.33:267][454]LogInit: XAudio2 using 'Speaker/HP (Realtek High Definition Audio)' : 2 channels at 48 kHz using 32 bits per sample (channel mask 0x3)
[2017.07.06-12.51.33:281][454]LogInit: FAudioDevice initialized.
[2017.07.06-12.51.33:367][454]LogLinker:Warning: Can't find file '/Game/SideScrollerBP/Blueprints/SideScrollerGameMode'
[2017.07.06-12.51.33:367][454]LogLinker:Warning: Can't find file '/Game/SideScrollerBP/Blueprints/SideScrollerGameMode'
[2017.07.06-12.51.33:367][454]LogUObjectGlobals:Warning: Failed to find object 'Class /Game/SideScrollerBP/Blueprints/SideScrollerGameMode.SideScrollerGameMode_C'
[2017.07.06-12.51.33:367][454]LogLoad: Game class is 'GameModeBase'
[2017.07.06-12.51.33:369][454]LogWorld: Bringing World /Temp/UEDPIE_0_Untitled_0.Untitled up for play (max tick rate 60) at 2017.07.06-08.51.33
[2017.07.06-12.51.33:370][454]LogWorld: Bringing up level for play took: 0.000837
[2017.07.06-12.51.33:438][454]LogContentBrowser: Native class hierarchy updated for 'MovieSceneCapture' in 0.0007 seconds. Added 11 classes and 0 folders.
[2017.07.06-12.51.33:439][454]PIE: Info Play in editor start time for /Temp/UEDPIE_0_Untitled_0 0.129
[2017.07.06-12.51.45:839][189]LogTemp: Repeting last play command: Selected Viewport
[2017.07.06-12.51.45:858][189]LogPlayLevel: PlayLevel: No blueprints needed recompiling
[2017.07.06-12.51.45:858][189]PIE: New page: PIE session: Untitled_0 (Jul 6, 2017, 4:51:45 AM)
[2017.07.06-12.51.45:858][189]LogPlayLevel: Creating play world package: /Temp/UEDPIE_0_Untitled_0
[2017.07.06-12.51.45:859][189]LogPlayLevel: PIE: StaticDuplicateObject took: (0.000700s)
[2017.07.06-12.51.45:860][189]LogAIModule: Creating AISystem for world Untitled
[2017.07.06-12.51.45:860][189]LogPlayLevel: PIE: World Init took: (0.000705s)
[2017.07.06-12.51.45:860][189]LogPlayLevel: PIE: Created PIE world by copying editor world from /Temp/Untitled_0.Untitled to /Temp/UEDPIE_0_Untitled_0.Untitled (0.001733s)
[2017.07.06-12.51.45:873][189]LogInit: XAudio2 using 'Speaker/HP (Realtek High Definition Audio)' : 2 channels at 48 kHz using 32 bits per sample (channel mask 0x3)
[2017.07.06-12.51.45:884][189]LogInit: FAudioDevice initialized.
[2017.07.06-12.51.45:920][189]LogLoad: Game class is 'GameModeBase'
[2017.07.06-12.51.45:922][189]LogWorld: Bringing World /Temp/UEDPIE_0_Untitled_0.Untitled up for play (max tick rate 60) at 2017.07.06-08.51.45
[2017.07.06-12.51.45:922][189]LogWorld: Bringing up level for play took: 0.000851
[2017.07.06-12.51.45:923][189]PIE: Info Play in editor start time for /Temp/UEDPIE_0_Untitled_0 0.613
[2017.07.06-12.51.50:255][446]LogSlate: Took 0.000260 seconds to synchronously load lazily loaded font '../../../Engine/Content/Slate/Fonts/Roboto-Light.ttf' (159K)
[2017.07.06-12.51.50:431][446]LogAIModule: Creating AISystem for world MenuLevel
[2017.07.06-12.51.50:446][446]Cmd: MAP LOAD FILE="../../../../../../Users/Camper/Documents/GitHub/Emagination2017Project/MyProject5/Content/SideScroller_BP/Maps/MenuLevel.umap" TEMPLATE=0 SHOWPROGRESS=1 FEATURELEVEL=3
[2017.07.06-12.51.50:446][446]LightingResults: New page: Lighting Build
[2017.07.06-12.51.50:514][446]LogContentBrowser: Native class hierarchy updated for 'StatsViewer' in 0.0006 seconds. Added 5 classes and 0 folders.
[2017.07.06-12.51.50:516][446]LoadErrors: New page: Loading map: MenuLevel.umap
[2017.07.06-12.51.50:521][446]MapCheck: New page: Map Check
[2017.07.06-12.51.50:521][446]LightingResults: New page: Lighting Build
[2017.07.06-12.51.50:599][446]LogEditorServer: Finished looking for orphan Actors (0.000 secs)
[2017.07.06-12.51.50:624][446]Cmd: MAP CHECKDEP NOCLEARLOG
[2017.07.06-12.51.50:713][446]MapCheck: Info Map check complete: 0 Error(s), 0 Warning(s), took 89.038ms to complete.
[2017.07.06-12.51.50:715][446]LogFileHelpers: Loading map 'MenuLevel' took 0.270
[2017.07.06-12.51.51:820][511]LogTemp: Repeting last play command: Selected Viewport
[2017.07.06-12.51.51:836][511]LogBlueprintUserMessages: Early PlayInEditor Detection: Level '/Game/SideScroller_BP/Maps/MenuLevel.MenuLevel:PersistentLevel' has LevelScriptBlueprint '/Game/SideScroller_BP/Maps/MenuLevel.MenuLevel:PersistentLevel.MenuLevel' with GeneratedClass '/Game/SideScroller_BP/Maps/MenuLevel.MenuLevel_C' with ClassGeneratedBy '/Game/SideScroller_BP/Maps/MenuLevel.MenuLevel:PersistentLevel.MenuLevel'
[2017.07.06-12.51.51:836][511]LogPlayLevel: PlayLevel: No blueprints needed recompiling
[2017.07.06-12.51.51:836][511]PIE: New page: PIE session: MenuLevel (Jul 6, 2017, 4:51:51 AM)
[2017.07.06-12.51.51:836][511]LogPlayLevel: Creating play world package: /Game/SideScroller_BP/Maps/UEDPIE_0_MenuLevel
[2017.07.06-12.51.51:837][511]LogPlayLevel: PIE: StaticDuplicateObject took: (0.000930s)
[2017.07.06-12.51.51:837][511]LogAIModule: Creating AISystem for world MenuLevel
[2017.07.06-12.51.51:838][511]LogPlayLevel: PIE: World Init took: (0.000759s)
[2017.07.06-12.51.51:838][511]LogPlayLevel: PIE: Created PIE world by copying editor world from /Game/SideScroller_BP/Maps/MenuLevel.MenuLevel to /Game/SideScroller_BP/Maps/UEDPIE_0_MenuLevel.MenuLevel (0.001946s)
[2017.07.06-12.51.51:853][511]LogInit: XAudio2 using 'Speaker/HP (Realtek High Definition Audio)' : 2 channels at 48 kHz using 32 bits per sample (channel mask 0x3)
[2017.07.06-12.51.51:864][511]LogInit: FAudioDevice initialized.
[2017.07.06-12.51.51:898][511]LogLoad: Game class is 'GameModeBase'
[2017.07.06-12.51.51:900][511]LogWorld: Bringing World /Game/SideScroller_BP/Maps/UEDPIE_0_MenuLevel.MenuLevel up for play (max tick rate 60) at 2017.07.06-08.51.51
[2017.07.06-12.51.51:900][511]LogWorld: Bringing up level for play took: 0.001006
[2017.07.06-12.51.51:904][511]PIE: Info Play in editor start time for /Game/SideScroller_BP/Maps/UEDPIE_0_MenuLevel 0.593
[2017.07.06-12.51.51:904][511]LogBlueprintUserMessages: Late PlayInEditor Detection: Level '/Game/SideScroller_BP/Maps/MenuLevel.MenuLevel:PersistentLevel' has LevelScriptBlueprint '/Game/SideScroller_BP/Maps/MenuLevel.MenuLevel:PersistentLevel.MenuLevel' with GeneratedClass '/Game/SideScroller_BP/Maps/MenuLevel.MenuLevel_C' with ClassGeneratedBy '/Game/SideScroller_BP/Maps/MenuLevel.MenuLevel:PersistentLevel.MenuLevel'
[2017.07.06-12.52.00:637][ 34]LogNet: Browse: /Game/SideScroller_BP/Maps/Level1
[2017.07.06-12.52.00:637][ 34]LogLoad: LoadMap: /Game/SideScroller_BP/Maps/Level1
[2017.07.06-12.52.00:653][ 34]Cmd: MEM
[2017.07.06-12.52.00:663][ 34]LogMemory: Platform Memory Stats for Windows
[2017.07.06-12.52.00:663][ 34]LogMemory: Process Physical Memory: 968.14 MB used, 974.43 MB peak
[2017.07.06-12.52.00:663][ 34]LogMemory: Process Virtual Memory: 1134.20 MB used, 1162.31 MB peak
[2017.07.06-12.52.00:663][ 34]LogMemory: Physical Memory: 7795.44 MB used,  8213.79 MB free, 16009.22 MB total
[2017.07.06-12.52.00:664][ 34]LogMemory: Virtual Memory: 1916.84 MB used,  8213.79 MB free, 134217728.00 MB total
[2017.07.06-12.52.00:664][ 34]LogMemory: 
[2017.07.06-12.52.00:664][ 34]Allocator Stats for TBB: (not implemented)
[2017.07.06-12.52.04:185][ 34]LogAIModule: Creating AISystem for world Level1
[2017.07.06-12.52.04:187][ 34]LogLoad: Game class is 'GameModeBase'
[2017.07.06-12.52.04:196][ 34]LogWorld: Bringing World /Game/SideScroller_BP/Maps/UEDPIE_0_Level1.Level1 up for play (max tick rate 60) at 2017.07.06-08.52.04
[2017.07.06-12.52.04:197][ 34]LogWorld: Bringing up level for play took: 0.007862
[2017.07.06-12.52.04:200][ 34]LogLoad: Took 3.562383 seconds to LoadMap(/Game/SideScroller_BP/Maps/Level1)
[2017.07.06-12.52.40:015][957]LogScriptCore:Warning: Script Msg: Divide by zero
Script call stack:
	Function /Game/SideScroller_BP/Blueprints/SideScrollerCharacter.SideScrollerCharacter_C:ReceiveTick
	Function /Game/SideScroller_BP/Blueprints/SideScrollerCharacter.SideScrollerCharacter_C:ExecuteUbergraph_SideScrollerCharacter
	Function /Game/SideScroller_BP/Blueprints/SideScrollerCharacter.SideScrollerCharacter_C:AimTheGrapple
	Function /Game/SideScroller_BP/Blueprints/SideScrollerCharacter.SideScrollerCharacter_C:GetMouseWorldLocation

[2017.07.06-12.52.40:032][958]LogScriptCore:Warning: Script Msg: Divide by zero
Script call stack:
	Function /Game/SideScroller_BP/Blueprints/SideScrollerCharacter.SideScrollerCharacter_C:ReceiveTick
	Function /Game/SideScroller_BP/Blueprints/SideScrollerCharacter.SideScrollerCharacter_C:ExecuteUbergraph_SideScrollerCharacter
	Function /Game/SideScroller_BP/Blueprints/SideScrollerCharacter.SideScrollerCharacter_C:AimTheGrapple
	Function /Game/SideScroller_BP/Blueprints/SideScrollerCharacter.SideScrollerCharacter_C:GetMouseWorldLocation

[2017.07.06-12.52.40:048][959]LogScriptCore:Warning: Script Msg: Divide by zero
Script call stack:
	Function /Game/SideScroller_BP/Blueprints/SideScrollerCharacter.SideScrollerCharacter_C:ReceiveTick
	Function /Game/SideScroller_BP/Blueprints/SideScrollerCharacter.SideScrollerCharacter_C:ExecuteUbergraph_SideScrollerCharacter
	Function /Game/SideScroller_BP/Blueprints/SideScrollerCharacter.SideScrollerCharacter_C:AimTheGrapple
	Function /Game/SideScroller_BP/Blueprints/SideScrollerCharacter.SideScrollerCharacter_C:GetMouseWorldLocation

[2017.07.06-12.52.40:064][960]LogScriptCore:Warning: Script Msg: Divide by zero
Script call stack:
	Function /Game/SideScroller_BP/Blueprints/SideScrollerCharacter.SideScrollerCharacter_C:ReceiveTick
	Function /Game/SideScroller_BP/Blueprints/SideScrollerCharacter.SideScrollerCharacter_C:ExecuteUbergraph_SideScrollerCharacter
	Function /Game/SideScroller_BP/Blueprints/SideScrollerCharacter.SideScrollerCharacter_C:AimTheGrapple
	Function /Game/SideScroller_BP/Blueprints/SideScrollerCharacter.SideScrollerCharacter_C:GetMouseWorldLocation

[2017.07.06-12.52.40:081][961]LogScriptCore:Warning: Script Msg: Divide by zero
Script call stack:
	Function /Game/SideScroller_BP/Blueprints/SideScrollerCharacter.SideScrollerCharacter_C:ReceiveTick
	Function /Game/SideScroller_BP/Blueprints/SideScrollerCharacter.SideScrollerCharacter_C:ExecuteUbergraph_SideScrollerCharacter
	Function /Game/SideScroller_BP/Blueprints/SideScrollerCharacter.SideScrollerCharacter_C:AimTheGrapple
	Function /Game/SideScroller_BP/Blueprints/SideScrollerCharacter.SideScrollerCharacter_C:GetMouseWorldLocation

[2017.07.06-12.52.40:099][962]LogScriptCore:Warning: Script Msg: Divide by zero
Script call stack:
	Function /Game/SideScroller_BP/Blueprints/SideScrollerCharacter.SideScrollerCharacter_C:ReceiveTick
	Function /Game/SideScroller_BP/Blueprints/SideScrollerCharacter.SideScrollerCharacter_C:ExecuteUbergraph_SideScrollerCharacter
	Function /Game/SideScroller_BP/Blueprints/SideScrollerCharacter.SideScrollerCharacter_C:AimTheGrapple
	Function /Game/SideScroller_BP/Blueprints/SideScrollerCharacter.SideScrollerCharacter_C:GetMouseWorldLocation

[2017.07.06-12.52.40:115][963]LogNet: Browse: /Game/SideScroller_BP/Maps/Level1
[2017.07.06-12.52.40:115][963]LogLoad: LoadMap: /Game/SideScroller_BP/Maps/Level1
[2017.07.06-12.52.40:157][963]Cmd: MEM
[2017.07.06-12.52.40:170][963]LogMemory: Platform Memory Stats for Windows
[2017.07.06-12.52.40:170][963]LogMemory: Process Physical Memory: 1138.04 MB used, 1200.12 MB peak
[2017.07.06-12.52.40:170][963]LogMemory: Process Virtual Memory: 1403.79 MB used, 1482.23 MB peak
[2017.07.06-12.52.40:170][963]LogMemory: Physical Memory: 7954.55 MB used,  8054.67 MB free, 16009.22 MB total
[2017.07.06-12.52.40:171][963]LogMemory: Virtual Memory: 2169.91 MB used,  8054.67 MB free, 134217728.00 MB total
[2017.07.06-12.52.40:171][963]LogMemory: 
[2017.07.06-12.52.40:171][963]Allocator Stats for TBB: (not implemented)
[2017.07.06-12.52.40:516][963]LogAIModule: Creating AISystem for world Level1
[2017.07.06-12.52.40:517][963]LogLoad: Game class is 'GameModeBase'
[2017.07.06-12.52.40:523][963]LogWorld: Bringing World /Game/SideScroller_BP/Maps/UEDPIE_0_Level1.Level1 up for play (max tick rate 60) at 2017.07.06-08.52.40
[2017.07.06-12.52.40:524][963]LogWorld: Bringing up level for play took: 0.005522
[2017.07.06-12.52.40:526][963]LogLoad: Took 0.411901 seconds to LoadMap(/Game/SideScroller_BP/Maps/Level1)
[2017.07.06-12.52.40:528][963]LogScriptCore:Warning: Script Msg: Divide by zero
Script call stack:
	Function /Game/SideScroller_BP/Blueprints/SideScrollerCharacter.SideScrollerCharacter_C:ReceiveTick
	Function /Game/SideScroller_BP/Blueprints/SideScrollerCharacter.SideScrollerCharacter_C:ExecuteUbergraph_SideScrollerCharacter
	Function /Game/SideScroller_BP/Blueprints/SideScrollerCharacter.SideScrollerCharacter_C:AimTheGrapple
	Function /Game/SideScroller_BP/Blueprints/SideScrollerCharacter.SideScrollerCharacter_C:GetMouseWorldLocation

[2017.07.06-12.52.40:546][964]LogScriptCore:Warning: Script Msg: Divide by zero
Script call stack:
	Function /Game/SideScroller_BP/Blueprints/SideScrollerCharacter.SideScrollerCharacter_C:ReceiveTick
	Function /Game/SideScroller_BP/Blueprints/SideScrollerCharacter.SideScrollerCharacter_C:ExecuteUbergraph_SideScrollerCharacter
	Function /Game/SideScroller_BP/Blueprints/SideScrollerCharacter.SideScrollerCharacter_C:AimTheGrapple
	Function /Game/SideScroller_BP/Blueprints/SideScrollerCharacter.SideScrollerCharacter_C:GetMouseWorldLocation

[2017.07.06-12.52.40:576][965]LogScriptCore:Warning: Script Msg: Divide by zero
Script call stack:
	Function /Game/SideScroller_BP/Blueprints/SideScrollerCharacter.SideScrollerCharacter_C:ReceiveTick
	Function /Game/SideScroller_BP/Blueprints/SideScrollerCharacter.SideScrollerCharacter_C:ExecuteUbergraph_SideScrollerCharacter
	Function /Game/SideScroller_BP/Blueprints/SideScrollerCharacter.SideScrollerCharacter_C:AimTheGrapple
	Function /Game/SideScroller_BP/Blueprints/SideScrollerCharacter.SideScrollerCharacter_C:GetMouseWorldLocation

[2017.07.06-12.52.45:277][192]LogBlueprintUserMessages: Early EndPlayMap Detection: Level '/Game/SideScroller_BP/Maps/MenuLevel.MenuLevel:PersistentLevel' has LevelScriptBlueprint '/Game/SideScroller_BP/Maps/MenuLevel.MenuLevel:PersistentLevel.MenuLevel' with GeneratedClass '/Game/SideScroller_BP/Maps/MenuLevel.MenuLevel_C' with ClassGeneratedBy '/Game/SideScroller_BP/Maps/MenuLevel.MenuLevel:PersistentLevel.MenuLevel'
[2017.07.06-12.52.45:330][192]LogBlueprintUserMessages: Late EndPlayMap Detection: Level '/Game/SideScroller_BP/Maps/MenuLevel.MenuLevel:PersistentLevel' has LevelScriptBlueprint '/Game/SideScroller_BP/Maps/MenuLevel.MenuLevel:PersistentLevel.MenuLevel' with GeneratedClass '/Game/SideScroller_BP/Maps/MenuLevel.MenuLevel_C' with ClassGeneratedBy '/Game/SideScroller_BP/Maps/MenuLevel.MenuLevel:PersistentLevel.MenuLevel'
[2017.07.06-12.52.59:556][960]LogContentBrowser: Native class hierarchy updated for 'BlueprintGraph' in 0.0013 seconds. Added 112 classes and 0 folders.
[2017.07.06-12.53.00:474][960]LogSlate: Took 0.005078 seconds to synchronously load lazily loaded font '../../../Engine/Content/Editor/Slate/Fonts/Roboto-BoldCondensed.ttf' (158K)
[2017.07.06-12.53.11:551][609]LogSlate: Took 0.069846 seconds to synchronously load lazily loaded font '../../../Engine/Content/Slate/Fonts/DroidSansFallback.ttf' (3848K)
[2017.07.06-12.53.45:235][612]LogEditorTransaction: Undo Move Widget
[2017.07.06-12.54.13:138][274]Cmd: TRANSACTION UNDO
[2017.07.06-12.54.13:138][274]LogEditorTransaction: Undo Edit Padding
[2017.07.06-12.54.25:268][994]BlueprintLog: New page: Compile MainMenu
[2017.07.06-12.54.27:054][ 85]LogSavePackage: Save=43.70ms
[2017.07.06-12.54.27:054][ 85]LogSavePackage: Moving '../../../../../../Users/Camper/Documents/GitHub/Emagination2017Project/MyProject5/Saved/MainMenuD51830114E01050246891AB2092328A7.tmp' to '../../../../../../Users/Camper/Documents/GitHub/Emagination2017Project/MyProject5/Content/SideScroller_BP/Blueprints/MainMenu.uasset'
[2017.07.06-12.54.27:097][ 85]LogSavePackage:Display: Finished SavePackage ../../../../../../Users/Camper/Documents/GitHub/Emagination2017Project/MyProject5/Content/SideScroller_BP/Blueprints/MainMenu.uasset
[2017.07.06-12.54.28:426][165]LogTemp: Repeting last play command: Selected Viewport
[2017.07.06-12.54.28:452][165]LogBlueprintUserMessages: Early PlayInEditor Detection: Level '/Game/SideScroller_BP/Maps/MenuLevel.MenuLevel:PersistentLevel' has LevelScriptBlueprint '/Game/SideScroller_BP/Maps/MenuLevel.MenuLevel:PersistentLevel.MenuLevel' with GeneratedClass '/Game/SideScroller_BP/Maps/MenuLevel.MenuLevel_C' with ClassGeneratedBy '/Game/SideScroller_BP/Maps/MenuLevel.MenuLevel:PersistentLevel.MenuLevel'
[2017.07.06-12.54.28:452][165]LogPlayLevel: PlayLevel: No blueprints needed recompiling
[2017.07.06-12.54.28:453][165]PIE: New page: PIE session: MenuLevel (Jul 6, 2017, 4:54:28 AM)
[2017.07.06-12.54.28:453][165]LogPlayLevel: Creating play world package: /Game/SideScroller_BP/Maps/UEDPIE_0_MenuLevel
[2017.07.06-12.54.28:456][165]LogPlayLevel: PIE: StaticDuplicateObject took: (0.002920s)
[2017.07.06-12.54.28:457][165]LogAIModule: Creating AISystem for world MenuLevel
[2017.07.06-12.54.28:457][165]LogPlayLevel: PIE: World Init took: (0.001143s)
[2017.07.06-12.54.28:457][165]LogPlayLevel: PIE: Created PIE world by copying editor world from /Game/SideScroller_BP/Maps/MenuLevel.MenuLevel to /Game/SideScroller_BP/Maps/UEDPIE_0_MenuLevel.MenuLevel (0.004363s)
[2017.07.06-12.54.28:481][165]LogInit: XAudio2 using 'Speaker/HP (Realtek High Definition Audio)' : 2 channels at 48 kHz using 32 bits per sample (channel mask 0x3)
[2017.07.06-12.54.28:497][165]LogInit: FAudioDevice initialized.
[2017.07.06-12.54.28:530][165]LogLoad: Game class is 'GameModeBase'
[2017.07.06-12.54.28:532][165]LogWorld: Bringing World /Game/SideScroller_BP/Maps/UEDPIE_0_MenuLevel.MenuLevel up for play (max tick rate 60) at 2017.07.06-08.54.28
[2017.07.06-12.54.28:532][165]LogWorld: Bringing up level for play took: 0.000718
[2017.07.06-12.54.28:535][165]PIE: Info Play in editor start time for /Game/SideScroller_BP/Maps/UEDPIE_0_MenuLevel -0.775
[2017.07.06-12.54.28:535][165]LogBlueprintUserMessages: Late PlayInEditor Detection: Level '/Game/SideScroller_BP/Maps/MenuLevel.MenuLevel:PersistentLevel' has LevelScriptBlueprint '/Game/SideScroller_BP/Maps/MenuLevel.MenuLevel:PersistentLevel.MenuLevel' with GeneratedClass '/Game/SideScroller_BP/Maps/MenuLevel.MenuLevel_C' with ClassGeneratedBy '/Game/SideScroller_BP/Maps/MenuLevel.MenuLevel:PersistentLevel.MenuLevel'
[2017.07.06-12.54.30:913][307]LogBlueprintUserMessages: Early EndPlayMap Detection: Level '/Game/SideScroller_BP/Maps/MenuLevel.MenuLevel:PersistentLevel' has LevelScriptBlueprint '/Game/SideScroller_BP/Maps/MenuLevel.MenuLevel:PersistentLevel.MenuLevel' with GeneratedClass '/Game/SideScroller_BP/Maps/MenuLevel.MenuLevel_C' with ClassGeneratedBy '/Game/SideScroller_BP/Maps/MenuLevel.MenuLevel:PersistentLevel.MenuLevel'
[2017.07.06-12.54.30:949][307]LogBlueprintUserMessages: Late EndPlayMap Detection: Level '/Game/SideScroller_BP/Maps/MenuLevel.MenuLevel:PersistentLevel' has LevelScriptBlueprint '/Game/SideScroller_BP/Maps/MenuLevel.MenuLevel:PersistentLevel.MenuLevel' with GeneratedClass '/Game/SideScroller_BP/Maps/MenuLevel.MenuLevel_C' with ClassGeneratedBy '/Game/SideScroller_BP/Maps/MenuLevel.MenuLevel:PersistentLevel.MenuLevel'
[2017.07.06-12.54.41:206][918]BlueprintLog: New page: Compile MainMenu
[2017.07.06-12.54.41:843][943]LogSavePackage: Save=39.28ms
[2017.07.06-12.54.41:843][943]LogSavePackage: Moving '../../../../../../Users/Camper/Documents/GitHub/Emagination2017Project/MyProject5/Saved/MainMenuE707FBCC40FCC3173401D6833AC40F2F.tmp' to '../../../../../../Users/Camper/Documents/GitHub/Emagination2017Project/MyProject5/Content/SideScroller_BP/Blueprints/MainMenu.uasset'
[2017.07.06-12.54.41:847][943]LogSavePackage:Display: Finished SavePackage ../../../../../../Users/Camper/Documents/GitHub/Emagination2017Project/MyProject5/Content/SideScroller_BP/Blueprints/MainMenu.uasset
[2017.07.06-12.54.43:342][ 33]LogTemp: Repeting last play command: Selected Viewport
[2017.07.06-12.54.43:361][ 33]LogBlueprintUserMessages: Early PlayInEditor Detection: Level '/Game/SideScroller_BP/Maps/MenuLevel.MenuLevel:PersistentLevel' has LevelScriptBlueprint '/Game/SideScroller_BP/Maps/MenuLevel.MenuLevel:PersistentLevel.MenuLevel' with GeneratedClass '/Game/SideScroller_BP/Maps/MenuLevel.MenuLevel_C' with ClassGeneratedBy '/Game/SideScroller_BP/Maps/MenuLevel.MenuLevel:PersistentLevel.MenuLevel'
[2017.07.06-12.54.43:361][ 33]LogPlayLevel: PlayLevel: No blueprints needed recompiling
[2017.07.06-12.54.43:362][ 33]PIE: New page: PIE session: MenuLevel (Jul 6, 2017, 4:54:43 AM)
[2017.07.06-12.54.43:362][ 33]LogPlayLevel: Creating play world package: /Game/SideScroller_BP/Maps/UEDPIE_0_MenuLevel
[2017.07.06-12.54.43:363][ 33]LogPlayLevel: PIE: StaticDuplicateObject took: (0.000920s)
[2017.07.06-12.54.43:363][ 33]LogAIModule: Creating AISystem for world MenuLevel
[2017.07.06-12.54.43:363][ 33]LogPlayLevel: PIE: World Init took: (0.000678s)
[2017.07.06-12.54.43:363][ 33]LogPlayLevel: PIE: Created PIE world by copying editor world from /Game/SideScroller_BP/Maps/MenuLevel.MenuLevel to /Game/SideScroller_BP/Maps/UEDPIE_0_MenuLevel.MenuLevel (0.001802s)
[2017.07.06-12.54.43:384][ 33]LogInit: XAudio2 using 'Speaker/HP (Realtek High Definition Audio)' : 2 channels at 48 kHz using 32 bits per sample (channel mask 0x3)
[2017.07.06-12.54.43:396][ 33]LogInit: FAudioDevice initialized.
[2017.07.06-12.54.43:431][ 33]LogLoad: Game class is 'GameModeBase'
[2017.07.06-12.54.43:433][ 33]LogWorld: Bringing World /Game/SideScroller_BP/Maps/UEDPIE_0_MenuLevel.MenuLevel up for play (max tick rate 60) at 2017.07.06-08.54.43
[2017.07.06-12.54.43:433][ 33]LogWorld: Bringing up level for play took: 0.000733
[2017.07.06-12.54.43:436][ 33]PIE: Info Play in editor start time for /Game/SideScroller_BP/Maps/UEDPIE_0_MenuLevel 0.126
[2017.07.06-12.54.43:436][ 33]LogBlueprintUserMessages: Late PlayInEditor Detection: Level '/Game/SideScroller_BP/Maps/MenuLevel.MenuLevel:PersistentLevel' has LevelScriptBlueprint '/Game/SideScroller_BP/Maps/MenuLevel.MenuLevel:PersistentLevel.MenuLevel' with GeneratedClass '/Game/SideScroller_BP/Maps/MenuLevel.MenuLevel_C' with ClassGeneratedBy '/Game/SideScroller_BP/Maps/MenuLevel.MenuLevel:PersistentLevel.MenuLevel'
[2017.07.06-12.54.45:106][133]LogBlueprintUserMessages: Early EndPlayMap Detection: Level '/Game/SideScroller_BP/Maps/MenuLevel.MenuLevel:PersistentLevel' has LevelScriptBlueprint '/Game/SideScroller_BP/Maps/MenuLevel.MenuLevel:PersistentLevel.MenuLevel' with GeneratedClass '/Game/SideScroller_BP/Maps/MenuLevel.MenuLevel_C' with ClassGeneratedBy '/Game/SideScroller_BP/Maps/MenuLevel.MenuLevel:PersistentLevel.MenuLevel'
[2017.07.06-12.54.45:139][133]LogBlueprintUserMessages: Late EndPlayMap Detection: Level '/Game/SideScroller_BP/Maps/MenuLevel.MenuLevel:PersistentLevel' has LevelScriptBlueprint '/Game/SideScroller_BP/Maps/MenuLevel.MenuLevel:PersistentLevel.MenuLevel' with GeneratedClass '/Game/SideScroller_BP/Maps/MenuLevel.MenuLevel_C' with ClassGeneratedBy '/Game/SideScroller_BP/Maps/MenuLevel.MenuLevel:PersistentLevel.MenuLevel'
[2017.07.06-12.55.02:248][129]LogEditorTransaction: Undo Edit Padding
[2017.07.06-12.55.03:231][183]LogEditorTransaction: Undo Edit Top
[2017.07.06-12.55.48:431][883]BlueprintLog: New page: Compile MainMenu
[2017.07.06-12.55.49:131][907]LogSavePackage: Save=40.30ms
[2017.07.06-12.55.49:131][907]LogSavePackage: Moving '../../../../../../Users/Camper/Documents/GitHub/Emagination2017Project/MyProject5/Saved/MainMenu76138C9D4AE64F227E19C6923CDA0B6C.tmp' to '../../../../../../Users/Camper/Documents/GitHub/Emagination2017Project/MyProject5/Content/SideScroller_BP/Blueprints/MainMenu.uasset'
[2017.07.06-12.55.49:135][907]LogSavePackage:Display: Finished SavePackage ../../../../../../Users/Camper/Documents/GitHub/Emagination2017Project/MyProject5/Content/SideScroller_BP/Blueprints/MainMenu.uasset
[2017.07.06-12.55.51:010][ 19]LogTemp: Repeting last play command: Selected Viewport
[2017.07.06-12.55.51:027][ 19]LogBlueprintUserMessages: Early PlayInEditor Detection: Level '/Game/SideScroller_BP/Maps/MenuLevel.MenuLevel:PersistentLevel' has LevelScriptBlueprint '/Game/SideScroller_BP/Maps/MenuLevel.MenuLevel:PersistentLevel.MenuLevel' with GeneratedClass '/Game/SideScroller_BP/Maps/MenuLevel.MenuLevel_C' with ClassGeneratedBy '/Game/SideScroller_BP/Maps/MenuLevel.MenuLevel:PersistentLevel.MenuLevel'
[2017.07.06-12.55.51:027][ 19]LogPlayLevel: PlayLevel: No blueprints needed recompiling
[2017.07.06-12.55.51:027][ 19]PIE: New page: PIE session: MenuLevel (Jul 6, 2017, 4:55:51 AM)
[2017.07.06-12.55.51:027][ 19]LogPlayLevel: Creating play world package: /Game/SideScroller_BP/Maps/UEDPIE_0_MenuLevel
[2017.07.06-12.55.51:028][ 19]LogPlayLevel: PIE: StaticDuplicateObject took: (0.001022s)
[2017.07.06-12.55.51:029][ 19]LogAIModule: Creating AISystem for world MenuLevel
[2017.07.06-12.55.51:029][ 19]LogPlayLevel: PIE: World Init took: (0.000971s)
[2017.07.06-12.55.51:029][ 19]LogPlayLevel: PIE: Created PIE world by copying editor world from /Game/SideScroller_BP/Maps/MenuLevel.MenuLevel to /Game/SideScroller_BP/Maps/UEDPIE_0_MenuLevel.MenuLevel (0.002263s)
[2017.07.06-12.55.51:052][ 19]LogInit: XAudio2 using 'Speaker/HP (Realtek High Definition Audio)' : 2 channels at 48 kHz using 32 bits per sample (channel mask 0x3)
[2017.07.06-12.55.51:065][ 19]LogInit: FAudioDevice initialized.
[2017.07.06-12.55.51:100][ 19]LogLoad: Game class is 'GameModeBase'
[2017.07.06-12.55.51:101][ 19]LogWorld: Bringing World /Game/SideScroller_BP/Maps/UEDPIE_0_MenuLevel.MenuLevel up for play (max tick rate 60) at 2017.07.06-08.55.51
[2017.07.06-12.55.51:101][ 19]LogWorld: Bringing up level for play took: 0.000851
[2017.07.06-12.55.51:105][ 19]PIE: Info Play in editor start time for /Game/SideScroller_BP/Maps/UEDPIE_0_MenuLevel -0.205
[2017.07.06-12.55.51:105][ 19]LogBlueprintUserMessages: Late PlayInEditor Detection: Level '/Game/SideScroller_BP/Maps/MenuLevel.MenuLevel:PersistentLevel' has LevelScriptBlueprint '/Game/SideScroller_BP/Maps/MenuLevel.MenuLevel:PersistentLevel.MenuLevel' with GeneratedClass '/Game/SideScroller_BP/Maps/MenuLevel.MenuLevel_C' with ClassGeneratedBy '/Game/SideScroller_BP/Maps/MenuLevel.MenuLevel:PersistentLevel.MenuLevel'
[2017.07.06-12.55.53:095][138]LogBlueprintUserMessages: Early EndPlayMap Detection: Level '/Game/SideScroller_BP/Maps/MenuLevel.MenuLevel:PersistentLevel' has LevelScriptBlueprint '/Game/SideScroller_BP/Maps/MenuLevel.MenuLevel:PersistentLevel.MenuLevel' with GeneratedClass '/Game/SideScroller_BP/Maps/MenuLevel.MenuLevel_C' with ClassGeneratedBy '/Game/SideScroller_BP/Maps/MenuLevel.MenuLevel:PersistentLevel.MenuLevel'
[2017.07.06-12.55.53:130][138]LogBlueprintUserMessages: Late EndPlayMap Detection: Level '/Game/SideScroller_BP/Maps/MenuLevel.MenuLevel:PersistentLevel' has LevelScriptBlueprint '/Game/SideScroller_BP/Maps/MenuLevel.MenuLevel:PersistentLevel.MenuLevel' with GeneratedClass '/Game/SideScroller_BP/Maps/MenuLevel.MenuLevel_C' with ClassGeneratedBy '/Game/SideScroller_BP/Maps/MenuLevel.MenuLevel:PersistentLevel.MenuLevel'
[2017.07.06-12.55.58:066][422]LogSavePackage: Save=40.71ms
[2017.07.06-12.55.58:066][422]LogSavePackage: Moving '../../../../../../Users/Camper/Documents/GitHub/Emagination2017Project/MyProject5/Saved/MainMenu4EE9C8244A5DDFC3AEFD6889A9121D32.tmp' to '../../../../../../Users/Camper/Documents/GitHub/Emagination2017Project/MyProject5/Content/SideScroller_BP/Blueprints/MainMenu.uasset'
[2017.07.06-12.55.58:069][422]LogSavePackage:Display: Finished SavePackage ../../../../../../Users/Camper/Documents/GitHub/Emagination2017Project/MyProject5/Content/SideScroller_BP/Blueprints/MainMenu.uasset
[2017.07.06-12.55.58:656][453]LogSavePackage: Save=46.93ms
[2017.07.06-12.55.58:656][453]LogSavePackage: Moving '../../../../../../Users/Camper/Documents/GitHub/Emagination2017Project/MyProject5/Saved/MainMenuE41EA33B4E81284746AA8FA8F0BB0794.tmp' to '../../../../../../Users/Camper/Documents/GitHub/Emagination2017Project/MyProject5/Content/SideScroller_BP/Blueprints/MainMenu.uasset'
[2017.07.06-12.55.58:661][453]LogSavePackage:Display: Finished SavePackage ../../../../../../Users/Camper/Documents/GitHub/Emagination2017Project/MyProject5/Content/SideScroller_BP/Blueprints/MainMenu.uasset
[2017.07.06-12.56.12:327][156]LogAIModule: Creating AISystem for world Level1
[2017.07.06-12.56.12:401][156]Cmd: MAP LOAD FILE="../../../../../../Users/Camper/Documents/GitHub/Emagination2017Project/MyProject5/Content/SideScroller_BP/Maps/Level1.umap" TEMPLATE=0 SHOWPROGRESS=1 FEATURELEVEL=3
[2017.07.06-12.56.12:401][156]LightingResults: New page: Lighting Build
[2017.07.06-12.56.12:403][156]LoadErrors: New page: Loading map: Level1.umap
[2017.07.06-12.56.12:403][156]MapCheck: New page: Map Check
[2017.07.06-12.56.12:403][156]LightingResults: New page: Lighting Build
[2017.07.06-12.56.12:583][156]LogEditorServer: Finished looking for orphan Actors (0.000 secs)
[2017.07.06-12.56.12:620][156]Cmd: MAP CHECKDEP NOCLEARLOG
[2017.07.06-12.56.12:763][156]MapCheck: Info Map check complete: 0 Error(s), 0 Warning(s), took 143.229ms to complete.
[2017.07.06-12.56.12:763][156]LogFileHelpers: Loading map 'Level1' took 0.364
[2017.07.06-12.56.14:830][254]LogAIModule: Creating AISystem for world MenuLevel
[2017.07.06-12.56.14:852][254]Cmd: MAP LOAD FILE="../../../../../../Users/Camper/Documents/GitHub/Emagination2017Project/MyProject5/Content/SideScroller_BP/Maps/MenuLevel.umap" TEMPLATE=0 SHOWPROGRESS=1 FEATURELEVEL=3
[2017.07.06-12.56.14:852][254]LightingResults: New page: Lighting Build
[2017.07.06-12.56.14:853][254]LoadErrors: New page: Loading map: MenuLevel.umap
[2017.07.06-12.56.14:855][254]MapCheck: New page: Map Check
[2017.07.06-12.56.14:855][254]LightingResults: New page: Lighting Build
[2017.07.06-12.56.14:986][254]LogEditorServer: Finished looking for orphan Actors (0.000 secs)
[2017.07.06-12.56.15:011][254]Cmd: MAP CHECKDEP NOCLEARLOG
[2017.07.06-12.56.15:137][254]MapCheck: Info Map check complete: 0 Error(s), 0 Warning(s), took 125.765ms to complete.
[2017.07.06-12.56.15:138][254]LogFileHelpers: Loading map 'MenuLevel' took 0.287
[2017.07.06-12.56.16:054][308]LogTemp: Repeting last play command: Selected Viewport
[2017.07.06-12.56.16:076][308]LogBlueprintUserMessages: Early PlayInEditor Detection: Level '/Game/SideScroller_BP/Maps/MenuLevel.MenuLevel:PersistentLevel' has LevelScriptBlueprint '/Game/SideScroller_BP/Maps/MenuLevel.MenuLevel:PersistentLevel.MenuLevel' with GeneratedClass '/Game/SideScroller_BP/Maps/MenuLevel.MenuLevel_C' with ClassGeneratedBy '/Game/SideScroller_BP/Maps/MenuLevel.MenuLevel:PersistentLevel.MenuLevel'
[2017.07.06-12.56.16:076][308]LogPlayLevel: PlayLevel: No blueprints needed recompiling
[2017.07.06-12.56.16:076][308]PIE: New page: PIE session: MenuLevel (Jul 6, 2017, 4:56:16 AM)
[2017.07.06-12.56.16:076][308]LogPlayLevel: Creating play world package: /Game/SideScroller_BP/Maps/UEDPIE_0_MenuLevel
[2017.07.06-12.56.16:077][308]LogPlayLevel: PIE: StaticDuplicateObject took: (0.001011s)
[2017.07.06-12.56.16:077][308]LogAIModule: Creating AISystem for world MenuLevel
[2017.07.06-12.56.16:078][308]LogPlayLevel: PIE: World Init took: (0.000699s)
[2017.07.06-12.56.16:078][308]LogPlayLevel: PIE: Created PIE world by copying editor world from /Game/SideScroller_BP/Maps/MenuLevel.MenuLevel to /Game/SideScroller_BP/Maps/UEDPIE_0_MenuLevel.MenuLevel (0.001920s)
[2017.07.06-12.56.16:098][308]LogInit: XAudio2 using 'Speaker/HP (Realtek High Definition Audio)' : 2 channels at 48 kHz using 32 bits per sample (channel mask 0x3)
[2017.07.06-12.56.16:109][308]LogInit: FAudioDevice initialized.
[2017.07.06-12.56.16:143][308]LogLoad: Game class is 'GameModeBase'
[2017.07.06-12.56.16:144][308]LogWorld: Bringing World /Game/SideScroller_BP/Maps/UEDPIE_0_MenuLevel.MenuLevel up for play (max tick rate 60) at 2017.07.06-08.56.16
[2017.07.06-12.56.16:144][308]LogWorld: Bringing up level for play took: 0.000705
[2017.07.06-12.56.16:147][308]PIE: Info Play in editor start time for /Game/SideScroller_BP/Maps/UEDPIE_0_MenuLevel 0.837
[2017.07.06-12.56.16:148][308]LogBlueprintUserMessages: Late PlayInEditor Detection: Level '/Game/SideScroller_BP/Maps/MenuLevel.MenuLevel:PersistentLevel' has LevelScriptBlueprint '/Game/SideScroller_BP/Maps/MenuLevel.MenuLevel:PersistentLevel.MenuLevel' with GeneratedClass '/Game/SideScroller_BP/Maps/MenuLevel.MenuLevel_C' with ClassGeneratedBy '/Game/SideScroller_BP/Maps/MenuLevel.MenuLevel:PersistentLevel.MenuLevel'
[2017.07.06-12.56.19:819][528]LogBlueprintUserMessages: Early EndPlayMap Detection: Level '/Game/SideScroller_BP/Maps/MenuLevel.MenuLevel:PersistentLevel' has LevelScriptBlueprint '/Game/SideScroller_BP/Maps/MenuLevel.MenuLevel:PersistentLevel.MenuLevel' with GeneratedClass '/Game/SideScroller_BP/Maps/MenuLevel.MenuLevel_C' with ClassGeneratedBy '/Game/SideScroller_BP/Maps/MenuLevel.MenuLevel:PersistentLevel.MenuLevel'
[2017.07.06-12.56.19:856][528]LogBlueprintUserMessages: Late EndPlayMap Detection: Level '/Game/SideScroller_BP/Maps/MenuLevel.MenuLevel:PersistentLevel' has LevelScriptBlueprint '/Game/SideScroller_BP/Maps/MenuLevel.MenuLevel:PersistentLevel.MenuLevel' with GeneratedClass '/Game/SideScroller_BP/Maps/MenuLevel.MenuLevel_C' with ClassGeneratedBy '/Game/SideScroller_BP/Maps/MenuLevel.MenuLevel:PersistentLevel.MenuLevel'
[2017.07.06-12.56.30:704][166]LogSavePackage: Save=40.19ms
[2017.07.06-12.56.30:704][166]LogSavePackage: Moving '../../../../../../Users/Camper/Documents/GitHub/Emagination2017Project/MyProject5/Saved/MainMenu44B7C0E946B01126F8E44C9065F72E52.tmp' to '../../../../../../Users/Camper/Documents/GitHub/Emagination2017Project/MyProject5/Content/SideScroller_BP/Blueprints/MainMenu.uasset'
[2017.07.06-12.56.30:706][166]LogSavePackage:Display: Finished SavePackage ../../../../../../Users/Camper/Documents/GitHub/Emagination2017Project/MyProject5/Content/SideScroller_BP/Blueprints/MainMenu.uasset
[2017.07.06-12.56.32:801][278]LogWindowsTextInputMethodSystem:Display: IME system now deactivated.
[2017.07.06-12.56.33:024][279]Cmd: QUIT_EDITOR
[2017.07.06-12.56.33:847][279]LogExit: Preparing to exit.
[2017.07.06-12.56.34:757][279]LogDirectoryWatcher: A directory notification for 'C:/Users/Camper/Documents/GitHub/Emagination2017Project/MyProject5/Content/' was aborted.
[2017.07.06-12.56.34:796][279]LogExit: Editor shut down
[2017.07.06-12.56.34:797][279]LogExit: Transaction tracking system shut down
[2017.07.06-12.56.34:914][279]LogObj: Freed 0b from 0 cluster array pools.
[2017.07.06-12.56.34:914][279]LogExit: Object subsystem successfully closed.
[2017.07.06-12.56.34:932][279]LogD3D11RHI: Shutdown
[2017.07.06-12.56.34:932][279]LogD3D11RHI: CleanupD3DDevice
[2017.07.06-12.56.34:996][279]LogD3D11RHI: ~FD3D11DynamicRHI
[2017.07.06-12.56.35:026][279]LogModuleManager: Shutting down and abandoning module SequencerWidgets (506)
[2017.07.06-12.56.35:026][279]LogModuleManager: Shutting down and abandoning module BlueprintGraph (504)
[2017.07.06-12.56.35:026][279]LogModuleManager: Shutting down and abandoning module BlueprintProfiler (502)
[2017.07.06-12.56.35:026][279]LogModuleManager: Shutting down and abandoning module StatsViewer (500)
[2017.07.06-12.56.35:026][279]LogModuleManager: Shutting down and abandoning module MovieSceneCapture (498)
[2017.07.06-12.56.35:026][279]LogModuleManager: Shutting down and abandoning module HierarchicalLODOutliner (496)
[2017.07.06-12.56.35:026][279]LogModuleManager: Shutting down and abandoning module CrashTracker (494)
[2017.07.06-12.56.35:026][279]LogModuleManager: Shutting down and abandoning module SceneOutliner (492)
[2017.07.06-12.56.35:026][279]LogModuleManager: Shutting down and abandoning module AddContentDialog (490)
[2017.07.06-12.56.35:026][279]LogDirectoryWatcher: A directory notification for 'C:/Program Files/Epic Games/UE_4.15/FeaturePacks/' was aborted.
[2017.07.06-12.56.35:027][279]LogModuleManager: Shutting down and abandoning module WidgetCarousel (489)
[2017.07.06-12.56.35:027][279]LogModuleManager: Shutting down and abandoning module EditorWidgets (486)
[2017.07.06-12.56.35:027][279]LogModuleManager: Shutting down and abandoning module CollectionManager (484)
[2017.07.06-12.56.35:027][279]LogDirectoryWatcher: A directory notification for 'C:/Users/Camper/Documents/GitHub/Emagination2017Project/MyProject5/Content/Collections/' was aborted.
[2017.07.06-12.56.35:027][279]LogDirectoryWatcher: A directory notification for 'C:/Users/Camper/Documents/GitHub/Emagination2017Project/MyProject5/Content/Developers/Camper/Collections/' was aborted.
[2017.07.06-12.56.35:027][279]LogDirectoryWatcher: A directory notification for 'C:/Users/Camper/Documents/GitHub/Emagination2017Project/MyProject5/Saved/Collections/' was aborted.
[2017.07.06-12.56.35:028][279]LogModuleManager: Shutting down and abandoning module FoliageEdit (482)
[2017.07.06-12.56.35:028][279]LogModuleManager: Shutting down and abandoning module LandscapeEditor (480)
[2017.07.06-12.56.35:028][279]LogModuleManager: Shutting down and abandoning module SceneDepthPickerMode (478)
[2017.07.06-12.56.35:028][279]LogModuleManager: Shutting down and abandoning module ActorPickerMode (476)
[2017.07.06-12.56.35:028][279]LogModuleManager: Shutting down and abandoning module GeometryMode (474)
[2017.07.06-12.56.35:028][279]LogModuleManager: Shutting down and abandoning module TextureAlignMode (472)
[2017.07.06-12.56.35:028][279]LogModuleManager: Shutting down and abandoning module BspMode (470)
[2017.07.06-12.56.35:028][279]LogModuleManager: Shutting down and abandoning module HardwareSurvey (468)
[2017.07.06-12.56.35:028][279]LogModuleManager: Shutting down and abandoning module SequenceRecorderSections (466)
[2017.07.06-12.56.35:028][279]LogModuleManager: Shutting down and abandoning module AutomationWorker (464)
[2017.07.06-12.56.35:028][279]LogModuleManager: Shutting down and abandoning module MatineeToLevelSequence (462)
[2017.07.06-12.56.35:028][279]LogModuleManager: Shutting down and abandoning module LevelSequenceEditor (460)
[2017.07.06-12.56.35:028][279]LogModuleManager: Shutting down and abandoning module PlacementMode (459)
[2017.07.06-12.56.35:028][279]LogModuleManager: Shutting down and abandoning module WmfMediaFactory (456)
[2017.07.06-12.56.35:028][279]LogModuleManager: Shutting down and abandoning module WmfMediaEditor (454)
[2017.07.06-12.56.35:028][279]LogModuleManager: Shutting down and abandoning module MfMediaFactory (452)
[2017.07.06-12.56.35:028][279]LogModuleManager: Shutting down and abandoning module MfMediaEditor (450)
[2017.07.06-12.56.35:028][279]LogModuleManager: Shutting down and abandoning module AvfMediaFactory (448)
[2017.07.06-12.56.35:028][279]LogModuleManager: Shutting down and abandoning module AvfMediaEditor (446)
[2017.07.06-12.56.35:028][279]LogModuleManager: Shutting down and abandoning module AndroidMediaFactory (444)
[2017.07.06-12.56.35:028][279]LogModuleManager: Shutting down and abandoning module Media (443)
[2017.07.06-12.56.35:028][279]LogModuleManager: Shutting down and abandoning module AndroidMediaEditor (440)
[2017.07.06-12.56.35:028][279]LogModuleManager: Shutting down and abandoning module CharacterAI (438)
[2017.07.06-12.56.35:028][279]LogModuleManager: Shutting down and abandoning module AudioCapture (436)
[2017.07.06-12.56.35:028][279]LogModuleManager: Shutting down and abandoning module SequenceRecorder (435)
[2017.07.06-12.56.35:028][279]LogModuleManager: Shutting down and abandoning module SmartSnapping (432)
[2017.07.06-12.56.35:028][279]LogModuleManager: Shutting down and abandoning module SessionServices (430)
[2017.07.06-12.56.35:028][279]LogModuleManager: Shutting down and abandoning module ViewportSnapping (428)
[2017.07.06-12.56.35:028][279]LogModuleManager: Shutting down and abandoning module ViewportInteraction (426)
[2017.07.06-12.56.35:028][279]LogModuleManager: Shutting down and abandoning module LogVisualizer (424)
[2017.07.06-12.56.35:028][279]LogModuleManager: Shutting down and abandoning module IntroTutorials (422)
[2017.07.06-12.56.35:028][279]LogModuleManager: Shutting down and abandoning module GameProjectGeneration (421)
[2017.07.06-12.56.35:028][279]LogModuleManager: Shutting down and abandoning module EditorLiveStreaming (418)
[2017.07.06-12.56.35:028][279]LogModuleManager: Shutting down and abandoning module IOSPlatformEditor (416)
[2017.07.06-12.56.35:028][279]LogModuleManager: Shutting down and abandoning module HTML5PlatformEditor (414)
[2017.07.06-12.56.35:028][279]LogModuleManager: Shutting down and abandoning module AndroidPlatformEditor (412)
[2017.07.06-12.56.35:028][279]LogModuleManager: Shutting down and abandoning module AndroidDeviceDetection (411)
[2017.07.06-12.56.35:436][279]LogModuleManager: Shutting down and abandoning module IOSRuntimeSettings (408)
[2017.07.06-12.56.35:436][279]LogModuleManager: Shutting down and abandoning module AndroidRuntimeSettings (406)
[2017.07.06-12.56.35:436][279]LogModuleManager: Shutting down and abandoning module InputBindingEditor (404)
[2017.07.06-12.56.35:436][279]LogModuleManager: Shutting down and abandoning module NiagaraEditor (402)
[2017.07.06-12.56.35:436][279]LogModuleManager: Shutting down and abandoning module MergeActors (400)
[2017.07.06-12.56.35:436][279]LogModuleManager: Shutting down and abandoning module SizeMap (398)
[2017.07.06-12.56.35:436][279]LogModuleManager: Shutting down and abandoning module TreeMap (396)
[2017.07.06-12.56.35:436][279]LogModuleManager: Shutting down and abandoning module ReferenceViewer (394)
[2017.07.06-12.56.35:436][279]LogModuleManager: Shutting down and abandoning module LocalizationDashboard (392)
[2017.07.06-12.56.35:436][279]LogModuleManager: Shutting down and abandoning module LocalizationService (391)
[2017.07.06-12.56.35:436][279]LogModuleManager: Shutting down and abandoning module HardwareTargeting (388)
[2017.07.06-12.56.35:436][279]LogModuleManager: Shutting down and abandoning module DeviceProfileEditor (386)
[2017.07.06-12.56.35:436][279]LogModuleManager: Shutting down and abandoning module UndoHistory (384)
[2017.07.06-12.56.35:436][279]LogModuleManager: Shutting down and abandoning module UserFeedback (382)
[2017.07.06-12.56.35:436][279]LogModuleManager: Shutting down and abandoning module XmlParser (380)
[2017.07.06-12.56.35:436][279]LogModuleManager: Shutting down and abandoning module Blutility (378)
[2017.07.06-12.56.35:436][279]LogModuleManager: Shutting down and abandoning module ProjectSettingsViewer (376)
[2017.07.06-12.56.35:436][279]LogModuleManager: Shutting down and abandoning module ProjectTargetPlatformEditor (375)
[2017.07.06-12.56.35:437][279]LogModuleManager: Shutting down and abandoning module EditorSettingsViewer (372)
[2017.07.06-12.56.35:437][279]LogModuleManager: Shutting down and abandoning module SettingsEditor (370)
[2017.07.06-12.56.35:437][279]LogModuleManager: Shutting down and abandoning module ProjectLauncher (368)
[2017.07.06-12.56.35:437][279]LogModuleManager: Shutting down and abandoning module SessionFrontend (366)
[2017.07.06-12.56.35:437][279]LogModuleManager: Shutting down and abandoning module ProfilerClient (364)
[2017.07.06-12.56.35:437][279]LogModuleManager: Shutting down and abandoning module DeviceManager (362)
[2017.07.06-12.56.35:437][279]LogModuleManager: Shutting down and abandoning module TargetDeviceServices (361)
[2017.07.06-12.56.35:481][279]LogModuleManager: Shutting down and abandoning module AutomationController (358)
[2017.07.06-12.56.35:481][279]LogModuleManager: Shutting down and abandoning module AutomationWindow (356)
[2017.07.06-12.56.35:481][279]LogModuleManager: Shutting down and abandoning module Layers (354)
[2017.07.06-12.56.35:481][279]LogModuleManager: Shutting down and abandoning module ComponentVisualizers (352)
[2017.07.06-12.56.35:481][279]LogModuleManager: Shutting down and abandoning module DetailCustomizations (350)
[2017.07.06-12.56.35:481][279]LogModuleManager: Shutting down and abandoning module PackagesDialog (348)
[2017.07.06-12.56.35:481][279]LogModuleManager: Shutting down and abandoning module Persona (346)
[2017.07.06-12.56.35:481][279]LogModuleManager: Shutting down and abandoning module AnimGraph (345)
[2017.07.06-12.56.35:481][279]LogModuleManager: Shutting down and abandoning module Kismet (342)
[2017.07.06-12.56.35:487][279]LogModuleManager: Shutting down and abandoning module GraphEditor (340)
[2017.07.06-12.56.35:488][279]LogModuleManager: Shutting down and abandoning module ClassViewer (338)
[2017.07.06-12.56.35:488][279]LogModuleManager: Shutting down and abandoning module Toolbox (336)
[2017.07.06-12.56.35:488][279]LogModuleManager: Shutting down and abandoning module ModuleUI (334)
[2017.07.06-12.56.35:488][279]LogModuleManager: Shutting down and abandoning module MovieSceneTools (332)
[2017.07.06-12.56.35:488][279]LogModuleManager: Shutting down and abandoning module OutputLog (330)
[2017.07.06-12.56.35:488][279]LogModuleManager: Shutting down and abandoning module GammaUI (328)
[2017.07.06-12.56.35:488][279]LogModuleManager: Shutting down and abandoning module Documentation (326)
[2017.07.06-12.56.35:488][279]LogModuleManager: Shutting down and abandoning module Niagara (324)
[2017.07.06-12.56.35:488][279]LogModuleManager: Shutting down and abandoning module StreamingPauseRendering (322)
[2017.07.06-12.56.35:488][279]LogModuleManager: Shutting down and abandoning module AnalyticsET (320)
[2017.07.06-12.56.35:488][279]LogModuleManager: Shutting down and abandoning module PortalServices (318)
[2017.07.06-12.56.35:488][279]LogModuleManager: Shutting down and abandoning module PortalRpc (316)
[2017.07.06-12.56.35:488][279]LogModuleManager: Shutting down and abandoning module MessagingRpc (314)
[2017.07.06-12.56.35:488][279]LogModuleManager: Shutting down and abandoning module AIModule (312)
[2017.07.06-12.56.35:488][279]LogModuleManager: Shutting down and abandoning module GameplayDebugger (311)
[2017.07.06-12.56.35:488][279]LogModuleManager: Shutting down and abandoning module AITestSuite (309)
[2017.07.06-12.56.35:488][279]LogModuleManager: Shutting down and abandoning module ProfilerService (306)
[2017.07.06-12.56.35:613][279]LogModuleManager: Shutting down and abandoning module TaskGraph (304)
[2017.07.06-12.56.35:613][279]LogModuleManager: Shutting down and abandoning module SteamVRController (302)
[2017.07.06-12.56.35:613][279]LogModuleManager: Shutting down and abandoning module SteamVR (300)
[2017.07.06-12.56.35:613][279]LogModuleManager: Shutting down and abandoning module ProceduralMeshComponentEditor (298)
[2017.07.06-12.56.35:613][279]LogModuleManager: Shutting down and abandoning module ProceduralMeshComponent (296)
[2017.07.06-12.56.35:613][279]LogModuleManager: Shutting down and abandoning module OculusLibrary (294)
[2017.07.06-12.56.35:613][279]LogModuleManager: Shutting down and abandoning module OculusInput (292)
[2017.07.06-12.56.35:613][279]LogModuleManager: Shutting down and abandoning module MobilePatchingUtils (290)
[2017.07.06-12.56.35:613][279]LogModuleManager: Shutting down and abandoning module CustomMeshComponent (288)
[2017.07.06-12.56.35:613][279]LogModuleManager: Shutting down and abandoning module CableComponent (286)
[2017.07.06-12.56.35:613][279]LogModuleManager: Shutting down and abandoning module ArchVisCharacter (284)
[2017.07.06-12.56.35:613][279]LogModuleManager: Shutting down and abandoning module MediaPlayerEditor (280)
[2017.07.06-12.56.35:613][279]LogModuleManager: Shutting down and abandoning module HTML5Networking (278)
[2017.07.06-12.56.35:613][279]LogModuleManager: Shutting down and abandoning module AlembicImporter (276)
[2017.07.06-12.56.35:613][279]LogModuleManager: Shutting down and abandoning module AlembicLibrary (275)
[2017.07.06-12.56.35:613][279]LogModuleManager: Shutting down and abandoning module GeometryCache (274)
[2017.07.06-12.56.35:613][279]LogModuleManager: Shutting down and abandoning module GeometryCacheEd (273)
[2017.07.06-12.56.35:613][279]LogModuleManager: Shutting down and abandoning module SuperSearchEditor (268)
[2017.07.06-12.56.35:613][279]LogModuleManager: Shutting down and abandoning module SuperSearch (267)
[2017.07.06-12.56.35:613][279]LogModuleManager: Shutting down and abandoning module SpeedTreeImporter (264)
[2017.07.06-12.56.35:613][279]LogModuleManager: Shutting down and abandoning module PluginBrowser (262)
[2017.07.06-12.56.35:613][279]LogModuleManager: Shutting down and abandoning module MobileLauncherProfileWizard (260)
[2017.07.06-12.56.35:613][279]LogModuleManager: Shutting down and abandoning module EpicSurvey (258)
[2017.07.06-12.56.35:613][279]LogModuleManager: Shutting down and abandoning module VisualStudioSourceCodeAccess (256)
[2017.07.06-12.56.35:613][279]LogModuleManager: Shutting down and abandoning module DesktopPlatform (255)
[2017.07.06-12.56.35:613][279]LogModuleManager: Shutting down and abandoning module UObjectPlugin (252)
[2017.07.06-12.56.35:613][279]LogModuleManager: Shutting down and abandoning module SubversionSourceControl (250)
[2017.07.06-12.56.35:614][279]LogModuleManager: Shutting down and abandoning module PerforceSourceControl (248)
[2017.07.06-12.56.35:614][279]LogModuleManager: Shutting down and abandoning module GitSourceControl (246)
[2017.07.06-12.56.35:614][279]LogModuleManager: Shutting down and abandoning module SourceControl (245)
[2017.07.06-12.56.35:614][279]LogModuleManager: Shutting down and abandoning module LightPropagationVolumeEditor (242)
[2017.07.06-12.56.35:614][279]LogModuleManager: Shutting down and abandoning module PaperTiledImporter (240)
[2017.07.06-12.56.35:614][279]LogModuleManager: Shutting down and abandoning module PaperSpriteSheetImporter (238)
[2017.07.06-12.56.35:614][279]LogModuleManager: Shutting down and abandoning module Paper2DEditor (236)
[2017.07.06-12.56.35:614][279]LogModuleManager: Shutting down and abandoning module MeshPaint (235)
[2017.07.06-12.56.35:614][279]LogModuleManager: Shutting down and abandoning module LevelEditor (233)
[2017.07.06-12.56.35:614][279]LogModuleManager: Shutting down and abandoning module PixelInspectorModule (232)
[2017.07.06-12.56.35:614][279]LogModuleManager: Shutting down and abandoning module MainFrame (230)
[2017.07.06-12.56.35:614][279]LogModuleManager: Shutting down and abandoning module HotReload (229)
[2017.07.06-12.56.35:615][279]LogModuleManager: Shutting down and abandoning module ContentBrowser (225)
[2017.07.06-12.56.35:616][279]LogModuleManager: Shutting down and abandoning module PhysXVehiclesEditor (222)
[2017.07.06-12.56.35:616][279]LogModuleManager: Shutting down and abandoning module PhysXVehicles (220)
[2017.07.06-12.56.35:616][279]LogModuleManager: Shutting down and abandoning module LocationServicesBPLibrary (218)
[2017.07.06-12.56.35:616][279]LogModuleManager: Shutting down and abandoning module UdpMessaging (216)
[2017.07.06-12.56.35:717][279]LogModuleManager: Shutting down and abandoning module TcpMessaging (214)
[2017.07.06-12.56.35:818][279]LogModuleManager: Shutting down and abandoning module GameplayTagsEditor (212)
[2017.07.06-12.56.35:818][279]LogModuleManager: Shutting down and abandoning module FacialAnimationEditor (210)
[2017.07.06-12.56.35:818][279]LogModuleManager: Shutting down and abandoning module FacialAnimation (208)
[2017.07.06-12.56.35:818][279]LogModuleManager: Shutting down and abandoning module LightPropagationVolumeRuntime (206)
[2017.07.06-12.56.35:818][279]LogModuleManager: Shutting down and abandoning module Paper2D (204)
[2017.07.06-12.56.35:818][279]LogModuleManager: Shutting down and abandoning module WindowsMoviePlayer (202)
[2017.07.06-12.56.35:818][279]LogModuleManager: Shutting down and abandoning module WmfMedia (200)
[2017.07.06-12.56.35:818][279]LogModuleManager: Shutting down and abandoning module MfMedia (198)
[2017.07.06-12.56.35:818][279]LogModuleManager: Shutting down and abandoning module MediaAssets (196)
[2017.07.06-12.56.35:818][279]LogModuleManager: Shutting down and abandoning module GameLiveStreaming (194)
[2017.07.06-12.56.35:818][279]LogModuleManager: Shutting down and abandoning module VREditor (192)
[2017.07.06-12.56.35:818][279]LogModuleManager: Shutting down and abandoning module GameplayTasksEditor (190)
[2017.07.06-12.56.35:818][279]LogModuleManager: Shutting down and abandoning module BehaviorTreeEditor (188)
[2017.07.06-12.56.35:818][279]LogModuleManager: Shutting down and abandoning module FunctionalTesting (186)
[2017.07.06-12.56.35:818][279]LogModuleManager: Shutting down and abandoning module CollisionAnalyzer (184)
[2017.07.06-12.56.35:818][279]LogModuleManager: Shutting down and abandoning module UMG (182)
[2017.07.06-12.56.35:818][279]LogModuleManager: Shutting down and abandoning module UMGEditor (181)
[2017.07.06-12.56.35:818][279]LogModuleManager: Shutting down and abandoning module Sequencer (180)
[2017.07.06-12.56.35:818][279]LogModuleManager: Shutting down and abandoning module AssetTools (178)
[2017.07.06-12.56.35:818][279]LogModuleManager: Shutting down and abandoning module MessageLog (177)
[2017.07.06-12.56.35:818][279]LogModuleManager: Shutting down and abandoning module WorkspaceMenuStructure (176)
[2017.07.06-12.56.35:818][279]LogModuleManager: Shutting down and abandoning module SlateReflector (170)
[2017.07.06-12.56.35:818][279]LogModuleManager: Shutting down and abandoning module Slate (168)
[2017.07.06-12.56.35:818][279]LogModuleManager: Shutting down and abandoning module EditorStyle (166)
[2017.07.06-12.56.35:822][279]LogModuleManager: Shutting down and abandoning module SourceCodeAccess (164)
[2017.07.06-12.56.35:822][279]LogModuleManager: Shutting down and abandoning module HeadMountedDisplay (162)
[2017.07.06-12.56.35:822][279]LogModuleManager: Shutting down and abandoning module XAudio2 (160)
[2017.07.06-12.56.35:822][279]LogModuleManager: Shutting down and abandoning module Networking (158)
[2017.07.06-12.56.35:822][279]LogModuleManager: Shutting down and abandoning module Core (154)
[2017.07.06-12.56.35:822][279]LogModuleManager: Shutting down and abandoning module AssetRegistry (152)
[2017.07.06-12.56.35:878][279]LogDirectoryWatcher: A directory notification for '../../../Engine/Content/' was aborted.
[2017.07.06-12.56.35:878][279]LogDirectoryWatcher: A directory notification for '../../../../../../Users/Camper/Documents/GitHub/Emagination2017Project/MyProject5/Content/' was aborted.
[2017.07.06-12.56.35:878][279]LogDirectoryWatcher: A directory notification for '../../../Engine/Plugins/2D/Paper2D/Content/' was aborted.
[2017.07.06-12.56.35:878][279]LogModuleManager: Shutting down and abandoning module DirectoryWatcher (151)
[2017.07.06-12.56.35:879][279]LogModuleManager: Shutting down and abandoning module KismetCompiler (148)
[2017.07.06-12.56.35:879][279]LogModuleManager: Shutting down and abandoning module PhysXFormats (146)
[2017.07.06-12.56.35:879][279]LogModuleManager: Shutting down and abandoning module MeshUtilities (144)
[2017.07.06-12.56.35:879][279]LogModuleManager: Shutting down and abandoning module SimplygonSwarm (143)
[2017.07.06-12.56.35:879][279]LogModuleManager: Shutting down and abandoning module SimplygonMeshReduction (141)
[2017.07.06-12.56.35:879][279]LogModuleManager: Shutting down and abandoning module QuadricMeshReduction (139)
[2017.07.06-12.56.35:879][279]LogModuleManager: Shutting down and abandoning module PropertyEditor (137)
[2017.07.06-12.56.35:879][279]LogModuleManager: Shutting down and abandoning module DerivedDataCache (134)
[2017.07.06-12.56.35:918][279]LogDerivedDataCache: Shutdown
[2017.07.06-12.56.35:918][279]LogModuleManager: Shutting down and abandoning module TargetPlatform (132)
[2017.07.06-12.56.35:918][279]LogModuleManager: Shutting down and abandoning module VulkanShaderFormat (131)
[2017.07.06-12.56.35:918][279]LogModuleManager: Shutting down and abandoning module ShaderFormatOpenGL (129)
[2017.07.06-12.56.35:918][279]LogModuleManager: Shutting down and abandoning module ShaderFormatD3D (127)
[2017.07.06-12.56.35:918][279]LogModuleManager: Shutting down and abandoning module MetalShaderFormat (125)
[2017.07.06-12.56.35:918][279]LogModuleManager: Shutting down and abandoning module TextureFormatUncompressed (123)
[2017.07.06-12.56.35:918][279]LogModuleManager: Shutting down and abandoning module TextureFormatPVR (121)
[2017.07.06-12.56.35:918][279]LogModuleManager: Shutting down and abandoning module TextureFormatDXT (119)
[2017.07.06-12.56.35:918][279]LogModuleManager: Shutting down and abandoning module TextureFormatIntelISPCTexComp (117)
[2017.07.06-12.56.35:918][279]LogModuleManager: Shutting down and abandoning module TextureFormatASTC (115)
[2017.07.06-12.56.35:918][279]LogModuleManager: Shutting down and abandoning module ImageWrapper (114)
[2017.07.06-12.56.35:918][279]LogModuleManager: Shutting down and abandoning module TextureFormatAndroid (111)
[2017.07.06-12.56.35:918][279]LogModuleManager: Shutting down and abandoning module AudioFormatOpus (109)
[2017.07.06-12.56.35:918][279]LogModuleManager: Shutting down and abandoning module AudioFormatOgg (107)
[2017.07.06-12.56.35:918][279]LogModuleManager: Shutting down and abandoning module AudioFormatADPCM (105)
[2017.07.06-12.56.35:918][279]LogModuleManager: Shutting down and abandoning module LinuxTargetPlatform (103)
[2017.07.06-12.56.35:918][279]LogModuleManager: Shutting down and abandoning module LinuxServerTargetPlatform (101)
[2017.07.06-12.56.35:918][279]LogModuleManager: Shutting down and abandoning module LinuxNoEditorTargetPlatform (99)
[2017.07.06-12.56.35:918][279]LogModuleManager: Shutting down and abandoning module LinuxClientTargetPlatform (97)
[2017.07.06-12.56.35:918][279]LogModuleManager: Shutting down and abandoning module TVOSTargetPlatform (95)
[2017.07.06-12.56.35:918][279]LogModuleManager: Shutting down and abandoning module Messaging (93)
[2017.07.06-12.56.35:918][279]LogModuleManager: Shutting down and abandoning module IOSTargetPlatform (91)
[2017.07.06-12.56.35:919][279]LogModuleManager: Shutting down and abandoning module HTML5TargetPlatform (89)
[2017.07.06-12.56.35:919][279]LogModuleManager: Shutting down and abandoning module Android_PVRTCTargetPlatform (87)
[2017.07.06-12.56.35:919][279]LogModuleManager: Shutting down and abandoning module Android_MultiTargetPlatform (85)
[2017.07.06-12.56.35:919][279]LogModuleManager: Shutting down and abandoning module Android_ETC2TargetPlatform (83)
[2017.07.06-12.56.35:919][279]LogModuleManager: Shutting down and abandoning module Android_ETC1TargetPlatform (81)
[2017.07.06-12.56.35:919][279]LogModuleManager: Shutting down and abandoning module Android_DXTTargetPlatform (79)
[2017.07.06-12.56.35:919][279]LogModuleManager: Shutting down and abandoning module Android_ATCTargetPlatform (77)
[2017.07.06-12.56.35:919][279]LogModuleManager: Shutting down and abandoning module Android_ASTCTargetPlatform (75)
[2017.07.06-12.56.35:919][279]LogModuleManager: Shutting down and abandoning module AndroidTargetPlatform (73)
[2017.07.06-12.56.35:919][279]LogModuleManager: Shutting down and abandoning module WindowsTargetPlatform (71)
[2017.07.06-12.56.35:919][279]LogModuleManager: Shutting down and abandoning module WindowsServerTargetPlatform (69)
[2017.07.06-12.56.35:919][279]LogModuleManager: Shutting down and abandoning module WindowsNoEditorTargetPlatform (67)
[2017.07.06-12.56.35:919][279]LogModuleManager: Shutting down and abandoning module WindowsClientTargetPlatform (65)
[2017.07.06-12.56.35:919][279]LogModuleManager: Shutting down and abandoning module MacTargetPlatform (63)
[2017.07.06-12.56.35:919][279]LogModuleManager: Shutting down and abandoning module MacServerTargetPlatform (61)
[2017.07.06-12.56.35:919][279]LogModuleManager: Shutting down and abandoning module MacNoEditorTargetPlatform (59)
[2017.07.06-12.56.35:919][279]LogModuleManager: Shutting down and abandoning module MacClientTargetPlatform (57)
[2017.07.06-12.56.35:919][279]LogModuleManager: Shutting down and abandoning module AllDesktopTargetPlatform (55)
[2017.07.06-12.56.35:919][279]LogModuleManager: Shutting down and abandoning module InputCore (52)
[2017.07.06-12.56.35:919][279]LogModuleManager: Shutting down and abandoning module Settings (50)
[2017.07.06-12.56.35:919][279]LogModuleManager: Shutting down and abandoning module OculusRift (48)
[2017.07.06-12.56.35:919][279]LogModuleManager: Shutting down and abandoning module GearVR (46)
[2017.07.06-12.56.35:919][279]LogModuleManager: Shutting down and abandoning module ExampleDeviceProfileSelector (44)
[2017.07.06-12.56.35:919][279]LogModuleManager: Shutting down and abandoning module OnlineBlueprintSupport (42)
[2017.07.06-12.56.35:919][279]LogModuleManager: Shutting down and abandoning module OnlineSubsystem (38)
[2017.07.06-12.56.35:919][279]LogOnline:Display: Unloading online subsystem: NULL
[2017.07.06-12.56.35:919][279]LogModuleManager: Shutting down and abandoning module XMPP (37)
[2017.07.06-12.56.35:919][279]LogModuleManager: Shutting down and abandoning module HTTP (35)
[2017.07.06-12.56.35:919][279]LogHttp:Display: Http module shutting down, but needs to wait on 1 outstanding Http requests:
[2017.07.06-12.56.35:919][279]LogHttp:Display: 	verb=[POST] url=[https://datarouter.ol.epicgames.com/datarouter/api/v1/public/data?SessionID=%7B70ED456E-4E71-7B28-B7C6-46AB59B44BFB%7D&AppID=UEEditor.Rocket.Release&AppVersion=4.15.2-3416026%2B%2B%2BUE4%2BRelease-4.15&UserID=cb03359b402e97089a818485821d9df5%7Cdce5bf350dae4151a605eba1ad91624d%7C1ff1b01f-1d35-47d8-b799-dbda82573b2d&AppEnvironment=datacollector-binary&UploadType=eteventstream] status=Processing
[2017.07.06-12.56.35:929][279]LogModuleManager: Shutting down and abandoning module SSL (34)
[2017.07.06-12.56.35:930][279]LogModuleManager: Shutting down and abandoning module AudioEditor (30)
[2017.07.06-12.56.35:930][279]LogModuleManager: Shutting down and abandoning module TextureCompressor (28)
[2017.07.06-12.56.35:931][279]LogModuleManager: Shutting down and abandoning module ShaderCore (26)
[2017.07.06-12.56.35:931][279]LogModuleManager: Shutting down and abandoning module Landscape (24)
[2017.07.06-12.56.35:931][279]LogModuleManager: Shutting down and abandoning module SlateRHIRenderer (22)
[2017.07.06-12.56.35:932][279]LogModuleManager: Shutting down and abandoning module OpenGLDrv (20)
[2017.07.06-12.56.35:932][279]LogModuleManager: Shutting down and abandoning module D3D11RHI (18)
[2017.07.06-12.56.35:932][279]LogModuleManager: Shutting down and abandoning module AnimGraphRuntime (16)
[2017.07.06-12.56.35:932][279]LogModuleManager: Shutting down and abandoning module Renderer (14)
[2017.07.06-12.56.35:932][279]LogModuleManager: Shutting down and abandoning module Engine (12)
[2017.07.06-12.56.35:932][279]LogModuleManager: Shutting down and abandoning module CoreUObject (10)
[2017.07.06-12.56.35:932][279]LogModuleManager: Shutting down and abandoning module NetworkFile (8)
[2017.07.06-12.56.35:932][279]LogModuleManager: Shutting down and abandoning module StreamingFile (6)
[2017.07.06-12.56.35:933][279]LogModuleManager: Shutting down and abandoning module SandboxFile (4)
[2017.07.06-12.56.35:933][279]LogModuleManager: Shutting down and abandoning module PakFile (2)
[2017.07.06-12.56.35:935][279]LogExit: Exiting.
[2017.07.06-12.56.35:936][279]Log file closed, 07/06/17 08:56:35
