Log file open, 07/05/17 10:26:59
LogInit:Display: Running engine for game: MyProject5
LogPlatformFile: Not using cached read wrapper
LogInit:Display: RandInit(-892875336) SRandInit(-892875336).
LogTaskGraph: Started task graph with 5 named threads and 8 total threads with 1 sets of task threads.
LogStats: Stats thread started at 0.095433
LogInit: Using libcurl 7.47.1
LogInit:  - built for x86_64-pc-win32
LogInit:  - supports SSL with OpenSSL/1.0.2g
LogInit:  - supports HTTP deflate (compression) using libz 1.2.8
LogInit:  - other features:
LogInit:      CURL_VERSION_SSL
LogInit:      CURL_VERSION_LIBZ
LogInit:      CURL_VERSION_IPV6
LogInit:      CURL_VERSION_ASYNCHDNS
LogInit:      CURL_VERSION_LARGEFILE
LogInit:      CURL_VERSION_IDN
LogInit:  CurlRequestOptions (configurable via config and command line):
LogInit:  - bVerifyPeer = false  - Libcurl will NOT verify peer certificate
LogInit:  - bUseHttpProxy = false  - Libcurl will NOT use HTTP proxy
LogInit:  - bDontReuseConnections = false  - Libcurl will reuse connections
LogInit:  - CertBundlePath = nullptr  - Libcurl will use whatever was configured at build time.
LogInit: Build: ++UE4+Release-4.15-CL-3416026
LogInit: Engine Version: 4.15.2-3416026+++UE4+Release-4.15
LogInit: Compatible Engine Version: 4.15.0-3299760+++UE4+Release-4.15
LogInit: Net CL: 3299760
LogDevObjectVersion: Number of dev versions registered: 14
LogDevObjectVersion:   Dev-Blueprints (B0D832E4-1F89-4F0D-ACCF-7EB736FD4AA2): 8
LogDevObjectVersion:   Dev-Build (E1C64328-A22C-4D53-A36C-8E866417BD8C): 0
LogDevObjectVersion:   Dev-Core (375EC13C-06E4-48FB-B500-84F0262A717E): 2
LogDevObjectVersion:   Dev-Editor (E4B068ED-F494-42E9-A231-DA0B2E46BB41): 14
LogDevObjectVersion:   Dev-Framework (CFFC743F-43B0-4480-9391-14DF171D2073): 22
LogDevObjectVersion:   Dev-Mobile (B02B49B5-BB20-44E9-A304-32B752E40360): 0
LogDevObjectVersion:   Dev-Networking (A4E4105C-59A1-49B5-A7C5-40C4547EDFEE): 0
LogDevObjectVersion:   Dev-Online (39C831C9-5AE6-47DC-9A44-9C173E1C8E7C): 0
LogDevObjectVersion:   Dev-Physics (78F01B33-EBEA-4F98-B9B4-84EACCB95AA2): 0
LogDevObjectVersion:   Dev-Platform (6631380F-2D4D-43E0-8009-CF276956A95A): 0
LogDevObjectVersion:   Dev-Rendering (12F88B9F-8875-4AFC-A67C-D90C383ABD29): 12
LogDevObjectVersion:   Dev-Sequencer (7B5AE74C-D270-4C10-A958-57980B212A5A): 3
LogDevObjectVersion:   Dev-VR (D7296918-1DD6-4BDD-9DE2-64A83CC13884): 0
LogDevObjectVersion:   Dev-LoadTimes (C2A15278-BFE7-4AFE-6C17-90FF531DF755): 1
LogInit: Compiled (64-bit): May  1 2017 13:11:28
LogInit: Compiled with Visual C++: 19.00.23026.00
LogInit: Build Configuration: Development
LogInit: Branch Name: ++UE4+Release-4.15
LogInit: Command line:  
LogInit: Base directory: C:/Program Files/Epic Games/UE_4.15/Engine/Binaries/Win64/
LogInit: Installed Engine Build: 1
LogInit: Presizing for max 8388607 objects, including 0 objects not considered by GC, pre-allocating 0 bytes for permanent pool.
LogInit: Object subsystem initialized
[2017.07.05-14.27.00:665][  0]LogInit: Selected Device Profile: [Windows]
[2017.07.05-14.27.00:665][  0]LogInit: Applying CVar settings loaded from the selected device profile: [Windows]
[2017.07.05-14.27.00:675][  0]LogInit: Computer: EGDWS_MA_0013
[2017.07.05-14.27.00:675][  0]LogInit: User: Camper
[2017.07.05-14.27.00:675][  0]LogInit: CPU Page size=65536, Cores=4
[2017.07.05-14.27.00:675][  0]LogInit: High frequency timer resolution =2.338344 MHz
[2017.07.05-14.27.00:675][  0]LogMemory: Memory total: Physical=15.6GB (16GB approx)
[2017.07.05-14.27.00:675][  0]LogMemory: Platform Memory Stats for Windows
[2017.07.05-14.27.00:675][  0]LogMemory: Process Physical Memory: 263.39 MB used, 263.39 MB peak
[2017.07.05-14.27.00:675][  0]LogMemory: Process Virtual Memory: 262.66 MB used, 262.66 MB peak
[2017.07.05-14.27.00:675][  0]LogMemory: Physical Memory: 6731.87 MB used,  9277.35 MB free, 16009.22 MB total
[2017.07.05-14.27.00:675][  0]LogMemory: Virtual Memory: 630.80 MB used,  9277.35 MB free, 134217728.00 MB total
[2017.07.05-14.27.00:793][  0]LogTextLocalizationManager: No specific translations for ('en-US') exist, so ('en') translations will be used.
[2017.07.05-14.27.01:726][  0]LogD3D11RHI: D3D11 adapters:
[2017.07.05-14.27.01:769][  0]LogD3D11RHI:    0. 'NVIDIA Quadro K1100M   ' (Feature Level 11_0)
[2017.07.05-14.27.01:769][  0]LogD3D11RHI:       1992/0/8004 MB DedicatedVideo/DedicatedSystem/SharedSystem, Outputs:1, VendorId:0x10de
[2017.07.05-14.27.01:776][  0]LogD3D11RHI:    1. 'Intel(R) HD Graphics 4600' (Feature Level 11_0)
[2017.07.05-14.27.01:776][  0]LogD3D11RHI:       112/0/2048 MB DedicatedVideo/DedicatedSystem/SharedSystem, Outputs:0, VendorId:0x8086
[2017.07.05-14.27.01:780][  0]LogD3D11RHI:    2. 'Microsoft Basic Render Driver' (Feature Level 11_0)
[2017.07.05-14.27.01:780][  0]LogD3D11RHI:       0/0/8004 MB DedicatedVideo/DedicatedSystem/SharedSystem, Outputs:0, VendorId:0x1414
[2017.07.05-14.27.01:780][  0]LogD3D11RHI: Chosen D3D11 Adapter: 0
[2017.07.05-14.27.01:786][  0]LogD3D11RHI: Creating new Direct3DDevice
[2017.07.05-14.27.01:786][  0]LogD3D11RHI:     GPU DeviceId: 0xff6 (for the marketing name, search the web for "GPU Device Id")
[2017.07.05-14.27.01:786][  0]LogWindows: EnumDisplayDevices:
[2017.07.05-14.27.01:786][  0]LogWindows:    0. 'Intel(R) HD Graphics 4600' (P:1 D:1)
[2017.07.05-14.27.01:787][  0]LogWindows:    1. 'Intel(R) HD Graphics 4600' (P:0 D:0)
[2017.07.05-14.27.01:787][  0]LogWindows:    2. 'Intel(R) HD Graphics 4600' (P:0 D:0)
[2017.07.05-14.27.01:787][  0]LogWindows: DebugString: PrimaryIsNotTheChoosenAdapter PrimaryIsNotTheChoosenAdapter PrimaryIsNotTheChoosenAdapter FoundDriverCount:0 
[2017.07.05-14.27.01:787][  0]LogD3D11RHI:     Adapter Name: NVIDIA Quadro K1100M   
[2017.07.05-14.27.01:787][  0]LogD3D11RHI:   Driver Version: Unknown (internal:Unknown, unified:Unknown)
[2017.07.05-14.27.01:787][  0]LogD3D11RHI:      Driver Date: Unknown
[2017.07.05-14.27.01:787][  0]LogRHI: Texture pool is 1361 MB (70% of 1945 MB)
[2017.07.05-14.27.01:803][  0]LogD3D11RHI:Warning: Timestamp queries are currently disabled on this hardware due to instability. Realtime GPU stats will not be available. You can override this behaviour by setting r.NVIDIATimestampWorkaround to 0
[2017.07.05-14.27.01:807][  0]LogD3D11RHI: NvAPI_D3D_GetCurrentSLIState failed: 0xfffffff7
[2017.07.05-14.27.01:811][  0]LogD3D11RHI: [Aftermath] Aftermath enabled but failed to initialize due to reason: DriverVersionNotSupported
[2017.07.05-14.27.01:811][  0]LogD3D11RHI: Async texture creation enabled
[2017.07.05-14.27.01:833][  0]LogD3D11RHI: GPU Timing Frequency: 1000.000000 (Debug: 2 2)
[2017.07.05-14.27.01:833][  0]LogShaderCompilers: Guid format shader working directory is -34 characters bigger than the processId version (../../../../../../Users/Camper/Documents/GitHub/Emagination2017Project/MyProject5/Intermediate/Shaders/WorkingDirectory/3784/).
[2017.07.05-14.27.01:834][  0]LogShaderCompilers: Cleaned the shader compiler working directory 'C:/Users/Camper/AppData/Local/Temp/UnrealShaderWorkingDir/4811394249171564C1780D85BEF98797/'.
[2017.07.05-14.27.01:834][  0]LogShaderCompilers:Display: Using Local Shader Compiler.
[2017.07.05-14.27.03:318][  0]LogTemp:Display: Loaded TP AllDesktopTargetPlatform
[2017.07.05-14.27.03:410][  0]LogTemp:Display: Loaded TP MacClientTargetPlatform
[2017.07.05-14.27.03:505][  0]LogTemp:Display: Loaded TP MacNoEditorTargetPlatform
[2017.07.05-14.27.03:598][  0]LogTemp:Display: Loaded TP MacServerTargetPlatform
[2017.07.05-14.27.03:696][  0]LogTemp:Display: Loaded TP MacTargetPlatform
[2017.07.05-14.27.03:784][  0]LogTemp:Display: Loaded TP WindowsClientTargetPlatform
[2017.07.05-14.27.03:871][  0]LogTemp:Display: Loaded TP WindowsNoEditorTargetPlatform
[2017.07.05-14.27.03:961][  0]LogTemp:Display: Loaded TP WindowsServerTargetPlatform
[2017.07.05-14.27.04:039][  0]LogTemp:Display: Loaded TP WindowsTargetPlatform
[2017.07.05-14.27.04:125][  0]LogTemp:Display: Loaded TP AndroidTargetPlatform
[2017.07.05-14.27.04:210][  0]LogTemp:Display: Loaded TP Android_ASTCTargetPlatform
[2017.07.05-14.27.04:291][  0]LogTemp:Display: Loaded TP Android_ATCTargetPlatform
[2017.07.05-14.27.04:379][  0]LogTemp:Display: Loaded TP Android_DXTTargetPlatform
[2017.07.05-14.27.04:465][  0]LogTemp:Display: Loaded TP Android_ETC1TargetPlatform
[2017.07.05-14.27.04:553][  0]LogTemp:Display: Loaded TP Android_ETC2TargetPlatform
[2017.07.05-14.27.04:719][  0]LogTemp:Display: Loaded TP Android_MultiTargetPlatform
[2017.07.05-14.27.04:719][  0]LogTemp:Display: Loaded TP Android_PVRTCTargetPlatform
[2017.07.05-14.27.04:790][  0]LogTemp:Display: Loaded TP HTML5TargetPlatform
[2017.07.05-14.27.04:933][  0]LogTemp:Display: Loaded TP IOSTargetPlatform
[2017.07.05-14.27.04:981][  0]LogTemp:Display: Loaded TP TVOSTargetPlatform
[2017.07.05-14.27.05:080][  0]LogTemp:Display: Loaded TP LinuxClientTargetPlatform
[2017.07.05-14.27.05:165][  0]LogTemp:Display: Loaded TP LinuxNoEditorTargetPlatform
[2017.07.05-14.27.05:249][  0]LogTemp:Display: Loaded TP LinuxServerTargetPlatform
[2017.07.05-14.27.05:339][  0]LogTemp:Display: Loaded TP LinuxTargetPlatform
[2017.07.05-14.27.05:339][  0]LogTargetPlatformManager:Display: Building Assets For Windows
[2017.07.05-14.27.06:103][  0]LogDerivedDataCache:Display: Max Cache Size: 512 MB
[2017.07.05-14.27.06:169][  0]LogDerivedDataCache: Loaded boot cache 0.07s 50MB C:/Users/Camper/AppData/Local/UnrealEngine/4.15/DerivedDataCache/Boot.ddc.
[2017.07.05-14.27.06:169][  0]LogDerivedDataCache:Display: Loaded Boot cache: C:/Users/Camper/AppData/Local/UnrealEngine/4.15/DerivedDataCache/Boot.ddc
[2017.07.05-14.27.06:169][  0]LogDerivedDataCache: FDerivedDataBackendGraph:  Pak pak cache file ../../../../../../Users/Camper/Documents/GitHub/Emagination2017Project/MyProject5/DerivedDataCache/DDC.ddp not found, will not use a pak cache.
[2017.07.05-14.27.06:169][  0]LogDerivedDataCache: Unable to find inner node Pak for hierarchical cache Hierarchy.
[2017.07.05-14.27.06:169][  0]LogDerivedDataCache: FDerivedDataBackendGraph:  CompressedPak pak cache file ../../../../../../Users/Camper/Documents/GitHub/Emagination2017Project/MyProject5/DerivedDataCache/Compressed.ddp not found, will not use a pak cache.
[2017.07.05-14.27.06:169][  0]LogDerivedDataCache: Unable to find inner node CompressedPak for hierarchical cache Hierarchy.
[2017.07.05-14.27.06:190][  0]LogDerivedDataCache:Display: Pak cache opened for reading ../../../Engine/DerivedDataCache/Compressed.ddp.
[2017.07.05-14.27.06:203][  0]LogDerivedDataCache: Using Local data cache path C:/Users/Camper/AppData/Local/UnrealEngine/Common/DerivedDataCache: Writable
[2017.07.05-14.27.06:213][  0]LogSlate: Using Freetype 2.6.0
[2017.07.05-14.27.06:214][  0]LogSlate: SlateFontCache - WITH_FREETYPE: 1, WITH_HARFBUZZ: 1
[2017.07.05-14.27.06:214][  0]LogSlate: SlateFontCache - WITH_FREETYPE: 1, WITH_HARFBUZZ: 1
[2017.07.05-14.27.06:641][  0]LogInit: Selected Device Profile: [Windows]
[2017.07.05-14.27.06:645][  0]LogContentStreaming: Texture pool size is 0.00 MB
[2017.07.05-14.27.06:967][  0]LogMeshUtilities: Using QuadricMeshReduction for automatic static mesh reduction
[2017.07.05-14.27.07:047][  0]LogSimplygon: Simplygon DLL not present - disabling.
[2017.07.05-14.27.07:135][  0]LogMeshUtilities: Using SimplygonSwarm for distributed automatic mesh merging
[2017.07.05-14.27.07:135][  0]LogMeshUtilities: No automatic skeletal mesh reduction module available
[2017.07.05-14.27.07:135][  0]LogMeshUtilities: No automatic mesh merging module available
[2017.07.05-14.27.07:920][  0]LogNetVersion: GetLocalNetworkVersion: CL: 3299760, ProjectName: myproject5, ProjectVersion: , EngineNetworkVersion: 2, GameNetworkVersion: 0, NetworkChecksum: 2091606010
[2017.07.05-14.27.07:978][  0]LogAssetRegistry: FAssetRegistry took 0.0225 seconds to start up
[2017.07.05-14.27.08:054][  0]LogPackageLocalizationCache: Processed 3 localized package path(s) for 2 prioritized culture(s) in 0.040624 seconds
[2017.07.05-14.27.08:061][  0]LogUObjectArray: 32493 objects as part of root set at end of initial load.
[2017.07.05-14.27.08:061][  0]LogUObjectAllocator: 7077024 out of 0 bytes used by permanent object pool.
[2017.07.05-14.27.08:061][  0]LogUObjectArray: CloseDisregardForGC: 0/0 objects in disregard for GC pool
[2017.07.05-14.27.08:165][  0]LogInit: WinSock: version 1.1 (2.2), MaxSocks=32767, MaxUdp=65467
[2017.07.05-14.27.11:010][  0]LogTcpMessaging: Initializing TcpMessaging bridge
[2017.07.05-14.27.11:075][  0]LogUdpMessaging: Initializing bridge on interface 0.0.0.0:0 to multicast group 230.0.0.1:6666.
[2017.07.05-14.27.11:852][  0]LogMaterial: Uniform references updated for custom material expression Custom.
[2017.07.05-14.27.12:525][  0]SourceControl: Info Source control is disabled
[2017.07.05-14.27.12:526][  0]SourceControl: Info Source control is disabled
[2017.07.05-14.27.12:617][  0]SourceControl: Info Source control is disabled
[2017.07.05-14.27.12:699][  0]SourceControl: Info Source control is disabled
[2017.07.05-14.27.14:899][  0]LogEngine: Initializing Engine...
[2017.07.05-14.27.14:900][  0]LogHMD: Failed to initialize OpenVR with code 110
[2017.07.05-14.27.15:045][  0]LogStats: UGameplayTagsManager::ConstructGameplayTagTree: Construct from data asset -  0.000 s
[2017.07.05-14.27.15:045][  0]LogStats: UGameplayTagsManager::ConstructGameplayTagTree: GameplayTagTreeChangedEvent.Broadcast -  0.000 s
[2017.07.05-14.27.15:263][  0]LogAIModule: Creating AISystem for world Untitled
[2017.07.05-14.27.15:269][  0]LogInit: XAudio2 using 'Speaker/HP (Realtek High Definition Audio)' : 2 channels at 48 kHz using 32 bits per sample (channel mask 0x3)
[2017.07.05-14.27.15:305][  0]LogInit: FAudioDevice initialized.
[2017.07.05-14.27.15:338][  0]LogDerivedDataCache: Saved boot cache 0.03s 50MB C:/Users/Camper/AppData/Local/UnrealEngine/4.15/DerivedDataCache/Boot.ddc.
[2017.07.05-14.27.15:342][  0]LogInit: Texture streaming: Enabled
[2017.07.05-14.27.15:486][  0]LogEngineSessionManager: EngineSessionManager initialized
[2017.07.05-14.27.15:637][  0]LogInit: Transaction tracking system initialized
[2017.07.05-14.27.16:249][  0]BlueprintLog: New page: Editor Load
[2017.07.05-14.27.17:782][  0]LocalizationService: Info Localization service is disabled
[2017.07.05-14.27.18:949][  0]LogConsoleResponse:Display: 
[2017.07.05-14.27.19:137][  0]LogCook:Display: Max memory allowance for cook 16384mb min free memory 0mb
[2017.07.05-14.27.19:137][  0]LogCook:Display: Mobile HDR setting 1
[2017.07.05-14.27.19:951][  0]LogFileCache: Scanning file cache for directory 'C:/Users/Camper/Documents/GitHub/Emagination2017Project/MyProject5/Content/' took 0.02s
[2017.07.05-14.27.20:946][  0]SourceControl: Info Source control is disabled
[2017.07.05-14.27.20:946][  0]Cmd: MAP LOAD FILE="../../../../../../Users/Camper/Documents/GitHub/Emagination2017Project/MyProject5/Content/SideScrollerBP/Maps/SideScrollerExampleMap.umap" TEMPLATE=0 SHOWPROGRESS=1 FEATURELEVEL=3
[2017.07.05-14.27.20:946][  0]LogEditorServer:Warning: Can't find file '../../../../../../Users/Camper/Documents/GitHub/Emagination2017Project/MyProject5/Content/SideScrollerBP/Maps/SideScrollerExampleMap.umap'
[2017.07.05-14.27.20:946][  0]Cmd: MAP CHECKDEP NOCLEARLOG
[2017.07.05-14.27.21:053][  0]MapCheck: Info Map check complete: 0 Error(s), 0 Warning(s), took 107.004ms to complete.
[2017.07.05-14.27.21:053][  0]LogFileHelpers: Loading map 'SideScrollerExampleMap' took 0.108
[2017.07.05-14.27.21:163][  0]LogWindowsTextInputMethodSystem:Display: IME system now deactivated.
[2017.07.05-14.27.21:357][  0]LogCollectionManager: Loaded 0 collections in 0.003614 seconds
[2017.07.05-14.27.21:511][  0]LogFileCache: Scanning file cache for directory 'C:/Users/Camper/Documents/GitHub/Emagination2017Project/MyProject5/Saved/Collections/' took 0.01s
[2017.07.05-14.27.21:511][  0]LogFileCache: Scanning file cache for directory 'C:/Users/Camper/Documents/GitHub/Emagination2017Project/MyProject5/Content/Developers/Camper/Collections/' took 0.01s
[2017.07.05-14.27.21:511][  0]LogFileCache: Scanning file cache for directory 'C:/Users/Camper/Documents/GitHub/Emagination2017Project/MyProject5/Content/Collections/' took 0.01s
[2017.07.05-14.27.21:511][  0]LogCollectionManager: Rebuilt the GUID cache for 0 collections in 0.000002 seconds
[2017.07.05-14.27.21:520][  0]LogContentBrowser: Native class hierarchy populated in 0.0090 seconds. Added 2245 classes and 453 folders.
[2017.07.05-14.27.21:632][  0]LogContentBrowser: Native class hierarchy updated for 'WidgetCarousel' in 0.0005 seconds. Added 0 classes and 0 folders.
[2017.07.05-14.27.21:722][  0]LogContentBrowser: Native class hierarchy updated for 'AddContentDialog' in 0.0006 seconds. Added 0 classes and 0 folders.
[2017.07.05-14.27.21:796][  0]LogContentBrowser: Native class hierarchy updated for 'SceneOutliner' in 0.0007 seconds. Added 1 classes and 2 folders.
[2017.07.05-14.27.21:918][  0]LogCrashTracker: Crashtracker disabled due to settings.
[2017.07.05-14.27.21:924][  0]LogUObjectGlobals:Warning: Failed to find object 'Class None.'
[2017.07.05-14.27.22:033][  0]LogContentBrowser: Native class hierarchy updated for 'HierarchicalLODOutliner' in 0.0013 seconds. Added 1 classes and 2 folders.
[2017.07.05-14.27.22:033][  0]LogLoad: (Engine Initialization) Total time: 24.21 seconds
[2017.07.05-14.27.22:033][  0]LogLoad: (Engine Initialization) Total Blueprint compile time: 0.08 seconds
[2017.07.05-14.27.22:033][  0]LogExternalProfiler: No external profilers were discovered.  External profiling features will not be available.
[2017.07.05-14.27.22:051][  0]LogOcInput: OculusInput pre-init called
[2017.07.05-14.27.22:130][  0]LogContentStreaming: Texture pool size now 1000 MB
[2017.07.05-14.27.22:133][  0]LogSlate: Took 0.000864 seconds to synchronously load lazily loaded font '../../../Engine/Content/Slate/Fonts/Roboto-Regular.ttf' (155K)
[2017.07.05-14.27.22:137][  0]LogSlate: Took 0.000387 seconds to synchronously load lazily loaded font '../../../Engine/Content/Slate/Fonts/Roboto-Bold.ttf' (160K)
[2017.07.05-14.27.22:147][  0]LogSlate: Took 0.001170 seconds to synchronously load lazily loaded font '../../../Engine/Content/Editor/Slate/Fonts/FontAwesome.ttf' (139K)
[2017.07.05-14.27.22:285][  0]LogSlate: Took 0.000547 seconds to synchronously load lazily loaded font '../../../Engine/Content/Slate/Fonts/Roboto-Light.ttf' (159K)
[2017.07.05-14.27.22:310][  1]LogFileCache: Retrieving MD5 hashes for directory 'C:/Users/Camper/Documents/GitHub/Emagination2017Project/MyProject5/Content/' took 0.25s
[2017.07.05-14.27.22:360][  2]LogRenderer: Reallocating scene render targets to support 888x420 NumSamples 1 (Frame:2).
[2017.07.05-14.27.22:457][  2]LogAssetRegistry: Asset discovery search completed in 14.5011 seconds
[2017.07.05-14.27.22:457][  2]LogCollectionManager: Rebuilt the object cache for 0 collections in 0.000022 seconds (found 0 objects)
[2017.07.05-14.27.22:457][  2]LogCollectionManager: Fixed up redirectors for 0 collections in 0.000072 seconds (updated 0 objects)
[2017.07.05-14.27.25:064][153]LogSlate: Took 0.000626 seconds to synchronously load lazily loaded font '../../../Engine/Content/Slate/Fonts/Roboto-Light.ttf' (159K)
[2017.07.05-14.27.28:782][370]AssetReimport: New page: Outstanding source content changes 6:27:28 AM
[2017.07.05-14.27.28:965][371]LogEditorFactories: Performing atomic reimport of [C:/Users/Camper/Documents/GitHub/Emagination2017Project/MyProject5/Content/SideScroller_BP/Meshes/ButtonMesh.obj]
[2017.07.05-14.27.29:039][371]LogFbx: Loading FBX Scene from C:/Users/Camper/Documents/GitHub/Emagination2017Project/MyProject5/Content/SideScroller_BP/Meshes/ButtonMesh.obj
[2017.07.05-14.27.29:062][371]LogFbx: FBX Scene Loaded Succesfully
[2017.07.05-14.27.29:126][371]LogStaticMesh: Building static mesh ButtonMesh...
[2017.07.05-14.27.29:154][371]LogStaticMesh: Built static mesh [0.03s] /Game/SideScroller_BP/Meshes/ButtonMesh.ButtonMesh
[2017.07.05-14.27.29:216][371]LogEditorFactories: -- imported successfully
[2017.07.05-14.27.29:249][372]LogEditorFactories: Performing atomic reimport of [C:/Users/Camper/Documents/GitHub/Emagination2017Project/MyProject5/Content/SideScroller_BP/Meshes/ConveyorBeltMesh.obj]
[2017.07.05-14.27.29:256][372]LogFbx: Loading FBX Scene from C:/Users/Camper/Documents/GitHub/Emagination2017Project/MyProject5/Content/SideScroller_BP/Meshes/ConveyorBeltMesh.obj
[2017.07.05-14.27.29:263][372]LogFbx: FBX Scene Loaded Succesfully
[2017.07.05-14.27.29:323][372]LogStaticMesh: Building static mesh ConveyorBeltMesh...
[2017.07.05-14.27.29:350][372]LogStaticMesh: Built static mesh [0.03s] /Game/SideScroller_BP/Meshes/ConveyorBeltMesh.ConveyorBeltMesh
[2017.07.05-14.27.29:358][372]LogEditorFactories: -- imported successfully
[2017.07.05-14.27.29:374][373]LogStaticMesh: Building static mesh Ramp...
[2017.07.05-14.27.29:379][373]LogStaticMesh: Built static mesh [0.00s] /Game/SideScroller_BP/Meshes/Ramp.Ramp
[2017.07.05-14.27.29:380][373]LogEditorFactories: Performing atomic reimport of [C:/Users/Camper/Documents/GitHub/Emagination2017Project/MyProject5/Content/SideScroller_BP/Meshes/Ramp.obj]
[2017.07.05-14.27.29:388][373]LogFbx: Loading FBX Scene from C:/Users/Camper/Documents/GitHub/Emagination2017Project/MyProject5/Content/SideScroller_BP/Meshes/Ramp.obj
[2017.07.05-14.27.29:390][373]LogFbx: FBX Scene Loaded Succesfully
[2017.07.05-14.27.29:399][373]LogStaticMesh: Building static mesh Ramp...
[2017.07.05-14.27.29:403][373]LogStaticMesh: Built static mesh [0.00s] /Game/SideScroller_BP/Meshes/Ramp.Ramp
[2017.07.05-14.27.29:407][373]LogEditorFactories: -- imported successfully
[2017.07.05-14.27.29:442][374]LogMaterial: Missing cached shader map for material pasted__pasted__lambert7SG1, compiling. 
[2017.07.05-14.27.29:474][374]LogMaterial: Missing cached shader map for material pasted__lambert9SG, compiling. 
[2017.07.05-14.27.29:496][374]LogMaterial: Missing cached shader map for material pasted__lambert8SG, compiling. 
[2017.07.05-14.27.29:518][374]LogMaterial: Missing cached shader map for material pasted__lambert7SG1, compiling. 
[2017.07.05-14.27.29:547][374]LogMaterial: Missing cached shader map for material lambert9SG, compiling. 
[2017.07.05-14.27.29:571][374]LogMaterial: Missing cached shader map for material lambert8SG, compiling. 
[2017.07.05-14.27.29:596][374]LogStaticMesh: Building static mesh RobiMesh_group35_group9_pasted__pCube1...
[2017.07.05-14.27.30:513][374]LogStaticMesh: Built static mesh [0.92s] /Game/SideScroller_BP/Meshes/RobiMesh_group35_group9_pasted__pCube1.RobiMesh_group35_group9_pasted__pCube1
[2017.07.05-14.27.30:535][374]LogMaterial: Missing cached shader map for material lambert5SG, compiling. 
[2017.07.05-14.27.30:562][374]LogMaterial: Missing cached shader map for material lambert16SG, compiling. 
[2017.07.05-14.27.30:588][374]LogMaterial: Missing cached shader map for material lambert12SG, compiling. 
[2017.07.05-14.27.30:614][374]LogMaterial: Missing cached shader map for material lambert11SG, compiling. 
[2017.07.05-14.27.30:641][374]LogMaterial: Missing cached shader map for material lambert10SG, compiling. 
[2017.07.05-14.27.30:668][374]LogEditorFactories: Performing atomic reimport of [C:/Users/Camper/Documents/GitHub/Emagination2017Project/MyProject5/Content/SideScroller_BP/Meshes/RobiMesh.obj]
[2017.07.05-14.27.30:680][374]LogFbx: Loading FBX Scene from C:/Users/Camper/Documents/GitHub/Emagination2017Project/MyProject5/Content/SideScroller_BP/Meshes/RobiMesh.obj
[2017.07.05-14.27.31:013][374]LogFbx: FBX Scene Loaded Succesfully
[2017.07.05-14.27.33:722][374]LogStaticMesh: Building static mesh RobiMesh_group35_group9_pasted__pCube1...
[2017.07.05-14.27.34:688][374]LogStaticMesh: Built static mesh [0.97s] /Game/SideScroller_BP/Meshes/RobiMesh_group35_group9_pasted__pCube1.RobiMesh_group35_group9_pasted__pCube1
[2017.07.05-14.27.34:727][374]LogEditorFactories: -- imported successfully
[2017.07.05-14.27.34:765][374]LogStaticMesh: Building static mesh RobiMesh_group35_pasted__group9_pasted__pCube1...
[2017.07.05-14.27.35:727][374]LogStaticMesh: Built static mesh [0.96s] /Game/SideScroller_BP/Meshes/RobiMesh_group35_pasted__group9_pasted__pCube1.RobiMesh_group35_pasted__group9_pasted__pCube1
[2017.07.05-14.27.35:744][374]LogEditorFactories: Performing atomic reimport of [C:/Users/Camper/Documents/GitHub/Emagination2017Project/MyProject5/Content/SideScroller_BP/Meshes/RobiMesh.obj]
[2017.07.05-14.27.35:760][374]LogFbx: Loading FBX Scene from C:/Users/Camper/Documents/GitHub/Emagination2017Project/MyProject5/Content/SideScroller_BP/Meshes/RobiMesh.obj
[2017.07.05-14.27.36:058][374]LogFbx: FBX Scene Loaded Succesfully
[2017.07.05-14.27.38:847][374]LogStaticMesh: Building static mesh RobiMesh_group35_pasted__group9_pasted__pCube1...
[2017.07.05-14.27.39:825][374]LogStaticMesh: Built static mesh [0.98s] /Game/SideScroller_BP/Meshes/RobiMesh_group35_pasted__group9_pasted__pCube1.RobiMesh_group35_pasted__group9_pasted__pCube1
[2017.07.05-14.27.39:870][374]LogEditorFactories: -- imported successfully
[2017.07.05-14.27.39:906][374]LogStaticMesh: Building static mesh RobiMesh_group35_pasted__pasted__pSphere4...
[2017.07.05-14.27.40:870][374]LogStaticMesh: Built static mesh [0.96s] /Game/SideScroller_BP/Meshes/RobiMesh_group35_pasted__pasted__pSphere4.RobiMesh_group35_pasted__pasted__pSphere4
[2017.07.05-14.27.40:887][374]LogMaterial: Missing cached shader map for material lambert15SG, compiling. 
[2017.07.05-14.27.40:912][374]LogEditorFactories: Performing atomic reimport of [C:/Users/Camper/Documents/GitHub/Emagination2017Project/MyProject5/Content/SideScroller_BP/Meshes/RobiMesh.obj]
[2017.07.05-14.27.40:929][374]LogFbx: Loading FBX Scene from C:/Users/Camper/Documents/GitHub/Emagination2017Project/MyProject5/Content/SideScroller_BP/Meshes/RobiMesh.obj
[2017.07.05-14.27.41:223][374]LogFbx: FBX Scene Loaded Succesfully
[2017.07.05-14.27.43:928][374]LogStaticMesh: Building static mesh RobiMesh_group35_pasted__pasted__pSphere4...
[2017.07.05-14.27.44:781][374]LogStaticMesh: Built static mesh [0.85s] /Game/SideScroller_BP/Meshes/RobiMesh_group35_pasted__pasted__pSphere4.RobiMesh_group35_pasted__pasted__pSphere4
[2017.07.05-14.27.44:812][374]LogEditorFactories: -- imported successfully
[2017.07.05-14.27.44:839][374]LogStaticMesh: Building static mesh RobiMesh_group35_pasted__pSphere4...
[2017.07.05-14.27.45:590][374]LogStaticMesh: Built static mesh [0.75s] /Game/SideScroller_BP/Meshes/RobiMesh_group35_pasted__pSphere4.RobiMesh_group35_pasted__pSphere4
[2017.07.05-14.27.45:600][374]LogEditorFactories: Performing atomic reimport of [C:/Users/Camper/Documents/GitHub/Emagination2017Project/MyProject5/Content/SideScroller_BP/Meshes/RobiMesh.obj]
[2017.07.05-14.27.45:613][374]LogFbx: Loading FBX Scene from C:/Users/Camper/Documents/GitHub/Emagination2017Project/MyProject5/Content/SideScroller_BP/Meshes/RobiMesh.obj
[2017.07.05-14.27.45:779][374]LogFbx: FBX Scene Loaded Succesfully
[2017.07.05-14.27.47:708][374]LogStaticMesh: Building static mesh RobiMesh_group35_pasted__pSphere4...
[2017.07.05-14.27.48:396][374]LogStaticMesh: Built static mesh [0.69s] /Game/SideScroller_BP/Meshes/RobiMesh_group35_pasted__pSphere4.RobiMesh_group35_pasted__pSphere4
[2017.07.05-14.27.48:423][374]LogEditorFactories: -- imported successfully
[2017.07.05-14.27.48:449][374]LogStaticMesh: Building static mesh RobiMesh_group35_pasted__pSphere8...
[2017.07.05-14.27.49:153][374]LogStaticMesh: Built static mesh [0.70s] /Game/SideScroller_BP/Meshes/RobiMesh_group35_pasted__pSphere8.RobiMesh_group35_pasted__pSphere8
[2017.07.05-14.27.49:163][374]LogEditorFactories: Performing atomic reimport of [C:/Users/Camper/Documents/GitHub/Emagination2017Project/MyProject5/Content/SideScroller_BP/Meshes/RobiMesh.obj]
[2017.07.05-14.27.49:173][374]LogFbx: Loading FBX Scene from C:/Users/Camper/Documents/GitHub/Emagination2017Project/MyProject5/Content/SideScroller_BP/Meshes/RobiMesh.obj
[2017.07.05-14.27.49:332][374]LogFbx: FBX Scene Loaded Succesfully
[2017.07.05-14.27.51:264][374]LogStaticMesh: Building static mesh RobiMesh_group35_pasted__pSphere8...
[2017.07.05-14.27.51:947][374]LogStaticMesh: Built static mesh [0.68s] /Game/SideScroller_BP/Meshes/RobiMesh_group35_pasted__pSphere8.RobiMesh_group35_pasted__pSphere8
[2017.07.05-14.27.51:974][374]LogEditorFactories: -- imported successfully
[2017.07.05-14.27.51:997][374]LogStaticMesh: Building static mesh RobiMesh_group35_pasted__pSphere9...
[2017.07.05-14.27.52:696][374]LogStaticMesh: Built static mesh [0.70s] /Game/SideScroller_BP/Meshes/RobiMesh_group35_pasted__pSphere9.RobiMesh_group35_pasted__pSphere9
[2017.07.05-14.27.52:706][374]LogEditorFactories: Performing atomic reimport of [C:/Users/Camper/Documents/GitHub/Emagination2017Project/MyProject5/Content/SideScroller_BP/Meshes/RobiMesh.obj]
[2017.07.05-14.27.52:717][374]LogFbx: Loading FBX Scene from C:/Users/Camper/Documents/GitHub/Emagination2017Project/MyProject5/Content/SideScroller_BP/Meshes/RobiMesh.obj
[2017.07.05-14.27.52:872][374]LogFbx: FBX Scene Loaded Succesfully
[2017.07.05-14.27.54:797][374]LogStaticMesh: Building static mesh RobiMesh_group35_pasted__pSphere9...
[2017.07.05-14.27.55:489][374]LogStaticMesh: Built static mesh [0.69s] /Game/SideScroller_BP/Meshes/RobiMesh_group35_pasted__pSphere9.RobiMesh_group35_pasted__pSphere9
[2017.07.05-14.27.55:515][374]LogEditorFactories: -- imported successfully
[2017.07.05-14.27.55:538][374]LogStaticMesh: Building static mesh RobiMesh_group35_pSphere4...
[2017.07.05-14.27.56:235][374]LogStaticMesh: Built static mesh [0.70s] /Game/SideScroller_BP/Meshes/RobiMesh_group35_pSphere4.RobiMesh_group35_pSphere4
[2017.07.05-14.27.56:245][374]LogEditorFactories: Performing atomic reimport of [C:/Users/Camper/Documents/GitHub/Emagination2017Project/MyProject5/Content/SideScroller_BP/Meshes/RobiMesh.obj]
[2017.07.05-14.27.56:255][374]LogFbx: Loading FBX Scene from C:/Users/Camper/Documents/GitHub/Emagination2017Project/MyProject5/Content/SideScroller_BP/Meshes/RobiMesh.obj
[2017.07.05-14.27.56:410][374]LogFbx: FBX Scene Loaded Succesfully
[2017.07.05-14.27.58:323][374]LogStaticMesh: Building static mesh RobiMesh_group35_pSphere4...
[2017.07.05-14.27.59:006][374]LogStaticMesh: Built static mesh [0.68s] /Game/SideScroller_BP/Meshes/RobiMesh_group35_pSphere4.RobiMesh_group35_pSphere4
[2017.07.05-14.27.59:032][374]LogEditorFactories: -- imported successfully
[2017.07.05-14.27.59:055][374]LogStaticMesh: Building static mesh RobiMesh_group35_pSphere8...
[2017.07.05-14.27.59:754][374]LogStaticMesh: Built static mesh [0.70s] /Game/SideScroller_BP/Meshes/RobiMesh_group35_pSphere8.RobiMesh_group35_pSphere8
[2017.07.05-14.27.59:766][374]LogEditorFactories: Performing atomic reimport of [C:/Users/Camper/Documents/GitHub/Emagination2017Project/MyProject5/Content/SideScroller_BP/Meshes/RobiMesh.obj]
[2017.07.05-14.27.59:776][374]LogFbx: Loading FBX Scene from C:/Users/Camper/Documents/GitHub/Emagination2017Project/MyProject5/Content/SideScroller_BP/Meshes/RobiMesh.obj
[2017.07.05-14.27.59:939][374]LogFbx: FBX Scene Loaded Succesfully
[2017.07.05-14.28.01:874][374]LogStaticMesh: Building static mesh RobiMesh_group35_pSphere8...
[2017.07.05-14.28.02:561][374]LogStaticMesh: Built static mesh [0.69s] /Game/SideScroller_BP/Meshes/RobiMesh_group35_pSphere8.RobiMesh_group35_pSphere8
[2017.07.05-14.28.02:587][374]LogEditorFactories: -- imported successfully
[2017.07.05-14.28.02:610][374]LogStaticMesh: Building static mesh RobiMesh_polySurface8...
[2017.07.05-14.28.03:307][374]LogStaticMesh: Built static mesh [0.70s] /Game/SideScroller_BP/Meshes/RobiMesh_polySurface8.RobiMesh_polySurface8
[2017.07.05-14.28.03:318][374]LogEditorFactories: Performing atomic reimport of [C:/Users/Camper/Documents/GitHub/Emagination2017Project/MyProject5/Content/SideScroller_BP/Meshes/RobiMesh.obj]
[2017.07.05-14.28.03:328][374]LogFbx: Loading FBX Scene from C:/Users/Camper/Documents/GitHub/Emagination2017Project/MyProject5/Content/SideScroller_BP/Meshes/RobiMesh.obj
[2017.07.05-14.28.03:499][374]LogFbx: FBX Scene Loaded Succesfully
[2017.07.05-14.28.05:418][374]LogStaticMesh: Building static mesh RobiMesh_polySurface8...
[2017.07.05-14.28.06:120][374]LogStaticMesh: Built static mesh [0.70s] /Game/SideScroller_BP/Meshes/RobiMesh_polySurface8.RobiMesh_polySurface8
[2017.07.05-14.28.06:147][374]LogEditorFactories: -- imported successfully
[2017.07.05-14.28.06:171][374]LogStaticMesh: Building static mesh RobiMesh_pSphere7_group35...
[2017.07.05-14.28.06:875][374]LogStaticMesh: Built static mesh [0.70s] /Game/SideScroller_BP/Meshes/RobiMesh_pSphere7_group35.RobiMesh_pSphere7_group35
[2017.07.05-14.28.06:886][374]LogEditorFactories: Performing atomic reimport of [C:/Users/Camper/Documents/GitHub/Emagination2017Project/MyProject5/Content/SideScroller_BP/Meshes/RobiMesh.obj]
[2017.07.05-14.28.06:895][374]LogFbx: Loading FBX Scene from C:/Users/Camper/Documents/GitHub/Emagination2017Project/MyProject5/Content/SideScroller_BP/Meshes/RobiMesh.obj
[2017.07.05-14.28.07:064][374]LogFbx: FBX Scene Loaded Succesfully
[2017.07.05-14.28.08:976][374]LogStaticMesh: Building static mesh RobiMesh_pSphere7_group35...
[2017.07.05-14.28.09:673][374]LogStaticMesh: Built static mesh [0.70s] /Game/SideScroller_BP/Meshes/RobiMesh_pSphere7_group35.RobiMesh_pSphere7_group35
[2017.07.05-14.28.09:699][374]LogEditorFactories: -- imported successfully
[2017.07.05-14.28.09:744][374]LogTemp:Display: Finished compile of shader map 0x00000260641EF580
[2017.07.05-14.28.09:744][374]LogTemp:Display: Shader map pasted__pasted__lambert7SG1 complete, GameThreadShaderMap 0x00000260641EF580, marking material pasted__pasted__lambert7SG1 as finished
[2017.07.05-14.28.09:744][374]LogTemp:Display: Marking material as finished 0x00000260641F9480
[2017.07.05-14.28.09:749][374]LogTemp:Display: Finished compile of shader map 0x0000026064091280
[2017.07.05-14.28.09:749][374]LogTemp:Display: Shader map pasted__lambert9SG complete, GameThreadShaderMap 0x0000026064091280, marking material pasted__lambert9SG as finished
[2017.07.05-14.28.09:749][374]LogTemp:Display: Marking material as finished 0x00000260641FAF80
[2017.07.05-14.28.09:755][374]LogTemp:Display: Finished compile of shader map 0x0000026063F03C80
[2017.07.05-14.28.09:755][374]LogTemp:Display: Shader map pasted__lambert8SG complete, GameThreadShaderMap 0x0000026063F03C80, marking material pasted__lambert8SG as finished
[2017.07.05-14.28.09:755][374]LogTemp:Display: Marking material as finished 0x00000260641FCB80
[2017.07.05-14.28.09:759][374]LogTemp:Display: Finished compile of shader map 0x000002606C8A2780
[2017.07.05-14.28.09:759][374]LogTemp:Display: Shader map pasted__lambert7SG1 complete, GameThreadShaderMap 0x000002606C8A2780, marking material pasted__lambert7SG1 as finished
[2017.07.05-14.28.09:759][374]LogTemp:Display: Marking material as finished 0x00000260641FE080
[2017.07.05-14.28.09:762][374]LogTemp:Display: Finished compile of shader map 0x000002606C73AB00
[2017.07.05-14.28.09:762][374]LogTemp:Display: Shader map lambert9SG complete, GameThreadShaderMap 0x000002606C73AB00, marking material lambert9SG as finished
[2017.07.05-14.28.09:762][374]LogTemp:Display: Marking material as finished 0x0000026064205180
[2017.07.05-14.28.09:767][374]LogTemp:Display: Finished compile of shader map 0x000002606C65CB80
[2017.07.05-14.28.09:767][374]LogTemp:Display: Shader map lambert8SG complete, GameThreadShaderMap 0x000002606C65CB80, marking material lambert8SG as finished
[2017.07.05-14.28.09:767][374]LogTemp:Display: Marking material as finished 0x0000026064206680
[2017.07.05-14.28.09:771][374]LogTemp:Display: Finished compile of shader map 0x000002606D3D6400
[2017.07.05-14.28.09:771][374]LogTemp:Display: Shader map lambert5SG complete, GameThreadShaderMap 0x000002606D3D6400, marking material lambert5SG as finished
[2017.07.05-14.28.09:771][374]LogTemp:Display: Marking material as finished 0x0000026064250B80
[2017.07.05-14.28.09:774][374]LogTemp:Display: Finished compile of shader map 0x000002606CD10800
[2017.07.05-14.28.09:774][374]LogTemp:Display: Shader map lambert16SG complete, GameThreadShaderMap 0x000002606CD10800, marking material lambert16SG as finished
[2017.07.05-14.28.09:774][374]LogTemp:Display: Marking material as finished 0x000002606458DF00
[2017.07.05-14.28.09:779][374]LogTemp:Display: Finished compile of shader map 0x0000026071162E80
[2017.07.05-14.28.09:779][374]LogTemp:Display: Shader map lambert12SG complete, GameThreadShaderMap 0x0000026071162E80, marking material lambert12SG as finished
[2017.07.05-14.28.09:779][374]LogTemp:Display: Marking material as finished 0x000002606458E680
[2017.07.05-14.28.09:783][374]LogTemp:Display: Finished compile of shader map 0x0000026071051600
[2017.07.05-14.28.09:783][374]LogTemp:Display: Shader map lambert11SG complete, GameThreadShaderMap 0x0000026071051600, marking material lambert11SG as finished
[2017.07.05-14.28.09:783][374]LogTemp:Display: Marking material as finished 0x0000026064630400
[2017.07.05-14.28.09:810][375]LogTemp:Display: Finished compile of shader map 0x0000026074CA7C80
[2017.07.05-14.28.09:810][375]LogTemp:Display: Shader map lambert10SG complete, GameThreadShaderMap 0x0000026074CA7C80, marking material lambert10SG as finished
[2017.07.05-14.28.09:810][375]LogTemp:Display: Marking material as finished 0x000002606421C100
[2017.07.05-14.28.09:814][375]LogTemp:Display: Finished compile of shader map 0x000002606DE66400
[2017.07.05-14.28.09:814][375]LogTemp:Display: Shader map lambert15SG complete, GameThreadShaderMap 0x000002606DE66400, marking material lambert15SG as finished
[2017.07.05-14.28.09:814][375]LogTemp:Display: Marking material as finished 0x000002606DE74D00
[2017.07.05-14.28.09:950][375]LogSavePackage: Save=20.79ms
[2017.07.05-14.28.09:950][375]LogSavePackage: Moving '../../../../../../Users/Camper/Documents/GitHub/Emagination2017Project/MyProject5/Saved/ButtonMeshA51CBB004AAD4460259EFB8DBD376BC8.tmp' to '../../../../../../Users/Camper/Documents/GitHub/Emagination2017Project/MyProject5/Content/SideScroller_BP/Meshes/ButtonMesh.uasset'
[2017.07.05-14.28.09:955][375]LogSavePackage:Display: Finished SavePackage ../../../../../../Users/Camper/Documents/GitHub/Emagination2017Project/MyProject5/Content/SideScroller_BP/Meshes/ButtonMesh.uasset
[2017.07.05-14.28.10:050][375]LogSavePackage: Save=16.82ms
[2017.07.05-14.28.10:050][375]LogSavePackage: Moving '../../../../../../Users/Camper/Documents/GitHub/Emagination2017Project/MyProject5/Saved/ConveyorBeltMeshDA8F45DC4722A1E4B47505964CBE01A3.tmp' to '../../../../../../Users/Camper/Documents/GitHub/Emagination2017Project/MyProject5/Content/SideScroller_BP/Meshes/ConveyorBeltMesh.uasset'
[2017.07.05-14.28.10:056][375]LogSavePackage:Display: Finished SavePackage ../../../../../../Users/Camper/Documents/GitHub/Emagination2017Project/MyProject5/Content/SideScroller_BP/Meshes/ConveyorBeltMesh.uasset
[2017.07.05-14.28.10:128][375]LogSavePackage: Save=16.03ms
[2017.07.05-14.28.10:128][375]LogSavePackage: Moving '../../../../../../Users/Camper/Documents/GitHub/Emagination2017Project/MyProject5/Saved/Ramp33822B204E815147D1E14A8584AD50F9.tmp' to '../../../../../../Users/Camper/Documents/GitHub/Emagination2017Project/MyProject5/Content/SideScroller_BP/Meshes/Ramp.uasset'
[2017.07.05-14.28.10:133][375]LogSavePackage:Display: Finished SavePackage ../../../../../../Users/Camper/Documents/GitHub/Emagination2017Project/MyProject5/Content/SideScroller_BP/Meshes/Ramp.uasset
[2017.07.05-14.28.10:219][375]LogSavePackage: Save=29.65ms
[2017.07.05-14.28.10:219][375]LogSavePackage: Moving '../../../../../../Users/Camper/Documents/GitHub/Emagination2017Project/MyProject5/Saved/RobiMesh_group35_group9_pasted__pCube1B0CA198D46F71992EEAB9986978349A3.tmp' to '../../../../../../Users/Camper/Documents/GitHub/Emagination2017Project/MyProject5/Content/SideScroller_BP/Meshes/RobiMesh_group35_group9_pasted__pCube1.uasset'
[2017.07.05-14.28.10:225][375]LogSavePackage:Display: Finished SavePackage ../../../../../../Users/Camper/Documents/GitHub/Emagination2017Project/MyProject5/Content/SideScroller_BP/Meshes/RobiMesh_group35_group9_pasted__pCube1.uasset
[2017.07.05-14.28.10:316][375]LogSavePackage: Save=22.00ms
[2017.07.05-14.28.10:316][375]LogSavePackage: Moving '../../../../../../Users/Camper/Documents/GitHub/Emagination2017Project/MyProject5/Saved/RobiMesh_group35_pasted__group9_pasted__pCube11D897A9945620C3224A5D9AC9FBFEC7E.tmp' to '../../../../../../Users/Camper/Documents/GitHub/Emagination2017Project/MyProject5/Content/SideScroller_BP/Meshes/RobiMesh_group35_pasted__group9_pasted__pCube1.uasset'
[2017.07.05-14.28.10:321][375]LogSavePackage:Display: Finished SavePackage ../../../../../../Users/Camper/Documents/GitHub/Emagination2017Project/MyProject5/Content/SideScroller_BP/Meshes/RobiMesh_group35_pasted__group9_pasted__pCube1.uasset
[2017.07.05-14.28.10:407][375]LogSavePackage: Save=21.76ms
[2017.07.05-14.28.10:407][375]LogSavePackage: Moving '../../../../../../Users/Camper/Documents/GitHub/Emagination2017Project/MyProject5/Saved/RobiMesh_group35_pasted__pasted__pSphere40510825B4A865060610069BDA147538D.tmp' to '../../../../../../Users/Camper/Documents/GitHub/Emagination2017Project/MyProject5/Content/SideScroller_BP/Meshes/RobiMesh_group35_pasted__pasted__pSphere4.uasset'
[2017.07.05-14.28.10:413][375]LogSavePackage:Display: Finished SavePackage ../../../../../../Users/Camper/Documents/GitHub/Emagination2017Project/MyProject5/Content/SideScroller_BP/Meshes/RobiMesh_group35_pasted__pasted__pSphere4.uasset
[2017.07.05-14.28.10:493][375]LogSavePackage: Save=20.73ms
[2017.07.05-14.28.10:493][375]LogSavePackage: Moving '../../../../../../Users/Camper/Documents/GitHub/Emagination2017Project/MyProject5/Saved/RobiMesh_group35_pasted__pSphere4ED3D2B8D4ABA4791AFA4AB8A745CDF1C.tmp' to '../../../../../../Users/Camper/Documents/GitHub/Emagination2017Project/MyProject5/Content/SideScroller_BP/Meshes/RobiMesh_group35_pasted__pSphere4.uasset'
[2017.07.05-14.28.10:499][375]LogSavePackage:Display: Finished SavePackage ../../../../../../Users/Camper/Documents/GitHub/Emagination2017Project/MyProject5/Content/SideScroller_BP/Meshes/RobiMesh_group35_pasted__pSphere4.uasset
[2017.07.05-14.28.10:587][375]LogSavePackage: Save=16.86ms
[2017.07.05-14.28.10:587][375]LogSavePackage: Moving '../../../../../../Users/Camper/Documents/GitHub/Emagination2017Project/MyProject5/Saved/RobiMesh_group35_pasted__pSphere881F401974DE0B57A7A7E4A93D1ABFB61.tmp' to '../../../../../../Users/Camper/Documents/GitHub/Emagination2017Project/MyProject5/Content/SideScroller_BP/Meshes/RobiMesh_group35_pasted__pSphere8.uasset'
[2017.07.05-14.28.10:591][375]LogSavePackage:Display: Finished SavePackage ../../../../../../Users/Camper/Documents/GitHub/Emagination2017Project/MyProject5/Content/SideScroller_BP/Meshes/RobiMesh_group35_pasted__pSphere8.uasset
[2017.07.05-14.28.10:663][375]LogSavePackage: Save=25.02ms
[2017.07.05-14.28.10:663][375]LogSavePackage: Moving '../../../../../../Users/Camper/Documents/GitHub/Emagination2017Project/MyProject5/Saved/RobiMesh_group35_pasted__pSphere9961AC05F4E27B3F4BBB432B3AB0EF3B3.tmp' to '../../../../../../Users/Camper/Documents/GitHub/Emagination2017Project/MyProject5/Content/SideScroller_BP/Meshes/RobiMesh_group35_pasted__pSphere9.uasset'
[2017.07.05-14.28.10:667][375]LogSavePackage:Display: Finished SavePackage ../../../../../../Users/Camper/Documents/GitHub/Emagination2017Project/MyProject5/Content/SideScroller_BP/Meshes/RobiMesh_group35_pasted__pSphere9.uasset
[2017.07.05-14.28.10:728][375]LogSavePackage: Save=24.46ms
[2017.07.05-14.28.10:728][375]LogSavePackage: Moving '../../../../../../Users/Camper/Documents/GitHub/Emagination2017Project/MyProject5/Saved/RobiMesh_group35_pSphere4399F5DC8446F03FC887C2EA24E82E78B.tmp' to '../../../../../../Users/Camper/Documents/GitHub/Emagination2017Project/MyProject5/Content/SideScroller_BP/Meshes/RobiMesh_group35_pSphere4.uasset'
[2017.07.05-14.28.10:732][375]LogSavePackage:Display: Finished SavePackage ../../../../../../Users/Camper/Documents/GitHub/Emagination2017Project/MyProject5/Content/SideScroller_BP/Meshes/RobiMesh_group35_pSphere4.uasset
[2017.07.05-14.28.10:818][375]LogSavePackage: Save=18.32ms
[2017.07.05-14.28.10:818][375]LogSavePackage: Moving '../../../../../../Users/Camper/Documents/GitHub/Emagination2017Project/MyProject5/Saved/RobiMesh_group35_pSphere8DD378495411B4F06AFEB0199F228E74E.tmp' to '../../../../../../Users/Camper/Documents/GitHub/Emagination2017Project/MyProject5/Content/SideScroller_BP/Meshes/RobiMesh_group35_pSphere8.uasset'
[2017.07.05-14.28.10:822][375]LogSavePackage:Display: Finished SavePackage ../../../../../../Users/Camper/Documents/GitHub/Emagination2017Project/MyProject5/Content/SideScroller_BP/Meshes/RobiMesh_group35_pSphere8.uasset
[2017.07.05-14.28.10:876][375]LogSavePackage: Save=14.90ms
[2017.07.05-14.28.10:876][375]LogSavePackage: Moving '../../../../../../Users/Camper/Documents/GitHub/Emagination2017Project/MyProject5/Saved/RobiMesh_polySurface8116D0FB2464581E92C01D2AE0648357C.tmp' to '../../../../../../Users/Camper/Documents/GitHub/Emagination2017Project/MyProject5/Content/SideScroller_BP/Meshes/RobiMesh_polySurface8.uasset'
[2017.07.05-14.28.10:880][375]LogSavePackage:Display: Finished SavePackage ../../../../../../Users/Camper/Documents/GitHub/Emagination2017Project/MyProject5/Content/SideScroller_BP/Meshes/RobiMesh_polySurface8.uasset
[2017.07.05-14.28.10:932][375]LogSavePackage: Save=13.04ms
[2017.07.05-14.28.10:932][375]LogSavePackage: Moving '../../../../../../Users/Camper/Documents/GitHub/Emagination2017Project/MyProject5/Saved/RobiMesh_pSphere7_group35DA798CFD4459688EBE1E158165571F3C.tmp' to '../../../../../../Users/Camper/Documents/GitHub/Emagination2017Project/MyProject5/Content/SideScroller_BP/Meshes/RobiMesh_pSphere7_group35.uasset'
[2017.07.05-14.28.10:936][375]LogSavePackage:Display: Finished SavePackage ../../../../../../Users/Camper/Documents/GitHub/Emagination2017Project/MyProject5/Content/SideScroller_BP/Meshes/RobiMesh_pSphere7_group35.uasset
[2017.07.05-14.28.13:949][555]AssetReimport: Info Reimported asset ButtonMesh from C:/Users/Camper/Documents/GitHub/Emagination2017Project/MyProject5/Content/SideScroller_BP/Meshes/ButtonMesh.obj.
[2017.07.05-14.28.13:949][555]AssetReimport: Info Reimported asset ConveyorBeltMesh from C:/Users/Camper/Documents/GitHub/Emagination2017Project/MyProject5/Content/SideScroller_BP/Meshes/ConveyorBeltMesh.obj.
[2017.07.05-14.28.13:949][555]AssetReimport: Info Reimported asset Ramp from C:/Users/Camper/Documents/GitHub/Emagination2017Project/MyProject5/Content/SideScroller_BP/Meshes/Ramp.obj.
[2017.07.05-14.28.13:949][555]AssetReimport: Info Reimported asset RobiMesh_group35_group9_pasted__pCube1 from C:/Users/Camper/Documents/GitHub/Emagination2017Project/MyProject5/Content/SideScroller_BP/Meshes/RobiMesh.obj.
[2017.07.05-14.28.13:949][555]AssetReimport: Info Reimported asset RobiMesh_group35_pasted__group9_pasted__pCube1 from C:/Users/Camper/Documents/GitHub/Emagination2017Project/MyProject5/Content/SideScroller_BP/Meshes/RobiMesh.obj.
[2017.07.05-14.28.13:949][555]AssetReimport: Info Reimported asset RobiMesh_group35_pasted__pasted__pSphere4 from C:/Users/Camper/Documents/GitHub/Emagination2017Project/MyProject5/Content/SideScroller_BP/Meshes/RobiMesh.obj.
[2017.07.05-14.28.13:949][555]AssetReimport: Info Reimported asset RobiMesh_group35_pasted__pSphere4 from C:/Users/Camper/Documents/GitHub/Emagination2017Project/MyProject5/Content/SideScroller_BP/Meshes/RobiMesh.obj.
[2017.07.05-14.28.13:949][555]AssetReimport: Info Reimported asset RobiMesh_group35_pasted__pSphere8 from C:/Users/Camper/Documents/GitHub/Emagination2017Project/MyProject5/Content/SideScroller_BP/Meshes/RobiMesh.obj.
[2017.07.05-14.28.13:949][555]AssetReimport: Info Reimported asset RobiMesh_group35_pasted__pSphere9 from C:/Users/Camper/Documents/GitHub/Emagination2017Project/MyProject5/Content/SideScroller_BP/Meshes/RobiMesh.obj.
[2017.07.05-14.28.13:949][555]AssetReimport: Info Reimported asset RobiMesh_group35_pSphere4 from C:/Users/Camper/Documents/GitHub/Emagination2017Project/MyProject5/Content/SideScroller_BP/Meshes/RobiMesh.obj.
[2017.07.05-14.28.13:949][555]AssetReimport: Info Reimported asset RobiMesh_group35_pSphere8 from C:/Users/Camper/Documents/GitHub/Emagination2017Project/MyProject5/Content/SideScroller_BP/Meshes/RobiMesh.obj.
[2017.07.05-14.28.13:949][555]AssetReimport: Info Reimported asset RobiMesh_polySurface8 from C:/Users/Camper/Documents/GitHub/Emagination2017Project/MyProject5/Content/SideScroller_BP/Meshes/RobiMesh.obj.
[2017.07.05-14.28.13:949][555]AssetReimport: Info Reimported asset RobiMesh_pSphere7_group35 from C:/Users/Camper/Documents/GitHub/Emagination2017Project/MyProject5/Content/SideScroller_BP/Meshes/RobiMesh.obj.
[2017.07.05-14.28.25:709][256]LogAIModule: Creating AISystem for world MenuLevel
[2017.07.05-14.28.25:724][256]Cmd: MAP LOAD FILE="../../../../../../Users/Camper/Documents/GitHub/Emagination2017Project/MyProject5/Content/SideScroller_BP/Maps/MenuLevel.umap" TEMPLATE=0 SHOWPROGRESS=1 FEATURELEVEL=3
[2017.07.05-14.28.25:724][256]LightingResults: New page: Lighting Build
[2017.07.05-14.28.25:798][256]LogContentBrowser: Native class hierarchy updated for 'StatsViewer' in 0.0007 seconds. Added 5 classes and 0 folders.
[2017.07.05-14.28.25:800][256]LoadErrors: New page: Loading map: MenuLevel.umap
[2017.07.05-14.28.25:800][256]MapCheck: New page: Map Check
[2017.07.05-14.28.25:800][256]LightingResults: New page: Lighting Build
[2017.07.05-14.28.25:871][256]LogEditorServer: Finished looking for orphan Actors (0.000 secs)
[2017.07.05-14.28.25:894][256]Cmd: MAP CHECKDEP NOCLEARLOG
[2017.07.05-14.28.26:004][256]MapCheck: Info Map check complete: 0 Error(s), 0 Warning(s), took 109.123ms to complete.
[2017.07.05-14.28.26:004][256]LogFileHelpers: Loading map 'MenuLevel' took 0.281
[2017.07.05-14.28.28:433][401]LogTemp: Repeting last play command: Selected Viewport
[2017.07.05-14.28.28:448][401]LogBlueprintUserMessages: Early PlayInEditor Detection: Level '/Game/SideScroller_BP/Maps/MenuLevel.MenuLevel:PersistentLevel' has LevelScriptBlueprint '/Game/SideScroller_BP/Maps/MenuLevel.MenuLevel:PersistentLevel.MenuLevel' with GeneratedClass '/Game/SideScroller_BP/Maps/MenuLevel.MenuLevel_C' with ClassGeneratedBy '/Game/SideScroller_BP/Maps/MenuLevel.MenuLevel:PersistentLevel.MenuLevel'
[2017.07.05-14.28.28:448][401]LogPlayLevel: PlayLevel: No blueprints needed recompiling
[2017.07.05-14.28.28:448][401]PIE: New page: PIE session: MenuLevel (Jul 5, 2017, 6:28:28 AM)
[2017.07.05-14.28.28:448][401]LogPlayLevel: Creating play world package: /Game/SideScroller_BP/Maps/UEDPIE_0_MenuLevel
[2017.07.05-14.28.28:450][401]LogPlayLevel: PIE: StaticDuplicateObject took: (0.001299s)
[2017.07.05-14.28.28:450][401]LogAIModule: Creating AISystem for world MenuLevel
[2017.07.05-14.28.28:451][401]LogPlayLevel: PIE: World Init took: (0.000752s)
[2017.07.05-14.28.28:451][401]LogPlayLevel: PIE: Created PIE world by copying editor world from /Game/SideScroller_BP/Maps/MenuLevel.MenuLevel to /Game/SideScroller_BP/Maps/UEDPIE_0_MenuLevel.MenuLevel (0.002329s)
[2017.07.05-14.28.28:463][401]LogInit: XAudio2 using 'Speaker/HP (Realtek High Definition Audio)' : 2 channels at 48 kHz using 32 bits per sample (channel mask 0x3)
[2017.07.05-14.28.28:474][401]LogInit: FAudioDevice initialized.
[2017.07.05-14.28.28:585][401]LogLinker:Warning: Can't find file '/Game/SideScrollerBP/Blueprints/SideScrollerGameMode'
[2017.07.05-14.28.28:585][401]LogLinker:Warning: Can't find file '/Game/SideScrollerBP/Blueprints/SideScrollerGameMode'
[2017.07.05-14.28.28:585][401]LogUObjectGlobals:Warning: Failed to find object 'Class /Game/SideScrollerBP/Blueprints/SideScrollerGameMode.SideScrollerGameMode_C'
[2017.07.05-14.28.28:586][401]LogLoad: Game class is 'GameModeBase'
[2017.07.05-14.28.28:588][401]LogWorld: Bringing World /Game/SideScroller_BP/Maps/UEDPIE_0_MenuLevel.MenuLevel up for play (max tick rate 60) at 2017.07.05-10.28.28
[2017.07.05-14.28.28:588][401]LogWorld: Bringing up level for play took: 0.000875
[2017.07.05-14.28.28:658][401]LogContentBrowser: Native class hierarchy updated for 'MovieSceneCapture' in 0.0007 seconds. Added 11 classes and 0 folders.
[2017.07.05-14.28.28:663][401]PIE: Info Play in editor start time for /Game/SideScroller_BP/Maps/UEDPIE_0_MenuLevel -0.648
[2017.07.05-14.28.28:663][401]LogBlueprintUserMessages: Late PlayInEditor Detection: Level '/Game/SideScroller_BP/Maps/MenuLevel.MenuLevel:PersistentLevel' has LevelScriptBlueprint '/Game/SideScroller_BP/Maps/MenuLevel.MenuLevel:PersistentLevel.MenuLevel' with GeneratedClass '/Game/SideScroller_BP/Maps/MenuLevel.MenuLevel_C' with ClassGeneratedBy '/Game/SideScroller_BP/Maps/MenuLevel.MenuLevel:PersistentLevel.MenuLevel'
[2017.07.05-14.28.34:013][721]LogNet: Browse: /Game/SideScroller_BP/Maps/Level1
[2017.07.05-14.28.34:013][721]LogLoad: LoadMap: /Game/SideScroller_BP/Maps/Level1
[2017.07.05-14.28.34:027][721]Cmd: MEM
[2017.07.05-14.28.34:040][721]LogMemory: Platform Memory Stats for Windows
[2017.07.05-14.28.34:040][721]LogMemory: Process Physical Memory: 1037.86 MB used, 1042.29 MB peak
[2017.07.05-14.28.34:040][721]LogMemory: Process Virtual Memory: 1358.08 MB used, 1368.55 MB peak
[2017.07.05-14.28.34:040][721]LogMemory: Physical Memory: 7533.09 MB used,  8476.13 MB free, 16009.22 MB total
[2017.07.05-14.28.34:040][721]LogMemory: Virtual Memory: 2143.59 MB used,  8476.13 MB free, 134217728.00 MB total
[2017.07.05-14.28.34:040][721]LogMemory: 
[2017.07.05-14.28.34:040][721]Allocator Stats for TBB: (not implemented)
[2017.07.05-14.28.35:788][721]LogAIModule: Creating AISystem for world Level1
[2017.07.05-14.28.35:791][721]LogLoad: Game class is 'GameModeBase'
[2017.07.05-14.28.35:801][721]LogWorld: Bringing World /Game/SideScroller_BP/Maps/UEDPIE_0_Level1.Level1 up for play (max tick rate 60) at 2017.07.05-10.28.35
[2017.07.05-14.28.35:802][721]LogWorld: Bringing up level for play took: 0.009363
[2017.07.05-14.28.35:805][721]LogLoad: Took 1.791491 seconds to LoadMap(/Game/SideScroller_BP/Maps/Level1)
[2017.07.05-14.28.47:530][240]LogNet: Browse: /Game/SideScroller_BP/Maps/Level1
[2017.07.05-14.28.47:530][240]LogLoad: LoadMap: /Game/SideScroller_BP/Maps/Level1
[2017.07.05-14.28.47:587][240]Cmd: MEM
[2017.07.05-14.28.47:599][240]LogMemory: Platform Memory Stats for Windows
[2017.07.05-14.28.47:599][240]LogMemory: Process Physical Memory: 1196.76 MB used, 1258.82 MB peak
[2017.07.05-14.28.47:600][240]LogMemory: Process Virtual Memory: 1589.16 MB used, 1684.78 MB peak
[2017.07.05-14.28.47:600][240]LogMemory: Physical Memory: 7690.25 MB used,  8318.97 MB free, 16009.22 MB total
[2017.07.05-14.28.47:600][240]LogMemory: Virtual Memory: 2393.91 MB used,  8318.97 MB free, 134217728.00 MB total
[2017.07.05-14.28.47:600][240]LogMemory: 
[2017.07.05-14.28.47:600][240]Allocator Stats for TBB: (not implemented)
[2017.07.05-14.28.47:936][240]LogAIModule: Creating AISystem for world Level1
[2017.07.05-14.28.47:937][240]LogLoad: Game class is 'GameModeBase'
[2017.07.05-14.28.47:943][240]LogWorld: Bringing World /Game/SideScroller_BP/Maps/UEDPIE_0_Level1.Level1 up for play (max tick rate 60) at 2017.07.05-10.28.47
[2017.07.05-14.28.47:943][240]LogWorld: Bringing up level for play took: 0.005282
[2017.07.05-14.28.47:946][240]LogLoad: Took 0.415792 seconds to LoadMap(/Game/SideScroller_BP/Maps/Level1)
[2017.07.05-14.29.22:752][ 59]LogBlueprintUserMessages: Early EndPlayMap Detection: Level '/Game/SideScroller_BP/Maps/MenuLevel.MenuLevel:PersistentLevel' has LevelScriptBlueprint '/Game/SideScroller_BP/Maps/MenuLevel.MenuLevel:PersistentLevel.MenuLevel' with GeneratedClass '/Game/SideScroller_BP/Maps/MenuLevel.MenuLevel_C' with ClassGeneratedBy '/Game/SideScroller_BP/Maps/MenuLevel.MenuLevel:PersistentLevel.MenuLevel'
[2017.07.05-14.29.22:861][ 59]LogBlueprintUserMessages: Late EndPlayMap Detection: Level '/Game/SideScroller_BP/Maps/MenuLevel.MenuLevel:PersistentLevel' has LevelScriptBlueprint '/Game/SideScroller_BP/Maps/MenuLevel.MenuLevel:PersistentLevel.MenuLevel' with GeneratedClass '/Game/SideScroller_BP/Maps/MenuLevel.MenuLevel_C' with ClassGeneratedBy '/Game/SideScroller_BP/Maps/MenuLevel.MenuLevel:PersistentLevel.MenuLevel'
[2017.07.05-14.29.33:396][681]LogWindowsTextInputMethodSystem:Display: IME system now deactivated.
[2017.07.05-14.29.33:645][682]Cmd: QUIT_EDITOR
[2017.07.05-14.29.34:588][682]LogExit: Preparing to exit.
[2017.07.05-14.29.35:242][682]LogDirectoryWatcher: A directory notification for 'C:/Users/Camper/Documents/GitHub/Emagination2017Project/MyProject5/Content/' was aborted.
[2017.07.05-14.29.35:263][682]LogExit: Editor shut down
[2017.07.05-14.29.35:263][682]LogExit: Transaction tracking system shut down
[2017.07.05-14.29.35:353][682]LogObj: Freed 0b from 0 cluster array pools.
[2017.07.05-14.29.35:354][682]LogExit: Object subsystem successfully closed.
[2017.07.05-14.29.35:370][682]LogD3D11RHI: Shutdown
[2017.07.05-14.29.35:370][682]LogD3D11RHI: CleanupD3DDevice
[2017.07.05-14.29.35:442][682]LogD3D11RHI: ~FD3D11DynamicRHI
[2017.07.05-14.29.35:473][682]LogModuleManager: Shutting down and abandoning module MovieSceneCapture (500)
[2017.07.05-14.29.35:473][682]LogModuleManager: Shutting down and abandoning module StatsViewer (498)
[2017.07.05-14.29.35:473][682]LogModuleManager: Shutting down and abandoning module HierarchicalLODOutliner (496)
[2017.07.05-14.29.35:473][682]LogModuleManager: Shutting down and abandoning module CrashTracker (494)
[2017.07.05-14.29.35:473][682]LogModuleManager: Shutting down and abandoning module SceneOutliner (492)
[2017.07.05-14.29.35:473][682]LogModuleManager: Shutting down and abandoning module AddContentDialog (490)
[2017.07.05-14.29.35:473][682]LogDirectoryWatcher: A directory notification for 'C:/Program Files/Epic Games/UE_4.15/FeaturePacks/' was aborted.
[2017.07.05-14.29.35:474][682]LogModuleManager: Shutting down and abandoning module WidgetCarousel (489)
[2017.07.05-14.29.35:474][682]LogModuleManager: Shutting down and abandoning module EditorWidgets (486)
[2017.07.05-14.29.35:474][682]LogModuleManager: Shutting down and abandoning module CollectionManager (484)
[2017.07.05-14.29.35:474][682]LogDirectoryWatcher: A directory notification for 'C:/Users/Camper/Documents/GitHub/Emagination2017Project/MyProject5/Content/Collections/' was aborted.
[2017.07.05-14.29.35:474][682]LogDirectoryWatcher: A directory notification for 'C:/Users/Camper/Documents/GitHub/Emagination2017Project/MyProject5/Content/Developers/Camper/Collections/' was aborted.
[2017.07.05-14.29.35:474][682]LogDirectoryWatcher: A directory notification for 'C:/Users/Camper/Documents/GitHub/Emagination2017Project/MyProject5/Saved/Collections/' was aborted.
[2017.07.05-14.29.35:474][682]LogModuleManager: Shutting down and abandoning module FoliageEdit (482)
[2017.07.05-14.29.35:474][682]LogModuleManager: Shutting down and abandoning module LandscapeEditor (480)
[2017.07.05-14.29.35:475][682]LogModuleManager: Shutting down and abandoning module SceneDepthPickerMode (478)
[2017.07.05-14.29.35:475][682]LogModuleManager: Shutting down and abandoning module ActorPickerMode (476)
[2017.07.05-14.29.35:475][682]LogModuleManager: Shutting down and abandoning module GeometryMode (474)
[2017.07.05-14.29.35:475][682]LogModuleManager: Shutting down and abandoning module TextureAlignMode (472)
[2017.07.05-14.29.35:475][682]LogModuleManager: Shutting down and abandoning module BspMode (470)
[2017.07.05-14.29.35:475][682]LogModuleManager: Shutting down and abandoning module HardwareSurvey (468)
[2017.07.05-14.29.35:475][682]LogModuleManager: Shutting down and abandoning module SequenceRecorderSections (466)
[2017.07.05-14.29.35:475][682]LogModuleManager: Shutting down and abandoning module AutomationWorker (464)
[2017.07.05-14.29.35:475][682]LogModuleManager: Shutting down and abandoning module MatineeToLevelSequence (462)
[2017.07.05-14.29.35:475][682]LogModuleManager: Shutting down and abandoning module LevelSequenceEditor (460)
[2017.07.05-14.29.35:475][682]LogModuleManager: Shutting down and abandoning module PlacementMode (459)
[2017.07.05-14.29.35:475][682]LogModuleManager: Shutting down and abandoning module WmfMediaFactory (456)
[2017.07.05-14.29.35:475][682]LogModuleManager: Shutting down and abandoning module WmfMediaEditor (454)
[2017.07.05-14.29.35:475][682]LogModuleManager: Shutting down and abandoning module MfMediaFactory (452)
[2017.07.05-14.29.35:475][682]LogModuleManager: Shutting down and abandoning module MfMediaEditor (450)
[2017.07.05-14.29.35:475][682]LogModuleManager: Shutting down and abandoning module AvfMediaFactory (448)
[2017.07.05-14.29.35:475][682]LogModuleManager: Shutting down and abandoning module AvfMediaEditor (446)
[2017.07.05-14.29.35:475][682]LogModuleManager: Shutting down and abandoning module AndroidMediaFactory (444)
[2017.07.05-14.29.35:475][682]LogModuleManager: Shutting down and abandoning module Media (443)
[2017.07.05-14.29.35:475][682]LogModuleManager: Shutting down and abandoning module AndroidMediaEditor (440)
[2017.07.05-14.29.35:475][682]LogModuleManager: Shutting down and abandoning module CharacterAI (438)
[2017.07.05-14.29.35:475][682]LogModuleManager: Shutting down and abandoning module AudioCapture (436)
[2017.07.05-14.29.35:475][682]LogModuleManager: Shutting down and abandoning module SequenceRecorder (435)
[2017.07.05-14.29.35:475][682]LogModuleManager: Shutting down and abandoning module SmartSnapping (432)
[2017.07.05-14.29.35:475][682]LogModuleManager: Shutting down and abandoning module SessionServices (430)
[2017.07.05-14.29.35:475][682]LogModuleManager: Shutting down and abandoning module ViewportSnapping (428)
[2017.07.05-14.29.35:475][682]LogModuleManager: Shutting down and abandoning module ViewportInteraction (426)
[2017.07.05-14.29.35:475][682]LogModuleManager: Shutting down and abandoning module LogVisualizer (424)
[2017.07.05-14.29.35:475][682]LogModuleManager: Shutting down and abandoning module IntroTutorials (422)
[2017.07.05-14.29.35:475][682]LogModuleManager: Shutting down and abandoning module GameProjectGeneration (421)
[2017.07.05-14.29.35:475][682]LogModuleManager: Shutting down and abandoning module EditorLiveStreaming (418)
[2017.07.05-14.29.35:475][682]LogModuleManager: Shutting down and abandoning module IOSPlatformEditor (416)
[2017.07.05-14.29.35:475][682]LogModuleManager: Shutting down and abandoning module HTML5PlatformEditor (414)
[2017.07.05-14.29.35:475][682]LogModuleManager: Shutting down and abandoning module AndroidPlatformEditor (412)
[2017.07.05-14.29.35:475][682]LogModuleManager: Shutting down and abandoning module AndroidDeviceDetection (411)
[2017.07.05-14.29.35:485][682]LogModuleManager: Shutting down and abandoning module IOSRuntimeSettings (408)
[2017.07.05-14.29.35:485][682]LogModuleManager: Shutting down and abandoning module AndroidRuntimeSettings (406)
[2017.07.05-14.29.35:485][682]LogModuleManager: Shutting down and abandoning module InputBindingEditor (404)
[2017.07.05-14.29.35:485][682]LogModuleManager: Shutting down and abandoning module NiagaraEditor (402)
[2017.07.05-14.29.35:485][682]LogModuleManager: Shutting down and abandoning module MergeActors (400)
[2017.07.05-14.29.35:485][682]LogModuleManager: Shutting down and abandoning module SizeMap (398)
[2017.07.05-14.29.35:485][682]LogModuleManager: Shutting down and abandoning module TreeMap (396)
[2017.07.05-14.29.35:485][682]LogModuleManager: Shutting down and abandoning module ReferenceViewer (394)
[2017.07.05-14.29.35:485][682]LogModuleManager: Shutting down and abandoning module LocalizationDashboard (392)
[2017.07.05-14.29.35:485][682]LogModuleManager: Shutting down and abandoning module LocalizationService (391)
[2017.07.05-14.29.35:485][682]LogModuleManager: Shutting down and abandoning module HardwareTargeting (388)
[2017.07.05-14.29.35:486][682]LogModuleManager: Shutting down and abandoning module DeviceProfileEditor (386)
[2017.07.05-14.29.35:486][682]LogModuleManager: Shutting down and abandoning module UndoHistory (384)
[2017.07.05-14.29.35:486][682]LogModuleManager: Shutting down and abandoning module UserFeedback (382)
[2017.07.05-14.29.35:486][682]LogModuleManager: Shutting down and abandoning module XmlParser (380)
[2017.07.05-14.29.35:486][682]LogModuleManager: Shutting down and abandoning module Blutility (378)
[2017.07.05-14.29.35:486][682]LogModuleManager: Shutting down and abandoning module ProjectSettingsViewer (376)
[2017.07.05-14.29.35:486][682]LogModuleManager: Shutting down and abandoning module ProjectTargetPlatformEditor (375)
[2017.07.05-14.29.35:486][682]LogModuleManager: Shutting down and abandoning module EditorSettingsViewer (372)
[2017.07.05-14.29.35:486][682]LogModuleManager: Shutting down and abandoning module SettingsEditor (370)
[2017.07.05-14.29.35:487][682]LogModuleManager: Shutting down and abandoning module ProjectLauncher (368)
[2017.07.05-14.29.35:487][682]LogModuleManager: Shutting down and abandoning module SessionFrontend (366)
[2017.07.05-14.29.35:487][682]LogModuleManager: Shutting down and abandoning module ProfilerClient (364)
[2017.07.05-14.29.35:487][682]LogModuleManager: Shutting down and abandoning module DeviceManager (362)
[2017.07.05-14.29.35:487][682]LogModuleManager: Shutting down and abandoning module TargetDeviceServices (361)
[2017.07.05-14.29.35:531][682]LogModuleManager: Shutting down and abandoning module AutomationController (358)
[2017.07.05-14.29.35:531][682]LogModuleManager: Shutting down and abandoning module AutomationWindow (356)
[2017.07.05-14.29.35:531][682]LogModuleManager: Shutting down and abandoning module Layers (354)
[2017.07.05-14.29.35:531][682]LogModuleManager: Shutting down and abandoning module ComponentVisualizers (352)
[2017.07.05-14.29.35:531][682]LogModuleManager: Shutting down and abandoning module DetailCustomizations (350)
[2017.07.05-14.29.35:531][682]LogModuleManager: Shutting down and abandoning module PackagesDialog (348)
[2017.07.05-14.29.35:531][682]LogModuleManager: Shutting down and abandoning module Persona (346)
[2017.07.05-14.29.35:531][682]LogModuleManager: Shutting down and abandoning module AnimGraph (345)
[2017.07.05-14.29.35:531][682]LogModuleManager: Shutting down and abandoning module Kismet (342)
[2017.07.05-14.29.35:532][682]LogModuleManager: Shutting down and abandoning module GraphEditor (340)
[2017.07.05-14.29.35:532][682]LogModuleManager: Shutting down and abandoning module ClassViewer (338)
[2017.07.05-14.29.35:532][682]LogModuleManager: Shutting down and abandoning module Toolbox (336)
[2017.07.05-14.29.35:532][682]LogModuleManager: Shutting down and abandoning module ModuleUI (334)
[2017.07.05-14.29.35:532][682]LogModuleManager: Shutting down and abandoning module MovieSceneTools (332)
[2017.07.05-14.29.35:532][682]LogModuleManager: Shutting down and abandoning module OutputLog (330)
[2017.07.05-14.29.35:532][682]LogModuleManager: Shutting down and abandoning module GammaUI (328)
[2017.07.05-14.29.35:532][682]LogModuleManager: Shutting down and abandoning module Documentation (326)
[2017.07.05-14.29.35:532][682]LogModuleManager: Shutting down and abandoning module Niagara (324)
[2017.07.05-14.29.35:532][682]LogModuleManager: Shutting down and abandoning module StreamingPauseRendering (322)
[2017.07.05-14.29.35:532][682]LogModuleManager: Shutting down and abandoning module AnalyticsET (320)
[2017.07.05-14.29.35:532][682]LogModuleManager: Shutting down and abandoning module PortalServices (318)
[2017.07.05-14.29.35:532][682]LogModuleManager: Shutting down and abandoning module PortalRpc (316)
[2017.07.05-14.29.35:532][682]LogModuleManager: Shutting down and abandoning module MessagingRpc (314)
[2017.07.05-14.29.35:532][682]LogModuleManager: Shutting down and abandoning module AIModule (312)
[2017.07.05-14.29.35:532][682]LogModuleManager: Shutting down and abandoning module GameplayDebugger (311)
[2017.07.05-14.29.35:532][682]LogModuleManager: Shutting down and abandoning module AITestSuite (309)
[2017.07.05-14.29.35:532][682]LogModuleManager: Shutting down and abandoning module ProfilerService (306)
[2017.07.05-14.29.35:537][682]LogModuleManager: Shutting down and abandoning module TaskGraph (304)
[2017.07.05-14.29.35:537][682]LogModuleManager: Shutting down and abandoning module SteamVRController (302)
[2017.07.05-14.29.35:537][682]LogModuleManager: Shutting down and abandoning module SteamVR (300)
[2017.07.05-14.29.35:537][682]LogModuleManager: Shutting down and abandoning module ProceduralMeshComponentEditor (298)
[2017.07.05-14.29.35:537][682]LogModuleManager: Shutting down and abandoning module ProceduralMeshComponent (296)
[2017.07.05-14.29.35:537][682]LogModuleManager: Shutting down and abandoning module OculusLibrary (294)
[2017.07.05-14.29.35:537][682]LogModuleManager: Shutting down and abandoning module OculusInput (292)
[2017.07.05-14.29.35:537][682]LogModuleManager: Shutting down and abandoning module MobilePatchingUtils (290)
[2017.07.05-14.29.35:537][682]LogModuleManager: Shutting down and abandoning module CustomMeshComponent (288)
[2017.07.05-14.29.35:537][682]LogModuleManager: Shutting down and abandoning module CableComponent (286)
[2017.07.05-14.29.35:538][682]LogModuleManager: Shutting down and abandoning module ArchVisCharacter (284)
[2017.07.05-14.29.35:538][682]LogModuleManager: Shutting down and abandoning module MediaPlayerEditor (280)
[2017.07.05-14.29.35:538][682]LogModuleManager: Shutting down and abandoning module HTML5Networking (278)
[2017.07.05-14.29.35:538][682]LogModuleManager: Shutting down and abandoning module AlembicImporter (276)
[2017.07.05-14.29.35:538][682]LogModuleManager: Shutting down and abandoning module AlembicLibrary (275)
[2017.07.05-14.29.35:538][682]LogModuleManager: Shutting down and abandoning module GeometryCache (274)
[2017.07.05-14.29.35:538][682]LogModuleManager: Shutting down and abandoning module GeometryCacheEd (273)
[2017.07.05-14.29.35:538][682]LogModuleManager: Shutting down and abandoning module SuperSearchEditor (268)
[2017.07.05-14.29.35:538][682]LogModuleManager: Shutting down and abandoning module SuperSearch (267)
[2017.07.05-14.29.35:538][682]LogModuleManager: Shutting down and abandoning module SpeedTreeImporter (264)
[2017.07.05-14.29.35:538][682]LogModuleManager: Shutting down and abandoning module PluginBrowser (262)
[2017.07.05-14.29.35:538][682]LogModuleManager: Shutting down and abandoning module MobileLauncherProfileWizard (260)
[2017.07.05-14.29.35:538][682]LogModuleManager: Shutting down and abandoning module EpicSurvey (258)
[2017.07.05-14.29.35:538][682]LogModuleManager: Shutting down and abandoning module VisualStudioSourceCodeAccess (256)
[2017.07.05-14.29.35:538][682]LogModuleManager: Shutting down and abandoning module DesktopPlatform (255)
[2017.07.05-14.29.35:538][682]LogModuleManager: Shutting down and abandoning module UObjectPlugin (252)
[2017.07.05-14.29.35:538][682]LogModuleManager: Shutting down and abandoning module SubversionSourceControl (250)
[2017.07.05-14.29.35:538][682]LogModuleManager: Shutting down and abandoning module PerforceSourceControl (248)
[2017.07.05-14.29.35:538][682]LogModuleManager: Shutting down and abandoning module GitSourceControl (246)
[2017.07.05-14.29.35:538][682]LogModuleManager: Shutting down and abandoning module SourceControl (245)
[2017.07.05-14.29.35:538][682]LogModuleManager: Shutting down and abandoning module LightPropagationVolumeEditor (242)
[2017.07.05-14.29.35:538][682]LogModuleManager: Shutting down and abandoning module PaperTiledImporter (240)
[2017.07.05-14.29.35:538][682]LogModuleManager: Shutting down and abandoning module PaperSpriteSheetImporter (238)
[2017.07.05-14.29.35:538][682]LogModuleManager: Shutting down and abandoning module Paper2DEditor (236)
[2017.07.05-14.29.35:538][682]LogModuleManager: Shutting down and abandoning module MeshPaint (235)
[2017.07.05-14.29.35:538][682]LogModuleManager: Shutting down and abandoning module LevelEditor (233)
[2017.07.05-14.29.35:539][682]LogModuleManager: Shutting down and abandoning module PixelInspectorModule (232)
[2017.07.05-14.29.35:539][682]LogModuleManager: Shutting down and abandoning module MainFrame (230)
[2017.07.05-14.29.35:539][682]LogModuleManager: Shutting down and abandoning module HotReload (229)
[2017.07.05-14.29.35:539][682]LogModuleManager: Shutting down and abandoning module ContentBrowser (225)
[2017.07.05-14.29.35:540][682]LogModuleManager: Shutting down and abandoning module PhysXVehiclesEditor (222)
[2017.07.05-14.29.35:540][682]LogModuleManager: Shutting down and abandoning module PhysXVehicles (220)
[2017.07.05-14.29.35:540][682]LogModuleManager: Shutting down and abandoning module LocationServicesBPLibrary (218)
[2017.07.05-14.29.35:540][682]LogModuleManager: Shutting down and abandoning module UdpMessaging (216)
[2017.07.05-14.29.35:641][682]LogModuleManager: Shutting down and abandoning module TcpMessaging (214)
[2017.07.05-14.29.36:065][682]LogModuleManager: Shutting down and abandoning module GameplayTagsEditor (212)
[2017.07.05-14.29.36:065][682]LogModuleManager: Shutting down and abandoning module FacialAnimationEditor (210)
[2017.07.05-14.29.36:065][682]LogModuleManager: Shutting down and abandoning module FacialAnimation (208)
[2017.07.05-14.29.36:065][682]LogModuleManager: Shutting down and abandoning module LightPropagationVolumeRuntime (206)
[2017.07.05-14.29.36:065][682]LogModuleManager: Shutting down and abandoning module Paper2D (204)
[2017.07.05-14.29.36:065][682]LogModuleManager: Shutting down and abandoning module WindowsMoviePlayer (202)
[2017.07.05-14.29.36:065][682]LogModuleManager: Shutting down and abandoning module WmfMedia (200)
[2017.07.05-14.29.36:066][682]LogModuleManager: Shutting down and abandoning module MfMedia (198)
[2017.07.05-14.29.36:066][682]LogModuleManager: Shutting down and abandoning module MediaAssets (196)
[2017.07.05-14.29.36:066][682]LogModuleManager: Shutting down and abandoning module GameLiveStreaming (194)
[2017.07.05-14.29.36:066][682]LogModuleManager: Shutting down and abandoning module VREditor (192)
[2017.07.05-14.29.36:066][682]LogModuleManager: Shutting down and abandoning module GameplayTasksEditor (190)
[2017.07.05-14.29.36:066][682]LogModuleManager: Shutting down and abandoning module BehaviorTreeEditor (188)
[2017.07.05-14.29.36:066][682]LogModuleManager: Shutting down and abandoning module FunctionalTesting (186)
[2017.07.05-14.29.36:066][682]LogModuleManager: Shutting down and abandoning module CollisionAnalyzer (184)
[2017.07.05-14.29.36:066][682]LogModuleManager: Shutting down and abandoning module UMG (182)
[2017.07.05-14.29.36:066][682]LogModuleManager: Shutting down and abandoning module UMGEditor (181)
[2017.07.05-14.29.36:066][682]LogModuleManager: Shutting down and abandoning module Sequencer (180)
[2017.07.05-14.29.36:066][682]LogModuleManager: Shutting down and abandoning module AssetTools (178)
[2017.07.05-14.29.36:066][682]LogModuleManager: Shutting down and abandoning module MessageLog (177)
[2017.07.05-14.29.36:066][682]LogModuleManager: Shutting down and abandoning module WorkspaceMenuStructure (176)
[2017.07.05-14.29.36:066][682]LogModuleManager: Shutting down and abandoning module SlateReflector (170)
[2017.07.05-14.29.36:066][682]LogModuleManager: Shutting down and abandoning module Slate (168)
[2017.07.05-14.29.36:066][682]LogModuleManager: Shutting down and abandoning module EditorStyle (166)
[2017.07.05-14.29.36:069][682]LogModuleManager: Shutting down and abandoning module SourceCodeAccess (164)
[2017.07.05-14.29.36:069][682]LogModuleManager: Shutting down and abandoning module HeadMountedDisplay (162)
[2017.07.05-14.29.36:069][682]LogModuleManager: Shutting down and abandoning module XAudio2 (160)
[2017.07.05-14.29.36:069][682]LogModuleManager: Shutting down and abandoning module Networking (158)
[2017.07.05-14.29.36:069][682]LogModuleManager: Shutting down and abandoning module Core (154)
[2017.07.05-14.29.36:069][682]LogModuleManager: Shutting down and abandoning module AssetRegistry (152)
[2017.07.05-14.29.36:130][682]LogDirectoryWatcher: A directory notification for '../../../Engine/Content/' was aborted.
[2017.07.05-14.29.36:130][682]LogDirectoryWatcher: A directory notification for '../../../../../../Users/Camper/Documents/GitHub/Emagination2017Project/MyProject5/Content/' was aborted.
[2017.07.05-14.29.36:130][682]LogDirectoryWatcher: A directory notification for '../../../Engine/Plugins/2D/Paper2D/Content/' was aborted.
[2017.07.05-14.29.36:130][682]LogModuleManager: Shutting down and abandoning module DirectoryWatcher (151)
[2017.07.05-14.29.36:131][682]LogModuleManager: Shutting down and abandoning module KismetCompiler (148)
[2017.07.05-14.29.36:131][682]LogModuleManager: Shutting down and abandoning module PhysXFormats (146)
[2017.07.05-14.29.36:131][682]LogModuleManager: Shutting down and abandoning module MeshUtilities (144)
[2017.07.05-14.29.36:131][682]LogModuleManager: Shutting down and abandoning module SimplygonSwarm (143)
[2017.07.05-14.29.36:131][682]LogModuleManager: Shutting down and abandoning module SimplygonMeshReduction (141)
[2017.07.05-14.29.36:131][682]LogModuleManager: Shutting down and abandoning module QuadricMeshReduction (139)
[2017.07.05-14.29.36:131][682]LogModuleManager: Shutting down and abandoning module PropertyEditor (137)
[2017.07.05-14.29.36:131][682]LogModuleManager: Shutting down and abandoning module DerivedDataCache (134)
[2017.07.05-14.29.36:225][682]LogDerivedDataCache: Shutdown
[2017.07.05-14.29.36:225][682]LogModuleManager: Shutting down and abandoning module TargetPlatform (132)
[2017.07.05-14.29.36:225][682]LogModuleManager: Shutting down and abandoning module VulkanShaderFormat (131)
[2017.07.05-14.29.36:225][682]LogModuleManager: Shutting down and abandoning module ShaderFormatOpenGL (129)
[2017.07.05-14.29.36:225][682]LogModuleManager: Shutting down and abandoning module ShaderFormatD3D (127)
[2017.07.05-14.29.36:225][682]LogModuleManager: Shutting down and abandoning module MetalShaderFormat (125)
[2017.07.05-14.29.36:225][682]LogModuleManager: Shutting down and abandoning module TextureFormatUncompressed (123)
[2017.07.05-14.29.36:225][682]LogModuleManager: Shutting down and abandoning module TextureFormatPVR (121)
[2017.07.05-14.29.36:225][682]LogModuleManager: Shutting down and abandoning module TextureFormatDXT (119)
[2017.07.05-14.29.36:225][682]LogModuleManager: Shutting down and abandoning module TextureFormatIntelISPCTexComp (117)
[2017.07.05-14.29.36:225][682]LogModuleManager: Shutting down and abandoning module TextureFormatASTC (115)
[2017.07.05-14.29.36:225][682]LogModuleManager: Shutting down and abandoning module ImageWrapper (114)
[2017.07.05-14.29.36:226][682]LogModuleManager: Shutting down and abandoning module TextureFormatAndroid (111)
[2017.07.05-14.29.36:226][682]LogModuleManager: Shutting down and abandoning module AudioFormatOpus (109)
[2017.07.05-14.29.36:226][682]LogModuleManager: Shutting down and abandoning module AudioFormatOgg (107)
[2017.07.05-14.29.36:226][682]LogModuleManager: Shutting down and abandoning module AudioFormatADPCM (105)
[2017.07.05-14.29.36:226][682]LogModuleManager: Shutting down and abandoning module LinuxTargetPlatform (103)
[2017.07.05-14.29.36:226][682]LogModuleManager: Shutting down and abandoning module LinuxServerTargetPlatform (101)
[2017.07.05-14.29.36:226][682]LogModuleManager: Shutting down and abandoning module LinuxNoEditorTargetPlatform (99)
[2017.07.05-14.29.36:226][682]LogModuleManager: Shutting down and abandoning module LinuxClientTargetPlatform (97)
[2017.07.05-14.29.36:226][682]LogModuleManager: Shutting down and abandoning module TVOSTargetPlatform (95)
[2017.07.05-14.29.36:226][682]LogModuleManager: Shutting down and abandoning module Messaging (93)
[2017.07.05-14.29.36:226][682]LogModuleManager: Shutting down and abandoning module IOSTargetPlatform (91)
[2017.07.05-14.29.36:226][682]LogModuleManager: Shutting down and abandoning module HTML5TargetPlatform (89)
[2017.07.05-14.29.36:226][682]LogModuleManager: Shutting down and abandoning module Android_PVRTCTargetPlatform (87)
[2017.07.05-14.29.36:226][682]LogModuleManager: Shutting down and abandoning module Android_MultiTargetPlatform (85)
[2017.07.05-14.29.36:226][682]LogModuleManager: Shutting down and abandoning module Android_ETC2TargetPlatform (83)
[2017.07.05-14.29.36:226][682]LogModuleManager: Shutting down and abandoning module Android_ETC1TargetPlatform (81)
[2017.07.05-14.29.36:226][682]LogModuleManager: Shutting down and abandoning module Android_DXTTargetPlatform (79)
[2017.07.05-14.29.36:226][682]LogModuleManager: Shutting down and abandoning module Android_ATCTargetPlatform (77)
[2017.07.05-14.29.36:226][682]LogModuleManager: Shutting down and abandoning module Android_ASTCTargetPlatform (75)
[2017.07.05-14.29.36:226][682]LogModuleManager: Shutting down and abandoning module AndroidTargetPlatform (73)
[2017.07.05-14.29.36:226][682]LogModuleManager: Shutting down and abandoning module WindowsTargetPlatform (71)
[2017.07.05-14.29.36:226][682]LogModuleManager: Shutting down and abandoning module WindowsServerTargetPlatform (69)
[2017.07.05-14.29.36:226][682]LogModuleManager: Shutting down and abandoning module WindowsNoEditorTargetPlatform (67)
[2017.07.05-14.29.36:226][682]LogModuleManager: Shutting down and abandoning module WindowsClientTargetPlatform (65)
[2017.07.05-14.29.36:226][682]LogModuleManager: Shutting down and abandoning module MacTargetPlatform (63)
[2017.07.05-14.29.36:226][682]LogModuleManager: Shutting down and abandoning module MacServerTargetPlatform (61)
[2017.07.05-14.29.36:226][682]LogModuleManager: Shutting down and abandoning module MacNoEditorTargetPlatform (59)
[2017.07.05-14.29.36:226][682]LogModuleManager: Shutting down and abandoning module MacClientTargetPlatform (57)
[2017.07.05-14.29.36:226][682]LogModuleManager: Shutting down and abandoning module AllDesktopTargetPlatform (55)
[2017.07.05-14.29.36:226][682]LogModuleManager: Shutting down and abandoning module InputCore (52)
[2017.07.05-14.29.36:226][682]LogModuleManager: Shutting down and abandoning module Settings (50)
[2017.07.05-14.29.36:226][682]LogModuleManager: Shutting down and abandoning module OculusRift (48)
[2017.07.05-14.29.36:226][682]LogModuleManager: Shutting down and abandoning module GearVR (46)
[2017.07.05-14.29.36:226][682]LogModuleManager: Shutting down and abandoning module ExampleDeviceProfileSelector (44)
[2017.07.05-14.29.36:226][682]LogModuleManager: Shutting down and abandoning module OnlineBlueprintSupport (42)
[2017.07.05-14.29.36:226][682]LogModuleManager: Shutting down and abandoning module OnlineSubsystem (38)
[2017.07.05-14.29.36:226][682]LogOnline:Display: Unloading online subsystem: NULL
[2017.07.05-14.29.36:226][682]LogModuleManager: Shutting down and abandoning module XMPP (37)
[2017.07.05-14.29.36:226][682]LogModuleManager: Shutting down and abandoning module HTTP (35)
[2017.07.05-14.29.36:226][682]LogHttp:Display: Http module shutting down, but needs to wait on 1 outstanding Http requests:
[2017.07.05-14.29.36:226][682]LogHttp:Display: 	verb=[POST] url=[https://datarouter.ol.epicgames.com/datarouter/api/v1/public/data?SessionID=%7B52C1FBAA-46F3-B33E-7F74-D79861BFE0C1%7D&AppID=UEEditor.Rocket.Release&AppVersion=4.15.2-3416026%2B%2B%2BUE4%2BRelease-4.15&UserID=cb03359b402e97089a818485821d9df5%7Cdce5bf350dae4151a605eba1ad91624d%7C1ff1b01f-1d35-47d8-b799-dbda82573b2d&AppEnvironment=datacollector-binary&UploadType=eteventstream] status=Processing
[2017.07.05-14.29.36:251][682]LogModuleManager: Shutting down and abandoning module SSL (34)
[2017.07.05-14.29.36:255][682]LogModuleManager: Shutting down and abandoning module AudioEditor (30)
[2017.07.05-14.29.36:255][682]LogModuleManager: Shutting down and abandoning module TextureCompressor (28)
[2017.07.05-14.29.36:255][682]LogModuleManager: Shutting down and abandoning module ShaderCore (26)
[2017.07.05-14.29.36:255][682]LogModuleManager: Shutting down and abandoning module Landscape (24)
[2017.07.05-14.29.36:255][682]LogModuleManager: Shutting down and abandoning module SlateRHIRenderer (22)
[2017.07.05-14.29.36:256][682]LogModuleManager: Shutting down and abandoning module OpenGLDrv (20)
[2017.07.05-14.29.36:256][682]LogModuleManager: Shutting down and abandoning module D3D11RHI (18)
[2017.07.05-14.29.36:256][682]LogModuleManager: Shutting down and abandoning module AnimGraphRuntime (16)
[2017.07.05-14.29.36:256][682]LogModuleManager: Shutting down and abandoning module Renderer (14)
[2017.07.05-14.29.36:256][682]LogModuleManager: Shutting down and abandoning module Engine (12)
[2017.07.05-14.29.36:256][682]LogModuleManager: Shutting down and abandoning module CoreUObject (10)
[2017.07.05-14.29.36:256][682]LogModuleManager: Shutting down and abandoning module NetworkFile (8)
[2017.07.05-14.29.36:256][682]LogModuleManager: Shutting down and abandoning module StreamingFile (6)
[2017.07.05-14.29.36:256][682]LogModuleManager: Shutting down and abandoning module SandboxFile (4)
[2017.07.05-14.29.36:256][682]LogModuleManager: Shutting down and abandoning module PakFile (2)
[2017.07.05-14.29.36:258][682]LogExit: Exiting.
[2017.07.05-14.29.36:273][682]Log file closed, 07/05/17 10:29:36
