Log file open, 07/06/17 08:56:36
LogInit:Display: Running engine for game: MyProject5
LogPlatformFile: Not using cached read wrapper
LogInit:Display: RandInit(-518067957) SRandInit(-518067957).
LogTaskGraph: Started task graph with 5 named threads and 8 total threads with 1 sets of task threads.
LogStats: Stats thread started at 0.090488
LogInit: Using libcurl 7.47.1
LogInit:  - built for x86_64-pc-win32
LogInit:  - supports SSL with OpenSSL/1.0.2g
LogInit:  - supports HTTP deflate (compression) using libz 1.2.8
LogInit:  - other features:
LogInit:      CURL_VERSION_SSL
LogInit:      CURL_VERSION_LIBZ
LogInit:      CURL_VERSION_IPV6
LogInit:      CURL_VERSION_ASYNCHDNS
LogInit:      CURL_VERSION_LARGEFILE
LogInit:      CURL_VERSION_IDN
LogInit:  CurlRequestOptions (configurable via config and command line):
LogInit:  - bVerifyPeer = false  - Libcurl will NOT verify peer certificate
LogInit:  - bUseHttpProxy = false  - Libcurl will NOT use HTTP proxy
LogInit:  - bDontReuseConnections = false  - Libcurl will reuse connections
LogInit:  - CertBundlePath = nullptr  - Libcurl will use whatever was configured at build time.
LogInit: Build: ++UE4+Release-4.15-CL-3416026
LogInit: Engine Version: 4.15.2-3416026+++UE4+Release-4.15
LogInit: Compatible Engine Version: 4.15.0-3299760+++UE4+Release-4.15
LogInit: Net CL: 3299760
LogDevObjectVersion: Number of dev versions registered: 14
LogDevObjectVersion:   Dev-Blueprints (B0D832E4-1F89-4F0D-ACCF-7EB736FD4AA2): 8
LogDevObjectVersion:   Dev-Build (E1C64328-A22C-4D53-A36C-8E866417BD8C): 0
LogDevObjectVersion:   Dev-Core (375EC13C-06E4-48FB-B500-84F0262A717E): 2
LogDevObjectVersion:   Dev-Editor (E4B068ED-F494-42E9-A231-DA0B2E46BB41): 14
LogDevObjectVersion:   Dev-Framework (CFFC743F-43B0-4480-9391-14DF171D2073): 22
LogDevObjectVersion:   Dev-Mobile (B02B49B5-BB20-44E9-A304-32B752E40360): 0
LogDevObjectVersion:   Dev-Networking (A4E4105C-59A1-49B5-A7C5-40C4547EDFEE): 0
LogDevObjectVersion:   Dev-Online (39C831C9-5AE6-47DC-9A44-9C173E1C8E7C): 0
LogDevObjectVersion:   Dev-Physics (78F01B33-EBEA-4F98-B9B4-84EACCB95AA2): 0
LogDevObjectVersion:   Dev-Platform (6631380F-2D4D-43E0-8009-CF276956A95A): 0
LogDevObjectVersion:   Dev-Rendering (12F88B9F-8875-4AFC-A67C-D90C383ABD29): 12
LogDevObjectVersion:   Dev-Sequencer (7B5AE74C-D270-4C10-A958-57980B212A5A): 3
LogDevObjectVersion:   Dev-VR (D7296918-1DD6-4BDD-9DE2-64A83CC13884): 0
LogDevObjectVersion:   Dev-LoadTimes (C2A15278-BFE7-4AFE-6C17-90FF531DF755): 1
LogInit: Compiled (64-bit): May  1 2017 13:11:28
LogInit: Compiled with Visual C++: 19.00.23026.00
LogInit: Build Configuration: Development
LogInit: Branch Name: ++UE4+Release-4.15
LogInit: Command line:  
LogInit: Base directory: C:/Program Files/Epic Games/UE_4.15/Engine/Binaries/Win64/
LogInit: Installed Engine Build: 1
LogInit: Presizing for max 8388607 objects, including 0 objects not considered by GC, pre-allocating 0 bytes for permanent pool.
LogInit: Object subsystem initialized
[2017.07.06-12.56.38:071][  0]LogInit: Selected Device Profile: [Windows]
[2017.07.06-12.56.38:071][  0]LogInit: Applying CVar settings loaded from the selected device profile: [Windows]
[2017.07.06-12.56.38:082][  0]LogInit: Computer: EGDWS_MA_0013
[2017.07.06-12.56.38:082][  0]LogInit: User: Camper
[2017.07.06-12.56.38:082][  0]LogInit: CPU Page size=65536, Cores=4
[2017.07.06-12.56.38:082][  0]LogInit: High frequency timer resolution =2.338344 MHz
[2017.07.06-12.56.38:082][  0]LogMemory: Memory total: Physical=15.6GB (16GB approx)
[2017.07.06-12.56.38:082][  0]LogMemory: Platform Memory Stats for Windows
[2017.07.06-12.56.38:082][  0]LogMemory: Process Physical Memory: 262.34 MB used, 262.34 MB peak
[2017.07.06-12.56.38:082][  0]LogMemory: Process Virtual Memory: 262.66 MB used, 262.66 MB peak
[2017.07.06-12.56.38:082][  0]LogMemory: Physical Memory: 6898.42 MB used,  9110.80 MB free, 16009.22 MB total
[2017.07.06-12.56.38:082][  0]LogMemory: Virtual Memory: 630.80 MB used,  9110.80 MB free, 134217728.00 MB total
[2017.07.06-12.56.38:230][  0]LogTextLocalizationManager: No specific translations for ('en-US') exist, so ('en') translations will be used.
[2017.07.06-12.56.39:034][  0]LogD3D11RHI: D3D11 adapters:
[2017.07.06-12.56.39:062][  0]LogD3D11RHI:    0. 'NVIDIA Quadro K1100M   ' (Feature Level 11_0)
[2017.07.06-12.56.39:062][  0]LogD3D11RHI:       1992/0/8004 MB DedicatedVideo/DedicatedSystem/SharedSystem, Outputs:1, VendorId:0x10de
[2017.07.06-12.56.39:069][  0]LogD3D11RHI:    1. 'Intel(R) HD Graphics 4600' (Feature Level 11_0)
[2017.07.06-12.56.39:069][  0]LogD3D11RHI:       112/0/2048 MB DedicatedVideo/DedicatedSystem/SharedSystem, Outputs:0, VendorId:0x8086
[2017.07.06-12.56.39:071][  0]LogD3D11RHI:    2. 'Microsoft Basic Render Driver' (Feature Level 11_0)
[2017.07.06-12.56.39:071][  0]LogD3D11RHI:       0/0/8004 MB DedicatedVideo/DedicatedSystem/SharedSystem, Outputs:0, VendorId:0x1414
[2017.07.06-12.56.39:071][  0]LogD3D11RHI: Chosen D3D11 Adapter: 0
[2017.07.06-12.56.39:076][  0]LogD3D11RHI: Creating new Direct3DDevice
[2017.07.06-12.56.39:076][  0]LogD3D11RHI:     GPU DeviceId: 0xff6 (for the marketing name, search the web for "GPU Device Id")
[2017.07.06-12.56.39:076][  0]LogWindows: EnumDisplayDevices:
[2017.07.06-12.56.39:076][  0]LogWindows:    0. 'Intel(R) HD Graphics 4600' (P:1 D:1)
[2017.07.06-12.56.39:076][  0]LogWindows:    1. 'Intel(R) HD Graphics 4600' (P:0 D:0)
[2017.07.06-12.56.39:077][  0]LogWindows:    2. 'Intel(R) HD Graphics 4600' (P:0 D:0)
[2017.07.06-12.56.39:077][  0]LogWindows: DebugString: PrimaryIsNotTheChoosenAdapter PrimaryIsNotTheChoosenAdapter PrimaryIsNotTheChoosenAdapter FoundDriverCount:0 
[2017.07.06-12.56.39:077][  0]LogD3D11RHI:     Adapter Name: NVIDIA Quadro K1100M   
[2017.07.06-12.56.39:077][  0]LogD3D11RHI:   Driver Version: Unknown (internal:Unknown, unified:Unknown)
[2017.07.06-12.56.39:077][  0]LogD3D11RHI:      Driver Date: Unknown
[2017.07.06-12.56.39:077][  0]LogRHI: Texture pool is 1361 MB (70% of 1945 MB)
[2017.07.06-12.56.39:092][  0]LogD3D11RHI:Warning: Timestamp queries are currently disabled on this hardware due to instability. Realtime GPU stats will not be available. You can override this behaviour by setting r.NVIDIATimestampWorkaround to 0
[2017.07.06-12.56.39:096][  0]LogD3D11RHI: NvAPI_D3D_GetCurrentSLIState failed: 0xfffffff7
[2017.07.06-12.56.39:097][  0]LogD3D11RHI: [Aftermath] Aftermath enabled but failed to initialize due to reason: DriverVersionNotSupported
[2017.07.06-12.56.39:097][  0]LogD3D11RHI: Async texture creation enabled
[2017.07.06-12.56.39:115][  0]LogD3D11RHI: GPU Timing Frequency: 1000.000000 (Debug: 2 2)
[2017.07.06-12.56.39:116][  0]LogShaderCompilers: Guid format shader working directory is -34 characters bigger than the processId version (../../../../../../Users/Camper/Documents/GitHub/Emagination2017Project/MyProject5/Intermediate/Shaders/WorkingDirectory/8000/).
[2017.07.06-12.56.39:116][  0]LogShaderCompilers: Cleaned the shader compiler working directory 'C:/Users/Camper/AppData/Local/Temp/UnrealShaderWorkingDir/C0F660CC4880BF7B560FC2B8298E78A8/'.
[2017.07.06-12.56.39:116][  0]LogShaderCompilers:Display: Using Local Shader Compiler.
[2017.07.06-12.56.40:573][  0]LogTemp:Display: Loaded TP AllDesktopTargetPlatform
[2017.07.06-12.56.40:656][  0]LogTemp:Display: Loaded TP MacClientTargetPlatform
[2017.07.06-12.56.40:737][  0]LogTemp:Display: Loaded TP MacNoEditorTargetPlatform
[2017.07.06-12.56.40:824][  0]LogTemp:Display: Loaded TP MacServerTargetPlatform
[2017.07.06-12.56.40:903][  0]LogTemp:Display: Loaded TP MacTargetPlatform
[2017.07.06-12.56.40:984][  0]LogTemp:Display: Loaded TP WindowsClientTargetPlatform
[2017.07.06-12.56.41:064][  0]LogTemp:Display: Loaded TP WindowsNoEditorTargetPlatform
[2017.07.06-12.56.41:142][  0]LogTemp:Display: Loaded TP WindowsServerTargetPlatform
[2017.07.06-12.56.41:210][  0]LogTemp:Display: Loaded TP WindowsTargetPlatform
[2017.07.06-12.56.41:285][  0]LogTemp:Display: Loaded TP AndroidTargetPlatform
[2017.07.06-12.56.41:374][  0]LogTemp:Display: Loaded TP Android_ASTCTargetPlatform
[2017.07.06-12.56.41:454][  0]LogTemp:Display: Loaded TP Android_ATCTargetPlatform
[2017.07.06-12.56.41:535][  0]LogTemp:Display: Loaded TP Android_DXTTargetPlatform
[2017.07.06-12.56.41:621][  0]LogTemp:Display: Loaded TP Android_ETC1TargetPlatform
[2017.07.06-12.56.41:708][  0]LogTemp:Display: Loaded TP Android_ETC2TargetPlatform
[2017.07.06-12.56.41:879][  0]LogTemp:Display: Loaded TP Android_MultiTargetPlatform
[2017.07.06-12.56.41:879][  0]LogTemp:Display: Loaded TP Android_PVRTCTargetPlatform
[2017.07.06-12.56.41:959][  0]LogTemp:Display: Loaded TP HTML5TargetPlatform
[2017.07.06-12.56.42:093][  0]LogTemp:Display: Loaded TP IOSTargetPlatform
[2017.07.06-12.56.42:140][  0]LogTemp:Display: Loaded TP TVOSTargetPlatform
[2017.07.06-12.56.42:229][  0]LogTemp:Display: Loaded TP LinuxClientTargetPlatform
[2017.07.06-12.56.42:322][  0]LogTemp:Display: Loaded TP LinuxNoEditorTargetPlatform
[2017.07.06-12.56.42:414][  0]LogTemp:Display: Loaded TP LinuxServerTargetPlatform
[2017.07.06-12.56.42:502][  0]LogTemp:Display: Loaded TP LinuxTargetPlatform
[2017.07.06-12.56.42:502][  0]LogTargetPlatformManager:Display: Building Assets For Windows
[2017.07.06-12.56.43:287][  0]LogDerivedDataCache:Display: Max Cache Size: 512 MB
[2017.07.06-12.56.43:344][  0]LogDerivedDataCache: Loaded boot cache 0.06s 50MB C:/Users/Camper/AppData/Local/UnrealEngine/4.15/DerivedDataCache/Boot.ddc.
[2017.07.06-12.56.43:344][  0]LogDerivedDataCache:Display: Loaded Boot cache: C:/Users/Camper/AppData/Local/UnrealEngine/4.15/DerivedDataCache/Boot.ddc
[2017.07.06-12.56.43:344][  0]LogDerivedDataCache: FDerivedDataBackendGraph:  Pak pak cache file ../../../../../../Users/Camper/Documents/GitHub/Emagination2017Project/MyProject5/DerivedDataCache/DDC.ddp not found, will not use a pak cache.
[2017.07.06-12.56.43:344][  0]LogDerivedDataCache: Unable to find inner node Pak for hierarchical cache Hierarchy.
[2017.07.06-12.56.43:344][  0]LogDerivedDataCache: FDerivedDataBackendGraph:  CompressedPak pak cache file ../../../../../../Users/Camper/Documents/GitHub/Emagination2017Project/MyProject5/DerivedDataCache/Compressed.ddp not found, will not use a pak cache.
[2017.07.06-12.56.43:344][  0]LogDerivedDataCache: Unable to find inner node CompressedPak for hierarchical cache Hierarchy.
[2017.07.06-12.56.43:364][  0]LogDerivedDataCache:Display: Pak cache opened for reading ../../../Engine/DerivedDataCache/Compressed.ddp.
[2017.07.06-12.56.43:377][  0]LogDerivedDataCache: Using Local data cache path C:/Users/Camper/AppData/Local/UnrealEngine/Common/DerivedDataCache: Writable
[2017.07.06-12.56.43:387][  0]LogSlate: Using Freetype 2.6.0
[2017.07.06-12.56.43:388][  0]LogSlate: SlateFontCache - WITH_FREETYPE: 1, WITH_HARFBUZZ: 1
[2017.07.06-12.56.43:388][  0]LogSlate: SlateFontCache - WITH_FREETYPE: 1, WITH_HARFBUZZ: 1
[2017.07.06-12.56.43:790][  0]LogInit: Selected Device Profile: [Windows]
[2017.07.06-12.56.43:794][  0]LogContentStreaming: Texture pool size is 0.00 MB
[2017.07.06-12.56.44:102][  0]LogMeshUtilities: Using QuadricMeshReduction for automatic static mesh reduction
[2017.07.06-12.56.44:178][  0]LogSimplygon: Simplygon DLL not present - disabling.
[2017.07.06-12.56.44:267][  0]LogMeshUtilities: Using SimplygonSwarm for distributed automatic mesh merging
[2017.07.06-12.56.44:267][  0]LogMeshUtilities: No automatic skeletal mesh reduction module available
[2017.07.06-12.56.44:267][  0]LogMeshUtilities: No automatic mesh merging module available
[2017.07.06-12.56.44:954][  0]LogNetVersion: GetLocalNetworkVersion: CL: 3299760, ProjectName: myproject5, ProjectVersion: , EngineNetworkVersion: 2, GameNetworkVersion: 0, NetworkChecksum: 2091606010
[2017.07.06-12.56.45:019][  0]LogAssetRegistry: FAssetRegistry took 0.0218 seconds to start up
[2017.07.06-12.56.45:087][  0]LogPackageLocalizationCache: Processed 3 localized package path(s) for 2 prioritized culture(s) in 0.035442 seconds
[2017.07.06-12.56.45:093][  0]LogUObjectArray: 32493 objects as part of root set at end of initial load.
[2017.07.06-12.56.45:094][  0]LogUObjectAllocator: 7077032 out of 0 bytes used by permanent object pool.
[2017.07.06-12.56.45:094][  0]LogUObjectArray: CloseDisregardForGC: 0/0 objects in disregard for GC pool
[2017.07.06-12.56.45:192][  0]LogInit: WinSock: version 1.1 (2.2), MaxSocks=32767, MaxUdp=65467
[2017.07.06-12.56.47:731][  0]LogTcpMessaging: Initializing TcpMessaging bridge
[2017.07.06-12.56.47:787][  0]LogUdpMessaging: Initializing bridge on interface 0.0.0.0:0 to multicast group 230.0.0.1:6666.
[2017.07.06-12.56.48:522][  0]LogMaterial: Uniform references updated for custom material expression Custom.
[2017.07.06-12.56.49:159][  0]SourceControl: Info Source control is disabled
[2017.07.06-12.56.49:160][  0]SourceControl: Info Source control is disabled
[2017.07.06-12.56.49:258][  0]SourceControl: Info Source control is disabled
[2017.07.06-12.56.49:337][  0]SourceControl: Info Source control is disabled
[2017.07.06-12.56.51:454][  0]LogEngine: Initializing Engine...
[2017.07.06-12.56.51:455][  0]LogHMD: Failed to initialize OpenVR with code 110
[2017.07.06-12.56.51:586][  0]LogStats: UGameplayTagsManager::ConstructGameplayTagTree: Construct from data asset -  0.000 s
[2017.07.06-12.56.51:586][  0]LogStats: UGameplayTagsManager::ConstructGameplayTagTree: GameplayTagTreeChangedEvent.Broadcast -  0.000 s
[2017.07.06-12.56.51:788][  0]LogAIModule: Creating AISystem for world Untitled
[2017.07.06-12.56.51:795][  0]LogInit: XAudio2 using 'Speaker/HP (Realtek High Definition Audio)' : 2 channels at 48 kHz using 32 bits per sample (channel mask 0x3)
[2017.07.06-12.56.51:826][  0]LogInit: FAudioDevice initialized.
[2017.07.06-12.56.51:858][  0]LogDerivedDataCache: Saved boot cache 0.03s 50MB C:/Users/Camper/AppData/Local/UnrealEngine/4.15/DerivedDataCache/Boot.ddc.
[2017.07.06-12.56.51:863][  0]LogInit: Texture streaming: Enabled
[2017.07.06-12.56.52:005][  0]LogEngineSessionManager: EngineSessionManager initialized
[2017.07.06-12.56.52:143][  0]LogInit: Transaction tracking system initialized
[2017.07.06-12.56.52:724][  0]BlueprintLog: New page: Editor Load
[2017.07.06-12.56.54:193][  0]LocalizationService: Info Localization service is disabled
[2017.07.06-12.56.55:311][  0]LogConsoleResponse:Display: 
[2017.07.06-12.56.55:471][  0]LogCook:Display: Max memory allowance for cook 16384mb min free memory 0mb
[2017.07.06-12.56.55:472][  0]LogCook:Display: Mobile HDR setting 1
[2017.07.06-12.56.56:486][  0]LogFileCache: Scanning file cache for directory 'C:/Users/Camper/Documents/GitHub/Emagination2017Project/MyProject5/Content/' took 0.02s
[2017.07.06-12.56.57:226][  0]SourceControl: Info Source control is disabled
[2017.07.06-12.56.57:227][  0]Cmd: MAP LOAD FILE="../../../../../../Users/Camper/Documents/GitHub/Emagination2017Project/MyProject5/Content/SideScrollerBP/Maps/SideScrollerExampleMap.umap" TEMPLATE=0 SHOWPROGRESS=1 FEATURELEVEL=3
[2017.07.06-12.56.57:227][  0]LogEditorServer:Warning: Can't find file '../../../../../../Users/Camper/Documents/GitHub/Emagination2017Project/MyProject5/Content/SideScrollerBP/Maps/SideScrollerExampleMap.umap'
[2017.07.06-12.56.57:227][  0]Cmd: MAP CHECKDEP NOCLEARLOG
[2017.07.06-12.56.57:310][  0]MapCheck: Info Map check complete: 0 Error(s), 0 Warning(s), took 82.965ms to complete.
[2017.07.06-12.56.57:310][  0]LogFileHelpers: Loading map 'SideScrollerExampleMap' took 0.083
[2017.07.06-12.56.57:383][  0]LogWindowsTextInputMethodSystem:Display: IME system now deactivated.
[2017.07.06-12.56.57:539][  0]LogCollectionManager: Loaded 0 collections in 0.004292 seconds
[2017.07.06-12.56.57:648][  0]LogFileCache: Scanning file cache for directory 'C:/Users/Camper/Documents/GitHub/Emagination2017Project/MyProject5/Saved/Collections/' took 0.01s
[2017.07.06-12.56.57:648][  0]LogFileCache: Scanning file cache for directory 'C:/Users/Camper/Documents/GitHub/Emagination2017Project/MyProject5/Content/Developers/Camper/Collections/' took 0.01s
[2017.07.06-12.56.57:648][  0]LogFileCache: Scanning file cache for directory 'C:/Users/Camper/Documents/GitHub/Emagination2017Project/MyProject5/Content/Collections/' took 0.01s
[2017.07.06-12.56.57:648][  0]LogCollectionManager: Rebuilt the GUID cache for 0 collections in 0.000002 seconds
[2017.07.06-12.56.57:658][  0]LogContentBrowser: Native class hierarchy populated in 0.0097 seconds. Added 2245 classes and 453 folders.
[2017.07.06-12.56.57:765][  0]LogContentBrowser: Native class hierarchy updated for 'WidgetCarousel' in 0.0006 seconds. Added 0 classes and 0 folders.
[2017.07.06-12.56.57:837][  0]LogContentBrowser: Native class hierarchy updated for 'AddContentDialog' in 0.0012 seconds. Added 0 classes and 0 folders.
[2017.07.06-12.56.57:903][  0]LogContentBrowser: Native class hierarchy updated for 'SceneOutliner' in 0.0007 seconds. Added 1 classes and 2 folders.
[2017.07.06-12.56.58:015][  0]LogCrashTracker: Crashtracker disabled due to settings.
[2017.07.06-12.56.58:021][  0]LogUObjectGlobals:Warning: Failed to find object 'Class None.'
[2017.07.06-12.56.58:145][  0]LogContentBrowser: Native class hierarchy updated for 'HierarchicalLODOutliner' in 0.0007 seconds. Added 1 classes and 2 folders.
[2017.07.06-12.56.58:145][  0]LogLoad: (Engine Initialization) Total time: 22.76 seconds
[2017.07.06-12.56.58:146][  0]LogLoad: (Engine Initialization) Total Blueprint compile time: 0.07 seconds
[2017.07.06-12.56.58:146][  0]LogExternalProfiler: No external profilers were discovered.  External profiling features will not be available.
[2017.07.06-12.56.58:163][  0]LogOcInput: OculusInput pre-init called
[2017.07.06-12.56.58:203][  0]LogContentStreaming: Texture pool size now 1000 MB
[2017.07.06-12.56.58:207][  0]LogSlate: Took 0.001327 seconds to synchronously load lazily loaded font '../../../Engine/Content/Slate/Fonts/Roboto-Regular.ttf' (155K)
[2017.07.06-12.56.58:212][  0]LogSlate: Took 0.000420 seconds to synchronously load lazily loaded font '../../../Engine/Content/Slate/Fonts/Roboto-Bold.ttf' (160K)
[2017.07.06-12.56.58:221][  0]LogSlate: Took 0.000816 seconds to synchronously load lazily loaded font '../../../Engine/Content/Editor/Slate/Fonts/FontAwesome.ttf' (139K)
[2017.07.06-12.56.58:377][  1]LogFileCache: Retrieving MD5 hashes for directory 'C:/Users/Camper/Documents/GitHub/Emagination2017Project/MyProject5/Content/' took 0.20s
[2017.07.06-12.56.58:393][  1]LogAssetRegistry: Asset discovery search completed in 13.3964 seconds
[2017.07.06-12.56.58:393][  1]LogCollectionManager: Rebuilt the object cache for 0 collections in 0.000011 seconds (found 0 objects)
[2017.07.06-12.56.58:393][  1]LogCollectionManager: Fixed up redirectors for 0 collections in 0.000029 seconds (updated 0 objects)
[2017.07.06-12.56.58:414][  2]LogRenderer: Reallocating scene render targets to support 888x420 NumSamples 1 (Frame:2).
[2017.07.06-12.56.59:191][ 43]LogSlate: Took 0.000442 seconds to synchronously load lazily loaded font '../../../Engine/Content/Slate/Fonts/Roboto-Light.ttf' (159K)
[2017.07.06-12.57.02:023][207]LogSlate: Took 0.000336 seconds to synchronously load lazily loaded font '../../../Engine/Content/Slate/Fonts/Roboto-Light.ttf' (159K)
[2017.07.06-12.57.02:609][207]LogContentBrowser: Native class hierarchy updated for 'BlueprintGraph' in 0.0010 seconds. Added 112 classes and 0 folders.
[2017.07.06-12.57.03:380][207]LogSlate: Took 0.000350 seconds to synchronously load lazily loaded font '../../../Engine/Content/Editor/Slate/Fonts/Roboto-BoldCondensed.ttf' (158K)
[2017.07.06-12.57.07:586][448]LogSlate: Took 0.000236 seconds to synchronously load lazily loaded font '../../../Engine/Content/Slate/Fonts/Roboto-Light.ttf' (159K)
[2017.07.06-12.57.09:671][571]LogAIModule: Creating AISystem for world MenuLevel
[2017.07.06-12.57.09:705][571]Cmd: MAP LOAD FILE="../../../../../../Users/Camper/Documents/GitHub/Emagination2017Project/MyProject5/Content/SideScroller_BP/Maps/MenuLevel.umap" TEMPLATE=0 SHOWPROGRESS=1 FEATURELEVEL=3
[2017.07.06-12.57.09:705][571]LightingResults: New page: Lighting Build
[2017.07.06-12.57.09:781][571]LogContentBrowser: Native class hierarchy updated for 'StatsViewer' in 0.0006 seconds. Added 5 classes and 0 folders.
[2017.07.06-12.57.09:783][571]LoadErrors: New page: Loading map: MenuLevel.umap
[2017.07.06-12.57.09:783][571]MapCheck: New page: Map Check
[2017.07.06-12.57.09:783][571]LightingResults: New page: Lighting Build
[2017.07.06-12.57.09:875][571]LogEditorServer: Finished looking for orphan Actors (0.000 secs)
[2017.07.06-12.57.09:903][571]Cmd: MAP CHECKDEP NOCLEARLOG
[2017.07.06-12.57.10:001][571]MapCheck: Info Map check complete: 0 Error(s), 0 Warning(s), took 98.021ms to complete.
[2017.07.06-12.57.10:001][571]LogFileHelpers: Loading map 'MenuLevel' took 0.298
[2017.07.06-12.57.11:321][649]LogTemp: Repeting last play command: Selected Viewport
[2017.07.06-12.57.11:347][649]LogBlueprintUserMessages: Early PlayInEditor Detection: Level '/Game/SideScroller_BP/Maps/MenuLevel.MenuLevel:PersistentLevel' has LevelScriptBlueprint '/Game/SideScroller_BP/Maps/MenuLevel.MenuLevel:PersistentLevel.MenuLevel' with GeneratedClass '/Game/SideScroller_BP/Maps/MenuLevel.MenuLevel_C' with ClassGeneratedBy '/Game/SideScroller_BP/Maps/MenuLevel.MenuLevel:PersistentLevel.MenuLevel'
[2017.07.06-12.57.11:347][649]LogPlayLevel: PlayLevel: No blueprints needed recompiling
[2017.07.06-12.57.11:347][649]PIE: New page: PIE session: MenuLevel (Jul 6, 2017, 4:57:11 AM)
[2017.07.06-12.57.11:347][649]LogPlayLevel: Creating play world package: /Game/SideScroller_BP/Maps/UEDPIE_0_MenuLevel
[2017.07.06-12.57.11:349][649]LogPlayLevel: PIE: StaticDuplicateObject took: (0.001439s)
[2017.07.06-12.57.11:349][649]LogAIModule: Creating AISystem for world MenuLevel
[2017.07.06-12.57.11:350][649]LogPlayLevel: PIE: World Init took: (0.000943s)
[2017.07.06-12.57.11:350][649]LogPlayLevel: PIE: Created PIE world by copying editor world from /Game/SideScroller_BP/Maps/MenuLevel.MenuLevel to /Game/SideScroller_BP/Maps/UEDPIE_0_MenuLevel.MenuLevel (0.002773s)
[2017.07.06-12.57.11:375][649]LogInit: XAudio2 using 'Speaker/HP (Realtek High Definition Audio)' : 2 channels at 48 kHz using 32 bits per sample (channel mask 0x3)
[2017.07.06-12.57.11:386][649]LogInit: FAudioDevice initialized.
[2017.07.06-12.57.11:436][649]LogLinker:Warning: Can't find file '/Game/SideScrollerBP/Blueprints/SideScrollerGameMode'
[2017.07.06-12.57.11:437][649]LogLinker:Warning: Can't find file '/Game/SideScrollerBP/Blueprints/SideScrollerGameMode'
[2017.07.06-12.57.11:437][649]LogUObjectGlobals:Warning: Failed to find object 'Class /Game/SideScrollerBP/Blueprints/SideScrollerGameMode.SideScrollerGameMode_C'
[2017.07.06-12.57.11:437][649]LogLoad: Game class is 'GameModeBase'
[2017.07.06-12.57.11:439][649]LogWorld: Bringing World /Game/SideScroller_BP/Maps/UEDPIE_0_MenuLevel.MenuLevel up for play (max tick rate 60) at 2017.07.06-08.57.11
[2017.07.06-12.57.11:439][649]LogWorld: Bringing up level for play took: 0.000876
[2017.07.06-12.57.11:508][649]LogContentBrowser: Native class hierarchy updated for 'MovieSceneCapture' in 0.0007 seconds. Added 11 classes and 0 folders.
[2017.07.06-12.57.11:512][649]PIE: Info Play in editor start time for /Game/SideScroller_BP/Maps/UEDPIE_0_MenuLevel 0.202
[2017.07.06-12.57.11:513][649]LogBlueprintUserMessages: Late PlayInEditor Detection: Level '/Game/SideScroller_BP/Maps/MenuLevel.MenuLevel:PersistentLevel' has LevelScriptBlueprint '/Game/SideScroller_BP/Maps/MenuLevel.MenuLevel:PersistentLevel.MenuLevel' with GeneratedClass '/Game/SideScroller_BP/Maps/MenuLevel.MenuLevel_C' with ClassGeneratedBy '/Game/SideScroller_BP/Maps/MenuLevel.MenuLevel:PersistentLevel.MenuLevel'
[2017.07.06-12.57.15:449][884]LogBlueprintUserMessages: Early EndPlayMap Detection: Level '/Game/SideScroller_BP/Maps/MenuLevel.MenuLevel:PersistentLevel' has LevelScriptBlueprint '/Game/SideScroller_BP/Maps/MenuLevel.MenuLevel:PersistentLevel.MenuLevel' with GeneratedClass '/Game/SideScroller_BP/Maps/MenuLevel.MenuLevel_C' with ClassGeneratedBy '/Game/SideScroller_BP/Maps/MenuLevel.MenuLevel:PersistentLevel.MenuLevel'
[2017.07.06-12.57.15:492][884]LogBlueprintUserMessages: Late EndPlayMap Detection: Level '/Game/SideScroller_BP/Maps/MenuLevel.MenuLevel:PersistentLevel' has LevelScriptBlueprint '/Game/SideScroller_BP/Maps/MenuLevel.MenuLevel:PersistentLevel.MenuLevel' with GeneratedClass '/Game/SideScroller_BP/Maps/MenuLevel.MenuLevel_C' with ClassGeneratedBy '/Game/SideScroller_BP/Maps/MenuLevel.MenuLevel:PersistentLevel.MenuLevel'
[2017.07.06-12.57.27:333][572]LogSavePackage: Save=42.84ms
[2017.07.06-12.57.27:333][572]LogSavePackage: Moving '../../../../../../Users/Camper/Documents/GitHub/Emagination2017Project/MyProject5/Saved/MainMenu0D54EE634F4C8C17F3DD3A8022F5A891.tmp' to '../../../../../../Users/Camper/Documents/GitHub/Emagination2017Project/MyProject5/Content/SideScroller_BP/Blueprints/MainMenu.uasset'
[2017.07.06-12.57.27:337][572]LogSavePackage:Display: Finished SavePackage ../../../../../../Users/Camper/Documents/GitHub/Emagination2017Project/MyProject5/Content/SideScroller_BP/Blueprints/MainMenu.uasset
[2017.07.06-12.57.27:856][602]LogRenderer: Reallocating scene render targets to support 896x436 NumSamples 1 (Frame:721).
[2017.07.06-12.57.28:798][656]LogTemp: Repeting last play command: Selected Viewport
[2017.07.06-12.57.28:817][656]LogBlueprintUserMessages: Early PlayInEditor Detection: Level '/Game/SideScroller_BP/Maps/MenuLevel.MenuLevel:PersistentLevel' has LevelScriptBlueprint '/Game/SideScroller_BP/Maps/MenuLevel.MenuLevel:PersistentLevel.MenuLevel' with GeneratedClass '/Game/SideScroller_BP/Maps/MenuLevel.MenuLevel_C' with ClassGeneratedBy '/Game/SideScroller_BP/Maps/MenuLevel.MenuLevel:PersistentLevel.MenuLevel'
[2017.07.06-12.57.28:817][656]LogPlayLevel: PlayLevel: No blueprints needed recompiling
[2017.07.06-12.57.28:817][656]PIE: New page: PIE session: MenuLevel (Jul 6, 2017, 4:57:28 AM)
[2017.07.06-12.57.28:817][656]LogPlayLevel: Creating play world package: /Game/SideScroller_BP/Maps/UEDPIE_0_MenuLevel
[2017.07.06-12.57.28:818][656]LogPlayLevel: PIE: StaticDuplicateObject took: (0.001090s)
[2017.07.06-12.57.28:819][656]LogAIModule: Creating AISystem for world MenuLevel
[2017.07.06-12.57.28:819][656]LogPlayLevel: PIE: World Init took: (0.000879s)
[2017.07.06-12.57.28:819][656]LogPlayLevel: PIE: Created PIE world by copying editor world from /Game/SideScroller_BP/Maps/MenuLevel.MenuLevel to /Game/SideScroller_BP/Maps/UEDPIE_0_MenuLevel.MenuLevel (0.002217s)
[2017.07.06-12.57.28:842][656]LogInit: XAudio2 using 'Speaker/HP (Realtek High Definition Audio)' : 2 channels at 48 kHz using 32 bits per sample (channel mask 0x3)
[2017.07.06-12.57.28:854][656]LogInit: FAudioDevice initialized.
[2017.07.06-12.57.28:890][656]LogLoad: Game class is 'GameModeBase'
[2017.07.06-12.57.28:892][656]LogWorld: Bringing World /Game/SideScroller_BP/Maps/UEDPIE_0_MenuLevel.MenuLevel up for play (max tick rate 60) at 2017.07.06-08.57.28
[2017.07.06-12.57.28:892][656]LogWorld: Bringing up level for play took: 0.000950
[2017.07.06-12.57.28:895][656]PIE: Info Play in editor start time for /Game/SideScroller_BP/Maps/UEDPIE_0_MenuLevel -0.415
[2017.07.06-12.57.28:896][656]LogBlueprintUserMessages: Late PlayInEditor Detection: Level '/Game/SideScroller_BP/Maps/MenuLevel.MenuLevel:PersistentLevel' has LevelScriptBlueprint '/Game/SideScroller_BP/Maps/MenuLevel.MenuLevel:PersistentLevel.MenuLevel' with GeneratedClass '/Game/SideScroller_BP/Maps/MenuLevel.MenuLevel_C' with ClassGeneratedBy '/Game/SideScroller_BP/Maps/MenuLevel.MenuLevel:PersistentLevel.MenuLevel'
[2017.07.06-12.57.30:499][752]LogBlueprintUserMessages: Early EndPlayMap Detection: Level '/Game/SideScroller_BP/Maps/MenuLevel.MenuLevel:PersistentLevel' has LevelScriptBlueprint '/Game/SideScroller_BP/Maps/MenuLevel.MenuLevel:PersistentLevel.MenuLevel' with GeneratedClass '/Game/SideScroller_BP/Maps/MenuLevel.MenuLevel_C' with ClassGeneratedBy '/Game/SideScroller_BP/Maps/MenuLevel.MenuLevel:PersistentLevel.MenuLevel'
[2017.07.06-12.57.30:538][752]LogBlueprintUserMessages: Late EndPlayMap Detection: Level '/Game/SideScroller_BP/Maps/MenuLevel.MenuLevel:PersistentLevel' has LevelScriptBlueprint '/Game/SideScroller_BP/Maps/MenuLevel.MenuLevel:PersistentLevel.MenuLevel' with GeneratedClass '/Game/SideScroller_BP/Maps/MenuLevel.MenuLevel_C' with ClassGeneratedBy '/Game/SideScroller_BP/Maps/MenuLevel.MenuLevel:PersistentLevel.MenuLevel'
[2017.07.06-12.57.31:854][830]Cmd: TRANSACTION UNDO
[2017.07.06-12.57.31:854][830]LogEditorTransaction: Undo Move Anchor
[2017.07.06-12.57.37:733][171]LogSavePackage: Save=53.12ms
[2017.07.06-12.57.37:733][171]LogSavePackage: Moving '../../../../../../Users/Camper/Documents/GitHub/Emagination2017Project/MyProject5/Saved/MainMenuBEEA36144F84C5262861D9BDFBA1AF42.tmp' to '../../../../../../Users/Camper/Documents/GitHub/Emagination2017Project/MyProject5/Content/SideScroller_BP/Blueprints/MainMenu.uasset'
[2017.07.06-12.57.37:738][171]LogSavePackage:Display: Finished SavePackage ../../../../../../Users/Camper/Documents/GitHub/Emagination2017Project/MyProject5/Content/SideScroller_BP/Blueprints/MainMenu.uasset
[2017.07.06-12.57.38:202][199]BlueprintLog: New page: Compile MainMenu
[2017.07.06-12.57.40:017][295]LogTemp: Repeting last play command: Selected Viewport
[2017.07.06-12.57.40:033][295]LogBlueprintUserMessages: Early PlayInEditor Detection: Level '/Game/SideScroller_BP/Maps/MenuLevel.MenuLevel:PersistentLevel' has LevelScriptBlueprint '/Game/SideScroller_BP/Maps/MenuLevel.MenuLevel:PersistentLevel.MenuLevel' with GeneratedClass '/Game/SideScroller_BP/Maps/MenuLevel.MenuLevel_C' with ClassGeneratedBy '/Game/SideScroller_BP/Maps/MenuLevel.MenuLevel:PersistentLevel.MenuLevel'
[2017.07.06-12.57.40:033][295]LogPlayLevel: PlayLevel: No blueprints needed recompiling
[2017.07.06-12.57.40:034][295]PIE: New page: PIE session: MenuLevel (Jul 6, 2017, 4:57:40 AM)
[2017.07.06-12.57.40:034][295]LogPlayLevel: Creating play world package: /Game/SideScroller_BP/Maps/UEDPIE_0_MenuLevel
[2017.07.06-12.57.40:035][295]LogPlayLevel: PIE: StaticDuplicateObject took: (0.001089s)
[2017.07.06-12.57.40:035][295]LogAIModule: Creating AISystem for world MenuLevel
[2017.07.06-12.57.40:036][295]LogPlayLevel: PIE: World Init took: (0.000837s)
[2017.07.06-12.57.40:036][295]LogPlayLevel: PIE: Created PIE world by copying editor world from /Game/SideScroller_BP/Maps/MenuLevel.MenuLevel to /Game/SideScroller_BP/Maps/UEDPIE_0_MenuLevel.MenuLevel (0.002205s)
[2017.07.06-12.57.40:057][295]LogInit: XAudio2 using 'Speaker/HP (Realtek High Definition Audio)' : 2 channels at 48 kHz using 32 bits per sample (channel mask 0x3)
[2017.07.06-12.57.40:069][295]LogInit: FAudioDevice initialized.
[2017.07.06-12.57.40:107][295]LogLoad: Game class is 'GameModeBase'
[2017.07.06-12.57.40:109][295]LogWorld: Bringing World /Game/SideScroller_BP/Maps/UEDPIE_0_MenuLevel.MenuLevel up for play (max tick rate 60) at 2017.07.06-08.57.40
[2017.07.06-12.57.40:109][295]LogWorld: Bringing up level for play took: 0.000826
[2017.07.06-12.57.40:112][295]PIE: Info Play in editor start time for /Game/SideScroller_BP/Maps/UEDPIE_0_MenuLevel 0.802
[2017.07.06-12.57.40:113][295]LogBlueprintUserMessages: Late PlayInEditor Detection: Level '/Game/SideScroller_BP/Maps/MenuLevel.MenuLevel:PersistentLevel' has LevelScriptBlueprint '/Game/SideScroller_BP/Maps/MenuLevel.MenuLevel:PersistentLevel.MenuLevel' with GeneratedClass '/Game/SideScroller_BP/Maps/MenuLevel.MenuLevel_C' with ClassGeneratedBy '/Game/SideScroller_BP/Maps/MenuLevel.MenuLevel:PersistentLevel.MenuLevel'
[2017.07.06-12.57.41:551][381]LogBlueprintUserMessages: Early EndPlayMap Detection: Level '/Game/SideScroller_BP/Maps/MenuLevel.MenuLevel:PersistentLevel' has LevelScriptBlueprint '/Game/SideScroller_BP/Maps/MenuLevel.MenuLevel:PersistentLevel.MenuLevel' with GeneratedClass '/Game/SideScroller_BP/Maps/MenuLevel.MenuLevel_C' with ClassGeneratedBy '/Game/SideScroller_BP/Maps/MenuLevel.MenuLevel:PersistentLevel.MenuLevel'
[2017.07.06-12.57.41:589][381]LogBlueprintUserMessages: Late EndPlayMap Detection: Level '/Game/SideScroller_BP/Maps/MenuLevel.MenuLevel:PersistentLevel' has LevelScriptBlueprint '/Game/SideScroller_BP/Maps/MenuLevel.MenuLevel:PersistentLevel.MenuLevel' with GeneratedClass '/Game/SideScroller_BP/Maps/MenuLevel.MenuLevel_C' with ClassGeneratedBy '/Game/SideScroller_BP/Maps/MenuLevel.MenuLevel:PersistentLevel.MenuLevel'
[2017.07.06-12.57.42:837][455]Cmd: TRANSACTION UNDO
[2017.07.06-12.57.42:837][455]LogEditorTransaction: Undo Resize Widget
[2017.07.06-12.57.46:893][689]LogSavePackage: Save=43.24ms
[2017.07.06-12.57.46:893][689]LogSavePackage: Moving '../../../../../../Users/Camper/Documents/GitHub/Emagination2017Project/MyProject5/Saved/MainMenu98FB309343CA17B2395D4CB55D210378.tmp' to '../../../../../../Users/Camper/Documents/GitHub/Emagination2017Project/MyProject5/Content/SideScroller_BP/Blueprints/MainMenu.uasset'
[2017.07.06-12.57.46:898][689]LogSavePackage:Display: Finished SavePackage ../../../../../../Users/Camper/Documents/GitHub/Emagination2017Project/MyProject5/Content/SideScroller_BP/Blueprints/MainMenu.uasset
[2017.07.06-12.57.47:263][711]BlueprintLog: New page: Compile MainMenu
[2017.07.06-12.57.49:005][803]LogTemp: Repeting last play command: Selected Viewport
[2017.07.06-12.57.49:030][803]LogBlueprintUserMessages: Early PlayInEditor Detection: Level '/Game/SideScroller_BP/Maps/MenuLevel.MenuLevel:PersistentLevel' has LevelScriptBlueprint '/Game/SideScroller_BP/Maps/MenuLevel.MenuLevel:PersistentLevel.MenuLevel' with GeneratedClass '/Game/SideScroller_BP/Maps/MenuLevel.MenuLevel_C' with ClassGeneratedBy '/Game/SideScroller_BP/Maps/MenuLevel.MenuLevel:PersistentLevel.MenuLevel'
[2017.07.06-12.57.49:030][803]LogPlayLevel: PlayLevel: No blueprints needed recompiling
[2017.07.06-12.57.49:030][803]PIE: New page: PIE session: MenuLevel (Jul 6, 2017, 4:57:49 AM)
[2017.07.06-12.57.49:030][803]LogPlayLevel: Creating play world package: /Game/SideScroller_BP/Maps/UEDPIE_0_MenuLevel
[2017.07.06-12.57.49:032][803]LogPlayLevel: PIE: StaticDuplicateObject took: (0.001543s)
[2017.07.06-12.57.49:032][803]LogAIModule: Creating AISystem for world MenuLevel
[2017.07.06-12.57.49:033][803]LogPlayLevel: PIE: World Init took: (0.000751s)
[2017.07.06-12.57.49:033][803]LogPlayLevel: PIE: Created PIE world by copying editor world from /Game/SideScroller_BP/Maps/MenuLevel.MenuLevel to /Game/SideScroller_BP/Maps/UEDPIE_0_MenuLevel.MenuLevel (0.002533s)
[2017.07.06-12.57.49:049][803]LogInit: XAudio2 using 'Speaker/HP (Realtek High Definition Audio)' : 2 channels at 48 kHz using 32 bits per sample (channel mask 0x3)
[2017.07.06-12.57.49:060][803]LogInit: FAudioDevice initialized.
[2017.07.06-12.57.49:096][803]LogLoad: Game class is 'GameModeBase'
[2017.07.06-12.57.49:098][803]LogWorld: Bringing World /Game/SideScroller_BP/Maps/UEDPIE_0_MenuLevel.MenuLevel up for play (max tick rate 60) at 2017.07.06-08.57.49
[2017.07.06-12.57.49:098][803]LogWorld: Bringing up level for play took: 0.000983
[2017.07.06-12.57.49:102][803]PIE: Info Play in editor start time for /Game/SideScroller_BP/Maps/UEDPIE_0_MenuLevel -0.208
[2017.07.06-12.57.49:102][803]LogBlueprintUserMessages: Late PlayInEditor Detection: Level '/Game/SideScroller_BP/Maps/MenuLevel.MenuLevel:PersistentLevel' has LevelScriptBlueprint '/Game/SideScroller_BP/Maps/MenuLevel.MenuLevel:PersistentLevel.MenuLevel' with GeneratedClass '/Game/SideScroller_BP/Maps/MenuLevel.MenuLevel_C' with ClassGeneratedBy '/Game/SideScroller_BP/Maps/MenuLevel.MenuLevel:PersistentLevel.MenuLevel'
[2017.07.06-12.57.50:445][883]LogBlueprintUserMessages: Early EndPlayMap Detection: Level '/Game/SideScroller_BP/Maps/MenuLevel.MenuLevel:PersistentLevel' has LevelScriptBlueprint '/Game/SideScroller_BP/Maps/MenuLevel.MenuLevel:PersistentLevel.MenuLevel' with GeneratedClass '/Game/SideScroller_BP/Maps/MenuLevel.MenuLevel_C' with ClassGeneratedBy '/Game/SideScroller_BP/Maps/MenuLevel.MenuLevel:PersistentLevel.MenuLevel'
[2017.07.06-12.57.50:481][883]LogBlueprintUserMessages: Late EndPlayMap Detection: Level '/Game/SideScroller_BP/Maps/MenuLevel.MenuLevel:PersistentLevel' has LevelScriptBlueprint '/Game/SideScroller_BP/Maps/MenuLevel.MenuLevel:PersistentLevel.MenuLevel' with GeneratedClass '/Game/SideScroller_BP/Maps/MenuLevel.MenuLevel_C' with ClassGeneratedBy '/Game/SideScroller_BP/Maps/MenuLevel.MenuLevel:PersistentLevel.MenuLevel'
[2017.07.06-12.58.03:375][653]LogSlate: Took 0.003083 seconds to synchronously load lazily loaded font '../../../Engine/Content/Slate/Fonts/DroidSansFallback.ttf' (3848K)
[2017.07.06-12.58.47:490][287]BlueprintLog: New page: Compile MainMenu
[2017.07.06-12.58.48:231][315]LogSavePackage: Save=38.74ms
[2017.07.06-12.58.48:231][315]LogSavePackage: Moving '../../../../../../Users/Camper/Documents/GitHub/Emagination2017Project/MyProject5/Saved/MainMenu3D8C45B445D493AA3B9E2BB1024DC194.tmp' to '../../../../../../Users/Camper/Documents/GitHub/Emagination2017Project/MyProject5/Content/SideScroller_BP/Blueprints/MainMenu.uasset'
[2017.07.06-12.58.48:236][315]LogSavePackage:Display: Finished SavePackage ../../../../../../Users/Camper/Documents/GitHub/Emagination2017Project/MyProject5/Content/SideScroller_BP/Blueprints/MainMenu.uasset
[2017.07.06-12.58.50:069][425]LogTemp: Repeting last play command: Selected Viewport
[2017.07.06-12.58.50:087][425]LogBlueprintUserMessages: Early PlayInEditor Detection: Level '/Game/SideScroller_BP/Maps/MenuLevel.MenuLevel:PersistentLevel' has LevelScriptBlueprint '/Game/SideScroller_BP/Maps/MenuLevel.MenuLevel:PersistentLevel.MenuLevel' with GeneratedClass '/Game/SideScroller_BP/Maps/MenuLevel.MenuLevel_C' with ClassGeneratedBy '/Game/SideScroller_BP/Maps/MenuLevel.MenuLevel:PersistentLevel.MenuLevel'
[2017.07.06-12.58.50:087][425]LogPlayLevel: PlayLevel: No blueprints needed recompiling
[2017.07.06-12.58.50:088][425]PIE: New page: PIE session: MenuLevel (Jul 6, 2017, 4:58:50 AM)
[2017.07.06-12.58.50:088][425]LogPlayLevel: Creating play world package: /Game/SideScroller_BP/Maps/UEDPIE_0_MenuLevel
[2017.07.06-12.58.50:089][425]LogPlayLevel: PIE: StaticDuplicateObject took: (0.001084s)
[2017.07.06-12.58.50:089][425]LogAIModule: Creating AISystem for world MenuLevel
[2017.07.06-12.58.50:090][425]LogPlayLevel: PIE: World Init took: (0.000822s)
[2017.07.06-12.58.50:090][425]LogPlayLevel: PIE: Created PIE world by copying editor world from /Game/SideScroller_BP/Maps/MenuLevel.MenuLevel to /Game/SideScroller_BP/Maps/UEDPIE_0_MenuLevel.MenuLevel (0.002119s)
[2017.07.06-12.58.50:111][425]LogInit: XAudio2 using 'Speaker/HP (Realtek High Definition Audio)' : 2 channels at 48 kHz using 32 bits per sample (channel mask 0x3)
[2017.07.06-12.58.50:123][425]LogInit: FAudioDevice initialized.
[2017.07.06-12.58.50:156][425]LogLoad: Game class is 'GameModeBase'
[2017.07.06-12.58.50:158][425]LogWorld: Bringing World /Game/SideScroller_BP/Maps/UEDPIE_0_MenuLevel.MenuLevel up for play (max tick rate 60) at 2017.07.06-08.58.50
[2017.07.06-12.58.50:158][425]LogWorld: Bringing up level for play took: 0.001029
[2017.07.06-12.58.50:161][425]PIE: Info Play in editor start time for /Game/SideScroller_BP/Maps/UEDPIE_0_MenuLevel 0.851
[2017.07.06-12.58.50:162][425]LogBlueprintUserMessages: Late PlayInEditor Detection: Level '/Game/SideScroller_BP/Maps/MenuLevel.MenuLevel:PersistentLevel' has LevelScriptBlueprint '/Game/SideScroller_BP/Maps/MenuLevel.MenuLevel:PersistentLevel.MenuLevel' with GeneratedClass '/Game/SideScroller_BP/Maps/MenuLevel.MenuLevel_C' with ClassGeneratedBy '/Game/SideScroller_BP/Maps/MenuLevel.MenuLevel:PersistentLevel.MenuLevel'
[2017.07.06-12.58.52:098][541]LogBlueprintUserMessages: Early EndPlayMap Detection: Level '/Game/SideScroller_BP/Maps/MenuLevel.MenuLevel:PersistentLevel' has LevelScriptBlueprint '/Game/SideScroller_BP/Maps/MenuLevel.MenuLevel:PersistentLevel.MenuLevel' with GeneratedClass '/Game/SideScroller_BP/Maps/MenuLevel.MenuLevel_C' with ClassGeneratedBy '/Game/SideScroller_BP/Maps/MenuLevel.MenuLevel:PersistentLevel.MenuLevel'
[2017.07.06-12.58.52:131][541]LogBlueprintUserMessages: Late EndPlayMap Detection: Level '/Game/SideScroller_BP/Maps/MenuLevel.MenuLevel:PersistentLevel' has LevelScriptBlueprint '/Game/SideScroller_BP/Maps/MenuLevel.MenuLevel:PersistentLevel.MenuLevel' with GeneratedClass '/Game/SideScroller_BP/Maps/MenuLevel.MenuLevel_C' with ClassGeneratedBy '/Game/SideScroller_BP/Maps/MenuLevel.MenuLevel:PersistentLevel.MenuLevel'
[2017.07.06-13.00.00:608][642]LogTemp: Repeting last play command: Selected Viewport
[2017.07.06-13.00.00:627][642]LogBlueprintUserMessages: Early PlayInEditor Detection: Level '/Game/SideScroller_BP/Maps/MenuLevel.MenuLevel:PersistentLevel' has LevelScriptBlueprint '/Game/SideScroller_BP/Maps/MenuLevel.MenuLevel:PersistentLevel.MenuLevel' with GeneratedClass '/Game/SideScroller_BP/Maps/MenuLevel.MenuLevel_C' with ClassGeneratedBy '/Game/SideScroller_BP/Maps/MenuLevel.MenuLevel:PersistentLevel.MenuLevel'
[2017.07.06-13.00.00:627][642]BlueprintLog: New page: Pre-Play auto-recompile
[2017.07.06-13.00.00:627][642]LogPlayLevel: [PlayLevel] Compiling MainMenu before play...
[2017.07.06-13.00.00:784][642]LogPlayLevel: PlayLevel: Blueprint regeneration took 157 ms (1 blueprints)
[2017.07.06-13.00.00:784][642]PIE: New page: PIE session: MenuLevel (Jul 6, 2017, 5:00:00 AM)
[2017.07.06-13.00.00:784][642]LogPlayLevel: Creating play world package: /Game/SideScroller_BP/Maps/UEDPIE_0_MenuLevel
[2017.07.06-13.00.00:786][642]LogPlayLevel: PIE: StaticDuplicateObject took: (0.001137s)
[2017.07.06-13.00.00:786][642]LogAIModule: Creating AISystem for world MenuLevel
[2017.07.06-13.00.00:786][642]LogPlayLevel: PIE: World Init took: (0.000801s)
[2017.07.06-13.00.00:787][642]LogPlayLevel: PIE: Created PIE world by copying editor world from /Game/SideScroller_BP/Maps/MenuLevel.MenuLevel to /Game/SideScroller_BP/Maps/UEDPIE_0_MenuLevel.MenuLevel (0.002230s)
[2017.07.06-13.00.00:803][642]LogInit: XAudio2 using 'Speaker/HP (Realtek High Definition Audio)' : 2 channels at 48 kHz using 32 bits per sample (channel mask 0x3)
[2017.07.06-13.00.00:816][642]LogInit: FAudioDevice initialized.
[2017.07.06-13.00.00:852][642]LogLoad: Game class is 'GameModeBase'
[2017.07.06-13.00.00:853][642]LogWorld: Bringing World /Game/SideScroller_BP/Maps/UEDPIE_0_MenuLevel.MenuLevel up for play (max tick rate 60) at 2017.07.06-09.00.00
[2017.07.06-13.00.00:854][642]LogWorld: Bringing up level for play took: 0.000851
[2017.07.06-13.00.00:857][642]PIE: Info Play in editor start time for /Game/SideScroller_BP/Maps/UEDPIE_0_MenuLevel -0.453
[2017.07.06-13.00.00:857][642]LogBlueprintUserMessages: Late PlayInEditor Detection: Level '/Game/SideScroller_BP/Maps/MenuLevel.MenuLevel:PersistentLevel' has LevelScriptBlueprint '/Game/SideScroller_BP/Maps/MenuLevel.MenuLevel:PersistentLevel.MenuLevel' with GeneratedClass '/Game/SideScroller_BP/Maps/MenuLevel.MenuLevel_C' with ClassGeneratedBy '/Game/SideScroller_BP/Maps/MenuLevel.MenuLevel:PersistentLevel.MenuLevel'
[2017.07.06-13.00.10:578][223]LogBlueprintUserMessages: Early EndPlayMap Detection: Level '/Game/SideScroller_BP/Maps/MenuLevel.MenuLevel:PersistentLevel' has LevelScriptBlueprint '/Game/SideScroller_BP/Maps/MenuLevel.MenuLevel:PersistentLevel.MenuLevel' with GeneratedClass '/Game/SideScroller_BP/Maps/MenuLevel.MenuLevel_C' with ClassGeneratedBy '/Game/SideScroller_BP/Maps/MenuLevel.MenuLevel:PersistentLevel.MenuLevel'
[2017.07.06-13.00.10:616][223]LogBlueprintUserMessages: Late EndPlayMap Detection: Level '/Game/SideScroller_BP/Maps/MenuLevel.MenuLevel:PersistentLevel' has LevelScriptBlueprint '/Game/SideScroller_BP/Maps/MenuLevel.MenuLevel:PersistentLevel.MenuLevel' with GeneratedClass '/Game/SideScroller_BP/Maps/MenuLevel.MenuLevel_C' with ClassGeneratedBy '/Game/SideScroller_BP/Maps/MenuLevel.MenuLevel:PersistentLevel.MenuLevel'
[2017.07.06-13.00.24:977][ 74]LogTemp: Repeting last play command: Selected Viewport
[2017.07.06-13.00.24:994][ 74]LogBlueprintUserMessages: Early PlayInEditor Detection: Level '/Game/SideScroller_BP/Maps/MenuLevel.MenuLevel:PersistentLevel' has LevelScriptBlueprint '/Game/SideScroller_BP/Maps/MenuLevel.MenuLevel:PersistentLevel.MenuLevel' with GeneratedClass '/Game/SideScroller_BP/Maps/MenuLevel.MenuLevel_C' with ClassGeneratedBy '/Game/SideScroller_BP/Maps/MenuLevel.MenuLevel:PersistentLevel.MenuLevel'
[2017.07.06-13.00.24:994][ 74]BlueprintLog: New page: Pre-Play auto-recompile
[2017.07.06-13.00.24:994][ 74]LogPlayLevel: [PlayLevel] Compiling MainMenu before play...
[2017.07.06-13.00.25:141][ 74]LogPlayLevel: PlayLevel: Blueprint regeneration took 146 ms (1 blueprints)
[2017.07.06-13.00.25:141][ 74]PIE: New page: PIE session: MenuLevel (Jul 6, 2017, 5:00:25 AM)
[2017.07.06-13.00.25:141][ 74]LogPlayLevel: Creating play world package: /Game/SideScroller_BP/Maps/UEDPIE_0_MenuLevel
[2017.07.06-13.00.25:142][ 74]LogPlayLevel: PIE: StaticDuplicateObject took: (0.001256s)
[2017.07.06-13.00.25:143][ 74]LogAIModule: Creating AISystem for world MenuLevel
[2017.07.06-13.00.25:144][ 74]LogPlayLevel: PIE: World Init took: (0.001479s)
[2017.07.06-13.00.25:144][ 74]LogPlayLevel: PIE: Created PIE world by copying editor world from /Game/SideScroller_BP/Maps/MenuLevel.MenuLevel to /Game/SideScroller_BP/Maps/UEDPIE_0_MenuLevel.MenuLevel (0.003021s)
[2017.07.06-13.00.25:161][ 74]LogInit: XAudio2 using 'Speaker/HP (Realtek High Definition Audio)' : 2 channels at 48 kHz using 32 bits per sample (channel mask 0x3)
[2017.07.06-13.00.25:173][ 74]LogInit: FAudioDevice initialized.
[2017.07.06-13.00.25:209][ 74]LogLoad: Game class is 'GameModeBase'
[2017.07.06-13.00.25:211][ 74]LogWorld: Bringing World /Game/SideScroller_BP/Maps/UEDPIE_0_MenuLevel.MenuLevel up for play (max tick rate 60) at 2017.07.06-09.00.25
[2017.07.06-13.00.25:211][ 74]LogWorld: Bringing up level for play took: 0.000913
[2017.07.06-13.00.25:214][ 74]PIE: Info Play in editor start time for /Game/SideScroller_BP/Maps/UEDPIE_0_MenuLevel -0.096
[2017.07.06-13.00.25:215][ 74]LogBlueprintUserMessages: Late PlayInEditor Detection: Level '/Game/SideScroller_BP/Maps/MenuLevel.MenuLevel:PersistentLevel' has LevelScriptBlueprint '/Game/SideScroller_BP/Maps/MenuLevel.MenuLevel:PersistentLevel.MenuLevel' with GeneratedClass '/Game/SideScroller_BP/Maps/MenuLevel.MenuLevel_C' with ClassGeneratedBy '/Game/SideScroller_BP/Maps/MenuLevel.MenuLevel:PersistentLevel.MenuLevel'
[2017.07.06-13.00.29:369][321]LogBlueprintUserMessages: Early EndPlayMap Detection: Level '/Game/SideScroller_BP/Maps/MenuLevel.MenuLevel:PersistentLevel' has LevelScriptBlueprint '/Game/SideScroller_BP/Maps/MenuLevel.MenuLevel:PersistentLevel.MenuLevel' with GeneratedClass '/Game/SideScroller_BP/Maps/MenuLevel.MenuLevel_C' with ClassGeneratedBy '/Game/SideScroller_BP/Maps/MenuLevel.MenuLevel:PersistentLevel.MenuLevel'
[2017.07.06-13.00.29:399][321]LogBlueprintUserMessages: Late EndPlayMap Detection: Level '/Game/SideScroller_BP/Maps/MenuLevel.MenuLevel:PersistentLevel' has LevelScriptBlueprint '/Game/SideScroller_BP/Maps/MenuLevel.MenuLevel:PersistentLevel.MenuLevel' with GeneratedClass '/Game/SideScroller_BP/Maps/MenuLevel.MenuLevel_C' with ClassGeneratedBy '/Game/SideScroller_BP/Maps/MenuLevel.MenuLevel:PersistentLevel.MenuLevel'
[2017.07.06-13.00.35:241][665]LogTemp: Repeting last play command: Selected Viewport
[2017.07.06-13.00.35:266][665]LogBlueprintUserMessages: Early PlayInEditor Detection: Level '/Game/SideScroller_BP/Maps/MenuLevel.MenuLevel:PersistentLevel' has LevelScriptBlueprint '/Game/SideScroller_BP/Maps/MenuLevel.MenuLevel:PersistentLevel.MenuLevel' with GeneratedClass '/Game/SideScroller_BP/Maps/MenuLevel.MenuLevel_C' with ClassGeneratedBy '/Game/SideScroller_BP/Maps/MenuLevel.MenuLevel:PersistentLevel.MenuLevel'
[2017.07.06-13.00.35:267][665]BlueprintLog: New page: Pre-Play auto-recompile
[2017.07.06-13.00.35:267][665]LogPlayLevel: [PlayLevel] Compiling MainMenu before play...
[2017.07.06-13.00.35:422][665]LogPlayLevel: PlayLevel: Blueprint regeneration took 155 ms (1 blueprints)
[2017.07.06-13.00.35:423][665]PIE: New page: PIE session: MenuLevel (Jul 6, 2017, 5:00:35 AM)
[2017.07.06-13.00.35:423][665]LogPlayLevel: Creating play world package: /Game/SideScroller_BP/Maps/UEDPIE_0_MenuLevel
[2017.07.06-13.00.35:424][665]LogPlayLevel: PIE: StaticDuplicateObject took: (0.001207s)
[2017.07.06-13.00.35:424][665]LogAIModule: Creating AISystem for world MenuLevel
[2017.07.06-13.00.35:425][665]LogPlayLevel: PIE: World Init took: (0.000747s)
[2017.07.06-13.00.35:425][665]LogPlayLevel: PIE: Created PIE world by copying editor world from /Game/SideScroller_BP/Maps/MenuLevel.MenuLevel to /Game/SideScroller_BP/Maps/UEDPIE_0_MenuLevel.MenuLevel (0.002159s)
[2017.07.06-13.00.35:442][665]LogInit: XAudio2 using 'Speaker/HP (Realtek High Definition Audio)' : 2 channels at 48 kHz using 32 bits per sample (channel mask 0x3)
[2017.07.06-13.00.35:454][665]LogInit: FAudioDevice initialized.
[2017.07.06-13.00.35:490][665]LogLoad: Game class is 'GameModeBase'
[2017.07.06-13.00.35:491][665]LogWorld: Bringing World /Game/SideScroller_BP/Maps/UEDPIE_0_MenuLevel.MenuLevel up for play (max tick rate 60) at 2017.07.06-09.00.35
[2017.07.06-13.00.35:492][665]LogWorld: Bringing up level for play took: 0.000798
[2017.07.06-13.00.35:494][665]PIE: Info Play in editor start time for /Game/SideScroller_BP/Maps/UEDPIE_0_MenuLevel 0.184
[2017.07.06-13.00.35:495][665]LogBlueprintUserMessages: Late PlayInEditor Detection: Level '/Game/SideScroller_BP/Maps/MenuLevel.MenuLevel:PersistentLevel' has LevelScriptBlueprint '/Game/SideScroller_BP/Maps/MenuLevel.MenuLevel:PersistentLevel.MenuLevel' with GeneratedClass '/Game/SideScroller_BP/Maps/MenuLevel.MenuLevel_C' with ClassGeneratedBy '/Game/SideScroller_BP/Maps/MenuLevel.MenuLevel:PersistentLevel.MenuLevel'
[2017.07.06-13.00.43:322][132]LogBlueprintUserMessages: Early EndPlayMap Detection: Level '/Game/SideScroller_BP/Maps/MenuLevel.MenuLevel:PersistentLevel' has LevelScriptBlueprint '/Game/SideScroller_BP/Maps/MenuLevel.MenuLevel:PersistentLevel.MenuLevel' with GeneratedClass '/Game/SideScroller_BP/Maps/MenuLevel.MenuLevel_C' with ClassGeneratedBy '/Game/SideScroller_BP/Maps/MenuLevel.MenuLevel:PersistentLevel.MenuLevel'
[2017.07.06-13.00.43:356][132]LogBlueprintUserMessages: Late EndPlayMap Detection: Level '/Game/SideScroller_BP/Maps/MenuLevel.MenuLevel:PersistentLevel' has LevelScriptBlueprint '/Game/SideScroller_BP/Maps/MenuLevel.MenuLevel:PersistentLevel.MenuLevel' with GeneratedClass '/Game/SideScroller_BP/Maps/MenuLevel.MenuLevel_C' with ClassGeneratedBy '/Game/SideScroller_BP/Maps/MenuLevel.MenuLevel:PersistentLevel.MenuLevel'
[2017.07.06-13.00.50:825][573]LogTemp: Repeting last play command: Selected Viewport
[2017.07.06-13.00.50:846][573]LogBlueprintUserMessages: Early PlayInEditor Detection: Level '/Game/SideScroller_BP/Maps/MenuLevel.MenuLevel:PersistentLevel' has LevelScriptBlueprint '/Game/SideScroller_BP/Maps/MenuLevel.MenuLevel:PersistentLevel.MenuLevel' with GeneratedClass '/Game/SideScroller_BP/Maps/MenuLevel.MenuLevel_C' with ClassGeneratedBy '/Game/SideScroller_BP/Maps/MenuLevel.MenuLevel:PersistentLevel.MenuLevel'
[2017.07.06-13.00.50:846][573]BlueprintLog: New page: Pre-Play auto-recompile
[2017.07.06-13.00.50:846][573]LogPlayLevel: [PlayLevel] Compiling MainMenu before play...
[2017.07.06-13.00.51:002][573]LogPlayLevel: PlayLevel: Blueprint regeneration took 155 ms (1 blueprints)
[2017.07.06-13.00.51:002][573]PIE: New page: PIE session: MenuLevel (Jul 6, 2017, 5:00:51 AM)
[2017.07.06-13.00.51:002][573]LogPlayLevel: Creating play world package: /Game/SideScroller_BP/Maps/UEDPIE_0_MenuLevel
[2017.07.06-13.00.51:003][573]LogPlayLevel: PIE: StaticDuplicateObject took: (0.001170s)
[2017.07.06-13.00.51:004][573]LogAIModule: Creating AISystem for world MenuLevel
[2017.07.06-13.00.51:004][573]LogPlayLevel: PIE: World Init took: (0.000697s)
[2017.07.06-13.00.51:004][573]LogPlayLevel: PIE: Created PIE world by copying editor world from /Game/SideScroller_BP/Maps/MenuLevel.MenuLevel to /Game/SideScroller_BP/Maps/UEDPIE_0_MenuLevel.MenuLevel (0.002071s)
[2017.07.06-13.00.51:021][573]LogInit: XAudio2 using 'Speaker/HP (Realtek High Definition Audio)' : 2 channels at 48 kHz using 32 bits per sample (channel mask 0x3)
[2017.07.06-13.00.51:033][573]LogInit: FAudioDevice initialized.
[2017.07.06-13.00.51:070][573]LogLoad: Game class is 'GameModeBase'
[2017.07.06-13.00.51:072][573]LogWorld: Bringing World /Game/SideScroller_BP/Maps/UEDPIE_0_MenuLevel.MenuLevel up for play (max tick rate 60) at 2017.07.06-09.00.51
[2017.07.06-13.00.51:072][573]LogWorld: Bringing up level for play took: 0.000930
[2017.07.06-13.00.51:076][573]PIE: Info Play in editor start time for /Game/SideScroller_BP/Maps/UEDPIE_0_MenuLevel -0.234
[2017.07.06-13.00.51:076][573]LogBlueprintUserMessages: Late PlayInEditor Detection: Level '/Game/SideScroller_BP/Maps/MenuLevel.MenuLevel:PersistentLevel' has LevelScriptBlueprint '/Game/SideScroller_BP/Maps/MenuLevel.MenuLevel:PersistentLevel.MenuLevel' with GeneratedClass '/Game/SideScroller_BP/Maps/MenuLevel.MenuLevel_C' with ClassGeneratedBy '/Game/SideScroller_BP/Maps/MenuLevel.MenuLevel:PersistentLevel.MenuLevel'
[2017.07.06-13.00.55:300][824]LogBlueprintUserMessages: Early EndPlayMap Detection: Level '/Game/SideScroller_BP/Maps/MenuLevel.MenuLevel:PersistentLevel' has LevelScriptBlueprint '/Game/SideScroller_BP/Maps/MenuLevel.MenuLevel:PersistentLevel.MenuLevel' with GeneratedClass '/Game/SideScroller_BP/Maps/MenuLevel.MenuLevel_C' with ClassGeneratedBy '/Game/SideScroller_BP/Maps/MenuLevel.MenuLevel:PersistentLevel.MenuLevel'
[2017.07.06-13.00.55:342][824]LogBlueprintUserMessages: Late EndPlayMap Detection: Level '/Game/SideScroller_BP/Maps/MenuLevel.MenuLevel:PersistentLevel' has LevelScriptBlueprint '/Game/SideScroller_BP/Maps/MenuLevel.MenuLevel:PersistentLevel.MenuLevel' with GeneratedClass '/Game/SideScroller_BP/Maps/MenuLevel.MenuLevel_C' with ClassGeneratedBy '/Game/SideScroller_BP/Maps/MenuLevel.MenuLevel:PersistentLevel.MenuLevel'
[2017.07.06-13.01.14:018][934]BlueprintLog: New page: Compile MainMenu
[2017.07.06-13.01.14:946][972]LogSavePackage: Save=41.07ms
[2017.07.06-13.01.14:946][972]LogSavePackage: Moving '../../../../../../Users/Camper/Documents/GitHub/Emagination2017Project/MyProject5/Saved/MainMenuAB34E38745E8314A537ABAAF378A489F.tmp' to '../../../../../../Users/Camper/Documents/GitHub/Emagination2017Project/MyProject5/Content/SideScroller_BP/Blueprints/MainMenu.uasset'
[2017.07.06-13.01.14:950][972]LogSavePackage:Display: Finished SavePackage ../../../../../../Users/Camper/Documents/GitHub/Emagination2017Project/MyProject5/Content/SideScroller_BP/Blueprints/MainMenu.uasset
[2017.07.06-13.01.30:793][846]BlueprintLog: New page: Compile PauseMenu
[2017.07.06-13.01.31:560][871]LogSavePackage: Save=32.59ms
[2017.07.06-13.01.31:560][871]LogSavePackage: Moving '../../../../../../Users/Camper/Documents/GitHub/Emagination2017Project/MyProject5/Saved/PauseMenu686513A049280149D52F2A9FA5876F5D.tmp' to '../../../../../../Users/Camper/Documents/GitHub/Emagination2017Project/MyProject5/Content/SideScroller_BP/Blueprints/PauseMenu.uasset'
[2017.07.06-13.01.31:565][871]LogSavePackage:Display: Finished SavePackage ../../../../../../Users/Camper/Documents/GitHub/Emagination2017Project/MyProject5/Content/SideScroller_BP/Blueprints/PauseMenu.uasset
[2017.07.06-13.02.59:235][ 74]Cmd: QUIT_EDITOR
[2017.07.06-13.02.59:969][ 74]LogWindowsTextInputMethodSystem:Display: IME system now deactivated.
[2017.07.06-13.02.59:995][ 74]LogExit: Preparing to exit.
[2017.07.06-13.03.01:042][ 74]LogDirectoryWatcher: A directory notification for 'C:/Users/Camper/Documents/GitHub/Emagination2017Project/MyProject5/Content/' was aborted.
[2017.07.06-13.03.01:084][ 74]LogExit: Editor shut down
[2017.07.06-13.03.01:085][ 74]LogExit: Transaction tracking system shut down
[2017.07.06-13.03.01:185][ 74]LogObj: Freed 0b from 0 cluster array pools.
[2017.07.06-13.03.01:185][ 74]LogExit: Object subsystem successfully closed.
[2017.07.06-13.03.01:206][ 74]LogD3D11RHI: Shutdown
[2017.07.06-13.03.01:206][ 74]LogD3D11RHI: CleanupD3DDevice
[2017.07.06-13.03.01:265][ 74]LogD3D11RHI: ~FD3D11DynamicRHI
[2017.07.06-13.03.01:294][ 74]LogModuleManager: Shutting down and abandoning module MovieSceneCapture (506)
[2017.07.06-13.03.01:295][ 74]LogModuleManager: Shutting down and abandoning module StatsViewer (504)
[2017.07.06-13.03.01:295][ 74]LogModuleManager: Shutting down and abandoning module SequencerWidgets (502)
[2017.07.06-13.03.01:295][ 74]LogModuleManager: Shutting down and abandoning module BlueprintGraph (500)
[2017.07.06-13.03.01:295][ 74]LogModuleManager: Shutting down and abandoning module BlueprintProfiler (498)
[2017.07.06-13.03.01:295][ 74]LogModuleManager: Shutting down and abandoning module HierarchicalLODOutliner (496)
[2017.07.06-13.03.01:295][ 74]LogModuleManager: Shutting down and abandoning module CrashTracker (494)
[2017.07.06-13.03.01:295][ 74]LogModuleManager: Shutting down and abandoning module SceneOutliner (492)
[2017.07.06-13.03.01:295][ 74]LogModuleManager: Shutting down and abandoning module AddContentDialog (490)
[2017.07.06-13.03.01:295][ 74]LogDirectoryWatcher: A directory notification for 'C:/Program Files/Epic Games/UE_4.15/FeaturePacks/' was aborted.
[2017.07.06-13.03.01:296][ 74]LogModuleManager: Shutting down and abandoning module WidgetCarousel (489)
[2017.07.06-13.03.01:296][ 74]LogModuleManager: Shutting down and abandoning module EditorWidgets (486)
[2017.07.06-13.03.01:296][ 74]LogModuleManager: Shutting down and abandoning module CollectionManager (484)
[2017.07.06-13.03.01:296][ 74]LogDirectoryWatcher: A directory notification for 'C:/Users/Camper/Documents/GitHub/Emagination2017Project/MyProject5/Content/Collections/' was aborted.
[2017.07.06-13.03.01:296][ 74]LogDirectoryWatcher: A directory notification for 'C:/Users/Camper/Documents/GitHub/Emagination2017Project/MyProject5/Content/Developers/Camper/Collections/' was aborted.
[2017.07.06-13.03.01:296][ 74]LogDirectoryWatcher: A directory notification for 'C:/Users/Camper/Documents/GitHub/Emagination2017Project/MyProject5/Saved/Collections/' was aborted.
[2017.07.06-13.03.01:296][ 74]LogModuleManager: Shutting down and abandoning module FoliageEdit (482)
[2017.07.06-13.03.01:296][ 74]LogModuleManager: Shutting down and abandoning module LandscapeEditor (480)
[2017.07.06-13.03.01:296][ 74]LogModuleManager: Shutting down and abandoning module SceneDepthPickerMode (478)
[2017.07.06-13.03.01:296][ 74]LogModuleManager: Shutting down and abandoning module ActorPickerMode (476)
[2017.07.06-13.03.01:296][ 74]LogModuleManager: Shutting down and abandoning module GeometryMode (474)
[2017.07.06-13.03.01:296][ 74]LogModuleManager: Shutting down and abandoning module TextureAlignMode (472)
[2017.07.06-13.03.01:296][ 74]LogModuleManager: Shutting down and abandoning module BspMode (470)
[2017.07.06-13.03.01:296][ 74]LogModuleManager: Shutting down and abandoning module HardwareSurvey (468)
[2017.07.06-13.03.01:296][ 74]LogModuleManager: Shutting down and abandoning module SequenceRecorderSections (466)
[2017.07.06-13.03.01:296][ 74]LogModuleManager: Shutting down and abandoning module AutomationWorker (464)
[2017.07.06-13.03.01:296][ 74]LogModuleManager: Shutting down and abandoning module MatineeToLevelSequence (462)
[2017.07.06-13.03.01:296][ 74]LogModuleManager: Shutting down and abandoning module LevelSequenceEditor (460)
[2017.07.06-13.03.01:296][ 74]LogModuleManager: Shutting down and abandoning module PlacementMode (459)
[2017.07.06-13.03.01:296][ 74]LogModuleManager: Shutting down and abandoning module WmfMediaFactory (456)
[2017.07.06-13.03.01:296][ 74]LogModuleManager: Shutting down and abandoning module WmfMediaEditor (454)
[2017.07.06-13.03.01:296][ 74]LogModuleManager: Shutting down and abandoning module MfMediaFactory (452)
[2017.07.06-13.03.01:296][ 74]LogModuleManager: Shutting down and abandoning module MfMediaEditor (450)
[2017.07.06-13.03.01:297][ 74]LogModuleManager: Shutting down and abandoning module AvfMediaFactory (448)
[2017.07.06-13.03.01:297][ 74]LogModuleManager: Shutting down and abandoning module AvfMediaEditor (446)
[2017.07.06-13.03.01:297][ 74]LogModuleManager: Shutting down and abandoning module AndroidMediaFactory (444)
[2017.07.06-13.03.01:297][ 74]LogModuleManager: Shutting down and abandoning module Media (443)
[2017.07.06-13.03.01:297][ 74]LogModuleManager: Shutting down and abandoning module AndroidMediaEditor (440)
[2017.07.06-13.03.01:297][ 74]LogModuleManager: Shutting down and abandoning module CharacterAI (438)
[2017.07.06-13.03.01:297][ 74]LogModuleManager: Shutting down and abandoning module AudioCapture (436)
[2017.07.06-13.03.01:297][ 74]LogModuleManager: Shutting down and abandoning module SequenceRecorder (435)
[2017.07.06-13.03.01:297][ 74]LogModuleManager: Shutting down and abandoning module SmartSnapping (432)
[2017.07.06-13.03.01:297][ 74]LogModuleManager: Shutting down and abandoning module SessionServices (430)
[2017.07.06-13.03.01:297][ 74]LogModuleManager: Shutting down and abandoning module ViewportSnapping (428)
[2017.07.06-13.03.01:297][ 74]LogModuleManager: Shutting down and abandoning module ViewportInteraction (426)
[2017.07.06-13.03.01:297][ 74]LogModuleManager: Shutting down and abandoning module LogVisualizer (424)
[2017.07.06-13.03.01:297][ 74]LogModuleManager: Shutting down and abandoning module IntroTutorials (422)
[2017.07.06-13.03.01:297][ 74]LogModuleManager: Shutting down and abandoning module GameProjectGeneration (421)
[2017.07.06-13.03.01:297][ 74]LogModuleManager: Shutting down and abandoning module EditorLiveStreaming (418)
[2017.07.06-13.03.01:297][ 74]LogModuleManager: Shutting down and abandoning module IOSPlatformEditor (416)
[2017.07.06-13.03.01:297][ 74]LogModuleManager: Shutting down and abandoning module HTML5PlatformEditor (414)
[2017.07.06-13.03.01:297][ 74]LogModuleManager: Shutting down and abandoning module AndroidPlatformEditor (412)
[2017.07.06-13.03.01:297][ 74]LogModuleManager: Shutting down and abandoning module AndroidDeviceDetection (411)
[2017.07.06-13.03.01:949][ 74]LogModuleManager: Shutting down and abandoning module IOSRuntimeSettings (408)
[2017.07.06-13.03.01:949][ 74]LogModuleManager: Shutting down and abandoning module AndroidRuntimeSettings (406)
[2017.07.06-13.03.01:949][ 74]LogModuleManager: Shutting down and abandoning module InputBindingEditor (404)
[2017.07.06-13.03.01:949][ 74]LogModuleManager: Shutting down and abandoning module NiagaraEditor (402)
[2017.07.06-13.03.01:949][ 74]LogModuleManager: Shutting down and abandoning module MergeActors (400)
[2017.07.06-13.03.01:949][ 74]LogModuleManager: Shutting down and abandoning module SizeMap (398)
[2017.07.06-13.03.01:949][ 74]LogModuleManager: Shutting down and abandoning module TreeMap (396)
[2017.07.06-13.03.01:949][ 74]LogModuleManager: Shutting down and abandoning module ReferenceViewer (394)
[2017.07.06-13.03.01:949][ 74]LogModuleManager: Shutting down and abandoning module LocalizationDashboard (392)
[2017.07.06-13.03.01:949][ 74]LogModuleManager: Shutting down and abandoning module LocalizationService (391)
[2017.07.06-13.03.01:949][ 74]LogModuleManager: Shutting down and abandoning module HardwareTargeting (388)
[2017.07.06-13.03.01:949][ 74]LogModuleManager: Shutting down and abandoning module DeviceProfileEditor (386)
[2017.07.06-13.03.01:949][ 74]LogModuleManager: Shutting down and abandoning module UndoHistory (384)
[2017.07.06-13.03.01:949][ 74]LogModuleManager: Shutting down and abandoning module UserFeedback (382)
[2017.07.06-13.03.01:949][ 74]LogModuleManager: Shutting down and abandoning module XmlParser (380)
[2017.07.06-13.03.01:949][ 74]LogModuleManager: Shutting down and abandoning module Blutility (378)
[2017.07.06-13.03.01:949][ 74]LogModuleManager: Shutting down and abandoning module ProjectSettingsViewer (376)
[2017.07.06-13.03.01:949][ 74]LogModuleManager: Shutting down and abandoning module ProjectTargetPlatformEditor (375)
[2017.07.06-13.03.01:950][ 74]LogModuleManager: Shutting down and abandoning module EditorSettingsViewer (372)
[2017.07.06-13.03.01:950][ 74]LogModuleManager: Shutting down and abandoning module SettingsEditor (370)
[2017.07.06-13.03.01:950][ 74]LogModuleManager: Shutting down and abandoning module ProjectLauncher (368)
[2017.07.06-13.03.01:950][ 74]LogModuleManager: Shutting down and abandoning module SessionFrontend (366)
[2017.07.06-13.03.01:950][ 74]LogModuleManager: Shutting down and abandoning module ProfilerClient (364)
[2017.07.06-13.03.01:950][ 74]LogModuleManager: Shutting down and abandoning module DeviceManager (362)
[2017.07.06-13.03.01:950][ 74]LogModuleManager: Shutting down and abandoning module TargetDeviceServices (361)
[2017.07.06-13.03.01:994][ 74]LogModuleManager: Shutting down and abandoning module AutomationController (358)
[2017.07.06-13.03.01:994][ 74]LogModuleManager: Shutting down and abandoning module AutomationWindow (356)
[2017.07.06-13.03.01:994][ 74]LogModuleManager: Shutting down and abandoning module Layers (354)
[2017.07.06-13.03.01:994][ 74]LogModuleManager: Shutting down and abandoning module ComponentVisualizers (352)
[2017.07.06-13.03.01:994][ 74]LogModuleManager: Shutting down and abandoning module DetailCustomizations (350)
[2017.07.06-13.03.01:994][ 74]LogModuleManager: Shutting down and abandoning module PackagesDialog (348)
[2017.07.06-13.03.01:994][ 74]LogModuleManager: Shutting down and abandoning module Persona (346)
[2017.07.06-13.03.01:994][ 74]LogModuleManager: Shutting down and abandoning module AnimGraph (345)
[2017.07.06-13.03.01:994][ 74]LogModuleManager: Shutting down and abandoning module Kismet (342)
[2017.07.06-13.03.02:000][ 74]LogModuleManager: Shutting down and abandoning module GraphEditor (340)
[2017.07.06-13.03.02:000][ 74]LogModuleManager: Shutting down and abandoning module ClassViewer (338)
[2017.07.06-13.03.02:000][ 74]LogModuleManager: Shutting down and abandoning module Toolbox (336)
[2017.07.06-13.03.02:000][ 74]LogModuleManager: Shutting down and abandoning module ModuleUI (334)
[2017.07.06-13.03.02:000][ 74]LogModuleManager: Shutting down and abandoning module MovieSceneTools (332)
[2017.07.06-13.03.02:001][ 74]LogModuleManager: Shutting down and abandoning module OutputLog (330)
[2017.07.06-13.03.02:001][ 74]LogModuleManager: Shutting down and abandoning module GammaUI (328)
[2017.07.06-13.03.02:001][ 74]LogModuleManager: Shutting down and abandoning module Documentation (326)
[2017.07.06-13.03.02:001][ 74]LogModuleManager: Shutting down and abandoning module Niagara (324)
[2017.07.06-13.03.02:001][ 74]LogModuleManager: Shutting down and abandoning module StreamingPauseRendering (322)
[2017.07.06-13.03.02:001][ 74]LogModuleManager: Shutting down and abandoning module AnalyticsET (320)
[2017.07.06-13.03.02:001][ 74]LogModuleManager: Shutting down and abandoning module PortalServices (318)
[2017.07.06-13.03.02:001][ 74]LogModuleManager: Shutting down and abandoning module PortalRpc (316)
[2017.07.06-13.03.02:001][ 74]LogModuleManager: Shutting down and abandoning module MessagingRpc (314)
[2017.07.06-13.03.02:001][ 74]LogModuleManager: Shutting down and abandoning module AIModule (312)
[2017.07.06-13.03.02:001][ 74]LogModuleManager: Shutting down and abandoning module GameplayDebugger (311)
[2017.07.06-13.03.02:001][ 74]LogModuleManager: Shutting down and abandoning module AITestSuite (309)
[2017.07.06-13.03.02:001][ 74]LogModuleManager: Shutting down and abandoning module ProfilerService (306)
[2017.07.06-13.03.02:131][ 74]LogModuleManager: Shutting down and abandoning module TaskGraph (304)
[2017.07.06-13.03.02:131][ 74]LogModuleManager: Shutting down and abandoning module SteamVRController (302)
[2017.07.06-13.03.02:131][ 74]LogModuleManager: Shutting down and abandoning module SteamVR (300)
[2017.07.06-13.03.02:131][ 74]LogModuleManager: Shutting down and abandoning module ProceduralMeshComponentEditor (298)
[2017.07.06-13.03.02:131][ 74]LogModuleManager: Shutting down and abandoning module ProceduralMeshComponent (296)
[2017.07.06-13.03.02:131][ 74]LogModuleManager: Shutting down and abandoning module OculusLibrary (294)
[2017.07.06-13.03.02:131][ 74]LogModuleManager: Shutting down and abandoning module OculusInput (292)
[2017.07.06-13.03.02:131][ 74]LogModuleManager: Shutting down and abandoning module MobilePatchingUtils (290)
[2017.07.06-13.03.02:131][ 74]LogModuleManager: Shutting down and abandoning module CustomMeshComponent (288)
[2017.07.06-13.03.02:131][ 74]LogModuleManager: Shutting down and abandoning module CableComponent (286)
[2017.07.06-13.03.02:131][ 74]LogModuleManager: Shutting down and abandoning module ArchVisCharacter (284)
[2017.07.06-13.03.02:131][ 74]LogModuleManager: Shutting down and abandoning module MediaPlayerEditor (280)
[2017.07.06-13.03.02:131][ 74]LogModuleManager: Shutting down and abandoning module HTML5Networking (278)
[2017.07.06-13.03.02:131][ 74]LogModuleManager: Shutting down and abandoning module AlembicImporter (276)
[2017.07.06-13.03.02:131][ 74]LogModuleManager: Shutting down and abandoning module AlembicLibrary (275)
[2017.07.06-13.03.02:131][ 74]LogModuleManager: Shutting down and abandoning module GeometryCache (274)
[2017.07.06-13.03.02:131][ 74]LogModuleManager: Shutting down and abandoning module GeometryCacheEd (273)
[2017.07.06-13.03.02:131][ 74]LogModuleManager: Shutting down and abandoning module SuperSearchEditor (268)
[2017.07.06-13.03.02:131][ 74]LogModuleManager: Shutting down and abandoning module SuperSearch (267)
[2017.07.06-13.03.02:131][ 74]LogModuleManager: Shutting down and abandoning module SpeedTreeImporter (264)
[2017.07.06-13.03.02:131][ 74]LogModuleManager: Shutting down and abandoning module PluginBrowser (262)
[2017.07.06-13.03.02:131][ 74]LogModuleManager: Shutting down and abandoning module MobileLauncherProfileWizard (260)
[2017.07.06-13.03.02:131][ 74]LogModuleManager: Shutting down and abandoning module EpicSurvey (258)
[2017.07.06-13.03.02:131][ 74]LogModuleManager: Shutting down and abandoning module VisualStudioSourceCodeAccess (256)
[2017.07.06-13.03.02:131][ 74]LogModuleManager: Shutting down and abandoning module DesktopPlatform (255)
[2017.07.06-13.03.02:131][ 74]LogModuleManager: Shutting down and abandoning module UObjectPlugin (252)
[2017.07.06-13.03.02:131][ 74]LogModuleManager: Shutting down and abandoning module SubversionSourceControl (250)
[2017.07.06-13.03.02:132][ 74]LogModuleManager: Shutting down and abandoning module PerforceSourceControl (248)
[2017.07.06-13.03.02:132][ 74]LogModuleManager: Shutting down and abandoning module GitSourceControl (246)
[2017.07.06-13.03.02:132][ 74]LogModuleManager: Shutting down and abandoning module SourceControl (245)
[2017.07.06-13.03.02:132][ 74]LogModuleManager: Shutting down and abandoning module LightPropagationVolumeEditor (242)
[2017.07.06-13.03.02:132][ 74]LogModuleManager: Shutting down and abandoning module PaperTiledImporter (240)
[2017.07.06-13.03.02:132][ 74]LogModuleManager: Shutting down and abandoning module PaperSpriteSheetImporter (238)
[2017.07.06-13.03.02:132][ 74]LogModuleManager: Shutting down and abandoning module Paper2DEditor (236)
[2017.07.06-13.03.02:132][ 74]LogModuleManager: Shutting down and abandoning module MeshPaint (235)
[2017.07.06-13.03.02:132][ 74]LogModuleManager: Shutting down and abandoning module LevelEditor (233)
[2017.07.06-13.03.02:132][ 74]LogModuleManager: Shutting down and abandoning module PixelInspectorModule (232)
[2017.07.06-13.03.02:132][ 74]LogModuleManager: Shutting down and abandoning module MainFrame (230)
[2017.07.06-13.03.02:132][ 74]LogModuleManager: Shutting down and abandoning module HotReload (229)
[2017.07.06-13.03.02:133][ 74]LogModuleManager: Shutting down and abandoning module ContentBrowser (225)
[2017.07.06-13.03.02:134][ 74]LogModuleManager: Shutting down and abandoning module PhysXVehiclesEditor (222)
[2017.07.06-13.03.02:134][ 74]LogModuleManager: Shutting down and abandoning module PhysXVehicles (220)
[2017.07.06-13.03.02:134][ 74]LogModuleManager: Shutting down and abandoning module LocationServicesBPLibrary (218)
[2017.07.06-13.03.02:134][ 74]LogModuleManager: Shutting down and abandoning module UdpMessaging (216)
[2017.07.06-13.03.02:235][ 74]LogModuleManager: Shutting down and abandoning module TcpMessaging (214)
[2017.07.06-13.03.02:335][ 74]LogModuleManager: Shutting down and abandoning module GameplayTagsEditor (212)
[2017.07.06-13.03.02:335][ 74]LogModuleManager: Shutting down and abandoning module FacialAnimationEditor (210)
[2017.07.06-13.03.02:335][ 74]LogModuleManager: Shutting down and abandoning module FacialAnimation (208)
[2017.07.06-13.03.02:335][ 74]LogModuleManager: Shutting down and abandoning module LightPropagationVolumeRuntime (206)
[2017.07.06-13.03.02:335][ 74]LogModuleManager: Shutting down and abandoning module Paper2D (204)
[2017.07.06-13.03.02:335][ 74]LogModuleManager: Shutting down and abandoning module WindowsMoviePlayer (202)
[2017.07.06-13.03.02:335][ 74]LogModuleManager: Shutting down and abandoning module WmfMedia (200)
[2017.07.06-13.03.02:335][ 74]LogModuleManager: Shutting down and abandoning module MfMedia (198)
[2017.07.06-13.03.02:335][ 74]LogModuleManager: Shutting down and abandoning module MediaAssets (196)
[2017.07.06-13.03.02:335][ 74]LogModuleManager: Shutting down and abandoning module GameLiveStreaming (194)
[2017.07.06-13.03.02:335][ 74]LogModuleManager: Shutting down and abandoning module VREditor (192)
[2017.07.06-13.03.02:335][ 74]LogModuleManager: Shutting down and abandoning module GameplayTasksEditor (190)
[2017.07.06-13.03.02:335][ 74]LogModuleManager: Shutting down and abandoning module BehaviorTreeEditor (188)
[2017.07.06-13.03.02:335][ 74]LogModuleManager: Shutting down and abandoning module FunctionalTesting (186)
[2017.07.06-13.03.02:335][ 74]LogModuleManager: Shutting down and abandoning module CollisionAnalyzer (184)
[2017.07.06-13.03.02:335][ 74]LogModuleManager: Shutting down and abandoning module UMG (182)
[2017.07.06-13.03.02:335][ 74]LogModuleManager: Shutting down and abandoning module UMGEditor (181)
[2017.07.06-13.03.02:335][ 74]LogModuleManager: Shutting down and abandoning module Sequencer (180)
[2017.07.06-13.03.02:335][ 74]LogModuleManager: Shutting down and abandoning module AssetTools (178)
[2017.07.06-13.03.02:335][ 74]LogModuleManager: Shutting down and abandoning module MessageLog (177)
[2017.07.06-13.03.02:335][ 74]LogModuleManager: Shutting down and abandoning module WorkspaceMenuStructure (176)
[2017.07.06-13.03.02:335][ 74]LogModuleManager: Shutting down and abandoning module SlateReflector (170)
[2017.07.06-13.03.02:335][ 74]LogModuleManager: Shutting down and abandoning module Slate (168)
[2017.07.06-13.03.02:335][ 74]LogModuleManager: Shutting down and abandoning module EditorStyle (166)
[2017.07.06-13.03.02:339][ 74]LogModuleManager: Shutting down and abandoning module SourceCodeAccess (164)
[2017.07.06-13.03.02:339][ 74]LogModuleManager: Shutting down and abandoning module HeadMountedDisplay (162)
[2017.07.06-13.03.02:339][ 74]LogModuleManager: Shutting down and abandoning module XAudio2 (160)
[2017.07.06-13.03.02:339][ 74]LogModuleManager: Shutting down and abandoning module Networking (158)
[2017.07.06-13.03.02:339][ 74]LogModuleManager: Shutting down and abandoning module Core (154)
[2017.07.06-13.03.02:339][ 74]LogModuleManager: Shutting down and abandoning module AssetRegistry (152)
[2017.07.06-13.03.02:471][ 74]LogDirectoryWatcher: A directory notification for '../../../Engine/Content/' was aborted.
[2017.07.06-13.03.02:471][ 74]LogDirectoryWatcher: A directory notification for '../../../../../../Users/Camper/Documents/GitHub/Emagination2017Project/MyProject5/Content/' was aborted.
[2017.07.06-13.03.02:471][ 74]LogDirectoryWatcher: A directory notification for '../../../Engine/Plugins/2D/Paper2D/Content/' was aborted.
[2017.07.06-13.03.02:471][ 74]LogModuleManager: Shutting down and abandoning module DirectoryWatcher (151)
[2017.07.06-13.03.02:472][ 74]LogModuleManager: Shutting down and abandoning module KismetCompiler (148)
[2017.07.06-13.03.02:472][ 74]LogModuleManager: Shutting down and abandoning module PhysXFormats (146)
[2017.07.06-13.03.02:472][ 74]LogModuleManager: Shutting down and abandoning module MeshUtilities (144)
[2017.07.06-13.03.02:472][ 74]LogModuleManager: Shutting down and abandoning module SimplygonSwarm (143)
[2017.07.06-13.03.02:472][ 74]LogModuleManager: Shutting down and abandoning module SimplygonMeshReduction (141)
[2017.07.06-13.03.02:472][ 74]LogModuleManager: Shutting down and abandoning module QuadricMeshReduction (139)
[2017.07.06-13.03.02:472][ 74]LogModuleManager: Shutting down and abandoning module PropertyEditor (137)
[2017.07.06-13.03.02:472][ 74]LogModuleManager: Shutting down and abandoning module DerivedDataCache (134)
[2017.07.06-13.03.02:527][ 74]LogDerivedDataCache: Shutdown
[2017.07.06-13.03.02:527][ 74]LogModuleManager: Shutting down and abandoning module TargetPlatform (132)
[2017.07.06-13.03.02:527][ 74]LogModuleManager: Shutting down and abandoning module VulkanShaderFormat (131)
[2017.07.06-13.03.02:527][ 74]LogModuleManager: Shutting down and abandoning module ShaderFormatOpenGL (129)
[2017.07.06-13.03.02:527][ 74]LogModuleManager: Shutting down and abandoning module ShaderFormatD3D (127)
[2017.07.06-13.03.02:527][ 74]LogModuleManager: Shutting down and abandoning module MetalShaderFormat (125)
[2017.07.06-13.03.02:527][ 74]LogModuleManager: Shutting down and abandoning module TextureFormatUncompressed (123)
[2017.07.06-13.03.02:527][ 74]LogModuleManager: Shutting down and abandoning module TextureFormatPVR (121)
[2017.07.06-13.03.02:527][ 74]LogModuleManager: Shutting down and abandoning module TextureFormatDXT (119)
[2017.07.06-13.03.02:527][ 74]LogModuleManager: Shutting down and abandoning module TextureFormatIntelISPCTexComp (117)
[2017.07.06-13.03.02:527][ 74]LogModuleManager: Shutting down and abandoning module TextureFormatASTC (115)
[2017.07.06-13.03.02:527][ 74]LogModuleManager: Shutting down and abandoning module ImageWrapper (114)
[2017.07.06-13.03.02:527][ 74]LogModuleManager: Shutting down and abandoning module TextureFormatAndroid (111)
[2017.07.06-13.03.02:527][ 74]LogModuleManager: Shutting down and abandoning module AudioFormatOpus (109)
[2017.07.06-13.03.02:527][ 74]LogModuleManager: Shutting down and abandoning module AudioFormatOgg (107)
[2017.07.06-13.03.02:527][ 74]LogModuleManager: Shutting down and abandoning module AudioFormatADPCM (105)
[2017.07.06-13.03.02:527][ 74]LogModuleManager: Shutting down and abandoning module LinuxTargetPlatform (103)
[2017.07.06-13.03.02:527][ 74]LogModuleManager: Shutting down and abandoning module LinuxServerTargetPlatform (101)
[2017.07.06-13.03.02:527][ 74]LogModuleManager: Shutting down and abandoning module LinuxNoEditorTargetPlatform (99)
[2017.07.06-13.03.02:527][ 74]LogModuleManager: Shutting down and abandoning module LinuxClientTargetPlatform (97)
[2017.07.06-13.03.02:527][ 74]LogModuleManager: Shutting down and abandoning module TVOSTargetPlatform (95)
[2017.07.06-13.03.02:527][ 74]LogModuleManager: Shutting down and abandoning module Messaging (93)
[2017.07.06-13.03.02:527][ 74]LogModuleManager: Shutting down and abandoning module IOSTargetPlatform (91)
[2017.07.06-13.03.02:528][ 74]LogModuleManager: Shutting down and abandoning module HTML5TargetPlatform (89)
[2017.07.06-13.03.02:528][ 74]LogModuleManager: Shutting down and abandoning module Android_PVRTCTargetPlatform (87)
[2017.07.06-13.03.02:528][ 74]LogModuleManager: Shutting down and abandoning module Android_MultiTargetPlatform (85)
[2017.07.06-13.03.02:528][ 74]LogModuleManager: Shutting down and abandoning module Android_ETC2TargetPlatform (83)
[2017.07.06-13.03.02:528][ 74]LogModuleManager: Shutting down and abandoning module Android_ETC1TargetPlatform (81)
[2017.07.06-13.03.02:528][ 74]LogModuleManager: Shutting down and abandoning module Android_DXTTargetPlatform (79)
[2017.07.06-13.03.02:528][ 74]LogModuleManager: Shutting down and abandoning module Android_ATCTargetPlatform (77)
[2017.07.06-13.03.02:528][ 74]LogModuleManager: Shutting down and abandoning module Android_ASTCTargetPlatform (75)
[2017.07.06-13.03.02:528][ 74]LogModuleManager: Shutting down and abandoning module AndroidTargetPlatform (73)
[2017.07.06-13.03.02:528][ 74]LogModuleManager: Shutting down and abandoning module WindowsTargetPlatform (71)
[2017.07.06-13.03.02:528][ 74]LogModuleManager: Shutting down and abandoning module WindowsServerTargetPlatform (69)
[2017.07.06-13.03.02:528][ 74]LogModuleManager: Shutting down and abandoning module WindowsNoEditorTargetPlatform (67)
[2017.07.06-13.03.02:528][ 74]LogModuleManager: Shutting down and abandoning module WindowsClientTargetPlatform (65)
[2017.07.06-13.03.02:528][ 74]LogModuleManager: Shutting down and abandoning module MacTargetPlatform (63)
[2017.07.06-13.03.02:528][ 74]LogModuleManager: Shutting down and abandoning module MacServerTargetPlatform (61)
[2017.07.06-13.03.02:528][ 74]LogModuleManager: Shutting down and abandoning module MacNoEditorTargetPlatform (59)
[2017.07.06-13.03.02:528][ 74]LogModuleManager: Shutting down and abandoning module MacClientTargetPlatform (57)
[2017.07.06-13.03.02:528][ 74]LogModuleManager: Shutting down and abandoning module AllDesktopTargetPlatform (55)
[2017.07.06-13.03.02:528][ 74]LogModuleManager: Shutting down and abandoning module InputCore (52)
[2017.07.06-13.03.02:528][ 74]LogModuleManager: Shutting down and abandoning module Settings (50)
[2017.07.06-13.03.02:528][ 74]LogModuleManager: Shutting down and abandoning module OculusRift (48)
[2017.07.06-13.03.02:528][ 74]LogModuleManager: Shutting down and abandoning module GearVR (46)
[2017.07.06-13.03.02:528][ 74]LogModuleManager: Shutting down and abandoning module ExampleDeviceProfileSelector (44)
[2017.07.06-13.03.02:528][ 74]LogModuleManager: Shutting down and abandoning module OnlineBlueprintSupport (42)
[2017.07.06-13.03.02:528][ 74]LogModuleManager: Shutting down and abandoning module OnlineSubsystem (38)
[2017.07.06-13.03.02:528][ 74]LogOnline:Display: Unloading online subsystem: NULL
[2017.07.06-13.03.02:528][ 74]LogModuleManager: Shutting down and abandoning module XMPP (37)
[2017.07.06-13.03.02:528][ 74]LogModuleManager: Shutting down and abandoning module HTTP (35)
[2017.07.06-13.03.02:528][ 74]LogHttp:Display: Http module shutting down, but needs to wait on 1 outstanding Http requests:
[2017.07.06-13.03.02:528][ 74]LogHttp:Display: 	verb=[POST] url=[https://datarouter.ol.epicgames.com/datarouter/api/v1/public/data?SessionID=%7BF6D3FEA9-4F17-A31C-FA3B-6DBA9F4BD944%7D&AppID=UEEditor.Rocket.Release&AppVersion=4.15.2-3416026%2B%2B%2BUE4%2BRelease-4.15&UserID=cb03359b402e97089a818485821d9df5%7Cdce5bf350dae4151a605eba1ad91624d%7C1ff1b01f-1d35-47d8-b799-dbda82573b2d&AppEnvironment=datacollector-binary&UploadType=eteventstream] status=Processing
[2017.07.06-13.03.02:532][ 74]LogModuleManager: Shutting down and abandoning module SSL (34)
[2017.07.06-13.03.02:534][ 74]LogModuleManager: Shutting down and abandoning module AudioEditor (30)
[2017.07.06-13.03.02:534][ 74]LogModuleManager: Shutting down and abandoning module TextureCompressor (28)
[2017.07.06-13.03.02:534][ 74]LogModuleManager: Shutting down and abandoning module ShaderCore (26)
[2017.07.06-13.03.02:534][ 74]LogModuleManager: Shutting down and abandoning module Landscape (24)
[2017.07.06-13.03.02:534][ 74]LogModuleManager: Shutting down and abandoning module SlateRHIRenderer (22)
[2017.07.06-13.03.02:537][ 74]LogModuleManager: Shutting down and abandoning module OpenGLDrv (20)
[2017.07.06-13.03.02:537][ 74]LogModuleManager: Shutting down and abandoning module D3D11RHI (18)
[2017.07.06-13.03.02:537][ 74]LogModuleManager: Shutting down and abandoning module AnimGraphRuntime (16)
[2017.07.06-13.03.02:537][ 74]LogModuleManager: Shutting down and abandoning module Renderer (14)
[2017.07.06-13.03.02:537][ 74]LogModuleManager: Shutting down and abandoning module Engine (12)
[2017.07.06-13.03.02:537][ 74]LogModuleManager: Shutting down and abandoning module CoreUObject (10)
[2017.07.06-13.03.02:537][ 74]LogModuleManager: Shutting down and abandoning module NetworkFile (8)
[2017.07.06-13.03.02:537][ 74]LogModuleManager: Shutting down and abandoning module StreamingFile (6)
[2017.07.06-13.03.02:537][ 74]LogModuleManager: Shutting down and abandoning module SandboxFile (4)
[2017.07.06-13.03.02:537][ 74]LogModuleManager: Shutting down and abandoning module PakFile (2)
[2017.07.06-13.03.02:539][ 74]LogExit: Exiting.
[2017.07.06-13.03.02:540][ 74]Log file closed, 07/06/17 09:03:02
