Log file open, 07/05/17 19:45:44
LogInit:Display: Running engine for game: MyProject5
LogPlatformFile: Not using cached read wrapper
LogInit:Display: RandInit(189669377) SRandInit(189669377).
LogTaskGraph: Started task graph with 5 named threads and 8 total threads with 1 sets of task threads.
LogStats: Stats thread started at 0.149699
LogInit: Using libcurl 7.47.1
LogInit:  - built for x86_64-pc-win32
LogInit:  - supports SSL with OpenSSL/1.0.2g
LogInit:  - supports HTTP deflate (compression) using libz 1.2.8
LogInit:  - other features:
LogInit:      CURL_VERSION_SSL
LogInit:      CURL_VERSION_LIBZ
LogInit:      CURL_VERSION_IPV6
LogInit:      CURL_VERSION_ASYNCHDNS
LogInit:      CURL_VERSION_LARGEFILE
LogInit:      CURL_VERSION_IDN
LogInit:  CurlRequestOptions (configurable via config and command line):
LogInit:  - bVerifyPeer = false  - Libcurl will NOT verify peer certificate
LogInit:  - bUseHttpProxy = false  - Libcurl will NOT use HTTP proxy
LogInit:  - bDontReuseConnections = false  - Libcurl will reuse connections
LogInit:  - CertBundlePath = nullptr  - Libcurl will use whatever was configured at build time.
LogInit: Build: ++UE4+Release-4.15-CL-3416026
LogInit: Engine Version: 4.15.2-3416026+++UE4+Release-4.15
LogInit: Compatible Engine Version: 4.15.0-3299760+++UE4+Release-4.15
LogInit: Net CL: 3299760
LogDevObjectVersion: Number of dev versions registered: 14
LogDevObjectVersion:   Dev-Blueprints (B0D832E4-1F89-4F0D-ACCF-7EB736FD4AA2): 8
LogDevObjectVersion:   Dev-Build (E1C64328-A22C-4D53-A36C-8E866417BD8C): 0
LogDevObjectVersion:   Dev-Core (375EC13C-06E4-48FB-B500-84F0262A717E): 2
LogDevObjectVersion:   Dev-Editor (E4B068ED-F494-42E9-A231-DA0B2E46BB41): 14
LogDevObjectVersion:   Dev-Framework (CFFC743F-43B0-4480-9391-14DF171D2073): 22
LogDevObjectVersion:   Dev-Mobile (B02B49B5-BB20-44E9-A304-32B752E40360): 0
LogDevObjectVersion:   Dev-Networking (A4E4105C-59A1-49B5-A7C5-40C4547EDFEE): 0
LogDevObjectVersion:   Dev-Online (39C831C9-5AE6-47DC-9A44-9C173E1C8E7C): 0
LogDevObjectVersion:   Dev-Physics (78F01B33-EBEA-4F98-B9B4-84EACCB95AA2): 0
LogDevObjectVersion:   Dev-Platform (6631380F-2D4D-43E0-8009-CF276956A95A): 0
LogDevObjectVersion:   Dev-Rendering (12F88B9F-8875-4AFC-A67C-D90C383ABD29): 12
LogDevObjectVersion:   Dev-Sequencer (7B5AE74C-D270-4C10-A958-57980B212A5A): 3
LogDevObjectVersion:   Dev-VR (D7296918-1DD6-4BDD-9DE2-64A83CC13884): 0
LogDevObjectVersion:   Dev-LoadTimes (C2A15278-BFE7-4AFE-6C17-90FF531DF755): 1
LogInit: Compiled (64-bit): May  1 2017 13:11:28
LogInit: Compiled with Visual C++: 19.00.23026.00
LogInit: Build Configuration: Development
LogInit: Branch Name: ++UE4+Release-4.15
LogInit: Command line:  
LogInit: Base directory: C:/Program Files/Epic Games/UE_4.15/Engine/Binaries/Win64/
LogInit: Installed Engine Build: 1
LogInit: Presizing for max 8388607 objects, including 0 objects not considered by GC, pre-allocating 0 bytes for permanent pool.
LogInit: Object subsystem initialized
[2017.07.05-23.45.45:978][  0]LogInit: Selected Device Profile: [Windows]
[2017.07.05-23.45.45:978][  0]LogInit: Applying CVar settings loaded from the selected device profile: [Windows]
[2017.07.05-23.45.45:987][  0]LogInit: Computer: EGDWS_MA_0013
[2017.07.05-23.45.45:987][  0]LogInit: User: Camper
[2017.07.05-23.45.45:987][  0]LogInit: CPU Page size=65536, Cores=4
[2017.07.05-23.45.45:987][  0]LogInit: High frequency timer resolution =2.338344 MHz
[2017.07.05-23.45.45:988][  0]LogMemory: Memory total: Physical=15.6GB (16GB approx)
[2017.07.05-23.45.45:988][  0]LogMemory: Platform Memory Stats for Windows
[2017.07.05-23.45.45:988][  0]LogMemory: Process Physical Memory: 263.23 MB used, 263.23 MB peak
[2017.07.05-23.45.45:988][  0]LogMemory: Process Virtual Memory: 262.66 MB used, 262.66 MB peak
[2017.07.05-23.45.45:988][  0]LogMemory: Physical Memory: 6187.71 MB used,  9821.51 MB free, 16009.22 MB total
[2017.07.05-23.45.45:988][  0]LogMemory: Virtual Memory: 630.80 MB used,  9821.51 MB free, 134217728.00 MB total
[2017.07.05-23.45.46:584][  0]LogTextLocalizationManager: No specific translations for ('en-US') exist, so ('en') translations will be used.
[2017.07.05-23.45.47:362][  0]LogD3D11RHI: D3D11 adapters:
[2017.07.05-23.45.47:951][  0]LogD3D11RHI:    0. 'NVIDIA Quadro K1100M   ' (Feature Level 11_0)
[2017.07.05-23.45.47:951][  0]LogD3D11RHI:       1992/0/8004 MB DedicatedVideo/DedicatedSystem/SharedSystem, Outputs:1, VendorId:0x10de
[2017.07.05-23.45.47:957][  0]LogD3D11RHI:    1. 'Intel(R) HD Graphics 4600' (Feature Level 11_0)
[2017.07.05-23.45.47:957][  0]LogD3D11RHI:       112/0/2048 MB DedicatedVideo/DedicatedSystem/SharedSystem, Outputs:0, VendorId:0x8086
[2017.07.05-23.45.47:959][  0]LogD3D11RHI:    2. 'Microsoft Basic Render Driver' (Feature Level 11_0)
[2017.07.05-23.45.47:959][  0]LogD3D11RHI:       0/0/8004 MB DedicatedVideo/DedicatedSystem/SharedSystem, Outputs:0, VendorId:0x1414
[2017.07.05-23.45.47:959][  0]LogD3D11RHI: Chosen D3D11 Adapter: 0
[2017.07.05-23.45.47:964][  0]LogD3D11RHI: Creating new Direct3DDevice
[2017.07.05-23.45.47:964][  0]LogD3D11RHI:     GPU DeviceId: 0xff6 (for the marketing name, search the web for "GPU Device Id")
[2017.07.05-23.45.47:964][  0]LogWindows: EnumDisplayDevices:
[2017.07.05-23.45.47:964][  0]LogWindows:    0. 'Intel(R) HD Graphics 4600' (P:1 D:1)
[2017.07.05-23.45.47:964][  0]LogWindows:    1. 'Intel(R) HD Graphics 4600' (P:0 D:0)
[2017.07.05-23.45.47:965][  0]LogWindows:    2. 'Intel(R) HD Graphics 4600' (P:0 D:0)
[2017.07.05-23.45.47:965][  0]LogWindows: DebugString: PrimaryIsNotTheChoosenAdapter PrimaryIsNotTheChoosenAdapter PrimaryIsNotTheChoosenAdapter FoundDriverCount:0 
[2017.07.05-23.45.47:965][  0]LogD3D11RHI:     Adapter Name: NVIDIA Quadro K1100M   
[2017.07.05-23.45.47:965][  0]LogD3D11RHI:   Driver Version: Unknown (internal:Unknown, unified:Unknown)
[2017.07.05-23.45.47:965][  0]LogD3D11RHI:      Driver Date: Unknown
[2017.07.05-23.45.47:965][  0]LogRHI: Texture pool is 1361 MB (70% of 1945 MB)
[2017.07.05-23.45.47:980][  0]LogD3D11RHI:Warning: Timestamp queries are currently disabled on this hardware due to instability. Realtime GPU stats will not be available. You can override this behaviour by setting r.NVIDIATimestampWorkaround to 0
[2017.07.05-23.45.48:179][  0]LogD3D11RHI: NvAPI_D3D_GetCurrentSLIState failed: 0xfffffff7
[2017.07.05-23.45.48:181][  0]LogD3D11RHI: [Aftermath] Aftermath enabled but failed to initialize due to reason: DriverVersionNotSupported
[2017.07.05-23.45.48:181][  0]LogD3D11RHI: Async texture creation enabled
[2017.07.05-23.45.48:201][  0]LogD3D11RHI: GPU Timing Frequency: 1000.000000 (Debug: 2 2)
[2017.07.05-23.45.48:201][  0]LogShaderCompilers: Guid format shader working directory is -34 characters bigger than the processId version (../../../../../../Users/Camper/Documents/GitHub/Emagination2017Project/MyProject5/Intermediate/Shaders/WorkingDirectory/5448/).
[2017.07.05-23.45.48:201][  0]LogShaderCompilers: Cleaned the shader compiler working directory 'C:/Users/Camper/AppData/Local/Temp/UnrealShaderWorkingDir/C47F8748455415B29546FFA963695837/'.
[2017.07.05-23.45.48:201][  0]LogShaderCompilers:Display: Using Local Shader Compiler.
[2017.07.05-23.45.50:007][  0]LogTemp:Display: Loaded TP AllDesktopTargetPlatform
[2017.07.05-23.45.50:107][  0]LogTemp:Display: Loaded TP MacClientTargetPlatform
[2017.07.05-23.45.50:205][  0]LogTemp:Display: Loaded TP MacNoEditorTargetPlatform
[2017.07.05-23.45.50:300][  0]LogTemp:Display: Loaded TP MacServerTargetPlatform
[2017.07.05-23.45.50:412][  0]LogTemp:Display: Loaded TP MacTargetPlatform
[2017.07.05-23.45.50:511][  0]LogTemp:Display: Loaded TP WindowsClientTargetPlatform
[2017.07.05-23.45.50:623][  0]LogTemp:Display: Loaded TP WindowsNoEditorTargetPlatform
[2017.07.05-23.45.50:726][  0]LogTemp:Display: Loaded TP WindowsServerTargetPlatform
[2017.07.05-23.45.50:843][  0]LogTemp:Display: Loaded TP WindowsTargetPlatform
[2017.07.05-23.45.50:944][  0]LogTemp:Display: Loaded TP AndroidTargetPlatform
[2017.07.05-23.45.51:053][  0]LogTemp:Display: Loaded TP Android_ASTCTargetPlatform
[2017.07.05-23.45.51:154][  0]LogTemp:Display: Loaded TP Android_ATCTargetPlatform
[2017.07.05-23.45.51:248][  0]LogTemp:Display: Loaded TP Android_DXTTargetPlatform
[2017.07.05-23.45.51:359][  0]LogTemp:Display: Loaded TP Android_ETC1TargetPlatform
[2017.07.05-23.45.51:482][  0]LogTemp:Display: Loaded TP Android_ETC2TargetPlatform
[2017.07.05-23.45.51:668][  0]LogTemp:Display: Loaded TP Android_MultiTargetPlatform
[2017.07.05-23.45.51:668][  0]LogTemp:Display: Loaded TP Android_PVRTCTargetPlatform
[2017.07.05-23.45.51:754][  0]LogTemp:Display: Loaded TP HTML5TargetPlatform
[2017.07.05-23.45.51:983][  0]LogTemp:Display: Loaded TP IOSTargetPlatform
[2017.07.05-23.45.52:051][  0]LogTemp:Display: Loaded TP TVOSTargetPlatform
[2017.07.05-23.45.52:148][  0]LogTemp:Display: Loaded TP LinuxClientTargetPlatform
[2017.07.05-23.45.52:249][  0]LogTemp:Display: Loaded TP LinuxNoEditorTargetPlatform
[2017.07.05-23.45.52:344][  0]LogTemp:Display: Loaded TP LinuxServerTargetPlatform
[2017.07.05-23.45.52:434][  0]LogTemp:Display: Loaded TP LinuxTargetPlatform
[2017.07.05-23.45.52:434][  0]LogTargetPlatformManager:Display: Building Assets For Windows
[2017.07.05-23.45.53:838][  0]LogDerivedDataCache:Display: Max Cache Size: 512 MB
[2017.07.05-23.45.53:895][  0]LogDerivedDataCache: Loaded boot cache 0.06s 50MB C:/Users/Camper/AppData/Local/UnrealEngine/4.15/DerivedDataCache/Boot.ddc.
[2017.07.05-23.45.53:895][  0]LogDerivedDataCache:Display: Loaded Boot cache: C:/Users/Camper/AppData/Local/UnrealEngine/4.15/DerivedDataCache/Boot.ddc
[2017.07.05-23.45.53:895][  0]LogDerivedDataCache: FDerivedDataBackendGraph:  Pak pak cache file ../../../../../../Users/Camper/Documents/GitHub/Emagination2017Project/MyProject5/DerivedDataCache/DDC.ddp not found, will not use a pak cache.
[2017.07.05-23.45.53:895][  0]LogDerivedDataCache: Unable to find inner node Pak for hierarchical cache Hierarchy.
[2017.07.05-23.45.53:896][  0]LogDerivedDataCache: FDerivedDataBackendGraph:  CompressedPak pak cache file ../../../../../../Users/Camper/Documents/GitHub/Emagination2017Project/MyProject5/DerivedDataCache/Compressed.ddp not found, will not use a pak cache.
[2017.07.05-23.45.53:896][  0]LogDerivedDataCache: Unable to find inner node CompressedPak for hierarchical cache Hierarchy.
[2017.07.05-23.45.53:918][  0]LogDerivedDataCache:Display: Pak cache opened for reading ../../../Engine/DerivedDataCache/Compressed.ddp.
[2017.07.05-23.45.53:930][  0]LogDerivedDataCache: Using Local data cache path C:/Users/Camper/AppData/Local/UnrealEngine/Common/DerivedDataCache: Writable
[2017.07.05-23.45.53:943][  0]LogSlate: Using Freetype 2.6.0
[2017.07.05-23.45.53:945][  0]LogSlate: SlateFontCache - WITH_FREETYPE: 1, WITH_HARFBUZZ: 1
[2017.07.05-23.45.53:945][  0]LogSlate: SlateFontCache - WITH_FREETYPE: 1, WITH_HARFBUZZ: 1
[2017.07.05-23.45.54:305][  0]LogInit: Selected Device Profile: [Windows]
[2017.07.05-23.45.54:308][  0]LogContentStreaming: Texture pool size is 0.00 MB
[2017.07.05-23.45.54:703][  0]LogMeshUtilities: Using QuadricMeshReduction for automatic static mesh reduction
[2017.07.05-23.45.54:822][  0]LogSimplygon: Simplygon DLL not present - disabling.
[2017.07.05-23.45.54:960][  0]LogMeshUtilities: Using SimplygonSwarm for distributed automatic mesh merging
[2017.07.05-23.45.54:960][  0]LogMeshUtilities: No automatic skeletal mesh reduction module available
[2017.07.05-23.45.54:960][  0]LogMeshUtilities: No automatic mesh merging module available
[2017.07.05-23.45.55:737][  0]LogNetVersion: GetLocalNetworkVersion: CL: 3299760, ProjectName: myproject5, ProjectVersion: , EngineNetworkVersion: 2, GameNetworkVersion: 0, NetworkChecksum: 2091606010
[2017.07.05-23.45.55:850][  0]LogAssetRegistry: FAssetRegistry took 0.0225 seconds to start up
[2017.07.05-23.45.55:921][  0]LogPackageLocalizationCache: Processed 3 localized package path(s) for 2 prioritized culture(s) in 0.042119 seconds
[2017.07.05-23.45.55:926][  0]LogUObjectArray: 32493 objects as part of root set at end of initial load.
[2017.07.05-23.45.55:926][  0]LogUObjectAllocator: 7077024 out of 0 bytes used by permanent object pool.
[2017.07.05-23.45.55:926][  0]LogUObjectArray: CloseDisregardForGC: 0/0 objects in disregard for GC pool
[2017.07.05-23.45.56:061][  0]LogInit: WinSock: version 1.1 (2.2), MaxSocks=32767, MaxUdp=65467
[2017.07.05-23.45.59:476][  0]LogTcpMessaging: Initializing TcpMessaging bridge
[2017.07.05-23.45.59:567][  0]LogUdpMessaging: Initializing bridge on interface 0.0.0.0:0 to multicast group 230.0.0.1:6666.
[2017.07.05-23.46.00:620][  0]LogMaterial: Uniform references updated for custom material expression Custom.
[2017.07.05-23.46.01:334][  0]SourceControl: Info Source control is disabled
[2017.07.05-23.46.01:335][  0]SourceControl: Info Source control is disabled
[2017.07.05-23.46.01:499][  0]SourceControl: Info Source control is disabled
[2017.07.05-23.46.01:636][  0]SourceControl: Info Source control is disabled
[2017.07.05-23.46.04:707][  0]LogEngine: Initializing Engine...
[2017.07.05-23.46.04:708][  0]LogHMD: Failed to initialize OpenVR with code 110
[2017.07.05-23.46.04:837][  0]LogStats: UGameplayTagsManager::ConstructGameplayTagTree: Construct from data asset -  0.000 s
[2017.07.05-23.46.04:837][  0]LogStats: UGameplayTagsManager::ConstructGameplayTagTree: GameplayTagTreeChangedEvent.Broadcast -  0.000 s
[2017.07.05-23.46.05:077][  0]LogAIModule: Creating AISystem for world Untitled
[2017.07.05-23.46.05:084][  0]LogInit: XAudio2 using 'Speaker/HP (Realtek High Definition Audio)' : 2 channels at 48 kHz using 32 bits per sample (channel mask 0x3)
[2017.07.05-23.46.05:152][  0]LogInit: FAudioDevice initialized.
[2017.07.05-23.46.05:182][  0]LogDerivedDataCache: Saved boot cache 0.03s 50MB C:/Users/Camper/AppData/Local/UnrealEngine/4.15/DerivedDataCache/Boot.ddc.
[2017.07.05-23.46.05:186][  0]LogInit: Texture streaming: Enabled
[2017.07.05-23.46.05:435][  0]LogEngineSessionManager: EngineSessionManager initialized
[2017.07.05-23.46.05:649][  0]LogInit: Transaction tracking system initialized
[2017.07.05-23.46.06:356][  0]BlueprintLog: New page: Editor Load
[2017.07.05-23.46.08:674][  0]LocalizationService: Info Localization service is disabled
[2017.07.05-23.46.10:167][  0]LogConsoleResponse:Display: 
[2017.07.05-23.46.10:339][  0]LogCook:Display: Max memory allowance for cook 16384mb min free memory 0mb
[2017.07.05-23.46.10:339][  0]LogCook:Display: Mobile HDR setting 1
[2017.07.05-23.46.11:011][  0]LogFileCache: Scanning file cache for directory 'C:/Users/Camper/Documents/GitHub/Emagination2017Project/MyProject5/Content/' took 0.02s
[2017.07.05-23.46.12:610][  0]SourceControl: Info Source control is disabled
[2017.07.05-23.46.12:611][  0]Cmd: MAP LOAD FILE="../../../../../../Users/Camper/Documents/GitHub/Emagination2017Project/MyProject5/Content/SideScrollerBP/Maps/SideScrollerExampleMap.umap" TEMPLATE=0 SHOWPROGRESS=1 FEATURELEVEL=3
[2017.07.05-23.46.12:611][  0]LogEditorServer:Warning: Can't find file '../../../../../../Users/Camper/Documents/GitHub/Emagination2017Project/MyProject5/Content/SideScrollerBP/Maps/SideScrollerExampleMap.umap'
[2017.07.05-23.46.12:611][  0]Cmd: MAP CHECKDEP NOCLEARLOG
[2017.07.05-23.46.12:707][  0]MapCheck: Info Map check complete: 0 Error(s), 0 Warning(s), took 95.87ms to complete.
[2017.07.05-23.46.12:707][  0]LogFileHelpers: Loading map 'SideScrollerExampleMap' took 0.096
[2017.07.05-23.46.12:783][  0]LogWindowsTextInputMethodSystem:Display: IME system now deactivated.
[2017.07.05-23.46.12:965][  0]LogCollectionManager: Loaded 0 collections in 0.002693 seconds
[2017.07.05-23.46.13:075][  0]LogFileCache: Scanning file cache for directory 'C:/Users/Camper/Documents/GitHub/Emagination2017Project/MyProject5/Saved/Collections/' took 0.01s
[2017.07.05-23.46.13:075][  0]LogFileCache: Scanning file cache for directory 'C:/Users/Camper/Documents/GitHub/Emagination2017Project/MyProject5/Content/Developers/Camper/Collections/' took 0.01s
[2017.07.05-23.46.13:075][  0]LogFileCache: Scanning file cache for directory 'C:/Users/Camper/Documents/GitHub/Emagination2017Project/MyProject5/Content/Collections/' took 0.01s
[2017.07.05-23.46.13:075][  0]LogCollectionManager: Rebuilt the GUID cache for 0 collections in 0.000002 seconds
[2017.07.05-23.46.13:086][  0]LogContentBrowser: Native class hierarchy populated in 0.0100 seconds. Added 2245 classes and 453 folders.
[2017.07.05-23.46.13:175][  0]LogContentBrowser: Native class hierarchy updated for 'WidgetCarousel' in 0.0006 seconds. Added 0 classes and 0 folders.
[2017.07.05-23.46.13:255][  0]LogContentBrowser: Native class hierarchy updated for 'AddContentDialog' in 0.0006 seconds. Added 0 classes and 0 folders.
[2017.07.05-23.46.13:868][  0]LogContentBrowser: Native class hierarchy updated for 'SceneOutliner' in 0.0006 seconds. Added 1 classes and 2 folders.
[2017.07.05-23.46.14:080][  0]LogCrashTracker: Crashtracker disabled due to settings.
[2017.07.05-23.46.14:087][  0]LogUObjectGlobals:Warning: Failed to find object 'Class None.'
[2017.07.05-23.46.14:340][  0]LogContentBrowser: Native class hierarchy updated for 'HierarchicalLODOutliner' in 0.0014 seconds. Added 1 classes and 2 folders.
[2017.07.05-23.46.14:340][  0]LogLoad: (Engine Initialization) Total time: 32.01 seconds
[2017.07.05-23.46.14:340][  0]LogLoad: (Engine Initialization) Total Blueprint compile time: 0.07 seconds
[2017.07.05-23.46.14:340][  0]LogExternalProfiler: No external profilers were discovered.  External profiling features will not be available.
[2017.07.05-23.46.14:358][  0]LogOcInput: OculusInput pre-init called
[2017.07.05-23.46.14:398][  0]LogContentStreaming: Texture pool size now 1000 MB
[2017.07.05-23.46.14:399][  0]LogSlate: Took 0.000350 seconds to synchronously load lazily loaded font '../../../Engine/Content/Slate/Fonts/Roboto-Regular.ttf' (155K)
[2017.07.05-23.46.14:403][  0]LogSlate: Took 0.000434 seconds to synchronously load lazily loaded font '../../../Engine/Content/Slate/Fonts/Roboto-Bold.ttf' (160K)
[2017.07.05-23.46.14:410][  0]LogSlate: Took 0.000475 seconds to synchronously load lazily loaded font '../../../Engine/Content/Editor/Slate/Fonts/FontAwesome.ttf' (139K)
[2017.07.05-23.46.14:526][  0]LogSlate: Took 0.000467 seconds to synchronously load lazily loaded font '../../../Engine/Content/Slate/Fonts/Roboto-Light.ttf' (159K)
[2017.07.05-23.46.14:548][  1]LogFileCache: Retrieving MD5 hashes for directory 'C:/Users/Camper/Documents/GitHub/Emagination2017Project/MyProject5/Content/' took 0.18s
[2017.07.05-23.46.14:585][  2]LogRenderer: Reallocating scene render targets to support 888x420 NumSamples 1 (Frame:2).
[2017.07.05-23.46.14:674][  2]LogAssetRegistry: Asset discovery search completed in 18.8469 seconds
[2017.07.05-23.46.14:674][  2]LogCollectionManager: Rebuilt the object cache for 0 collections in 0.000009 seconds (found 0 objects)
[2017.07.05-23.46.14:674][  2]LogCollectionManager: Fixed up redirectors for 0 collections in 0.000027 seconds (updated 0 objects)
[2017.07.05-23.46.15:389][ 40]LogSlate: Took 0.000410 seconds to synchronously load lazily loaded font '../../../Engine/Content/Slate/Fonts/Roboto-Light.ttf' (159K)
[2017.07.05-23.47.36:319][891]AssetReimport: New page: Detailed File System Changes from 7:47:36 PM
[2017.07.05-23.47.36:334][891]AssetReimport: Info 'C:/Users/Camper/Documents/GitHub/Emagination2017Project/MyProject5/Content/SideScroller_BP/Meshes/ButtonMesh.obj' has been modified.
[2017.07.05-23.47.36:334][891]AssetReimport: Info 'C:/Users/Camper/Documents/GitHub/Emagination2017Project/MyProject5/Content/SideScroller_BP/Meshes/ConveyorBeltMesh.obj' has been modified.
[2017.07.05-23.47.36:334][891]AssetReimport: Info 'C:/Users/Camper/Documents/GitHub/Emagination2017Project/MyProject5/Content/SideScroller_BP/Meshes/Ramp.obj' has been modified.
[2017.07.05-23.47.36:334][891]AssetReimport: Info 'C:/Users/Camper/Documents/GitHub/Emagination2017Project/MyProject5/Content/SideScroller_BP/Meshes/RobiMesh.obj' has been modified.
[2017.07.05-23.47.58:793][236]AssetReimport: New page: Outstanding source content changes 3:47:58 PM
[2017.07.05-23.47.58:807][236]LogEditorFactories: Performing atomic reimport of [C:/Users/Camper/Documents/GitHub/Emagination2017Project/MyProject5/Content/SideScroller_BP/Meshes/ButtonMesh.obj]
[2017.07.05-23.47.58:813][236]LogFbx: Loading FBX Scene from C:/Users/Camper/Documents/GitHub/Emagination2017Project/MyProject5/Content/SideScroller_BP/Meshes/ButtonMesh.obj
[2017.07.05-23.47.58:816][236]LogFbx: FBX Scene Loaded Succesfully
[2017.07.05-23.47.58:833][236]LogStaticMesh: Building static mesh ButtonMesh...
[2017.07.05-23.47.58:838][236]LogStaticMesh: Built static mesh [0.01s] /Game/SideScroller_BP/Meshes/ButtonMesh.ButtonMesh
[2017.07.05-23.47.58:844][236]LogEditorFactories: -- imported successfully
[2017.07.05-23.47.58:866][237]LogEditorFactories: Performing atomic reimport of [C:/Users/Camper/Documents/GitHub/Emagination2017Project/MyProject5/Content/SideScroller_BP/Meshes/ConveyorBeltMesh.obj]
[2017.07.05-23.47.58:873][237]LogFbx: Loading FBX Scene from C:/Users/Camper/Documents/GitHub/Emagination2017Project/MyProject5/Content/SideScroller_BP/Meshes/ConveyorBeltMesh.obj
[2017.07.05-23.47.58:881][237]LogFbx: FBX Scene Loaded Succesfully
[2017.07.05-23.47.58:937][237]LogStaticMesh: Building static mesh ConveyorBeltMesh...
[2017.07.05-23.47.58:963][237]LogStaticMesh: Built static mesh [0.03s] /Game/SideScroller_BP/Meshes/ConveyorBeltMesh.ConveyorBeltMesh
[2017.07.05-23.47.58:970][237]LogEditorFactories: -- imported successfully
[2017.07.05-23.47.58:990][238]LogEditorFactories: Performing atomic reimport of [C:/Users/Camper/Documents/GitHub/Emagination2017Project/MyProject5/Content/SideScroller_BP/Meshes/Ramp.obj]
[2017.07.05-23.47.58:996][238]LogFbx: Loading FBX Scene from C:/Users/Camper/Documents/GitHub/Emagination2017Project/MyProject5/Content/SideScroller_BP/Meshes/Ramp.obj
[2017.07.05-23.47.58:997][238]LogFbx: FBX Scene Loaded Succesfully
[2017.07.05-23.47.59:007][238]LogStaticMesh: Building static mesh Ramp...
[2017.07.05-23.47.59:011][238]LogStaticMesh: Built static mesh [0.00s] /Game/SideScroller_BP/Meshes/Ramp.Ramp
[2017.07.05-23.47.59:016][238]LogEditorFactories: -- imported successfully
[2017.07.05-23.47.59:094][239]LogStaticMesh: Building static mesh RobiMesh_group35_group9_pasted__pCube1...
[2017.07.05-23.47.59:786][239]LogStaticMesh: Built static mesh [0.69s] /Game/SideScroller_BP/Meshes/RobiMesh_group35_group9_pasted__pCube1.RobiMesh_group35_group9_pasted__pCube1
[2017.07.05-23.47.59:806][239]LogEditorFactories: Performing atomic reimport of [C:/Users/Camper/Documents/GitHub/Emagination2017Project/MyProject5/Content/SideScroller_BP/Meshes/RobiMesh.obj]
[2017.07.05-23.47.59:815][239]LogFbx: Loading FBX Scene from C:/Users/Camper/Documents/GitHub/Emagination2017Project/MyProject5/Content/SideScroller_BP/Meshes/RobiMesh.obj
[2017.07.05-23.47.59:971][239]LogFbx: FBX Scene Loaded Succesfully
[2017.07.05-23.48.01:817][239]LogStaticMesh: Building static mesh RobiMesh_group35_group9_pasted__pCube1...
[2017.07.05-23.48.02:502][239]LogStaticMesh: Built static mesh [0.68s] /Game/SideScroller_BP/Meshes/RobiMesh_group35_group9_pasted__pCube1.RobiMesh_group35_group9_pasted__pCube1
[2017.07.05-23.48.02:528][239]LogEditorFactories: -- imported successfully
[2017.07.05-23.48.02:552][239]LogStaticMesh: Building static mesh RobiMesh_group35_pasted__group9_pasted__pCube1...
[2017.07.05-23.48.03:248][239]LogStaticMesh: Built static mesh [0.70s] /Game/SideScroller_BP/Meshes/RobiMesh_group35_pasted__group9_pasted__pCube1.RobiMesh_group35_pasted__group9_pasted__pCube1
[2017.07.05-23.48.03:259][239]LogEditorFactories: Performing atomic reimport of [C:/Users/Camper/Documents/GitHub/Emagination2017Project/MyProject5/Content/SideScroller_BP/Meshes/RobiMesh.obj]
[2017.07.05-23.48.03:269][239]LogFbx: Loading FBX Scene from C:/Users/Camper/Documents/GitHub/Emagination2017Project/MyProject5/Content/SideScroller_BP/Meshes/RobiMesh.obj
[2017.07.05-23.48.03:428][239]LogFbx: FBX Scene Loaded Succesfully
[2017.07.05-23.48.05:258][239]LogStaticMesh: Building static mesh RobiMesh_group35_pasted__group9_pasted__pCube1...
[2017.07.05-23.48.05:948][239]LogStaticMesh: Built static mesh [0.69s] /Game/SideScroller_BP/Meshes/RobiMesh_group35_pasted__group9_pasted__pCube1.RobiMesh_group35_pasted__group9_pasted__pCube1
[2017.07.05-23.48.05:975][239]LogEditorFactories: -- imported successfully
[2017.07.05-23.48.06:001][239]LogStaticMesh: Building static mesh RobiMesh_group35_pasted__pasted__pSphere4...
[2017.07.05-23.48.06:686][239]LogStaticMesh: Built static mesh [0.68s] /Game/SideScroller_BP/Meshes/RobiMesh_group35_pasted__pasted__pSphere4.RobiMesh_group35_pasted__pasted__pSphere4
[2017.07.05-23.48.06:700][239]LogEditorFactories: Performing atomic reimport of [C:/Users/Camper/Documents/GitHub/Emagination2017Project/MyProject5/Content/SideScroller_BP/Meshes/RobiMesh.obj]
[2017.07.05-23.48.06:709][239]LogFbx: Loading FBX Scene from C:/Users/Camper/Documents/GitHub/Emagination2017Project/MyProject5/Content/SideScroller_BP/Meshes/RobiMesh.obj
[2017.07.05-23.48.06:863][239]LogFbx: FBX Scene Loaded Succesfully
[2017.07.05-23.48.08:702][239]LogStaticMesh: Building static mesh RobiMesh_group35_pasted__pasted__pSphere4...
[2017.07.05-23.48.09:389][239]LogStaticMesh: Built static mesh [0.69s] /Game/SideScroller_BP/Meshes/RobiMesh_group35_pasted__pasted__pSphere4.RobiMesh_group35_pasted__pasted__pSphere4
[2017.07.05-23.48.09:421][239]LogEditorFactories: -- imported successfully
[2017.07.05-23.48.09:445][239]LogStaticMesh: Building static mesh RobiMesh_group35_pasted__pSphere4...
[2017.07.05-23.48.10:134][239]LogStaticMesh: Built static mesh [0.69s] /Game/SideScroller_BP/Meshes/RobiMesh_group35_pasted__pSphere4.RobiMesh_group35_pasted__pSphere4
[2017.07.05-23.48.10:145][239]LogEditorFactories: Performing atomic reimport of [C:/Users/Camper/Documents/GitHub/Emagination2017Project/MyProject5/Content/SideScroller_BP/Meshes/RobiMesh.obj]
[2017.07.05-23.48.10:156][239]LogFbx: Loading FBX Scene from C:/Users/Camper/Documents/GitHub/Emagination2017Project/MyProject5/Content/SideScroller_BP/Meshes/RobiMesh.obj
[2017.07.05-23.48.10:317][239]LogFbx: FBX Scene Loaded Succesfully
[2017.07.05-23.48.12:141][239]LogStaticMesh: Building static mesh RobiMesh_group35_pasted__pSphere4...
[2017.07.05-23.48.12:823][239]LogStaticMesh: Built static mesh [0.68s] /Game/SideScroller_BP/Meshes/RobiMesh_group35_pasted__pSphere4.RobiMesh_group35_pasted__pSphere4
[2017.07.05-23.48.12:851][239]LogEditorFactories: -- imported successfully
[2017.07.05-23.48.12:873][239]LogStaticMesh: Building static mesh RobiMesh_group35_pasted__pSphere8...
[2017.07.05-23.48.13:567][239]LogStaticMesh: Built static mesh [0.69s] /Game/SideScroller_BP/Meshes/RobiMesh_group35_pasted__pSphere8.RobiMesh_group35_pasted__pSphere8
[2017.07.05-23.48.13:577][239]LogEditorFactories: Performing atomic reimport of [C:/Users/Camper/Documents/GitHub/Emagination2017Project/MyProject5/Content/SideScroller_BP/Meshes/RobiMesh.obj]
[2017.07.05-23.48.13:587][239]LogFbx: Loading FBX Scene from C:/Users/Camper/Documents/GitHub/Emagination2017Project/MyProject5/Content/SideScroller_BP/Meshes/RobiMesh.obj
[2017.07.05-23.48.13:747][239]LogFbx: FBX Scene Loaded Succesfully
[2017.07.05-23.48.15:579][239]LogStaticMesh: Building static mesh RobiMesh_group35_pasted__pSphere8...
[2017.07.05-23.48.16:266][239]LogStaticMesh: Built static mesh [0.69s] /Game/SideScroller_BP/Meshes/RobiMesh_group35_pasted__pSphere8.RobiMesh_group35_pasted__pSphere8
[2017.07.05-23.48.16:293][239]LogEditorFactories: -- imported successfully
[2017.07.05-23.48.16:319][239]LogStaticMesh: Building static mesh RobiMesh_group35_pasted__pSphere9...
[2017.07.05-23.48.17:019][239]LogStaticMesh: Built static mesh [0.70s] /Game/SideScroller_BP/Meshes/RobiMesh_group35_pasted__pSphere9.RobiMesh_group35_pasted__pSphere9
[2017.07.05-23.48.17:029][239]LogEditorFactories: Performing atomic reimport of [C:/Users/Camper/Documents/GitHub/Emagination2017Project/MyProject5/Content/SideScroller_BP/Meshes/RobiMesh.obj]
[2017.07.05-23.48.17:040][239]LogFbx: Loading FBX Scene from C:/Users/Camper/Documents/GitHub/Emagination2017Project/MyProject5/Content/SideScroller_BP/Meshes/RobiMesh.obj
[2017.07.05-23.48.17:203][239]LogFbx: FBX Scene Loaded Succesfully
[2017.07.05-23.48.19:095][239]LogStaticMesh: Building static mesh RobiMesh_group35_pasted__pSphere9...
[2017.07.05-23.48.19:780][239]LogStaticMesh: Built static mesh [0.69s] /Game/SideScroller_BP/Meshes/RobiMesh_group35_pasted__pSphere9.RobiMesh_group35_pasted__pSphere9
[2017.07.05-23.48.19:809][239]LogEditorFactories: -- imported successfully
[2017.07.05-23.48.19:832][239]LogStaticMesh: Building static mesh RobiMesh_group35_pSphere4...
[2017.07.05-23.48.20:525][239]LogStaticMesh: Built static mesh [0.69s] /Game/SideScroller_BP/Meshes/RobiMesh_group35_pSphere4.RobiMesh_group35_pSphere4
[2017.07.05-23.48.20:537][239]LogEditorFactories: Performing atomic reimport of [C:/Users/Camper/Documents/GitHub/Emagination2017Project/MyProject5/Content/SideScroller_BP/Meshes/RobiMesh.obj]
[2017.07.05-23.48.20:547][239]LogFbx: Loading FBX Scene from C:/Users/Camper/Documents/GitHub/Emagination2017Project/MyProject5/Content/SideScroller_BP/Meshes/RobiMesh.obj
[2017.07.05-23.48.20:713][239]LogFbx: FBX Scene Loaded Succesfully
[2017.07.05-23.48.22:686][239]LogStaticMesh: Building static mesh RobiMesh_group35_pSphere4...
[2017.07.05-23.48.23:385][239]LogStaticMesh: Built static mesh [0.70s] /Game/SideScroller_BP/Meshes/RobiMesh_group35_pSphere4.RobiMesh_group35_pSphere4
[2017.07.05-23.48.23:412][239]LogEditorFactories: -- imported successfully
[2017.07.05-23.48.23:436][239]LogStaticMesh: Building static mesh RobiMesh_group35_pSphere8...
[2017.07.05-23.48.24:135][239]LogStaticMesh: Built static mesh [0.70s] /Game/SideScroller_BP/Meshes/RobiMesh_group35_pSphere8.RobiMesh_group35_pSphere8
[2017.07.05-23.48.24:147][239]LogEditorFactories: Performing atomic reimport of [C:/Users/Camper/Documents/GitHub/Emagination2017Project/MyProject5/Content/SideScroller_BP/Meshes/RobiMesh.obj]
[2017.07.05-23.48.24:156][239]LogFbx: Loading FBX Scene from C:/Users/Camper/Documents/GitHub/Emagination2017Project/MyProject5/Content/SideScroller_BP/Meshes/RobiMesh.obj
[2017.07.05-23.48.24:314][239]LogFbx: FBX Scene Loaded Succesfully
[2017.07.05-23.48.26:174][239]LogStaticMesh: Building static mesh RobiMesh_group35_pSphere8...
[2017.07.05-23.48.26:857][239]LogStaticMesh: Built static mesh [0.68s] /Game/SideScroller_BP/Meshes/RobiMesh_group35_pSphere8.RobiMesh_group35_pSphere8
[2017.07.05-23.48.26:882][239]LogEditorFactories: -- imported successfully
[2017.07.05-23.48.26:904][239]LogStaticMesh: Building static mesh RobiMesh_polySurface8...
[2017.07.05-23.48.27:586][239]LogStaticMesh: Built static mesh [0.68s] /Game/SideScroller_BP/Meshes/RobiMesh_polySurface8.RobiMesh_polySurface8
[2017.07.05-23.48.27:600][239]LogEditorFactories: Performing atomic reimport of [C:/Users/Camper/Documents/GitHub/Emagination2017Project/MyProject5/Content/SideScroller_BP/Meshes/RobiMesh.obj]
[2017.07.05-23.48.27:610][239]LogFbx: Loading FBX Scene from C:/Users/Camper/Documents/GitHub/Emagination2017Project/MyProject5/Content/SideScroller_BP/Meshes/RobiMesh.obj
[2017.07.05-23.48.27:778][239]LogFbx: FBX Scene Loaded Succesfully
[2017.07.05-23.48.29:658][239]LogStaticMesh: Building static mesh RobiMesh_polySurface8...
[2017.07.05-23.48.30:375][239]LogStaticMesh: Built static mesh [0.72s] /Game/SideScroller_BP/Meshes/RobiMesh_polySurface8.RobiMesh_polySurface8
[2017.07.05-23.48.30:405][239]LogEditorFactories: -- imported successfully
[2017.07.05-23.48.30:428][239]LogStaticMesh: Building static mesh RobiMesh_pSphere7_group35...
[2017.07.05-23.48.31:126][239]LogStaticMesh: Built static mesh [0.70s] /Game/SideScroller_BP/Meshes/RobiMesh_pSphere7_group35.RobiMesh_pSphere7_group35
[2017.07.05-23.48.31:137][239]LogEditorFactories: Performing atomic reimport of [C:/Users/Camper/Documents/GitHub/Emagination2017Project/MyProject5/Content/SideScroller_BP/Meshes/RobiMesh.obj]
[2017.07.05-23.48.31:150][239]LogFbx: Loading FBX Scene from C:/Users/Camper/Documents/GitHub/Emagination2017Project/MyProject5/Content/SideScroller_BP/Meshes/RobiMesh.obj
[2017.07.05-23.48.31:349][239]LogFbx: FBX Scene Loaded Succesfully
[2017.07.05-23.48.33:384][239]LogStaticMesh: Building static mesh RobiMesh_pSphere7_group35...
[2017.07.05-23.48.34:130][239]LogStaticMesh: Built static mesh [0.75s] /Game/SideScroller_BP/Meshes/RobiMesh_pSphere7_group35.RobiMesh_pSphere7_group35
[2017.07.05-23.48.34:158][239]LogEditorFactories: -- imported successfully
[2017.07.05-23.48.34:374][240]LogSavePackage: Save=11.77ms
[2017.07.05-23.48.34:374][240]LogSavePackage: Moving '../../../../../../Users/Camper/Documents/GitHub/Emagination2017Project/MyProject5/Saved/ButtonMesh78637234479562747B6CA9B2C1C3F010.tmp' to '../../../../../../Users/Camper/Documents/GitHub/Emagination2017Project/MyProject5/Content/SideScroller_BP/Meshes/ButtonMesh.uasset'
[2017.07.05-23.48.34:379][240]LogSavePackage:Display: Finished SavePackage ../../../../../../Users/Camper/Documents/GitHub/Emagination2017Project/MyProject5/Content/SideScroller_BP/Meshes/ButtonMesh.uasset
[2017.07.05-23.48.34:460][240]LogSavePackage: Save=10.88ms
[2017.07.05-23.48.34:460][240]LogSavePackage: Moving '../../../../../../Users/Camper/Documents/GitHub/Emagination2017Project/MyProject5/Saved/ConveyorBeltMesh858FD1BF44D476633BC96EA8EF46C086.tmp' to '../../../../../../Users/Camper/Documents/GitHub/Emagination2017Project/MyProject5/Content/SideScroller_BP/Meshes/ConveyorBeltMesh.uasset'
[2017.07.05-23.48.34:465][240]LogSavePackage:Display: Finished SavePackage ../../../../../../Users/Camper/Documents/GitHub/Emagination2017Project/MyProject5/Content/SideScroller_BP/Meshes/ConveyorBeltMesh.uasset
[2017.07.05-23.48.34:545][240]LogSavePackage: Save=11.92ms
[2017.07.05-23.48.34:545][240]LogSavePackage: Moving '../../../../../../Users/Camper/Documents/GitHub/Emagination2017Project/MyProject5/Saved/Ramp893C282E40209533C2850DA504309B92.tmp' to '../../../../../../Users/Camper/Documents/GitHub/Emagination2017Project/MyProject5/Content/SideScroller_BP/Meshes/Ramp.uasset'
[2017.07.05-23.48.34:549][240]LogSavePackage:Display: Finished SavePackage ../../../../../../Users/Camper/Documents/GitHub/Emagination2017Project/MyProject5/Content/SideScroller_BP/Meshes/Ramp.uasset
[2017.07.05-23.48.34:634][240]LogSavePackage: Save=15.58ms
[2017.07.05-23.48.34:635][240]LogSavePackage: Moving '../../../../../../Users/Camper/Documents/GitHub/Emagination2017Project/MyProject5/Saved/RobiMesh_group35_group9_pasted__pCube1FA7A0B68432A8E98786248A667EDC388.tmp' to '../../../../../../Users/Camper/Documents/GitHub/Emagination2017Project/MyProject5/Content/SideScroller_BP/Meshes/RobiMesh_group35_group9_pasted__pCube1.uasset'
[2017.07.05-23.48.34:639][240]LogSavePackage:Display: Finished SavePackage ../../../../../../Users/Camper/Documents/GitHub/Emagination2017Project/MyProject5/Content/SideScroller_BP/Meshes/RobiMesh_group35_group9_pasted__pCube1.uasset
[2017.07.05-23.48.34:722][240]LogSavePackage: Save=12.46ms
[2017.07.05-23.48.34:722][240]LogSavePackage: Moving '../../../../../../Users/Camper/Documents/GitHub/Emagination2017Project/MyProject5/Saved/RobiMesh_group35_pasted__group9_pasted__pCube13119051043FECE95F51849A7EC1651D8.tmp' to '../../../../../../Users/Camper/Documents/GitHub/Emagination2017Project/MyProject5/Content/SideScroller_BP/Meshes/RobiMesh_group35_pasted__group9_pasted__pCube1.uasset'
[2017.07.05-23.48.34:727][240]LogSavePackage:Display: Finished SavePackage ../../../../../../Users/Camper/Documents/GitHub/Emagination2017Project/MyProject5/Content/SideScroller_BP/Meshes/RobiMesh_group35_pasted__group9_pasted__pCube1.uasset
[2017.07.05-23.48.34:814][240]LogSavePackage: Save=13.14ms
[2017.07.05-23.48.34:815][240]LogSavePackage: Moving '../../../../../../Users/Camper/Documents/GitHub/Emagination2017Project/MyProject5/Saved/RobiMesh_group35_pasted__pasted__pSphere42556E3E54AB45E7B33B9348F0AF14E0B.tmp' to '../../../../../../Users/Camper/Documents/GitHub/Emagination2017Project/MyProject5/Content/SideScroller_BP/Meshes/RobiMesh_group35_pasted__pasted__pSphere4.uasset'
[2017.07.05-23.48.34:819][240]LogSavePackage:Display: Finished SavePackage ../../../../../../Users/Camper/Documents/GitHub/Emagination2017Project/MyProject5/Content/SideScroller_BP/Meshes/RobiMesh_group35_pasted__pasted__pSphere4.uasset
[2017.07.05-23.48.34:920][240]LogSavePackage: Save=19.66ms
[2017.07.05-23.48.34:920][240]LogSavePackage: Moving '../../../../../../Users/Camper/Documents/GitHub/Emagination2017Project/MyProject5/Saved/RobiMesh_group35_pasted__pSphere4D1E7FD13429A6D0896353F948C591267.tmp' to '../../../../../../Users/Camper/Documents/GitHub/Emagination2017Project/MyProject5/Content/SideScroller_BP/Meshes/RobiMesh_group35_pasted__pSphere4.uasset'
[2017.07.05-23.48.34:926][240]LogSavePackage:Display: Finished SavePackage ../../../../../../Users/Camper/Documents/GitHub/Emagination2017Project/MyProject5/Content/SideScroller_BP/Meshes/RobiMesh_group35_pasted__pSphere4.uasset
[2017.07.05-23.48.35:015][240]LogSavePackage: Save=13.70ms
[2017.07.05-23.48.35:015][240]LogSavePackage: Moving '../../../../../../Users/Camper/Documents/GitHub/Emagination2017Project/MyProject5/Saved/RobiMesh_group35_pasted__pSphere8B196C59A4B836A7CB257699C52CE614D.tmp' to '../../../../../../Users/Camper/Documents/GitHub/Emagination2017Project/MyProject5/Content/SideScroller_BP/Meshes/RobiMesh_group35_pasted__pSphere8.uasset'
[2017.07.05-23.48.35:019][240]LogSavePackage:Display: Finished SavePackage ../../../../../../Users/Camper/Documents/GitHub/Emagination2017Project/MyProject5/Content/SideScroller_BP/Meshes/RobiMesh_group35_pasted__pSphere8.uasset
[2017.07.05-23.48.35:103][240]LogSavePackage: Save=12.66ms
[2017.07.05-23.48.35:103][240]LogSavePackage: Moving '../../../../../../Users/Camper/Documents/GitHub/Emagination2017Project/MyProject5/Saved/RobiMesh_group35_pasted__pSphere9681410484EAD8766EFB9C4BBC96277E1.tmp' to '../../../../../../Users/Camper/Documents/GitHub/Emagination2017Project/MyProject5/Content/SideScroller_BP/Meshes/RobiMesh_group35_pasted__pSphere9.uasset'
[2017.07.05-23.48.35:107][240]LogSavePackage:Display: Finished SavePackage ../../../../../../Users/Camper/Documents/GitHub/Emagination2017Project/MyProject5/Content/SideScroller_BP/Meshes/RobiMesh_group35_pasted__pSphere9.uasset
[2017.07.05-23.48.35:193][240]LogSavePackage: Save=14.27ms
[2017.07.05-23.48.35:193][240]LogSavePackage: Moving '../../../../../../Users/Camper/Documents/GitHub/Emagination2017Project/MyProject5/Saved/RobiMesh_group35_pSphere4A90851D743BD4034DCD2B9B96880C898.tmp' to '../../../../../../Users/Camper/Documents/GitHub/Emagination2017Project/MyProject5/Content/SideScroller_BP/Meshes/RobiMesh_group35_pSphere4.uasset'
[2017.07.05-23.48.35:199][240]LogSavePackage:Display: Finished SavePackage ../../../../../../Users/Camper/Documents/GitHub/Emagination2017Project/MyProject5/Content/SideScroller_BP/Meshes/RobiMesh_group35_pSphere4.uasset
[2017.07.05-23.48.35:283][240]LogSavePackage: Save=12.91ms
[2017.07.05-23.48.35:283][240]LogSavePackage: Moving '../../../../../../Users/Camper/Documents/GitHub/Emagination2017Project/MyProject5/Saved/RobiMesh_group35_pSphere8C7D65F2647495B2DA560629869D0036B.tmp' to '../../../../../../Users/Camper/Documents/GitHub/Emagination2017Project/MyProject5/Content/SideScroller_BP/Meshes/RobiMesh_group35_pSphere8.uasset'
[2017.07.05-23.48.35:287][240]LogSavePackage:Display: Finished SavePackage ../../../../../../Users/Camper/Documents/GitHub/Emagination2017Project/MyProject5/Content/SideScroller_BP/Meshes/RobiMesh_group35_pSphere8.uasset
[2017.07.05-23.48.35:371][240]LogSavePackage: Save=12.97ms
[2017.07.05-23.48.35:371][240]LogSavePackage: Moving '../../../../../../Users/Camper/Documents/GitHub/Emagination2017Project/MyProject5/Saved/RobiMesh_polySurface822FDAF0D41A8530DA29BC9B826F730D4.tmp' to '../../../../../../Users/Camper/Documents/GitHub/Emagination2017Project/MyProject5/Content/SideScroller_BP/Meshes/RobiMesh_polySurface8.uasset'
[2017.07.05-23.48.35:376][240]LogSavePackage:Display: Finished SavePackage ../../../../../../Users/Camper/Documents/GitHub/Emagination2017Project/MyProject5/Content/SideScroller_BP/Meshes/RobiMesh_polySurface8.uasset
[2017.07.05-23.48.35:459][240]LogSavePackage: Save=12.61ms
[2017.07.05-23.48.35:459][240]LogSavePackage: Moving '../../../../../../Users/Camper/Documents/GitHub/Emagination2017Project/MyProject5/Saved/RobiMesh_pSphere7_group3517728FB34FF0B23B906D76B138C503E2.tmp' to '../../../../../../Users/Camper/Documents/GitHub/Emagination2017Project/MyProject5/Content/SideScroller_BP/Meshes/RobiMesh_pSphere7_group35.uasset'
[2017.07.05-23.48.35:462][240]LogSavePackage:Display: Finished SavePackage ../../../../../../Users/Camper/Documents/GitHub/Emagination2017Project/MyProject5/Content/SideScroller_BP/Meshes/RobiMesh_pSphere7_group35.uasset
[2017.07.05-23.48.38:482][250]AssetReimport: Info Reimported asset ButtonMesh from C:/Users/Camper/Documents/GitHub/Emagination2017Project/MyProject5/Content/SideScroller_BP/Meshes/ButtonMesh.obj.
[2017.07.05-23.48.38:482][250]AssetReimport: Info Reimported asset ConveyorBeltMesh from C:/Users/Camper/Documents/GitHub/Emagination2017Project/MyProject5/Content/SideScroller_BP/Meshes/ConveyorBeltMesh.obj.
[2017.07.05-23.48.38:482][250]AssetReimport: Info Reimported asset Ramp from C:/Users/Camper/Documents/GitHub/Emagination2017Project/MyProject5/Content/SideScroller_BP/Meshes/Ramp.obj.
[2017.07.05-23.48.38:482][250]AssetReimport: Info Reimported asset RobiMesh_group35_group9_pasted__pCube1 from C:/Users/Camper/Documents/GitHub/Emagination2017Project/MyProject5/Content/SideScroller_BP/Meshes/RobiMesh.obj.
[2017.07.05-23.48.38:482][250]AssetReimport: Info Reimported asset RobiMesh_group35_pasted__group9_pasted__pCube1 from C:/Users/Camper/Documents/GitHub/Emagination2017Project/MyProject5/Content/SideScroller_BP/Meshes/RobiMesh.obj.
[2017.07.05-23.48.38:482][250]AssetReimport: Info Reimported asset RobiMesh_group35_pasted__pasted__pSphere4 from C:/Users/Camper/Documents/GitHub/Emagination2017Project/MyProject5/Content/SideScroller_BP/Meshes/RobiMesh.obj.
[2017.07.05-23.48.38:482][250]AssetReimport: Info Reimported asset RobiMesh_group35_pasted__pSphere4 from C:/Users/Camper/Documents/GitHub/Emagination2017Project/MyProject5/Content/SideScroller_BP/Meshes/RobiMesh.obj.
[2017.07.05-23.48.38:482][250]AssetReimport: Info Reimported asset RobiMesh_group35_pasted__pSphere8 from C:/Users/Camper/Documents/GitHub/Emagination2017Project/MyProject5/Content/SideScroller_BP/Meshes/RobiMesh.obj.
[2017.07.05-23.48.38:482][250]AssetReimport: Info Reimported asset RobiMesh_group35_pasted__pSphere9 from C:/Users/Camper/Documents/GitHub/Emagination2017Project/MyProject5/Content/SideScroller_BP/Meshes/RobiMesh.obj.
[2017.07.05-23.48.38:482][250]AssetReimport: Info Reimported asset RobiMesh_group35_pSphere4 from C:/Users/Camper/Documents/GitHub/Emagination2017Project/MyProject5/Content/SideScroller_BP/Meshes/RobiMesh.obj.
[2017.07.05-23.48.38:482][250]AssetReimport: Info Reimported asset RobiMesh_group35_pSphere8 from C:/Users/Camper/Documents/GitHub/Emagination2017Project/MyProject5/Content/SideScroller_BP/Meshes/RobiMesh.obj.
[2017.07.05-23.48.38:482][250]AssetReimport: Info Reimported asset RobiMesh_polySurface8 from C:/Users/Camper/Documents/GitHub/Emagination2017Project/MyProject5/Content/SideScroller_BP/Meshes/RobiMesh.obj.
[2017.07.05-23.48.38:483][250]AssetReimport: Info Reimported asset RobiMesh_pSphere7_group35 from C:/Users/Camper/Documents/GitHub/Emagination2017Project/MyProject5/Content/SideScroller_BP/Meshes/RobiMesh.obj.
[2017.07.05-23.48.51:105][751]LogAIModule: Creating AISystem for world MenuLevel
[2017.07.05-23.48.51:117][751]Cmd: MAP LOAD FILE="../../../../../../Users/Camper/Documents/GitHub/Emagination2017Project/MyProject5/Content/SideScroller_BP/Maps/MenuLevel.umap" TEMPLATE=0 SHOWPROGRESS=1 FEATURELEVEL=3
[2017.07.05-23.48.51:117][751]LightingResults: New page: Lighting Build
[2017.07.05-23.48.51:187][751]LogContentBrowser: Native class hierarchy updated for 'StatsViewer' in 0.0006 seconds. Added 5 classes and 0 folders.
[2017.07.05-23.48.51:188][751]LoadErrors: New page: Loading map: MenuLevel.umap
[2017.07.05-23.48.51:189][751]MapCheck: New page: Map Check
[2017.07.05-23.48.51:189][751]LightingResults: New page: Lighting Build
[2017.07.05-23.48.51:257][751]LogEditorServer: Finished looking for orphan Actors (0.000 secs)
[2017.07.05-23.48.51:306][751]Cmd: MAP CHECKDEP NOCLEARLOG
[2017.07.05-23.48.51:412][751]MapCheck: Info Map check complete: 0 Error(s), 0 Warning(s), took 106.13ms to complete.
[2017.07.05-23.48.51:412][751]LogFileHelpers: Loading map 'MenuLevel' took 0.296
[2017.07.05-23.48.57:406][110]LogTemp: Repeting last play command: Selected Viewport
[2017.07.05-23.48.57:420][110]LogBlueprintUserMessages: Early PlayInEditor Detection: Level '/Game/SideScroller_BP/Maps/MenuLevel.MenuLevel:PersistentLevel' has LevelScriptBlueprint '/Game/SideScroller_BP/Maps/MenuLevel.MenuLevel:PersistentLevel.MenuLevel' with GeneratedClass '/Game/SideScroller_BP/Maps/MenuLevel.MenuLevel_C' with ClassGeneratedBy '/Game/SideScroller_BP/Maps/MenuLevel.MenuLevel:PersistentLevel.MenuLevel'
[2017.07.05-23.48.57:420][110]LogPlayLevel: PlayLevel: No blueprints needed recompiling
[2017.07.05-23.48.57:420][110]PIE: New page: PIE session: MenuLevel (Jul 5, 2017, 3:48:57 PM)
[2017.07.05-23.48.57:420][110]LogPlayLevel: Creating play world package: /Game/SideScroller_BP/Maps/UEDPIE_0_MenuLevel
[2017.07.05-23.48.57:422][110]LogPlayLevel: PIE: StaticDuplicateObject took: (0.001396s)
[2017.07.05-23.48.57:422][110]LogAIModule: Creating AISystem for world MenuLevel
[2017.07.05-23.48.57:423][110]LogPlayLevel: PIE: World Init took: (0.000877s)
[2017.07.05-23.48.57:423][110]LogPlayLevel: PIE: Created PIE world by copying editor world from /Game/SideScroller_BP/Maps/MenuLevel.MenuLevel to /Game/SideScroller_BP/Maps/UEDPIE_0_MenuLevel.MenuLevel (0.002550s)
[2017.07.05-23.48.57:435][110]LogInit: XAudio2 using 'Speaker/HP (Realtek High Definition Audio)' : 2 channels at 48 kHz using 32 bits per sample (channel mask 0x3)
[2017.07.05-23.48.57:449][110]LogInit: FAudioDevice initialized.
[2017.07.05-23.48.57:500][110]LogLinker:Warning: Can't find file '/Game/SideScrollerBP/Blueprints/SideScrollerGameMode'
[2017.07.05-23.48.57:500][110]LogLinker:Warning: Can't find file '/Game/SideScrollerBP/Blueprints/SideScrollerGameMode'
[2017.07.05-23.48.57:500][110]LogUObjectGlobals:Warning: Failed to find object 'Class /Game/SideScrollerBP/Blueprints/SideScrollerGameMode.SideScrollerGameMode_C'
[2017.07.05-23.48.57:500][110]LogLoad: Game class is 'GameModeBase'
[2017.07.05-23.48.57:503][110]LogWorld: Bringing World /Game/SideScroller_BP/Maps/UEDPIE_0_MenuLevel.MenuLevel up for play (max tick rate 60) at 2017.07.05-19.48.57
[2017.07.05-23.48.57:503][110]LogWorld: Bringing up level for play took: 0.001872
[2017.07.05-23.48.57:569][110]LogContentBrowser: Native class hierarchy updated for 'MovieSceneCapture' in 0.0007 seconds. Added 11 classes and 0 folders.
[2017.07.05-23.48.57:573][110]PIE: Info Play in editor start time for /Game/SideScroller_BP/Maps/UEDPIE_0_MenuLevel 0.263
[2017.07.05-23.48.57:573][110]LogBlueprintUserMessages: Late PlayInEditor Detection: Level '/Game/SideScroller_BP/Maps/MenuLevel.MenuLevel:PersistentLevel' has LevelScriptBlueprint '/Game/SideScroller_BP/Maps/MenuLevel.MenuLevel:PersistentLevel.MenuLevel' with GeneratedClass '/Game/SideScroller_BP/Maps/MenuLevel.MenuLevel_C' with ClassGeneratedBy '/Game/SideScroller_BP/Maps/MenuLevel.MenuLevel:PersistentLevel.MenuLevel'
[2017.07.05-23.49.16:856][ 38]LogNet: Browse: /Game/SideScroller_BP/Maps/Level1
[2017.07.05-23.49.16:856][ 38]LogLoad: LoadMap: /Game/SideScroller_BP/Maps/Level1
[2017.07.05-23.49.16:871][ 38]Cmd: MEM
[2017.07.05-23.49.16:882][ 38]LogMemory: Platform Memory Stats for Windows
[2017.07.05-23.49.16:882][ 38]LogMemory: Process Physical Memory: 1022.08 MB used, 1035.16 MB peak
[2017.07.05-23.49.16:882][ 38]LogMemory: Process Virtual Memory: 1335.81 MB used, 1344.50 MB peak
[2017.07.05-23.49.16:882][ 38]LogMemory: Physical Memory: 7034.29 MB used,  8974.93 MB free, 16009.22 MB total
[2017.07.05-23.49.16:882][ 38]LogMemory: Virtual Memory: 2115.66 MB used,  8974.93 MB free, 134217728.00 MB total
[2017.07.05-23.49.16:882][ 38]LogMemory: 
[2017.07.05-23.49.16:882][ 38]Allocator Stats for TBB: (not implemented)
[2017.07.05-23.49.18:074][ 38]LogAIModule: Creating AISystem for world Level1
[2017.07.05-23.49.18:078][ 38]LogLoad: Game class is 'GameModeBase'
[2017.07.05-23.49.18:088][ 38]LogWorld: Bringing World /Game/SideScroller_BP/Maps/UEDPIE_0_Level1.Level1 up for play (max tick rate 60) at 2017.07.05-19.49.18
[2017.07.05-23.49.18:089][ 38]LogWorld: Bringing up level for play took: 0.009848
[2017.07.05-23.49.18:092][ 38]LogLoad: Took 1.236136 seconds to LoadMap(/Game/SideScroller_BP/Maps/Level1)
[2017.07.05-23.49.40:537][223]LogScript:Warning: Accessed None trying to read property CallFunc_BreakHitResult_HitActor
	SideScrollerCharacter_C /Game/SideScroller_BP/Maps/UEDPIE_0_Level1.Level1:PersistentLevel.SideScrollerCharacter_78
	Function /Game/SideScroller_BP/Blueprints/SideScrollerCharacter.SideScrollerCharacter_C:ExecuteUbergraph_SideScrollerCharacter:0A01
[2017.07.05-23.49.40:537][223]PIE:Error: Error Blueprint Runtime Error: Accessed None trying to read property CallFunc_BreakHitResult_HitActor from function: 'ExecuteUbergraph_SideScrollerCharacter' from node: Branch in graph: EventGraph in object: SideScrollerCharacter with description: Accessed None trying to read property CallFunc_BreakHitResult_HitActor
[2017.07.05-23.49.45:288][507]LogNet: Browse: /Game/SideScroller_BP/Maps/Level1
[2017.07.05-23.49.45:288][507]LogLoad: LoadMap: /Game/SideScroller_BP/Maps/Level1
[2017.07.05-23.49.45:330][507]Cmd: MEM
[2017.07.05-23.49.45:342][507]LogMemory: Platform Memory Stats for Windows
[2017.07.05-23.49.45:342][507]LogMemory: Process Physical Memory: 1185.06 MB used, 1249.30 MB peak
[2017.07.05-23.49.45:342][507]LogMemory: Process Virtual Memory: 1569.22 MB used, 1672.36 MB peak
[2017.07.05-23.49.45:342][507]LogMemory: Physical Memory: 7165.59 MB used,  8843.63 MB free, 16009.22 MB total
[2017.07.05-23.49.45:342][507]LogMemory: Virtual Memory: 2391.28 MB used,  8843.63 MB free, 134217728.00 MB total
[2017.07.05-23.49.45:342][507]LogMemory: 
[2017.07.05-23.49.45:342][507]Allocator Stats for TBB: (not implemented)
[2017.07.05-23.49.45:692][507]LogAIModule: Creating AISystem for world Level1
[2017.07.05-23.49.45:693][507]LogLoad: Game class is 'GameModeBase'
[2017.07.05-23.49.45:699][507]LogWorld: Bringing World /Game/SideScroller_BP/Maps/UEDPIE_0_Level1.Level1 up for play (max tick rate 60) at 2017.07.05-19.49.45
[2017.07.05-23.49.45:700][507]LogWorld: Bringing up level for play took: 0.005314
[2017.07.05-23.49.45:703][507]LogLoad: Took 0.414698 seconds to LoadMap(/Game/SideScroller_BP/Maps/Level1)
[2017.07.05-23.50.34:896][273]LogBlueprintUserMessages: Early EndPlayMap Detection: Level '/Game/SideScroller_BP/Maps/MenuLevel.MenuLevel:PersistentLevel' has LevelScriptBlueprint '/Game/SideScroller_BP/Maps/MenuLevel.MenuLevel:PersistentLevel.MenuLevel' with GeneratedClass '/Game/SideScroller_BP/Maps/MenuLevel.MenuLevel_C' with ClassGeneratedBy '/Game/SideScroller_BP/Maps/MenuLevel.MenuLevel:PersistentLevel.MenuLevel'
[2017.07.05-23.50.34:934][273]LogBlueprintUserMessages: Late EndPlayMap Detection: Level '/Game/SideScroller_BP/Maps/MenuLevel.MenuLevel:PersistentLevel' has LevelScriptBlueprint '/Game/SideScroller_BP/Maps/MenuLevel.MenuLevel:PersistentLevel.MenuLevel' with GeneratedClass '/Game/SideScroller_BP/Maps/MenuLevel.MenuLevel_C' with ClassGeneratedBy '/Game/SideScroller_BP/Maps/MenuLevel.MenuLevel:PersistentLevel.MenuLevel'
[2017.07.05-23.50.44:874][788]LogContentBrowser: Native class hierarchy updated for 'BlueprintGraph' in 0.0012 seconds. Added 112 classes and 0 folders.
[2017.07.05-23.50.45:700][788]LogSlate: Took 0.000344 seconds to synchronously load lazily loaded font '../../../Engine/Content/Editor/Slate/Fonts/Roboto-BoldCondensed.ttf' (158K)
[2017.07.05-23.52.25:804][110]LogSlate: Took 0.003167 seconds to synchronously load lazily loaded font '../../../Engine/Content/Slate/Fonts/DroidSansFallback.ttf' (3848K)
[2017.07.05-23.56.21:072][102]BlueprintLog: New page: Compile MainMenu
[2017.07.05-23.56.22:095][144]LogSavePackage: Save=40.92ms
[2017.07.05-23.56.22:095][144]LogSavePackage: Moving '../../../../../../Users/Camper/Documents/GitHub/Emagination2017Project/MyProject5/Saved/MainMenuF5ABA9B04AC28EA2F6DEFAB8D54A36A6.tmp' to '../../../../../../Users/Camper/Documents/GitHub/Emagination2017Project/MyProject5/Content/SideScroller_BP/Blueprints/MainMenu.uasset'
[2017.07.05-23.56.22:100][144]LogSavePackage:Display: Finished SavePackage ../../../../../../Users/Camper/Documents/GitHub/Emagination2017Project/MyProject5/Content/SideScroller_BP/Blueprints/MainMenu.uasset
[2017.07.05-23.56.43:683][431]BlueprintLog: New page: Compile MainMenu
[2017.07.05-23.56.47:160][614]LogSavePackage: Save=39.59ms
[2017.07.05-23.56.47:160][614]LogSavePackage: Moving '../../../../../../Users/Camper/Documents/GitHub/Emagination2017Project/MyProject5/Saved/MainMenu6BF4FF374ADA5A95A774EFA5CE7A22B0.tmp' to '../../../../../../Users/Camper/Documents/GitHub/Emagination2017Project/MyProject5/Content/SideScroller_BP/Blueprints/MainMenu.uasset'
[2017.07.05-23.56.47:165][614]LogSavePackage:Display: Finished SavePackage ../../../../../../Users/Camper/Documents/GitHub/Emagination2017Project/MyProject5/Content/SideScroller_BP/Blueprints/MainMenu.uasset
[2017.07.06-12.50.24:520][105]Cmd: QUIT_EDITOR
[2017.07.06-12.50.25:271][105]LogWindowsTextInputMethodSystem:Display: IME system now deactivated.
[2017.07.06-12.50.25:294][105]LogExit: Preparing to exit.
[2017.07.06-12.50.25:623][105]LogDirectoryWatcher: A directory notification for 'C:/Users/Camper/Documents/GitHub/Emagination2017Project/MyProject5/Content/' was aborted.
[2017.07.06-12.50.25:661][105]LogExit: Editor shut down
[2017.07.06-12.50.25:662][105]LogExit: Transaction tracking system shut down
[2017.07.06-12.50.25:838][105]LogObj: Freed 0b from 0 cluster array pools.
[2017.07.06-12.50.25:839][105]LogExit: Object subsystem successfully closed.
[2017.07.06-12.50.25:853][105]LogD3D11RHI: Shutdown
[2017.07.06-12.50.25:853][105]LogD3D11RHI: CleanupD3DDevice
[2017.07.06-12.50.25:926][105]LogD3D11RHI: ~FD3D11DynamicRHI
[2017.07.06-12.50.25:995][105]LogModuleManager: Shutting down and abandoning module SequencerWidgets (506)
[2017.07.06-12.50.25:995][105]LogModuleManager: Shutting down and abandoning module BlueprintGraph (504)
[2017.07.06-12.50.25:995][105]LogModuleManager: Shutting down and abandoning module BlueprintProfiler (502)
[2017.07.06-12.50.25:995][105]LogModuleManager: Shutting down and abandoning module MovieSceneCapture (500)
[2017.07.06-12.50.25:996][105]LogModuleManager: Shutting down and abandoning module StatsViewer (498)
[2017.07.06-12.50.25:996][105]LogModuleManager: Shutting down and abandoning module HierarchicalLODOutliner (496)
[2017.07.06-12.50.25:996][105]LogModuleManager: Shutting down and abandoning module CrashTracker (494)
[2017.07.06-12.50.25:996][105]LogModuleManager: Shutting down and abandoning module SceneOutliner (492)
[2017.07.06-12.50.25:996][105]LogModuleManager: Shutting down and abandoning module AddContentDialog (490)
[2017.07.06-12.50.26:007][105]LogDirectoryWatcher: A directory notification for 'C:/Program Files/Epic Games/UE_4.15/FeaturePacks/' was aborted.
[2017.07.06-12.50.26:008][105]LogModuleManager: Shutting down and abandoning module WidgetCarousel (489)
[2017.07.06-12.50.26:008][105]LogModuleManager: Shutting down and abandoning module EditorWidgets (486)
[2017.07.06-12.50.26:008][105]LogModuleManager: Shutting down and abandoning module CollectionManager (484)
[2017.07.06-12.50.26:008][105]LogDirectoryWatcher: A directory notification for 'C:/Users/Camper/Documents/GitHub/Emagination2017Project/MyProject5/Content/Collections/' was aborted.
[2017.07.06-12.50.26:009][105]LogDirectoryWatcher: A directory notification for 'C:/Users/Camper/Documents/GitHub/Emagination2017Project/MyProject5/Content/Developers/Camper/Collections/' was aborted.
[2017.07.06-12.50.26:009][105]LogDirectoryWatcher: A directory notification for 'C:/Users/Camper/Documents/GitHub/Emagination2017Project/MyProject5/Saved/Collections/' was aborted.
[2017.07.06-12.50.26:009][105]LogModuleManager: Shutting down and abandoning module FoliageEdit (482)
[2017.07.06-12.50.26:009][105]LogModuleManager: Shutting down and abandoning module LandscapeEditor (480)
[2017.07.06-12.50.26:022][105]LogModuleManager: Shutting down and abandoning module SceneDepthPickerMode (478)
[2017.07.06-12.50.26:022][105]LogModuleManager: Shutting down and abandoning module ActorPickerMode (476)
[2017.07.06-12.50.26:022][105]LogModuleManager: Shutting down and abandoning module GeometryMode (474)
[2017.07.06-12.50.26:022][105]LogModuleManager: Shutting down and abandoning module TextureAlignMode (472)
[2017.07.06-12.50.26:022][105]LogModuleManager: Shutting down and abandoning module BspMode (470)
[2017.07.06-12.50.26:022][105]LogModuleManager: Shutting down and abandoning module HardwareSurvey (468)
[2017.07.06-12.50.26:022][105]LogModuleManager: Shutting down and abandoning module SequenceRecorderSections (466)
[2017.07.06-12.50.26:022][105]LogModuleManager: Shutting down and abandoning module AutomationWorker (464)
[2017.07.06-12.50.26:022][105]LogModuleManager: Shutting down and abandoning module MatineeToLevelSequence (462)
[2017.07.06-12.50.26:033][105]LogModuleManager: Shutting down and abandoning module LevelSequenceEditor (460)
[2017.07.06-12.50.26:033][105]LogModuleManager: Shutting down and abandoning module PlacementMode (459)
[2017.07.06-12.50.26:033][105]LogModuleManager: Shutting down and abandoning module WmfMediaFactory (456)
[2017.07.06-12.50.26:033][105]LogModuleManager: Shutting down and abandoning module WmfMediaEditor (454)
[2017.07.06-12.50.26:033][105]LogModuleManager: Shutting down and abandoning module MfMediaFactory (452)
[2017.07.06-12.50.26:033][105]LogModuleManager: Shutting down and abandoning module MfMediaEditor (450)
[2017.07.06-12.50.26:033][105]LogModuleManager: Shutting down and abandoning module AvfMediaFactory (448)
[2017.07.06-12.50.26:033][105]LogModuleManager: Shutting down and abandoning module AvfMediaEditor (446)
[2017.07.06-12.50.26:033][105]LogModuleManager: Shutting down and abandoning module AndroidMediaFactory (444)
[2017.07.06-12.50.26:033][105]LogModuleManager: Shutting down and abandoning module Media (443)
[2017.07.06-12.50.26:033][105]LogModuleManager: Shutting down and abandoning module AndroidMediaEditor (440)
[2017.07.06-12.50.26:033][105]LogModuleManager: Shutting down and abandoning module CharacterAI (438)
[2017.07.06-12.50.26:033][105]LogModuleManager: Shutting down and abandoning module AudioCapture (436)
[2017.07.06-12.50.26:041][105]LogModuleManager: Shutting down and abandoning module SequenceRecorder (435)
[2017.07.06-12.50.26:041][105]LogModuleManager: Shutting down and abandoning module SmartSnapping (432)
[2017.07.06-12.50.26:041][105]LogModuleManager: Shutting down and abandoning module SessionServices (430)
[2017.07.06-12.50.26:041][105]LogModuleManager: Shutting down and abandoning module ViewportSnapping (428)
[2017.07.06-12.50.26:041][105]LogModuleManager: Shutting down and abandoning module ViewportInteraction (426)
[2017.07.06-12.50.26:041][105]LogModuleManager: Shutting down and abandoning module LogVisualizer (424)
[2017.07.06-12.50.26:041][105]LogModuleManager: Shutting down and abandoning module IntroTutorials (422)
[2017.07.06-12.50.26:041][105]LogModuleManager: Shutting down and abandoning module GameProjectGeneration (421)
[2017.07.06-12.50.26:041][105]LogModuleManager: Shutting down and abandoning module EditorLiveStreaming (418)
[2017.07.06-12.50.26:041][105]LogModuleManager: Shutting down and abandoning module IOSPlatformEditor (416)
[2017.07.06-12.50.26:041][105]LogModuleManager: Shutting down and abandoning module HTML5PlatformEditor (414)
[2017.07.06-12.50.26:041][105]LogModuleManager: Shutting down and abandoning module AndroidPlatformEditor (412)
[2017.07.06-12.50.26:041][105]LogModuleManager: Shutting down and abandoning module AndroidDeviceDetection (411)
[2017.07.06-12.50.26:257][105]LogModuleManager: Shutting down and abandoning module IOSRuntimeSettings (408)
[2017.07.06-12.50.26:257][105]LogModuleManager: Shutting down and abandoning module AndroidRuntimeSettings (406)
[2017.07.06-12.50.26:257][105]LogModuleManager: Shutting down and abandoning module InputBindingEditor (404)
[2017.07.06-12.50.26:257][105]LogModuleManager: Shutting down and abandoning module NiagaraEditor (402)
[2017.07.06-12.50.26:257][105]LogModuleManager: Shutting down and abandoning module MergeActors (400)
[2017.07.06-12.50.26:315][105]LogModuleManager: Shutting down and abandoning module SizeMap (398)
[2017.07.06-12.50.26:315][105]LogModuleManager: Shutting down and abandoning module TreeMap (396)
[2017.07.06-12.50.26:315][105]LogModuleManager: Shutting down and abandoning module ReferenceViewer (394)
[2017.07.06-12.50.26:315][105]LogModuleManager: Shutting down and abandoning module LocalizationDashboard (392)
[2017.07.06-12.50.26:315][105]LogModuleManager: Shutting down and abandoning module LocalizationService (391)
[2017.07.06-12.50.26:315][105]LogModuleManager: Shutting down and abandoning module HardwareTargeting (388)
[2017.07.06-12.50.26:315][105]LogModuleManager: Shutting down and abandoning module DeviceProfileEditor (386)
[2017.07.06-12.50.26:324][105]LogModuleManager: Shutting down and abandoning module UndoHistory (384)
[2017.07.06-12.50.26:324][105]LogModuleManager: Shutting down and abandoning module UserFeedback (382)
[2017.07.06-12.50.26:324][105]LogModuleManager: Shutting down and abandoning module XmlParser (380)
[2017.07.06-12.50.26:325][105]LogModuleManager: Shutting down and abandoning module Blutility (378)
[2017.07.06-12.50.26:325][105]LogModuleManager: Shutting down and abandoning module ProjectSettingsViewer (376)
[2017.07.06-12.50.26:325][105]LogModuleManager: Shutting down and abandoning module ProjectTargetPlatformEditor (375)
[2017.07.06-12.50.26:325][105]LogModuleManager: Shutting down and abandoning module EditorSettingsViewer (372)
[2017.07.06-12.50.26:325][105]LogModuleManager: Shutting down and abandoning module SettingsEditor (370)
[2017.07.06-12.50.26:329][105]LogModuleManager: Shutting down and abandoning module ProjectLauncher (368)
[2017.07.06-12.50.26:339][105]LogModuleManager: Shutting down and abandoning module SessionFrontend (366)
[2017.07.06-12.50.26:339][105]LogModuleManager: Shutting down and abandoning module ProfilerClient (364)
[2017.07.06-12.50.26:347][105]LogModuleManager: Shutting down and abandoning module DeviceManager (362)
[2017.07.06-12.50.26:347][105]LogModuleManager: Shutting down and abandoning module TargetDeviceServices (361)
[2017.07.06-12.50.26:391][105]LogModuleManager: Shutting down and abandoning module AutomationController (358)
[2017.07.06-12.50.26:391][105]LogModuleManager: Shutting down and abandoning module AutomationWindow (356)
[2017.07.06-12.50.26:391][105]LogModuleManager: Shutting down and abandoning module Layers (354)
[2017.07.06-12.50.26:391][105]LogModuleManager: Shutting down and abandoning module ComponentVisualizers (352)
[2017.07.06-12.50.26:391][105]LogModuleManager: Shutting down and abandoning module DetailCustomizations (350)
[2017.07.06-12.50.26:391][105]LogModuleManager: Shutting down and abandoning module PackagesDialog (348)
[2017.07.06-12.50.26:391][105]LogModuleManager: Shutting down and abandoning module Persona (346)
[2017.07.06-12.50.26:391][105]LogModuleManager: Shutting down and abandoning module AnimGraph (345)
[2017.07.06-12.50.26:391][105]LogModuleManager: Shutting down and abandoning module Kismet (342)
[2017.07.06-12.50.26:398][105]LogModuleManager: Shutting down and abandoning module GraphEditor (340)
[2017.07.06-12.50.26:398][105]LogModuleManager: Shutting down and abandoning module ClassViewer (338)
[2017.07.06-12.50.26:398][105]LogModuleManager: Shutting down and abandoning module Toolbox (336)
[2017.07.06-12.50.26:398][105]LogModuleManager: Shutting down and abandoning module ModuleUI (334)
[2017.07.06-12.50.26:398][105]LogModuleManager: Shutting down and abandoning module MovieSceneTools (332)
[2017.07.06-12.50.26:398][105]LogModuleManager: Shutting down and abandoning module OutputLog (330)
[2017.07.06-12.50.26:398][105]LogModuleManager: Shutting down and abandoning module GammaUI (328)
[2017.07.06-12.50.26:398][105]LogModuleManager: Shutting down and abandoning module Documentation (326)
[2017.07.06-12.50.26:398][105]LogModuleManager: Shutting down and abandoning module Niagara (324)
[2017.07.06-12.50.26:398][105]LogModuleManager: Shutting down and abandoning module StreamingPauseRendering (322)
[2017.07.06-12.50.26:398][105]LogModuleManager: Shutting down and abandoning module AnalyticsET (320)
[2017.07.06-12.50.26:398][105]LogModuleManager: Shutting down and abandoning module PortalServices (318)
[2017.07.06-12.50.26:398][105]LogModuleManager: Shutting down and abandoning module PortalRpc (316)
[2017.07.06-12.50.26:398][105]LogModuleManager: Shutting down and abandoning module MessagingRpc (314)
[2017.07.06-12.50.26:398][105]LogModuleManager: Shutting down and abandoning module AIModule (312)
[2017.07.06-12.50.26:398][105]LogModuleManager: Shutting down and abandoning module GameplayDebugger (311)
[2017.07.06-12.50.26:398][105]LogModuleManager: Shutting down and abandoning module AITestSuite (309)
[2017.07.06-12.50.26:398][105]LogModuleManager: Shutting down and abandoning module ProfilerService (306)
[2017.07.06-12.50.26:602][105]LogModuleManager: Shutting down and abandoning module TaskGraph (304)
[2017.07.06-12.50.26:602][105]LogModuleManager: Shutting down and abandoning module SteamVRController (302)
[2017.07.06-12.50.26:602][105]LogModuleManager: Shutting down and abandoning module SteamVR (300)
[2017.07.06-12.50.26:602][105]LogModuleManager: Shutting down and abandoning module ProceduralMeshComponentEditor (298)
[2017.07.06-12.50.26:602][105]LogModuleManager: Shutting down and abandoning module ProceduralMeshComponent (296)
[2017.07.06-12.50.26:602][105]LogModuleManager: Shutting down and abandoning module OculusLibrary (294)
[2017.07.06-12.50.26:602][105]LogModuleManager: Shutting down and abandoning module OculusInput (292)
[2017.07.06-12.50.26:602][105]LogModuleManager: Shutting down and abandoning module MobilePatchingUtils (290)
[2017.07.06-12.50.26:602][105]LogModuleManager: Shutting down and abandoning module CustomMeshComponent (288)
[2017.07.06-12.50.26:602][105]LogModuleManager: Shutting down and abandoning module CableComponent (286)
[2017.07.06-12.50.26:602][105]LogModuleManager: Shutting down and abandoning module ArchVisCharacter (284)
[2017.07.06-12.50.26:602][105]LogModuleManager: Shutting down and abandoning module MediaPlayerEditor (280)
[2017.07.06-12.50.26:602][105]LogModuleManager: Shutting down and abandoning module HTML5Networking (278)
[2017.07.06-12.50.26:602][105]LogModuleManager: Shutting down and abandoning module AlembicImporter (276)
[2017.07.06-12.50.26:602][105]LogModuleManager: Shutting down and abandoning module AlembicLibrary (275)
[2017.07.06-12.50.26:603][105]LogModuleManager: Shutting down and abandoning module GeometryCache (274)
[2017.07.06-12.50.26:603][105]LogModuleManager: Shutting down and abandoning module GeometryCacheEd (273)
[2017.07.06-12.50.26:603][105]LogModuleManager: Shutting down and abandoning module SuperSearchEditor (268)
[2017.07.06-12.50.26:603][105]LogModuleManager: Shutting down and abandoning module SuperSearch (267)
[2017.07.06-12.50.26:603][105]LogModuleManager: Shutting down and abandoning module SpeedTreeImporter (264)
[2017.07.06-12.50.26:603][105]LogModuleManager: Shutting down and abandoning module PluginBrowser (262)
[2017.07.06-12.50.26:603][105]LogModuleManager: Shutting down and abandoning module MobileLauncherProfileWizard (260)
[2017.07.06-12.50.26:603][105]LogModuleManager: Shutting down and abandoning module EpicSurvey (258)
[2017.07.06-12.50.26:603][105]LogModuleManager: Shutting down and abandoning module VisualStudioSourceCodeAccess (256)
[2017.07.06-12.50.26:603][105]LogModuleManager: Shutting down and abandoning module DesktopPlatform (255)
[2017.07.06-12.50.26:603][105]LogModuleManager: Shutting down and abandoning module UObjectPlugin (252)
[2017.07.06-12.50.26:603][105]LogModuleManager: Shutting down and abandoning module SubversionSourceControl (250)
[2017.07.06-12.50.26:603][105]LogModuleManager: Shutting down and abandoning module PerforceSourceControl (248)
[2017.07.06-12.50.26:603][105]LogModuleManager: Shutting down and abandoning module GitSourceControl (246)
[2017.07.06-12.50.26:603][105]LogModuleManager: Shutting down and abandoning module SourceControl (245)
[2017.07.06-12.50.26:603][105]LogModuleManager: Shutting down and abandoning module LightPropagationVolumeEditor (242)
[2017.07.06-12.50.26:603][105]LogModuleManager: Shutting down and abandoning module PaperTiledImporter (240)
[2017.07.06-12.50.26:603][105]LogModuleManager: Shutting down and abandoning module PaperSpriteSheetImporter (238)
[2017.07.06-12.50.26:603][105]LogModuleManager: Shutting down and abandoning module Paper2DEditor (236)
[2017.07.06-12.50.26:610][105]LogModuleManager: Shutting down and abandoning module MeshPaint (235)
[2017.07.06-12.50.26:610][105]LogModuleManager: Shutting down and abandoning module LevelEditor (233)
[2017.07.06-12.50.26:610][105]LogModuleManager: Shutting down and abandoning module PixelInspectorModule (232)
[2017.07.06-12.50.26:610][105]LogModuleManager: Shutting down and abandoning module MainFrame (230)
[2017.07.06-12.50.26:610][105]LogModuleManager: Shutting down and abandoning module HotReload (229)
[2017.07.06-12.50.26:611][105]LogModuleManager: Shutting down and abandoning module ContentBrowser (225)
[2017.07.06-12.50.26:612][105]LogModuleManager: Shutting down and abandoning module PhysXVehiclesEditor (222)
[2017.07.06-12.50.26:612][105]LogModuleManager: Shutting down and abandoning module PhysXVehicles (220)
[2017.07.06-12.50.26:612][105]LogModuleManager: Shutting down and abandoning module LocationServicesBPLibrary (218)
[2017.07.06-12.50.26:612][105]LogModuleManager: Shutting down and abandoning module UdpMessaging (216)
[2017.07.06-12.50.26:713][105]LogModuleManager: Shutting down and abandoning module TcpMessaging (214)
[2017.07.06-12.50.26:813][105]LogModuleManager: Shutting down and abandoning module GameplayTagsEditor (212)
[2017.07.06-12.50.26:813][105]LogModuleManager: Shutting down and abandoning module FacialAnimationEditor (210)
[2017.07.06-12.50.26:813][105]LogModuleManager: Shutting down and abandoning module FacialAnimation (208)
[2017.07.06-12.50.26:813][105]LogModuleManager: Shutting down and abandoning module LightPropagationVolumeRuntime (206)
[2017.07.06-12.50.26:813][105]LogModuleManager: Shutting down and abandoning module Paper2D (204)
[2017.07.06-12.50.26:813][105]LogModuleManager: Shutting down and abandoning module WindowsMoviePlayer (202)
[2017.07.06-12.50.26:813][105]LogModuleManager: Shutting down and abandoning module WmfMedia (200)
[2017.07.06-12.50.26:813][105]LogModuleManager: Shutting down and abandoning module MfMedia (198)
[2017.07.06-12.50.26:813][105]LogModuleManager: Shutting down and abandoning module MediaAssets (196)
[2017.07.06-12.50.26:813][105]LogModuleManager: Shutting down and abandoning module GameLiveStreaming (194)
[2017.07.06-12.50.26:813][105]LogModuleManager: Shutting down and abandoning module VREditor (192)
[2017.07.06-12.50.26:813][105]LogModuleManager: Shutting down and abandoning module GameplayTasksEditor (190)
[2017.07.06-12.50.26:813][105]LogModuleManager: Shutting down and abandoning module BehaviorTreeEditor (188)
[2017.07.06-12.50.26:813][105]LogModuleManager: Shutting down and abandoning module FunctionalTesting (186)
[2017.07.06-12.50.26:813][105]LogModuleManager: Shutting down and abandoning module CollisionAnalyzer (184)
[2017.07.06-12.50.26:813][105]LogModuleManager: Shutting down and abandoning module UMG (182)
[2017.07.06-12.50.26:813][105]LogModuleManager: Shutting down and abandoning module UMGEditor (181)
[2017.07.06-12.50.26:813][105]LogModuleManager: Shutting down and abandoning module Sequencer (180)
[2017.07.06-12.50.26:813][105]LogModuleManager: Shutting down and abandoning module AssetTools (178)
[2017.07.06-12.50.26:813][105]LogModuleManager: Shutting down and abandoning module MessageLog (177)
[2017.07.06-12.50.26:813][105]LogModuleManager: Shutting down and abandoning module WorkspaceMenuStructure (176)
[2017.07.06-12.50.26:813][105]LogModuleManager: Shutting down and abandoning module SlateReflector (170)
[2017.07.06-12.50.26:813][105]LogModuleManager: Shutting down and abandoning module Slate (168)
[2017.07.06-12.50.26:813][105]LogModuleManager: Shutting down and abandoning module EditorStyle (166)
[2017.07.06-12.50.26:817][105]LogModuleManager: Shutting down and abandoning module SourceCodeAccess (164)
[2017.07.06-12.50.26:817][105]LogModuleManager: Shutting down and abandoning module HeadMountedDisplay (162)
[2017.07.06-12.50.26:817][105]LogModuleManager: Shutting down and abandoning module XAudio2 (160)
[2017.07.06-12.50.26:817][105]LogModuleManager: Shutting down and abandoning module Networking (158)
[2017.07.06-12.50.26:817][105]LogModuleManager: Shutting down and abandoning module Core (154)
[2017.07.06-12.50.26:817][105]LogModuleManager: Shutting down and abandoning module AssetRegistry (152)
[2017.07.06-12.50.26:957][105]LogDirectoryWatcher: A directory notification for '../../../Engine/Content/' was aborted.
[2017.07.06-12.50.26:957][105]LogDirectoryWatcher: A directory notification for '../../../../../../Users/Camper/Documents/GitHub/Emagination2017Project/MyProject5/Content/' was aborted.
[2017.07.06-12.50.26:957][105]LogDirectoryWatcher: A directory notification for '../../../Engine/Plugins/2D/Paper2D/Content/' was aborted.
[2017.07.06-12.50.26:957][105]LogModuleManager: Shutting down and abandoning module DirectoryWatcher (151)
[2017.07.06-12.50.26:958][105]LogModuleManager: Shutting down and abandoning module KismetCompiler (148)
[2017.07.06-12.50.26:958][105]LogModuleManager: Shutting down and abandoning module PhysXFormats (146)
[2017.07.06-12.50.26:958][105]LogModuleManager: Shutting down and abandoning module MeshUtilities (144)
[2017.07.06-12.50.26:958][105]LogModuleManager: Shutting down and abandoning module SimplygonSwarm (143)
[2017.07.06-12.50.26:958][105]LogModuleManager: Shutting down and abandoning module SimplygonMeshReduction (141)
[2017.07.06-12.50.26:958][105]LogModuleManager: Shutting down and abandoning module QuadricMeshReduction (139)
[2017.07.06-12.50.26:958][105]LogModuleManager: Shutting down and abandoning module PropertyEditor (137)
[2017.07.06-12.50.26:997][105]LogModuleManager: Shutting down and abandoning module DerivedDataCache (134)
[2017.07.06-12.50.27:001][105]LogDerivedDataCache: Shutdown
[2017.07.06-12.50.27:001][105]LogModuleManager: Shutting down and abandoning module TargetPlatform (132)
[2017.07.06-12.50.27:001][105]LogModuleManager: Shutting down and abandoning module VulkanShaderFormat (131)
[2017.07.06-12.50.27:001][105]LogModuleManager: Shutting down and abandoning module ShaderFormatOpenGL (129)
[2017.07.06-12.50.27:001][105]LogModuleManager: Shutting down and abandoning module ShaderFormatD3D (127)
[2017.07.06-12.50.27:001][105]LogModuleManager: Shutting down and abandoning module MetalShaderFormat (125)
[2017.07.06-12.50.27:001][105]LogModuleManager: Shutting down and abandoning module TextureFormatUncompressed (123)
[2017.07.06-12.50.27:001][105]LogModuleManager: Shutting down and abandoning module TextureFormatPVR (121)
[2017.07.06-12.50.27:001][105]LogModuleManager: Shutting down and abandoning module TextureFormatDXT (119)
[2017.07.06-12.50.27:001][105]LogModuleManager: Shutting down and abandoning module TextureFormatIntelISPCTexComp (117)
[2017.07.06-12.50.27:001][105]LogModuleManager: Shutting down and abandoning module TextureFormatASTC (115)
[2017.07.06-12.50.27:001][105]LogModuleManager: Shutting down and abandoning module ImageWrapper (114)
[2017.07.06-12.50.27:001][105]LogModuleManager: Shutting down and abandoning module TextureFormatAndroid (111)
[2017.07.06-12.50.27:002][105]LogModuleManager: Shutting down and abandoning module AudioFormatOpus (109)
[2017.07.06-12.50.27:002][105]LogModuleManager: Shutting down and abandoning module AudioFormatOgg (107)
[2017.07.06-12.50.27:002][105]LogModuleManager: Shutting down and abandoning module AudioFormatADPCM (105)
[2017.07.06-12.50.27:002][105]LogModuleManager: Shutting down and abandoning module LinuxTargetPlatform (103)
[2017.07.06-12.50.27:002][105]LogModuleManager: Shutting down and abandoning module LinuxServerTargetPlatform (101)
[2017.07.06-12.50.27:002][105]LogModuleManager: Shutting down and abandoning module LinuxNoEditorTargetPlatform (99)
[2017.07.06-12.50.27:002][105]LogModuleManager: Shutting down and abandoning module LinuxClientTargetPlatform (97)
[2017.07.06-12.50.27:002][105]LogModuleManager: Shutting down and abandoning module TVOSTargetPlatform (95)
[2017.07.06-12.50.27:002][105]LogModuleManager: Shutting down and abandoning module Messaging (93)
[2017.07.06-12.50.27:002][105]LogModuleManager: Shutting down and abandoning module IOSTargetPlatform (91)
[2017.07.06-12.50.27:002][105]LogModuleManager: Shutting down and abandoning module HTML5TargetPlatform (89)
[2017.07.06-12.50.27:002][105]LogModuleManager: Shutting down and abandoning module Android_PVRTCTargetPlatform (87)
[2017.07.06-12.50.27:002][105]LogModuleManager: Shutting down and abandoning module Android_MultiTargetPlatform (85)
[2017.07.06-12.50.27:002][105]LogModuleManager: Shutting down and abandoning module Android_ETC2TargetPlatform (83)
[2017.07.06-12.50.27:002][105]LogModuleManager: Shutting down and abandoning module Android_ETC1TargetPlatform (81)
[2017.07.06-12.50.27:002][105]LogModuleManager: Shutting down and abandoning module Android_DXTTargetPlatform (79)
[2017.07.06-12.50.27:002][105]LogModuleManager: Shutting down and abandoning module Android_ATCTargetPlatform (77)
[2017.07.06-12.50.27:002][105]LogModuleManager: Shutting down and abandoning module Android_ASTCTargetPlatform (75)
[2017.07.06-12.50.27:002][105]LogModuleManager: Shutting down and abandoning module AndroidTargetPlatform (73)
[2017.07.06-12.50.27:002][105]LogModuleManager: Shutting down and abandoning module WindowsTargetPlatform (71)
[2017.07.06-12.50.27:002][105]LogModuleManager: Shutting down and abandoning module WindowsServerTargetPlatform (69)
[2017.07.06-12.50.27:002][105]LogModuleManager: Shutting down and abandoning module WindowsNoEditorTargetPlatform (67)
[2017.07.06-12.50.27:002][105]LogModuleManager: Shutting down and abandoning module WindowsClientTargetPlatform (65)
[2017.07.06-12.50.27:002][105]LogModuleManager: Shutting down and abandoning module MacTargetPlatform (63)
[2017.07.06-12.50.27:002][105]LogModuleManager: Shutting down and abandoning module MacServerTargetPlatform (61)
[2017.07.06-12.50.27:002][105]LogModuleManager: Shutting down and abandoning module MacNoEditorTargetPlatform (59)
[2017.07.06-12.50.27:002][105]LogModuleManager: Shutting down and abandoning module MacClientTargetPlatform (57)
[2017.07.06-12.50.27:002][105]LogModuleManager: Shutting down and abandoning module AllDesktopTargetPlatform (55)
[2017.07.06-12.50.27:002][105]LogModuleManager: Shutting down and abandoning module InputCore (52)
[2017.07.06-12.50.27:002][105]LogModuleManager: Shutting down and abandoning module Settings (50)
[2017.07.06-12.50.27:002][105]LogModuleManager: Shutting down and abandoning module OculusRift (48)
[2017.07.06-12.50.27:002][105]LogModuleManager: Shutting down and abandoning module GearVR (46)
[2017.07.06-12.50.27:002][105]LogModuleManager: Shutting down and abandoning module ExampleDeviceProfileSelector (44)
[2017.07.06-12.50.27:002][105]LogModuleManager: Shutting down and abandoning module OnlineBlueprintSupport (42)
[2017.07.06-12.50.27:002][105]LogModuleManager: Shutting down and abandoning module OnlineSubsystem (38)
[2017.07.06-12.50.27:002][105]LogOnline:Display: Unloading online subsystem: NULL
[2017.07.06-12.50.27:002][105]LogModuleManager: Shutting down and abandoning module XMPP (37)
[2017.07.06-12.50.27:002][105]LogModuleManager: Shutting down and abandoning module HTTP (35)
[2017.07.06-12.50.27:002][105]LogHttp:Display: Http module shutting down, but needs to wait on 1 outstanding Http requests:
[2017.07.06-12.50.27:002][105]LogHttp:Display: 	verb=[POST] url=[https://datarouter.ol.epicgames.com/datarouter/api/v1/public/data?SessionID=%7B998EE686-4D60-47A4-7C91-B6A1B91846B6%7D&AppID=UEEditor.Rocket.Release&AppVersion=4.15.2-3416026%2B%2B%2BUE4%2BRelease-4.15&UserID=cb03359b402e97089a818485821d9df5%7Cdce5bf350dae4151a605eba1ad91624d%7C1ff1b01f-1d35-47d8-b799-dbda82573b2d&AppEnvironment=datacollector-binary&UploadType=eteventstream] status=Processing
[2017.07.06-12.50.27:033][105]LogModuleManager: Shutting down and abandoning module SSL (34)
[2017.07.06-12.50.27:035][105]LogModuleManager: Shutting down and abandoning module AudioEditor (30)
[2017.07.06-12.50.27:035][105]LogModuleManager: Shutting down and abandoning module TextureCompressor (28)
[2017.07.06-12.50.27:036][105]LogModuleManager: Shutting down and abandoning module ShaderCore (26)
[2017.07.06-12.50.27:036][105]LogModuleManager: Shutting down and abandoning module Landscape (24)
[2017.07.06-12.50.27:036][105]LogModuleManager: Shutting down and abandoning module SlateRHIRenderer (22)
[2017.07.06-12.50.27:039][105]LogModuleManager: Shutting down and abandoning module OpenGLDrv (20)
[2017.07.06-12.50.27:039][105]LogModuleManager: Shutting down and abandoning module D3D11RHI (18)
[2017.07.06-12.50.27:039][105]LogModuleManager: Shutting down and abandoning module AnimGraphRuntime (16)
[2017.07.06-12.50.27:039][105]LogModuleManager: Shutting down and abandoning module Renderer (14)
[2017.07.06-12.50.27:039][105]LogModuleManager: Shutting down and abandoning module Engine (12)
[2017.07.06-12.50.27:039][105]LogModuleManager: Shutting down and abandoning module CoreUObject (10)
[2017.07.06-12.50.27:039][105]LogModuleManager: Shutting down and abandoning module NetworkFile (8)
[2017.07.06-12.50.27:039][105]LogModuleManager: Shutting down and abandoning module StreamingFile (6)
[2017.07.06-12.50.27:039][105]LogModuleManager: Shutting down and abandoning module SandboxFile (4)
[2017.07.06-12.50.27:039][105]LogModuleManager: Shutting down and abandoning module PakFile (2)
[2017.07.06-12.50.27:041][105]LogExit: Exiting.
[2017.07.06-12.50.27:042][105]Log file closed, 07/06/17 08:50:27
