Log file open, 07/05/17 15:02:59
LogInit:Display: Running engine for game: MyProject5
LogPlatformFile: Not using cached read wrapper
LogInit:Display: RandInit(-825486754) SRandInit(-825486754).
LogTaskGraph: Started task graph with 5 named threads and 8 total threads with 1 sets of task threads.
LogStats: Stats thread started at 0.111526
LogInit: Using libcurl 7.47.1
LogInit:  - built for x86_64-pc-win32
LogInit:  - supports SSL with OpenSSL/1.0.2g
LogInit:  - supports HTTP deflate (compression) using libz 1.2.8
LogInit:  - other features:
LogInit:      CURL_VERSION_SSL
LogInit:      CURL_VERSION_LIBZ
LogInit:      CURL_VERSION_IPV6
LogInit:      CURL_VERSION_ASYNCHDNS
LogInit:      CURL_VERSION_LARGEFILE
LogInit:      CURL_VERSION_IDN
LogInit:  CurlRequestOptions (configurable via config and command line):
LogInit:  - bVerifyPeer = false  - Libcurl will NOT verify peer certificate
LogInit:  - bUseHttpProxy = false  - Libcurl will NOT use HTTP proxy
LogInit:  - bDontReuseConnections = false  - Libcurl will reuse connections
LogInit:  - CertBundlePath = nullptr  - Libcurl will use whatever was configured at build time.
LogInit: Build: ++UE4+Release-4.15-CL-3416026
LogInit: Engine Version: 4.15.2-3416026+++UE4+Release-4.15
LogInit: Compatible Engine Version: 4.15.0-3299760+++UE4+Release-4.15
LogInit: Net CL: 3299760
LogDevObjectVersion: Number of dev versions registered: 14
LogDevObjectVersion:   Dev-Blueprints (B0D832E4-1F89-4F0D-ACCF-7EB736FD4AA2): 8
LogDevObjectVersion:   Dev-Build (E1C64328-A22C-4D53-A36C-8E866417BD8C): 0
LogDevObjectVersion:   Dev-Core (375EC13C-06E4-48FB-B500-84F0262A717E): 2
LogDevObjectVersion:   Dev-Editor (E4B068ED-F494-42E9-A231-DA0B2E46BB41): 14
LogDevObjectVersion:   Dev-Framework (CFFC743F-43B0-4480-9391-14DF171D2073): 22
LogDevObjectVersion:   Dev-Mobile (B02B49B5-BB20-44E9-A304-32B752E40360): 0
LogDevObjectVersion:   Dev-Networking (A4E4105C-59A1-49B5-A7C5-40C4547EDFEE): 0
LogDevObjectVersion:   Dev-Online (39C831C9-5AE6-47DC-9A44-9C173E1C8E7C): 0
LogDevObjectVersion:   Dev-Physics (78F01B33-EBEA-4F98-B9B4-84EACCB95AA2): 0
LogDevObjectVersion:   Dev-Platform (6631380F-2D4D-43E0-8009-CF276956A95A): 0
LogDevObjectVersion:   Dev-Rendering (12F88B9F-8875-4AFC-A67C-D90C383ABD29): 12
LogDevObjectVersion:   Dev-Sequencer (7B5AE74C-D270-4C10-A958-57980B212A5A): 3
LogDevObjectVersion:   Dev-VR (D7296918-1DD6-4BDD-9DE2-64A83CC13884): 0
LogDevObjectVersion:   Dev-LoadTimes (C2A15278-BFE7-4AFE-6C17-90FF531DF755): 1
LogInit: Compiled (64-bit): May  1 2017 13:11:28
LogInit: Compiled with Visual C++: 19.00.23026.00
LogInit: Build Configuration: Development
LogInit: Branch Name: ++UE4+Release-4.15
LogInit: Command line:  /Temp/Autosaves/Game/SideScroller_BP/Maps/UEDPCMenuLevel -game -PIEVIACONSOLE -ResX=1280 -ResY=720  -Multiprocess -messaging -SessionName="Play in Standalone Game" -windowed 
LogInit: Base directory: C:/Program Files/Epic Games/UE_4.15/Engine/Binaries/Win64/
LogInit: Installed Engine Build: 1
LogInit: Presizing for max 8388607 objects, including 0 objects not considered by GC, pre-allocating 0 bytes for permanent pool.
LogInit: Object subsystem initialized
[2017.07.05-19.03.00:562][  0]LogInit: Selected Device Profile: [Windows]
[2017.07.05-19.03.00:562][  0]LogInit: Applying CVar settings loaded from the selected device profile: [Windows]
[2017.07.05-19.03.00:567][  0]LogInit: Computer: EGDWS_MA_0013
[2017.07.05-19.03.00:567][  0]LogInit: User: Camper
[2017.07.05-19.03.00:567][  0]LogInit: CPU Page size=65536, Cores=4
[2017.07.05-19.03.00:567][  0]LogInit: High frequency timer resolution =2.338344 MHz
[2017.07.05-19.03.00:567][  0]LogMemory: Memory total: Physical=15.6GB (16GB approx)
[2017.07.05-19.03.00:567][  0]LogMemory: Platform Memory Stats for Windows
[2017.07.05-19.03.00:567][  0]LogMemory: Process Physical Memory: 264.40 MB used, 264.40 MB peak
[2017.07.05-19.03.00:567][  0]LogMemory: Process Virtual Memory: 262.82 MB used, 262.82 MB peak
[2017.07.05-19.03.00:568][  0]LogMemory: Physical Memory: 8016.53 MB used,  7992.69 MB free, 16009.22 MB total
[2017.07.05-19.03.00:568][  0]LogMemory: Virtual Memory: 630.80 MB used,  7992.69 MB free, 134217728.00 MB total
[2017.07.05-19.03.00:701][  0]LogTextLocalizationManager: No specific translations for ('en-US') exist, so ('en') translations will be used.
[2017.07.05-19.03.01:267][  0]LogD3D11RHI: D3D11 adapters:
[2017.07.05-19.03.01:294][  0]LogD3D11RHI:    0. 'NVIDIA Quadro K1100M   ' (Feature Level 11_0)
[2017.07.05-19.03.01:294][  0]LogD3D11RHI:       1992/0/8004 MB DedicatedVideo/DedicatedSystem/SharedSystem, Outputs:1, VendorId:0x10de
[2017.07.05-19.03.01:301][  0]LogD3D11RHI:    1. 'Intel(R) HD Graphics 4600' (Feature Level 11_0)
[2017.07.05-19.03.01:301][  0]LogD3D11RHI:       112/0/2048 MB DedicatedVideo/DedicatedSystem/SharedSystem, Outputs:0, VendorId:0x8086
[2017.07.05-19.03.01:304][  0]LogD3D11RHI:    2. 'Microsoft Basic Render Driver' (Feature Level 11_0)
[2017.07.05-19.03.01:304][  0]LogD3D11RHI:       0/0/8004 MB DedicatedVideo/DedicatedSystem/SharedSystem, Outputs:0, VendorId:0x1414
[2017.07.05-19.03.01:304][  0]LogD3D11RHI: Chosen D3D11 Adapter: 0
[2017.07.05-19.03.01:309][  0]LogD3D11RHI: Creating new Direct3DDevice
[2017.07.05-19.03.01:309][  0]LogD3D11RHI:     GPU DeviceId: 0xff6 (for the marketing name, search the web for "GPU Device Id")
[2017.07.05-19.03.01:309][  0]LogWindows: EnumDisplayDevices:
[2017.07.05-19.03.01:310][  0]LogWindows:    0. 'Intel(R) HD Graphics 4600' (P:1 D:1)
[2017.07.05-19.03.01:310][  0]LogWindows:    1. 'Intel(R) HD Graphics 4600' (P:0 D:0)
[2017.07.05-19.03.01:310][  0]LogWindows:    2. 'Intel(R) HD Graphics 4600' (P:0 D:0)
[2017.07.05-19.03.01:311][  0]LogWindows: DebugString: PrimaryIsNotTheChoosenAdapter PrimaryIsNotTheChoosenAdapter PrimaryIsNotTheChoosenAdapter FoundDriverCount:0 
[2017.07.05-19.03.01:311][  0]LogD3D11RHI:     Adapter Name: NVIDIA Quadro K1100M   
[2017.07.05-19.03.01:311][  0]LogD3D11RHI:   Driver Version: Unknown (internal:Unknown, unified:Unknown)
[2017.07.05-19.03.01:311][  0]LogD3D11RHI:      Driver Date: Unknown
[2017.07.05-19.03.01:311][  0]LogRHI: Texture pool is 1361 MB (70% of 1945 MB)
[2017.07.05-19.03.01:329][  0]LogD3D11RHI:Warning: Timestamp queries are currently disabled on this hardware due to instability. Realtime GPU stats will not be available. You can override this behaviour by setting r.NVIDIATimestampWorkaround to 0
[2017.07.05-19.03.01:425][  0]LogD3D11RHI: NvAPI_D3D_GetCurrentSLIState failed: 0xfffffff7
[2017.07.05-19.03.01:427][  0]LogD3D11RHI: [Aftermath] Aftermath enabled but failed to initialize due to reason: DriverVersionNotSupported
[2017.07.05-19.03.01:427][  0]LogD3D11RHI: Async texture creation enabled
[2017.07.05-19.03.01:441][  0]LogD3D11RHI: GPU Timing Frequency: 1000.000000 (Debug: 2 1)
[2017.07.05-19.03.01:442][  0]LogShaderCompilers: Guid format shader working directory is -35 characters bigger than the processId version (../../../../../../Users/Camper/Documents/GitHub/Emagination2017Project/MyProject5/Intermediate/Shaders/WorkingDirectory/10364/).
[2017.07.05-19.03.01:443][  0]LogShaderCompilers: Cleaned the shader compiler working directory 'C:/Users/Camper/AppData/Local/Temp/UnrealShaderWorkingDir/9E10C832474811893F445D99913223B3/'.
[2017.07.05-19.03.01:443][  0]LogShaderCompilers:Display: Using Local Shader Compiler.
[2017.07.05-19.03.02:936][  0]LogTemp:Display: Loaded TP WindowsClientTargetPlatform
[2017.07.05-19.03.03:021][  0]LogTemp:Display: Loaded TP WindowsNoEditorTargetPlatform
[2017.07.05-19.03.03:104][  0]LogTemp:Display: Loaded TP WindowsServerTargetPlatform
[2017.07.05-19.03.03:183][  0]LogTemp:Display: Loaded TP WindowsTargetPlatform
[2017.07.05-19.03.03:183][  0]LogTargetPlatformManager:Display: Building Assets For Windows
[2017.07.05-19.03.03:882][  0]LogDerivedDataCache:Display: Max Cache Size: 512 MB
[2017.07.05-19.03.03:947][  0]LogDerivedDataCache: Loaded boot cache 0.06s 50MB C:/Users/Camper/AppData/Local/UnrealEngine/4.15/DerivedDataCache/Boot.ddc.
[2017.07.05-19.03.03:947][  0]LogDerivedDataCache:Display: Loaded Boot cache: C:/Users/Camper/AppData/Local/UnrealEngine/4.15/DerivedDataCache/Boot.ddc
[2017.07.05-19.03.03:947][  0]LogDerivedDataCache: FDerivedDataBackendGraph:  Pak pak cache file ../../../../../../Users/Camper/Documents/GitHub/Emagination2017Project/MyProject5/DerivedDataCache/DDC.ddp not found, will not use a pak cache.
[2017.07.05-19.03.03:947][  0]LogDerivedDataCache: Unable to find inner node Pak for hierarchical cache Hierarchy.
[2017.07.05-19.03.03:947][  0]LogDerivedDataCache: FDerivedDataBackendGraph:  CompressedPak pak cache file ../../../../../../Users/Camper/Documents/GitHub/Emagination2017Project/MyProject5/DerivedDataCache/Compressed.ddp not found, will not use a pak cache.
[2017.07.05-19.03.03:947][  0]LogDerivedDataCache: Unable to find inner node CompressedPak for hierarchical cache Hierarchy.
[2017.07.05-19.03.03:971][  0]LogDerivedDataCache:Display: Pak cache opened for reading ../../../Engine/DerivedDataCache/Compressed.ddp.
[2017.07.05-19.03.03:983][  0]LogDerivedDataCache: Using Local data cache path C:/Users/Camper/AppData/Local/UnrealEngine/Common/DerivedDataCache: Writable
[2017.07.05-19.03.03:994][  0]LogSlate: Using Freetype 2.6.0
[2017.07.05-19.03.03:995][  0]LogSlate: SlateFontCache - WITH_FREETYPE: 1, WITH_HARFBUZZ: 1
[2017.07.05-19.03.03:996][  0]LogSlate: SlateFontCache - WITH_FREETYPE: 1, WITH_HARFBUZZ: 1
[2017.07.05-19.03.04:455][  0]LogAssetRegistry: FAssetRegistry took 0.0001 seconds to start up
[2017.07.05-19.03.04:468][  0]LogPackageLocalizationCache: Processed 3 localized package path(s) for 2 prioritized culture(s) in 0.013140 seconds
[2017.07.05-19.03.04:499][  0]LogInit: Selected Device Profile: [Windows]
[2017.07.05-19.03.04:502][  0]LogContentStreaming: Texture pool size is 1000.00 MB
[2017.07.05-19.03.04:802][  0]LogMeshUtilities: Using QuadricMeshReduction for automatic static mesh reduction
[2017.07.05-19.03.04:883][  0]LogSimplygon: Simplygon DLL not present - disabling.
[2017.07.05-19.03.04:973][  0]LogMeshUtilities: Using SimplygonSwarm for distributed automatic mesh merging
[2017.07.05-19.03.04:973][  0]LogMeshUtilities: No automatic skeletal mesh reduction module available
[2017.07.05-19.03.04:973][  0]LogMeshUtilities: No automatic mesh merging module available
[2017.07.05-19.03.05:608][  0]LogNetVersion: GetLocalNetworkVersion: CL: 3299760, ProjectName: myproject5, ProjectVersion: , EngineNetworkVersion: 2, GameNetworkVersion: 0, NetworkChecksum: 2091606010
[2017.07.05-19.03.05:697][  0]LogInit: WinSock: version 1.1 (2.2), MaxSocks=32767, MaxUdp=65467
[2017.07.05-19.03.07:011][  0]LogMoviePlayer: Initializing movie player
[2017.07.05-19.03.07:087][  0]LogWindowsTextInputMethodSystem:Display: IME system now deactivated.
[2017.07.05-19.03.07:538][  0]LogTcpMessaging: Initializing TcpMessaging bridge
[2017.07.05-19.03.07:594][  0]LogUdpMessaging: Initializing bridge on interface 0.0.0.0:0 to multicast group 230.0.0.1:6666.
[2017.07.05-19.03.08:058][  0]SourceControl: Info Source control is disabled
[2017.07.05-19.03.08:058][  0]SourceControl: Info Source control is disabled
[2017.07.05-19.03.08:137][  0]SourceControl: Info Source control is disabled
[2017.07.05-19.03.09:299][  0]LogUObjectArray: 34408 objects as part of root set at end of initial load.
[2017.07.05-19.03.09:299][  0]LogUObjectAllocator: 7639328 out of 0 bytes used by permanent object pool.
[2017.07.05-19.03.09:299][  0]LogUObjectArray: CloseDisregardForGC: 0/0 objects in disregard for GC pool
[2017.07.05-19.03.09:441][  0]LogEngine: Initializing Engine...
[2017.07.05-19.03.09:442][  0]LogHMD: Failed to initialize OpenVR with code 110
[2017.07.05-19.03.09:565][  0]LogStats: UGameplayTagsManager::ConstructGameplayTagTree: Construct from data asset -  0.000 s
[2017.07.05-19.03.09:565][  0]LogStats: UGameplayTagsManager::ConstructGameplayTagTree: GameplayTagTreeChangedEvent.Broadcast -  0.000 s
[2017.07.05-19.03.09:571][  0]LogInit: XAudio2 using 'Speaker/HP (Realtek High Definition Audio)' : 2 channels at 48 kHz using 32 bits per sample (channel mask 0x3)
[2017.07.05-19.03.09:585][  0]LogInit: FAudioDevice initialized.
[2017.07.05-19.03.09:600][  0]LogInit: Texture streaming: Enabled
[2017.07.05-19.03.09:613][  0]LogMaterial: Uniform references updated for custom material expression Custom.
[2017.07.05-19.03.10:138][  0]LogInit:Display: Game Engine Initialized.
[2017.07.05-19.03.10:423][  0]LogInit:Display: Starting Game.
[2017.07.05-19.03.10:423][  0]LogNet: Browse: /Temp/Autosaves/Game/SideScroller_BP/Maps/UEDPCMenuLevel?Name=Player
[2017.07.05-19.03.10:423][  0]LogLoad: LoadMap: /Temp/Autosaves/Game/SideScroller_BP/Maps/UEDPCMenuLevel?Name=Player
[2017.07.05-19.03.10:446][  0]LogMemory: Platform Memory Stats for Windows
[2017.07.05-19.03.10:446][  0]LogMemory: Process Physical Memory: 637.08 MB used, 663.99 MB peak
[2017.07.05-19.03.10:446][  0]LogMemory: Process Virtual Memory: 710.66 MB used, 727.27 MB peak
[2017.07.05-19.03.10:446][  0]LogMemory: Physical Memory: 8362.90 MB used,  7646.32 MB free, 16009.22 MB total
[2017.07.05-19.03.10:446][  0]LogMemory: Virtual Memory: 1262.84 MB used,  7646.32 MB free, 134217728.00 MB total
[2017.07.05-19.03.10:446][  0]LogMemory: 
[2017.07.05-19.03.10:446][  0]Allocator Stats for TBB: (not implemented)
[2017.07.05-19.03.10:687][  0]LogAIModule: Creating AISystem for world MenuLevel
[2017.07.05-19.03.10:688][  0]LogLinker:Warning: Can't find file '/Game/SideScrollerBP/Blueprints/SideScrollerGameMode'
[2017.07.05-19.03.10:688][  0]LogUObjectGlobals:Warning: Failed to load '/Game/SideScrollerBP/Blueprints/SideScrollerGameMode': Can't find file '/Game/SideScrollerBP/Blueprints/SideScrollerGameMode'
[2017.07.05-19.03.10:688][  0]LogLinker:Warning: Can't find file '/Game/SideScrollerBP/Blueprints/SideScrollerGameMode'
[2017.07.05-19.03.10:688][  0]LogUObjectGlobals:Warning: Failed to load '/Game/SideScrollerBP/Blueprints/SideScrollerGameMode': Can't find file '/Game/SideScrollerBP/Blueprints/SideScrollerGameMode'
[2017.07.05-19.03.10:688][  0]LogUObjectGlobals:Warning: Failed to find object 'Class /Game/SideScrollerBP/Blueprints/SideScrollerGameMode.SideScrollerGameMode_C'
[2017.07.05-19.03.10:688][  0]LogLoad: Game class is 'GameModeBase'
[2017.07.05-19.03.10:689][  0]LogWorld: Bringing World /Temp/Autosaves/Game/SideScroller_BP/Maps/UEDPCMenuLevel.MenuLevel up for play (max tick rate 0) at 2017.07.05-15.03.10
[2017.07.05-19.03.10:689][  0]LogWorld: Bringing up level for play took: 0.000597
[2017.07.05-19.03.10:695][  0]LogLoad: Took 0.272905 seconds to LoadMap(/Temp/Autosaves/Game/SideScroller_BP/Maps/UEDPCMenuLevel)
[2017.07.05-19.03.10:986][  0]LogRenderer: Reallocating scene render targets to support 1280x720 NumSamples 1 (Frame:2).
[2017.07.05-19.03.10:986][  0]LogLoad: (Engine Initialization) Total time: 13.55 seconds
[2017.07.05-19.03.10:986][  0]LogLoad: (Engine Initialization) Total Blueprint compile time: 0.09 seconds
[2017.07.05-19.03.10:986][  0]LogExternalProfiler: No external profilers were discovered.  External profiling features will not be available.
[2017.07.05-19.03.11:002][  0]LogOcInput: OculusInput pre-init called
[2017.07.05-19.03.13:158][117]LogRenderer: Reallocating scene render targets to support 1536x864 NumSamples 1 (Frame:120).
[2017.07.05-19.03.19:898][446]LogPackageName:Warning: Found ambiguous long package name for 'Level1.umap'. Returning '/Game/GRAPL_Project/Maps/Level1', but could also be '/Game/SideScrollerBP/Maps/Level1'.
[2017.07.05-19.03.19:898][446]LogPackageName:Warning: Found ambiguous long package name for 'Level1.umap'. Returning '/Game/GRAPL_Project/Maps/Level1', but could also be '/Game/SideScroller_BP/Maps/Level1'.
[2017.07.05-19.03.19:898][446]LogPackageName: SearchForPackageOnDisk took   0.160s to resolve Level1.umap.
[2017.07.05-19.03.20:044][447]LogPackageName:Warning: Found ambiguous long package name for 'Level1.umap'. Returning '/Game/GRAPL_Project/Maps/Level1', but could also be '/Game/SideScrollerBP/Maps/Level1'.
[2017.07.05-19.03.20:044][447]LogPackageName:Warning: Found ambiguous long package name for 'Level1.umap'. Returning '/Game/GRAPL_Project/Maps/Level1', but could also be '/Game/SideScroller_BP/Maps/Level1'.
[2017.07.05-19.03.20:044][447]LogPackageName: SearchForPackageOnDisk took   0.143s to resolve Level1.umap.
[2017.07.05-19.03.20:044][447]LogNet: Browse: /Game/GRAPL_Project/Maps/Level1
[2017.07.05-19.03.20:044][447]LogLoad: LoadMap: /Game/GRAPL_Project/Maps/Level1
[2017.07.05-19.03.20:065][447]LogMemory: Platform Memory Stats for Windows
[2017.07.05-19.03.20:065][447]LogMemory: Process Physical Memory: 707.73 MB used, 715.68 MB peak
[2017.07.05-19.03.20:065][447]LogMemory: Process Virtual Memory: 910.87 MB used, 1034.29 MB peak
[2017.07.05-19.03.20:065][447]LogMemory: Physical Memory: 8418.93 MB used,  7590.29 MB free, 16009.22 MB total
[2017.07.05-19.03.20:065][447]LogMemory: Virtual Memory: 1560.53 MB used,  7590.29 MB free, 134217728.00 MB total
[2017.07.05-19.03.20:065][447]LogMemory: 
[2017.07.05-19.03.20:065][447]Allocator Stats for TBB: (not implemented)
[2017.07.05-19.03.20:069][447]LogWindows: Windows GetLastError: The operation completed successfully. (0)
[2017.07.05-19.03.20:632][447]LogWindows:Error: === Critical error: ===
[2017.07.05-19.03.20:632][447]LogWindows:Error: 
[2017.07.05-19.03.20:632][447]LogWindows:Error: Assertion failed: NewWorld [File:D:\Build\++UE4+Release-4.15+Compile\Sync\Engine\Source\Runtime\Engine\Private\UnrealEngine.cpp] [Line: 10048] 
[2017.07.05-19.03.20:632][447]LogWindows:Error: 
[2017.07.05-19.03.20:632][447]LogWindows:Error: 
[2017.07.05-19.03.20:632][447]LogWindows:Error: 
[2017.07.05-19.03.20:632][447]LogWindows:Error: KERNELBASE.dll!0x000000001B203C58
[2017.07.05-19.03.20:632][447]LogWindows:Error: UE4Editor-Core.dll!0x00000000DC5664EE
[2017.07.05-19.03.20:632][447]LogWindows:Error: UE4Editor-Core.dll!0x00000000DC38CEEE
[2017.07.05-19.03.20:632][447]LogWindows:Error: UE4Editor-Core.dll!0x00000000DC312729
[2017.07.05-19.03.20:632][447]LogWindows:Error: UE4Editor-Engine.dll!0x00000000D9918AFE
[2017.07.05-19.03.20:632][447]LogWindows:Error: UE4Editor-Engine.dll!0x00000000D98CE08E
[2017.07.05-19.03.20:632][447]LogWindows:Error: UE4Editor-Engine.dll!0x00000000D993C890
[2017.07.05-19.03.20:632][447]LogWindows:Error: UE4Editor-Engine.dll!0x00000000D8F857B5
[2017.07.05-19.03.20:632][447]LogWindows:Error: UE4Editor.exe!0x000000007909DEE3
[2017.07.05-19.03.20:632][447]LogWindows:Error: UE4Editor.exe!0x000000007908EB40
[2017.07.05-19.03.20:632][447]LogWindows:Error: UE4Editor.exe!0x000000007908EBBA
[2017.07.05-19.03.20:632][447]LogWindows:Error: UE4Editor.exe!0x00000000790A0A29
[2017.07.05-19.03.20:632][447]LogWindows:Error: UE4Editor.exe!0x00000000790A22B6
[2017.07.05-19.03.20:632][447]LogWindows:Error: KERNEL32.DLL!0x000000001C2C8364
[2017.07.05-19.03.20:632][447]LogWindows:Error: ntdll.dll!0x000000001ED370D1
[2017.07.05-19.03.20:632][447]LogWindows:Error: ntdll.dll!0x000000001ED370D1
[2017.07.05-19.03.20:632][447]LogWindows:Error: 
[2017.07.05-19.03.20:843][447]LogExit: Executing StaticShutdownAfterError
[2017.07.05-19.03.20:845][447]LogWindows: FPlatformMisc::RequestExit(1)
[2017.07.05-19.03.20:845][447]Log file closed, 07/05/17 15:03:20
