Log file open, 07/06/17 09:09:15
LogInit:Display: Running engine for game: MyProject5
LogPlatformFile: Not using cached read wrapper
LogInit:Display: RandInit(1255214121) SRandInit(1255214121).
LogTaskGraph: Started task graph with 5 named threads and 8 total threads with 1 sets of task threads.
LogStats: Stats thread started at 0.093002
LogInit: Using libcurl 7.47.1
LogInit:  - built for x86_64-pc-win32
LogInit:  - supports SSL with OpenSSL/1.0.2g
LogInit:  - supports HTTP deflate (compression) using libz 1.2.8
LogInit:  - other features:
LogInit:      CURL_VERSION_SSL
LogInit:      CURL_VERSION_LIBZ
LogInit:      CURL_VERSION_IPV6
LogInit:      CURL_VERSION_ASYNCHDNS
LogInit:      CURL_VERSION_LARGEFILE
LogInit:      CURL_VERSION_IDN
LogInit:  CurlRequestOptions (configurable via config and command line):
LogInit:  - bVerifyPeer = false  - Libcurl will NOT verify peer certificate
LogInit:  - bUseHttpProxy = false  - Libcurl will NOT use HTTP proxy
LogInit:  - bDontReuseConnections = false  - Libcurl will reuse connections
LogInit:  - CertBundlePath = nullptr  - Libcurl will use whatever was configured at build time.
LogInit: Build: ++UE4+Release-4.15-CL-3416026
LogInit: Engine Version: 4.15.2-3416026+++UE4+Release-4.15
LogInit: Compatible Engine Version: 4.15.0-3299760+++UE4+Release-4.15
LogInit: Net CL: 3299760
LogDevObjectVersion: Number of dev versions registered: 14
LogDevObjectVersion:   Dev-Blueprints (B0D832E4-1F89-4F0D-ACCF-7EB736FD4AA2): 8
LogDevObjectVersion:   Dev-Build (E1C64328-A22C-4D53-A36C-8E866417BD8C): 0
LogDevObjectVersion:   Dev-Core (375EC13C-06E4-48FB-B500-84F0262A717E): 2
LogDevObjectVersion:   Dev-Editor (E4B068ED-F494-42E9-A231-DA0B2E46BB41): 14
LogDevObjectVersion:   Dev-Framework (CFFC743F-43B0-4480-9391-14DF171D2073): 22
LogDevObjectVersion:   Dev-Mobile (B02B49B5-BB20-44E9-A304-32B752E40360): 0
LogDevObjectVersion:   Dev-Networking (A4E4105C-59A1-49B5-A7C5-40C4547EDFEE): 0
LogDevObjectVersion:   Dev-Online (39C831C9-5AE6-47DC-9A44-9C173E1C8E7C): 0
LogDevObjectVersion:   Dev-Physics (78F01B33-EBEA-4F98-B9B4-84EACCB95AA2): 0
LogDevObjectVersion:   Dev-Platform (6631380F-2D4D-43E0-8009-CF276956A95A): 0
LogDevObjectVersion:   Dev-Rendering (12F88B9F-8875-4AFC-A67C-D90C383ABD29): 12
LogDevObjectVersion:   Dev-Sequencer (7B5AE74C-D270-4C10-A958-57980B212A5A): 3
LogDevObjectVersion:   Dev-VR (D7296918-1DD6-4BDD-9DE2-64A83CC13884): 0
LogDevObjectVersion:   Dev-LoadTimes (C2A15278-BFE7-4AFE-6C17-90FF531DF755): 1
LogInit: Compiled (64-bit): May  1 2017 13:11:28
LogInit: Compiled with Visual C++: 19.00.23026.00
LogInit: Build Configuration: Development
LogInit: Branch Name: ++UE4+Release-4.15
LogInit: Command line:  
LogInit: Base directory: C:/Program Files/Epic Games/UE_4.15/Engine/Binaries/Win64/
LogInit: Installed Engine Build: 1
LogInit: Presizing for max 8388607 objects, including 0 objects not considered by GC, pre-allocating 0 bytes for permanent pool.
LogInit: Object subsystem initialized
[2017.07.06-13.09.16:372][  0]LogInit: Selected Device Profile: [Windows]
[2017.07.06-13.09.16:372][  0]LogInit: Applying CVar settings loaded from the selected device profile: [Windows]
[2017.07.06-13.09.16:382][  0]LogInit: Computer: EGDWS_MA_0013
[2017.07.06-13.09.16:382][  0]LogInit: User: Camper
[2017.07.06-13.09.16:382][  0]LogInit: CPU Page size=65536, Cores=4
[2017.07.06-13.09.16:382][  0]LogInit: High frequency timer resolution =2.338344 MHz
[2017.07.06-13.09.16:382][  0]LogMemory: Memory total: Physical=15.6GB (16GB approx)
[2017.07.06-13.09.16:382][  0]LogMemory: Platform Memory Stats for Windows
[2017.07.06-13.09.16:382][  0]LogMemory: Process Physical Memory: 263.10 MB used, 263.10 MB peak
[2017.07.06-13.09.16:382][  0]LogMemory: Process Virtual Memory: 262.65 MB used, 262.65 MB peak
[2017.07.06-13.09.16:382][  0]LogMemory: Physical Memory: 6881.00 MB used,  9128.23 MB free, 16009.22 MB total
[2017.07.06-13.09.16:382][  0]LogMemory: Virtual Memory: 630.80 MB used,  9128.23 MB free, 134217728.00 MB total
[2017.07.06-13.09.16:487][  0]LogTextLocalizationManager: No specific translations for ('en-US') exist, so ('en') translations will be used.
[2017.07.06-13.09.17:268][  0]LogD3D11RHI: D3D11 adapters:
[2017.07.06-13.09.17:298][  0]LogD3D11RHI:    0. 'NVIDIA Quadro K1100M   ' (Feature Level 11_0)
[2017.07.06-13.09.17:298][  0]LogD3D11RHI:       1992/0/8004 MB DedicatedVideo/DedicatedSystem/SharedSystem, Outputs:1, VendorId:0x10de
[2017.07.06-13.09.17:305][  0]LogD3D11RHI:    1. 'Intel(R) HD Graphics 4600' (Feature Level 11_0)
[2017.07.06-13.09.17:305][  0]LogD3D11RHI:       112/0/2048 MB DedicatedVideo/DedicatedSystem/SharedSystem, Outputs:0, VendorId:0x8086
[2017.07.06-13.09.17:307][  0]LogD3D11RHI:    2. 'Microsoft Basic Render Driver' (Feature Level 11_0)
[2017.07.06-13.09.17:307][  0]LogD3D11RHI:       0/0/8004 MB DedicatedVideo/DedicatedSystem/SharedSystem, Outputs:0, VendorId:0x1414
[2017.07.06-13.09.17:307][  0]LogD3D11RHI: Chosen D3D11 Adapter: 0
[2017.07.06-13.09.17:312][  0]LogD3D11RHI: Creating new Direct3DDevice
[2017.07.06-13.09.17:312][  0]LogD3D11RHI:     GPU DeviceId: 0xff6 (for the marketing name, search the web for "GPU Device Id")
[2017.07.06-13.09.17:312][  0]LogWindows: EnumDisplayDevices:
[2017.07.06-13.09.17:312][  0]LogWindows:    0. 'Intel(R) HD Graphics 4600' (P:1 D:1)
[2017.07.06-13.09.17:313][  0]LogWindows:    1. 'Intel(R) HD Graphics 4600' (P:0 D:0)
[2017.07.06-13.09.17:313][  0]LogWindows:    2. 'Intel(R) HD Graphics 4600' (P:0 D:0)
[2017.07.06-13.09.17:313][  0]LogWindows: DebugString: PrimaryIsNotTheChoosenAdapter PrimaryIsNotTheChoosenAdapter PrimaryIsNotTheChoosenAdapter FoundDriverCount:0 
[2017.07.06-13.09.17:313][  0]LogD3D11RHI:     Adapter Name: NVIDIA Quadro K1100M   
[2017.07.06-13.09.17:313][  0]LogD3D11RHI:   Driver Version: Unknown (internal:Unknown, unified:Unknown)
[2017.07.06-13.09.17:313][  0]LogD3D11RHI:      Driver Date: Unknown
[2017.07.06-13.09.17:313][  0]LogRHI: Texture pool is 1361 MB (70% of 1945 MB)
[2017.07.06-13.09.17:329][  0]LogD3D11RHI:Warning: Timestamp queries are currently disabled on this hardware due to instability. Realtime GPU stats will not be available. You can override this behaviour by setting r.NVIDIATimestampWorkaround to 0
[2017.07.06-13.09.17:447][  0]LogD3D11RHI: NvAPI_D3D_GetCurrentSLIState failed: 0xfffffff7
[2017.07.06-13.09.17:449][  0]LogD3D11RHI: [Aftermath] Aftermath enabled but failed to initialize due to reason: DriverVersionNotSupported
[2017.07.06-13.09.17:449][  0]LogD3D11RHI: Async texture creation enabled
[2017.07.06-13.09.17:469][  0]LogD3D11RHI: GPU Timing Frequency: 1000.000000 (Debug: 2 2)
[2017.07.06-13.09.17:469][  0]LogShaderCompilers: Guid format shader working directory is -35 characters bigger than the processId version (../../../../../../Users/Camper/Documents/GitHub/Emagination2017Project/MyProject5/Intermediate/Shaders/WorkingDirectory/11212/).
[2017.07.06-13.09.17:469][  0]LogShaderCompilers: Cleaned the shader compiler working directory 'C:/Users/Camper/AppData/Local/Temp/UnrealShaderWorkingDir/A5EEA9654A6A726C48ABCBAB300332DE/'.
[2017.07.06-13.09.17:470][  0]LogShaderCompilers:Display: Using Local Shader Compiler.
[2017.07.06-13.09.18:861][  0]LogTemp:Display: Loaded TP AllDesktopTargetPlatform
[2017.07.06-13.09.18:946][  0]LogTemp:Display: Loaded TP MacClientTargetPlatform
[2017.07.06-13.09.19:042][  0]LogTemp:Display: Loaded TP MacNoEditorTargetPlatform
[2017.07.06-13.09.19:131][  0]LogTemp:Display: Loaded TP MacServerTargetPlatform
[2017.07.06-13.09.19:214][  0]LogTemp:Display: Loaded TP MacTargetPlatform
[2017.07.06-13.09.19:298][  0]LogTemp:Display: Loaded TP WindowsClientTargetPlatform
[2017.07.06-13.09.19:390][  0]LogTemp:Display: Loaded TP WindowsNoEditorTargetPlatform
[2017.07.06-13.09.19:476][  0]LogTemp:Display: Loaded TP WindowsServerTargetPlatform
[2017.07.06-13.09.19:550][  0]LogTemp:Display: Loaded TP WindowsTargetPlatform
[2017.07.06-13.09.19:634][  0]LogTemp:Display: Loaded TP AndroidTargetPlatform
[2017.07.06-13.09.19:716][  0]LogTemp:Display: Loaded TP Android_ASTCTargetPlatform
[2017.07.06-13.09.19:795][  0]LogTemp:Display: Loaded TP Android_ATCTargetPlatform
[2017.07.06-13.09.19:880][  0]LogTemp:Display: Loaded TP Android_DXTTargetPlatform
[2017.07.06-13.09.19:960][  0]LogTemp:Display: Loaded TP Android_ETC1TargetPlatform
[2017.07.06-13.09.20:036][  0]LogTemp:Display: Loaded TP Android_ETC2TargetPlatform
[2017.07.06-13.09.20:202][  0]LogTemp:Display: Loaded TP Android_MultiTargetPlatform
[2017.07.06-13.09.20:202][  0]LogTemp:Display: Loaded TP Android_PVRTCTargetPlatform
[2017.07.06-13.09.20:270][  0]LogTemp:Display: Loaded TP HTML5TargetPlatform
[2017.07.06-13.09.20:418][  0]LogTemp:Display: Loaded TP IOSTargetPlatform
[2017.07.06-13.09.20:467][  0]LogTemp:Display: Loaded TP TVOSTargetPlatform
[2017.07.06-13.09.20:543][  0]LogTemp:Display: Loaded TP LinuxClientTargetPlatform
[2017.07.06-13.09.20:631][  0]LogTemp:Display: Loaded TP LinuxNoEditorTargetPlatform
[2017.07.06-13.09.20:711][  0]LogTemp:Display: Loaded TP LinuxServerTargetPlatform
[2017.07.06-13.09.20:798][  0]LogTemp:Display: Loaded TP LinuxTargetPlatform
[2017.07.06-13.09.20:798][  0]LogTargetPlatformManager:Display: Building Assets For Windows
[2017.07.06-13.09.21:490][  0]LogDerivedDataCache:Display: Max Cache Size: 512 MB
[2017.07.06-13.09.21:548][  0]LogDerivedDataCache: Loaded boot cache 0.06s 50MB C:/Users/Camper/AppData/Local/UnrealEngine/4.15/DerivedDataCache/Boot.ddc.
[2017.07.06-13.09.21:548][  0]LogDerivedDataCache:Display: Loaded Boot cache: C:/Users/Camper/AppData/Local/UnrealEngine/4.15/DerivedDataCache/Boot.ddc
[2017.07.06-13.09.21:548][  0]LogDerivedDataCache: FDerivedDataBackendGraph:  Pak pak cache file ../../../../../../Users/Camper/Documents/GitHub/Emagination2017Project/MyProject5/DerivedDataCache/DDC.ddp not found, will not use a pak cache.
[2017.07.06-13.09.21:548][  0]LogDerivedDataCache: Unable to find inner node Pak for hierarchical cache Hierarchy.
[2017.07.06-13.09.21:548][  0]LogDerivedDataCache: FDerivedDataBackendGraph:  CompressedPak pak cache file ../../../../../../Users/Camper/Documents/GitHub/Emagination2017Project/MyProject5/DerivedDataCache/Compressed.ddp not found, will not use a pak cache.
[2017.07.06-13.09.21:548][  0]LogDerivedDataCache: Unable to find inner node CompressedPak for hierarchical cache Hierarchy.
[2017.07.06-13.09.21:568][  0]LogDerivedDataCache:Display: Pak cache opened for reading ../../../Engine/DerivedDataCache/Compressed.ddp.
[2017.07.06-13.09.21:580][  0]LogDerivedDataCache: Using Local data cache path C:/Users/Camper/AppData/Local/UnrealEngine/Common/DerivedDataCache: Writable
[2017.07.06-13.09.21:590][  0]LogSlate: Using Freetype 2.6.0
[2017.07.06-13.09.21:591][  0]LogSlate: SlateFontCache - WITH_FREETYPE: 1, WITH_HARFBUZZ: 1
[2017.07.06-13.09.21:592][  0]LogSlate: SlateFontCache - WITH_FREETYPE: 1, WITH_HARFBUZZ: 1
[2017.07.06-13.09.21:946][  0]LogInit: Selected Device Profile: [Windows]
[2017.07.06-13.09.21:948][  0]LogContentStreaming: Texture pool size is 0.00 MB
[2017.07.06-13.09.22:245][  0]LogMeshUtilities: Using QuadricMeshReduction for automatic static mesh reduction
[2017.07.06-13.09.22:314][  0]LogSimplygon: Simplygon DLL not present - disabling.
[2017.07.06-13.09.22:393][  0]LogMeshUtilities: Using SimplygonSwarm for distributed automatic mesh merging
[2017.07.06-13.09.22:393][  0]LogMeshUtilities: No automatic skeletal mesh reduction module available
[2017.07.06-13.09.22:393][  0]LogMeshUtilities: No automatic mesh merging module available
[2017.07.06-13.09.23:067][  0]LogNetVersion: GetLocalNetworkVersion: CL: 3299760, ProjectName: myproject5, ProjectVersion: , EngineNetworkVersion: 2, GameNetworkVersion: 0, NetworkChecksum: 2091606010
[2017.07.06-13.09.23:120][  0]LogAssetRegistry: FAssetRegistry took 0.0219 seconds to start up
[2017.07.06-13.09.23:196][  0]LogPackageLocalizationCache: Processed 3 localized package path(s) for 2 prioritized culture(s) in 0.040959 seconds
[2017.07.06-13.09.23:203][  0]LogUObjectArray: 32493 objects as part of root set at end of initial load.
[2017.07.06-13.09.23:203][  0]LogUObjectAllocator: 7077032 out of 0 bytes used by permanent object pool.
[2017.07.06-13.09.23:203][  0]LogUObjectArray: CloseDisregardForGC: 0/0 objects in disregard for GC pool
[2017.07.06-13.09.23:313][  0]LogInit: WinSock: version 1.1 (2.2), MaxSocks=32767, MaxUdp=65467
[2017.07.06-13.09.25:812][  0]LogTcpMessaging: Initializing TcpMessaging bridge
[2017.07.06-13.09.25:870][  0]LogUdpMessaging: Initializing bridge on interface 0.0.0.0:0 to multicast group 230.0.0.1:6666.
[2017.07.06-13.09.26:589][  0]LogMaterial: Uniform references updated for custom material expression Custom.
[2017.07.06-13.09.27:183][  0]SourceControl: Info Source control is disabled
[2017.07.06-13.09.27:184][  0]SourceControl: Info Source control is disabled
[2017.07.06-13.09.27:260][  0]SourceControl: Info Source control is disabled
[2017.07.06-13.09.27:338][  0]SourceControl: Info Source control is disabled
[2017.07.06-13.09.29:419][  0]LogEngine: Initializing Engine...
[2017.07.06-13.09.29:420][  0]LogHMD: Failed to initialize OpenVR with code 110
[2017.07.06-13.09.29:547][  0]LogStats: UGameplayTagsManager::ConstructGameplayTagTree: Construct from data asset -  0.000 s
[2017.07.06-13.09.29:547][  0]LogStats: UGameplayTagsManager::ConstructGameplayTagTree: GameplayTagTreeChangedEvent.Broadcast -  0.000 s
[2017.07.06-13.09.29:742][  0]LogAIModule: Creating AISystem for world Untitled
[2017.07.06-13.09.29:748][  0]LogInit: XAudio2 using 'Speaker/HP (Realtek High Definition Audio)' : 2 channels at 48 kHz using 32 bits per sample (channel mask 0x3)
[2017.07.06-13.09.29:778][  0]LogInit: FAudioDevice initialized.
[2017.07.06-13.09.29:811][  0]LogDerivedDataCache: Saved boot cache 0.03s 50MB C:/Users/Camper/AppData/Local/UnrealEngine/4.15/DerivedDataCache/Boot.ddc.
[2017.07.06-13.09.29:815][  0]LogInit: Texture streaming: Enabled
[2017.07.06-13.09.29:958][  0]LogEngineSessionManager: EngineSessionManager initialized
[2017.07.06-13.09.30:106][  0]LogInit: Transaction tracking system initialized
[2017.07.06-13.09.30:675][  0]BlueprintLog: New page: Editor Load
[2017.07.06-13.09.32:108][  0]LocalizationService: Info Localization service is disabled
[2017.07.06-13.09.33:202][  0]LogConsoleResponse:Display: 
[2017.07.06-13.09.33:362][  0]LogCook:Display: Max memory allowance for cook 16384mb min free memory 0mb
[2017.07.06-13.09.33:362][  0]LogCook:Display: Mobile HDR setting 1
[2017.07.06-13.09.33:595][  0]LogFileCache: Scanning file cache for directory 'C:/Users/Camper/Documents/GitHub/Emagination2017Project/MyProject5/Content/' took 0.02s
[2017.07.06-13.09.35:062][  0]SourceControl: Info Source control is disabled
[2017.07.06-13.09.35:062][  0]Cmd: MAP LOAD FILE="../../../../../../Users/Camper/Documents/GitHub/Emagination2017Project/MyProject5/Content/SideScrollerBP/Maps/SideScrollerExampleMap.umap" TEMPLATE=0 SHOWPROGRESS=1 FEATURELEVEL=3
[2017.07.06-13.09.35:062][  0]LogEditorServer:Warning: Can't find file '../../../../../../Users/Camper/Documents/GitHub/Emagination2017Project/MyProject5/Content/SideScrollerBP/Maps/SideScrollerExampleMap.umap'
[2017.07.06-13.09.35:062][  0]Cmd: MAP CHECKDEP NOCLEARLOG
[2017.07.06-13.09.35:143][  0]MapCheck: Info Map check complete: 0 Error(s), 0 Warning(s), took 80.273ms to complete.
[2017.07.06-13.09.35:143][  0]LogFileHelpers: Loading map 'SideScrollerExampleMap' took 0.081
[2017.07.06-13.09.35:234][  0]LogWindowsTextInputMethodSystem:Display: IME system now deactivated.
[2017.07.06-13.09.35:381][  0]LogCollectionManager: Loaded 0 collections in 0.002750 seconds
[2017.07.06-13.09.35:500][  0]LogFileCache: Scanning file cache for directory 'C:/Users/Camper/Documents/GitHub/Emagination2017Project/MyProject5/Saved/Collections/' took 0.01s
[2017.07.06-13.09.35:500][  0]LogFileCache: Scanning file cache for directory 'C:/Users/Camper/Documents/GitHub/Emagination2017Project/MyProject5/Content/Developers/Camper/Collections/' took 0.01s
[2017.07.06-13.09.35:500][  0]LogFileCache: Scanning file cache for directory 'C:/Users/Camper/Documents/GitHub/Emagination2017Project/MyProject5/Content/Collections/' took 0.01s
[2017.07.06-13.09.35:500][  0]LogCollectionManager: Rebuilt the GUID cache for 0 collections in 0.000002 seconds
[2017.07.06-13.09.35:510][  0]LogContentBrowser: Native class hierarchy populated in 0.0095 seconds. Added 2245 classes and 453 folders.
[2017.07.06-13.09.35:605][  0]LogContentBrowser: Native class hierarchy updated for 'WidgetCarousel' in 0.0006 seconds. Added 0 classes and 0 folders.
[2017.07.06-13.09.35:671][  0]LogContentBrowser: Native class hierarchy updated for 'AddContentDialog' in 0.0006 seconds. Added 0 classes and 0 folders.
[2017.07.06-13.09.35:741][  0]LogContentBrowser: Native class hierarchy updated for 'SceneOutliner' in 0.0006 seconds. Added 1 classes and 2 folders.
[2017.07.06-13.09.35:850][  0]LogCrashTracker: Crashtracker disabled due to settings.
[2017.07.06-13.09.35:857][  0]LogUObjectGlobals:Warning: Failed to find object 'Class None.'
[2017.07.06-13.09.35:954][  0]LogContentBrowser: Native class hierarchy updated for 'HierarchicalLODOutliner' in 0.0007 seconds. Added 1 classes and 2 folders.
[2017.07.06-13.09.35:954][  0]LogLoad: (Engine Initialization) Total time: 22.22 seconds
[2017.07.06-13.09.35:954][  0]LogLoad: (Engine Initialization) Total Blueprint compile time: 0.06 seconds
[2017.07.06-13.09.35:954][  0]LogExternalProfiler: No external profilers were discovered.  External profiling features will not be available.
[2017.07.06-13.09.35:972][  0]LogOcInput: OculusInput pre-init called
[2017.07.06-13.09.36:007][  0]LogContentStreaming: Texture pool size now 1000 MB
[2017.07.06-13.09.36:009][  0]LogSlate: Took 0.000422 seconds to synchronously load lazily loaded font '../../../Engine/Content/Slate/Fonts/Roboto-Regular.ttf' (155K)
[2017.07.06-13.09.36:013][  0]LogSlate: Took 0.000355 seconds to synchronously load lazily loaded font '../../../Engine/Content/Slate/Fonts/Roboto-Bold.ttf' (160K)
[2017.07.06-13.09.36:018][  0]LogSlate: Took 0.000364 seconds to synchronously load lazily loaded font '../../../Engine/Content/Editor/Slate/Fonts/FontAwesome.ttf' (139K)
[2017.07.06-13.09.36:132][  0]LogSlate: Took 0.000390 seconds to synchronously load lazily loaded font '../../../Engine/Content/Slate/Fonts/Roboto-Light.ttf' (159K)
[2017.07.06-13.09.36:190][  0]LogRenderer: Reallocating scene render targets to support 896x436 NumSamples 1 (Frame:2).
[2017.07.06-13.09.36:267][  1]LogFileCache: Retrieving MD5 hashes for directory 'C:/Users/Camper/Documents/GitHub/Emagination2017Project/MyProject5/Content/' took 0.28s
[2017.07.06-13.09.36:283][  1]LogAssetRegistry: Asset discovery search completed in 13.1844 seconds
[2017.07.06-13.09.36:283][  1]LogCollectionManager: Rebuilt the object cache for 0 collections in 0.000010 seconds (found 0 objects)
[2017.07.06-13.09.36:283][  1]LogCollectionManager: Fixed up redirectors for 0 collections in 0.000026 seconds (updated 0 objects)
[2017.07.06-13.09.37:003][ 38]LogSlate: Took 0.000348 seconds to synchronously load lazily loaded font '../../../Engine/Content/Slate/Fonts/Roboto-Light.ttf' (159K)
[2017.07.06-13.09.45:031][518]LogSlate: Took 0.000243 seconds to synchronously load lazily loaded font '../../../Engine/Content/Slate/Fonts/Roboto-Light.ttf' (159K)
[2017.07.06-13.09.45:109][518]LogAIModule: Creating AISystem for world MenuLevel
[2017.07.06-13.09.45:127][518]Cmd: MAP LOAD FILE="../../../../../../Users/Camper/Documents/GitHub/Emagination2017Project/MyProject5/Content/SideScroller_BP/Maps/MenuLevel.umap" TEMPLATE=0 SHOWPROGRESS=1 FEATURELEVEL=3
[2017.07.06-13.09.45:127][518]LightingResults: New page: Lighting Build
[2017.07.06-13.09.45:191][518]LogContentBrowser: Native class hierarchy updated for 'StatsViewer' in 0.0007 seconds. Added 5 classes and 0 folders.
[2017.07.06-13.09.45:193][518]LoadErrors: New page: Loading map: MenuLevel.umap
[2017.07.06-13.09.45:234][518]MapCheck: New page: Map Check
[2017.07.06-13.09.45:234][518]LightingResults: New page: Lighting Build
[2017.07.06-13.09.45:303][518]LogEditorServer: Finished looking for orphan Actors (0.000 secs)
[2017.07.06-13.09.45:327][518]Cmd: MAP CHECKDEP NOCLEARLOG
[2017.07.06-13.09.45:421][518]MapCheck: Info Map check complete: 0 Error(s), 0 Warning(s), took 94.099ms to complete.
[2017.07.06-13.09.45:421][518]LogFileHelpers: Loading map 'MenuLevel' took 0.295
[2017.07.06-13.09.47:035][614]LogTemp: Repeting last play command: Selected Viewport
[2017.07.06-13.09.47:049][614]LogBlueprintUserMessages: Early PlayInEditor Detection: Level '/Game/SideScroller_BP/Maps/MenuLevel.MenuLevel:PersistentLevel' has LevelScriptBlueprint '/Game/SideScroller_BP/Maps/MenuLevel.MenuLevel:PersistentLevel.MenuLevel' with GeneratedClass '/Game/SideScroller_BP/Maps/MenuLevel.MenuLevel_C' with ClassGeneratedBy '/Game/SideScroller_BP/Maps/MenuLevel.MenuLevel:PersistentLevel.MenuLevel'
[2017.07.06-13.09.47:049][614]LogPlayLevel: PlayLevel: No blueprints needed recompiling
[2017.07.06-13.09.47:050][614]PIE: New page: PIE session: MenuLevel (Jul 6, 2017, 5:09:47 AM)
[2017.07.06-13.09.47:050][614]LogPlayLevel: Creating play world package: /Game/SideScroller_BP/Maps/UEDPIE_0_MenuLevel
[2017.07.06-13.09.47:051][614]LogPlayLevel: PIE: StaticDuplicateObject took: (0.001018s)
[2017.07.06-13.09.47:051][614]LogAIModule: Creating AISystem for world MenuLevel
[2017.07.06-13.09.47:052][614]LogPlayLevel: PIE: World Init took: (0.000722s)
[2017.07.06-13.09.47:052][614]LogPlayLevel: PIE: Created PIE world by copying editor world from /Game/SideScroller_BP/Maps/MenuLevel.MenuLevel to /Game/SideScroller_BP/Maps/UEDPIE_0_MenuLevel.MenuLevel (0.001951s)
[2017.07.06-13.09.47:067][614]LogInit: XAudio2 using 'Speaker/HP (Realtek High Definition Audio)' : 2 channels at 48 kHz using 32 bits per sample (channel mask 0x3)
[2017.07.06-13.09.47:078][614]LogInit: FAudioDevice initialized.
[2017.07.06-13.09.47:128][614]LogLinker:Warning: Can't find file '/Game/SideScrollerBP/Blueprints/SideScrollerGameMode'
[2017.07.06-13.09.47:128][614]LogLinker:Warning: Can't find file '/Game/SideScrollerBP/Blueprints/SideScrollerGameMode'
[2017.07.06-13.09.47:128][614]LogUObjectGlobals:Warning: Failed to find object 'Class /Game/SideScrollerBP/Blueprints/SideScrollerGameMode.SideScrollerGameMode_C'
[2017.07.06-13.09.47:128][614]LogLoad: Game class is 'GameModeBase'
[2017.07.06-13.09.47:131][614]LogWorld: Bringing World /Game/SideScroller_BP/Maps/UEDPIE_0_MenuLevel.MenuLevel up for play (max tick rate 60) at 2017.07.06-09.09.47
[2017.07.06-13.09.47:131][614]LogWorld: Bringing up level for play took: 0.001022
[2017.07.06-13.09.47:204][614]LogContentBrowser: Native class hierarchy updated for 'MovieSceneCapture' in 0.0007 seconds. Added 11 classes and 0 folders.
[2017.07.06-13.09.47:208][614]PIE: Info Play in editor start time for /Game/SideScroller_BP/Maps/UEDPIE_0_MenuLevel -0.103
[2017.07.06-13.09.47:208][614]LogBlueprintUserMessages: Late PlayInEditor Detection: Level '/Game/SideScroller_BP/Maps/MenuLevel.MenuLevel:PersistentLevel' has LevelScriptBlueprint '/Game/SideScroller_BP/Maps/MenuLevel.MenuLevel:PersistentLevel.MenuLevel' with GeneratedClass '/Game/SideScroller_BP/Maps/MenuLevel.MenuLevel_C' with ClassGeneratedBy '/Game/SideScroller_BP/Maps/MenuLevel.MenuLevel:PersistentLevel.MenuLevel'
[2017.07.06-13.09.53:005][961]LogNet: Browse: /Game/SideScroller_BP/Maps/Level1
[2017.07.06-13.09.53:005][961]LogLoad: LoadMap: /Game/SideScroller_BP/Maps/Level1
[2017.07.06-13.09.53:015][961]Cmd: MEM
[2017.07.06-13.09.53:027][961]LogMemory: Platform Memory Stats for Windows
[2017.07.06-13.09.53:027][961]LogMemory: Process Physical Memory: 961.59 MB used, 965.96 MB peak
[2017.07.06-13.09.53:027][961]LogMemory: Process Virtual Memory: 1130.85 MB used, 1146.89 MB peak
[2017.07.06-13.09.53:027][961]LogMemory: Physical Memory: 7624.91 MB used,  8384.31 MB free, 16009.22 MB total
[2017.07.06-13.09.53:027][961]LogMemory: Virtual Memory: 1884.66 MB used,  8384.31 MB free, 134217728.00 MB total
[2017.07.06-13.09.53:027][961]LogMemory: 
[2017.07.06-13.09.53:027][961]Allocator Stats for TBB: (not implemented)
[2017.07.06-13.09.54:235][961]LogAIModule: Creating AISystem for world Level1
[2017.07.06-13.09.54:238][961]LogLoad: Game class is 'GameModeBase'
[2017.07.06-13.09.54:247][961]LogWorld: Bringing World /Game/SideScroller_BP/Maps/UEDPIE_0_Level1.Level1 up for play (max tick rate 60) at 2017.07.06-09.09.54
[2017.07.06-13.09.54:248][961]LogWorld: Bringing up level for play took: 0.008751
[2017.07.06-13.09.54:251][961]LogLoad: Took 1.245915 seconds to LoadMap(/Game/SideScroller_BP/Maps/Level1)
[2017.07.06-13.10.04:909][467]LogScript:Warning: Accessed None trying to read property CallFunc_BreakHitResult_HitActor
	SideScrollerCharacter_C /Game/SideScroller_BP/Maps/UEDPIE_0_Level1.Level1:PersistentLevel.SideScrollerCharacter_78
	Function /Game/SideScroller_BP/Blueprints/SideScrollerCharacter.SideScrollerCharacter_C:ExecuteUbergraph_SideScrollerCharacter:0A01
[2017.07.06-13.10.04:909][467]PIE:Error: Error Blueprint Runtime Error: Accessed None trying to read property CallFunc_BreakHitResult_HitActor from function: 'ExecuteUbergraph_SideScrollerCharacter' from node: Branch in graph: EventGraph in object: SideScrollerCharacter with description: Accessed None trying to read property CallFunc_BreakHitResult_HitActor
[2017.07.06-13.10.06:782][555]LogBlueprintUserMessages: Early EndPlayMap Detection: Level '/Game/SideScroller_BP/Maps/MenuLevel.MenuLevel:PersistentLevel' has LevelScriptBlueprint '/Game/SideScroller_BP/Maps/MenuLevel.MenuLevel:PersistentLevel.MenuLevel' with GeneratedClass '/Game/SideScroller_BP/Maps/MenuLevel.MenuLevel_C' with ClassGeneratedBy '/Game/SideScroller_BP/Maps/MenuLevel.MenuLevel:PersistentLevel.MenuLevel'
[2017.07.06-13.10.06:836][555]LogBlueprintUserMessages: Late EndPlayMap Detection: Level '/Game/SideScroller_BP/Maps/MenuLevel.MenuLevel:PersistentLevel' has LevelScriptBlueprint '/Game/SideScroller_BP/Maps/MenuLevel.MenuLevel:PersistentLevel.MenuLevel' with GeneratedClass '/Game/SideScroller_BP/Maps/MenuLevel.MenuLevel_C' with ClassGeneratedBy '/Game/SideScroller_BP/Maps/MenuLevel.MenuLevel:PersistentLevel.MenuLevel'
[2017.07.06-13.12.22:690][243]LogAIModule: Creating AISystem for world Level1
[2017.07.06-13.12.22:717][243]Cmd: MAP LOAD FILE="../../../../../../Users/Camper/Documents/GitHub/Emagination2017Project/MyProject5/Content/SideScroller_BP/Maps/Level1.umap" TEMPLATE=0 SHOWPROGRESS=1 FEATURELEVEL=3
[2017.07.06-13.12.22:717][243]LightingResults: New page: Lighting Build
[2017.07.06-13.12.22:719][243]LoadErrors: New page: Loading map: Level1.umap
[2017.07.06-13.12.22:719][243]MapCheck: New page: Map Check
[2017.07.06-13.12.22:719][243]LightingResults: New page: Lighting Build
[2017.07.06-13.12.22:839][243]LogEditorServer: Finished looking for orphan Actors (0.000 secs)
[2017.07.06-13.12.22:917][243]Cmd: MAP CHECKDEP NOCLEARLOG
[2017.07.06-13.12.23:048][243]MapCheck: Info Map check complete: 0 Error(s), 0 Warning(s), took 131.467ms to complete.
[2017.07.06-13.12.23:048][243]LogFileHelpers: Loading map 'Level1' took 0.333
[2017.07.06-13.12.27:442][411]LogContentBrowser: Native class hierarchy updated for 'BlueprintGraph' in 0.0010 seconds. Added 112 classes and 0 folders.
[2017.07.06-13.12.28:171][411]LogSlate: Took 0.000407 seconds to synchronously load lazily loaded font '../../../Engine/Content/Editor/Slate/Fonts/Roboto-BoldCondensed.ttf' (158K)
[2017.07.06-13.12.28:295][412]LogSlate: Took 0.000373 seconds to synchronously load lazily loaded font '../../../Engine/Content/Editor/Slate/Fonts/Roboto-Italic.ttf' (157K)
[2017.07.06-13.13.29:797][ 65]BlueprintLog: New page: Compile Level1
[2017.07.06-13.13.29:966][ 65]LogBlueprint:Error: [Compiler PersistentLevel.Level1] Error This blueprint (self) is not a SceneComponent, therefore ' Target ' must have a connection.
[2017.07.06-13.13.30:285][ 65]BlueprintEditorCompileResults:Error: Error This blueprint (self) is not a SceneComponent, therefore ' Target ' must have a connection.
[2017.07.06-13.13.30:307][ 65]LogBlueprint:Warning: [Compiler PersistentLevel.Level1] Warning [0256.58] Compile of PersistentLevel.Level1 failed. 1 Fatal Issue(s) 0 Warning(s) [in 510 ms] (/Game/SideScroller_BP/Maps/Level1.Level1:PersistentLevel.Level1)
[2017.07.06-13.13.37:015][462]BlueprintLog: New page: Compile Level1
[2017.07.06-13.13.40:816][629]LogTemp: Repeting last play command: Selected Viewport
[2017.07.06-13.13.40:835][629]LogBlueprintUserMessages: Early PlayInEditor Detection: Level '/Game/SideScroller_BP/Maps/Level1.Level1:PersistentLevel' has LevelScriptBlueprint '/Game/SideScroller_BP/Maps/Level1.Level1:PersistentLevel.Level1' with GeneratedClass '/Game/SideScroller_BP/Maps/Level1.Level1_C' with ClassGeneratedBy '/Game/SideScroller_BP/Maps/Level1.Level1:PersistentLevel.Level1'
[2017.07.06-13.13.40:835][629]LogPlayLevel: PlayLevel: No blueprints needed recompiling
[2017.07.06-13.13.40:835][629]PIE: New page: PIE session: Level1 (Jul 6, 2017, 5:13:40 AM)
[2017.07.06-13.13.40:835][629]LogPlayLevel: Creating play world package: /Game/SideScroller_BP/Maps/UEDPIE_0_Level1
[2017.07.06-13.13.40:866][629]LogPlayLevel: PIE: StaticDuplicateObject took: (0.031320s)
[2017.07.06-13.13.40:868][629]LogAIModule: Creating AISystem for world Level1
[2017.07.06-13.13.40:868][629]LogPlayLevel: PIE: World Init took: (0.001411s)
[2017.07.06-13.13.40:868][629]LogPlayLevel: PIE: Created PIE world by copying editor world from /Game/SideScroller_BP/Maps/Level1.Level1 to /Game/SideScroller_BP/Maps/UEDPIE_0_Level1.Level1 (0.033368s)
[2017.07.06-13.13.40:893][629]LogInit: XAudio2 using 'Speaker/HP (Realtek High Definition Audio)' : 2 channels at 48 kHz using 32 bits per sample (channel mask 0x3)
[2017.07.06-13.13.40:905][629]LogInit: FAudioDevice initialized.
[2017.07.06-13.13.40:937][629]LogLoad: Game class is 'GameModeBase'
[2017.07.06-13.13.40:941][629]LogWorld: Bringing World /Game/SideScroller_BP/Maps/UEDPIE_0_Level1.Level1 up for play (max tick rate 60) at 2017.07.06-09.13.40
[2017.07.06-13.13.40:942][629]LogWorld: Bringing up level for play took: 0.004057
[2017.07.06-13.13.40:945][629]PIE: Info Play in editor start time for /Game/SideScroller_BP/Maps/UEDPIE_0_Level1 -0.366
[2017.07.06-13.13.40:945][629]LogBlueprintUserMessages: Late PlayInEditor Detection: Level '/Game/SideScroller_BP/Maps/Level1.Level1:PersistentLevel' has LevelScriptBlueprint '/Game/SideScroller_BP/Maps/Level1.Level1:PersistentLevel.Level1' with GeneratedClass '/Game/SideScroller_BP/Maps/Level1.Level1_C' with ClassGeneratedBy '/Game/SideScroller_BP/Maps/Level1.Level1:PersistentLevel.Level1'
[2017.07.06-13.13.40:946][629]LogScriptCore:Warning: Script Msg: Divide by zero
Script call stack:
	Function /Game/SideScroller_BP/Blueprints/SideScrollerCharacter.SideScrollerCharacter_C:ReceiveTick
	Function /Game/SideScroller_BP/Blueprints/SideScrollerCharacter.SideScrollerCharacter_C:ExecuteUbergraph_SideScrollerCharacter
	Function /Game/SideScroller_BP/Blueprints/SideScrollerCharacter.SideScrollerCharacter_C:AimTheGrapple
	Function /Game/SideScroller_BP/Blueprints/SideScrollerCharacter.SideScrollerCharacter_C:GetMouseWorldLocation

[2017.07.06-13.13.41:006][630]LogScriptCore:Warning: Script Msg: Divide by zero
Script call stack:
	Function /Game/SideScroller_BP/Blueprints/SideScrollerCharacter.SideScrollerCharacter_C:ReceiveTick
	Function /Game/SideScroller_BP/Blueprints/SideScrollerCharacter.SideScrollerCharacter_C:ExecuteUbergraph_SideScrollerCharacter
	Function /Game/SideScroller_BP/Blueprints/SideScrollerCharacter.SideScrollerCharacter_C:AimTheGrapple
	Function /Game/SideScroller_BP/Blueprints/SideScrollerCharacter.SideScrollerCharacter_C:GetMouseWorldLocation

[2017.07.06-13.13.41:022][631]LogScriptCore:Warning: Script Msg: Divide by zero
Script call stack:
	Function /Game/SideScroller_BP/Blueprints/SideScrollerCharacter.SideScrollerCharacter_C:ReceiveTick
	Function /Game/SideScroller_BP/Blueprints/SideScrollerCharacter.SideScrollerCharacter_C:ExecuteUbergraph_SideScrollerCharacter
	Function /Game/SideScroller_BP/Blueprints/SideScrollerCharacter.SideScrollerCharacter_C:AimTheGrapple
	Function /Game/SideScroller_BP/Blueprints/SideScrollerCharacter.SideScrollerCharacter_C:GetMouseWorldLocation

[2017.07.06-13.13.41:072][632]LogScriptCore:Warning: Script Msg: Divide by zero
Script call stack:
	Function /Game/SideScroller_BP/Blueprints/SideScrollerCharacter.SideScrollerCharacter_C:ReceiveTick
	Function /Game/SideScroller_BP/Blueprints/SideScrollerCharacter.SideScrollerCharacter_C:ExecuteUbergraph_SideScrollerCharacter
	Function /Game/SideScroller_BP/Blueprints/SideScrollerCharacter.SideScrollerCharacter_C:AimTheGrapple
	Function /Game/SideScroller_BP/Blueprints/SideScrollerCharacter.SideScrollerCharacter_C:GetMouseWorldLocation

[2017.07.06-13.13.41:094][633]LogScriptCore:Warning: Script Msg: Divide by zero
Script call stack:
	Function /Game/SideScroller_BP/Blueprints/SideScrollerCharacter.SideScrollerCharacter_C:ReceiveTick
	Function /Game/SideScroller_BP/Blueprints/SideScrollerCharacter.SideScrollerCharacter_C:ExecuteUbergraph_SideScrollerCharacter
	Function /Game/SideScroller_BP/Blueprints/SideScrollerCharacter.SideScrollerCharacter_C:AimTheGrapple
	Function /Game/SideScroller_BP/Blueprints/SideScrollerCharacter.SideScrollerCharacter_C:GetMouseWorldLocation

[2017.07.06-13.13.41:114][634]LogScriptCore:Warning: Script Msg: Divide by zero
Script call stack:
	Function /Game/SideScroller_BP/Blueprints/SideScrollerCharacter.SideScrollerCharacter_C:ReceiveTick
	Function /Game/SideScroller_BP/Blueprints/SideScrollerCharacter.SideScrollerCharacter_C:ExecuteUbergraph_SideScrollerCharacter
	Function /Game/SideScroller_BP/Blueprints/SideScrollerCharacter.SideScrollerCharacter_C:AimTheGrapple
	Function /Game/SideScroller_BP/Blueprints/SideScrollerCharacter.SideScrollerCharacter_C:GetMouseWorldLocation

[2017.07.06-13.13.41:136][635]LogScriptCore:Warning: Script Msg: Divide by zero
Script call stack:
	Function /Game/SideScroller_BP/Blueprints/SideScrollerCharacter.SideScrollerCharacter_C:ReceiveTick
	Function /Game/SideScroller_BP/Blueprints/SideScrollerCharacter.SideScrollerCharacter_C:ExecuteUbergraph_SideScrollerCharacter
	Function /Game/SideScroller_BP/Blueprints/SideScrollerCharacter.SideScrollerCharacter_C:AimTheGrapple
	Function /Game/SideScroller_BP/Blueprints/SideScrollerCharacter.SideScrollerCharacter_C:GetMouseWorldLocation

[2017.07.06-13.13.41:160][636]LogScriptCore:Warning: Script Msg: Divide by zero
Script call stack:
	Function /Game/SideScroller_BP/Blueprints/SideScrollerCharacter.SideScrollerCharacter_C:ReceiveTick
	Function /Game/SideScroller_BP/Blueprints/SideScrollerCharacter.SideScrollerCharacter_C:ExecuteUbergraph_SideScrollerCharacter
	Function /Game/SideScroller_BP/Blueprints/SideScrollerCharacter.SideScrollerCharacter_C:AimTheGrapple
	Function /Game/SideScroller_BP/Blueprints/SideScrollerCharacter.SideScrollerCharacter_C:GetMouseWorldLocation

[2017.07.06-13.13.41:177][637]LogScriptCore:Warning: Script Msg: Divide by zero
Script call stack:
	Function /Game/SideScroller_BP/Blueprints/SideScrollerCharacter.SideScrollerCharacter_C:ReceiveTick
	Function /Game/SideScroller_BP/Blueprints/SideScrollerCharacter.SideScrollerCharacter_C:ExecuteUbergraph_SideScrollerCharacter
	Function /Game/SideScroller_BP/Blueprints/SideScrollerCharacter.SideScrollerCharacter_C:AimTheGrapple
	Function /Game/SideScroller_BP/Blueprints/SideScrollerCharacter.SideScrollerCharacter_C:GetMouseWorldLocation

[2017.07.06-13.13.41:198][638]LogScriptCore:Warning: Script Msg: Divide by zero
Script call stack:
	Function /Game/SideScroller_BP/Blueprints/SideScrollerCharacter.SideScrollerCharacter_C:ReceiveTick
	Function /Game/SideScroller_BP/Blueprints/SideScrollerCharacter.SideScrollerCharacter_C:ExecuteUbergraph_SideScrollerCharacter
	Function /Game/SideScroller_BP/Blueprints/SideScrollerCharacter.SideScrollerCharacter_C:AimTheGrapple
	Function /Game/SideScroller_BP/Blueprints/SideScrollerCharacter.SideScrollerCharacter_C:GetMouseWorldLocation

[2017.07.06-13.13.41:219][639]LogScriptCore:Warning: Script Msg: Divide by zero
Script call stack:
	Function /Game/SideScroller_BP/Blueprints/SideScrollerCharacter.SideScrollerCharacter_C:ReceiveTick
	Function /Game/SideScroller_BP/Blueprints/SideScrollerCharacter.SideScrollerCharacter_C:ExecuteUbergraph_SideScrollerCharacter
	Function /Game/SideScroller_BP/Blueprints/SideScrollerCharacter.SideScrollerCharacter_C:AimTheGrapple
	Function /Game/SideScroller_BP/Blueprints/SideScrollerCharacter.SideScrollerCharacter_C:GetMouseWorldLocation

[2017.07.06-13.13.41:243][640]LogScriptCore:Warning: Script Msg: Divide by zero
Script call stack:
	Function /Game/SideScroller_BP/Blueprints/SideScrollerCharacter.SideScrollerCharacter_C:ReceiveTick
	Function /Game/SideScroller_BP/Blueprints/SideScrollerCharacter.SideScrollerCharacter_C:ExecuteUbergraph_SideScrollerCharacter
	Function /Game/SideScroller_BP/Blueprints/SideScrollerCharacter.SideScrollerCharacter_C:AimTheGrapple
	Function /Game/SideScroller_BP/Blueprints/SideScrollerCharacter.SideScrollerCharacter_C:GetMouseWorldLocation

[2017.07.06-13.13.41:262][641]LogScriptCore:Warning: Script Msg: Divide by zero
Script call stack:
	Function /Game/SideScroller_BP/Blueprints/SideScrollerCharacter.SideScrollerCharacter_C:ReceiveTick
	Function /Game/SideScroller_BP/Blueprints/SideScrollerCharacter.SideScrollerCharacter_C:ExecuteUbergraph_SideScrollerCharacter
	Function /Game/SideScroller_BP/Blueprints/SideScrollerCharacter.SideScrollerCharacter_C:AimTheGrapple
	Function /Game/SideScroller_BP/Blueprints/SideScrollerCharacter.SideScrollerCharacter_C:GetMouseWorldLocation

[2017.07.06-13.13.41:283][642]LogScriptCore:Warning: Script Msg: Divide by zero
Script call stack:
	Function /Game/SideScroller_BP/Blueprints/SideScrollerCharacter.SideScrollerCharacter_C:ReceiveTick
	Function /Game/SideScroller_BP/Blueprints/SideScrollerCharacter.SideScrollerCharacter_C:ExecuteUbergraph_SideScrollerCharacter
	Function /Game/SideScroller_BP/Blueprints/SideScrollerCharacter.SideScrollerCharacter_C:AimTheGrapple
	Function /Game/SideScroller_BP/Blueprints/SideScrollerCharacter.SideScrollerCharacter_C:GetMouseWorldLocation

[2017.07.06-13.13.41:303][643]LogScriptCore:Warning: Script Msg: Divide by zero
Script call stack:
	Function /Game/SideScroller_BP/Blueprints/SideScrollerCharacter.SideScrollerCharacter_C:ReceiveTick
	Function /Game/SideScroller_BP/Blueprints/SideScrollerCharacter.SideScrollerCharacter_C:ExecuteUbergraph_SideScrollerCharacter
	Function /Game/SideScroller_BP/Blueprints/SideScrollerCharacter.SideScrollerCharacter_C:AimTheGrapple
	Function /Game/SideScroller_BP/Blueprints/SideScrollerCharacter.SideScrollerCharacter_C:GetMouseWorldLocation

[2017.07.06-13.13.41:325][644]LogScriptCore:Warning: Script Msg: Divide by zero
Script call stack:
	Function /Game/SideScroller_BP/Blueprints/SideScrollerCharacter.SideScrollerCharacter_C:ReceiveTick
	Function /Game/SideScroller_BP/Blueprints/SideScrollerCharacter.SideScrollerCharacter_C:ExecuteUbergraph_SideScrollerCharacter
	Function /Game/SideScroller_BP/Blueprints/SideScrollerCharacter.SideScrollerCharacter_C:AimTheGrapple
	Function /Game/SideScroller_BP/Blueprints/SideScrollerCharacter.SideScrollerCharacter_C:GetMouseWorldLocation

[2017.07.06-13.13.53:151][200]LogBlueprintUserMessages: Early EndPlayMap Detection: Level '/Game/SideScroller_BP/Maps/Level1.Level1:PersistentLevel' has LevelScriptBlueprint '/Game/SideScroller_BP/Maps/Level1.Level1:PersistentLevel.Level1' with GeneratedClass '/Game/SideScroller_BP/Maps/Level1.Level1_C' with ClassGeneratedBy '/Game/SideScroller_BP/Maps/Level1.Level1:PersistentLevel.Level1'
[2017.07.06-13.13.53:208][200]LogBlueprintUserMessages: Late EndPlayMap Detection: Level '/Game/SideScroller_BP/Maps/Level1.Level1:PersistentLevel' has LevelScriptBlueprint '/Game/SideScroller_BP/Maps/Level1.Level1:PersistentLevel.Level1' with GeneratedClass '/Game/SideScroller_BP/Maps/Level1.Level1_C' with ClassGeneratedBy '/Game/SideScroller_BP/Maps/Level1.Level1:PersistentLevel.Level1'
[2017.07.06-13.13.59:977][508]LogSavePackage: Save=491.87ms
[2017.07.06-13.13.59:977][508]LogSavePackage: Moving '../../../../../../Users/Camper/Documents/GitHub/Emagination2017Project/MyProject5/Saved/Level10C3086594FBBFE2420DAB3B2E2A9821C.tmp' to '../../../../../../Users/Camper/Documents/GitHub/Emagination2017Project/MyProject5/Content/SideScroller_BP/Maps/Level1.umap'
[2017.07.06-13.13.59:984][508]LogSavePackage:Display: Finished SavePackage ../../../../../../Users/Camper/Documents/GitHub/Emagination2017Project/MyProject5/Content/SideScroller_BP/Maps/Level1.umap
[2017.07.06-13.14.00:009][508]LogFileHelpers: Saving map 'Level1' took 0.707
[2017.07.06-13.14.43:745][947]BlueprintLog: New page: Compile SideScrollerCharacter
[2017.07.06-13.14.43:814][947]LogBlueprint:Error: [Compiler SideScrollerCharacter] Error This blueprint (self) is not a SceneComponent, therefore ' Target ' must have a connection.
[2017.07.06-13.14.44:158][947]BlueprintEditorCompileResults:Error: Error This blueprint (self) is not a SceneComponent, therefore ' Target ' must have a connection.
[2017.07.06-13.14.44:167][947]LogBlueprint:Warning: [Compiler SideScrollerCharacter] Warning [0330.44] Compile of SideScrollerCharacter failed. 1 Fatal Issue(s) 0 Warning(s) [in 421 ms] (/Game/SideScroller_BP/Blueprints/SideScrollerCharacter.SideScrollerCharacter)
[2017.07.06-13.14.48:538][182]BlueprintLog: New page: Compile SideScrollerCharacter
[2017.07.06-13.14.50:887][267]LogTemp: Repeting last play command: Selected Viewport
[2017.07.06-13.14.50:902][267]LogBlueprintUserMessages: Early PlayInEditor Detection: Level '/Game/SideScroller_BP/Maps/Level1.Level1:PersistentLevel' has LevelScriptBlueprint '/Game/SideScroller_BP/Maps/Level1.Level1:PersistentLevel.Level1' with GeneratedClass '/Game/SideScroller_BP/Maps/Level1.Level1_C' with ClassGeneratedBy '/Game/SideScroller_BP/Maps/Level1.Level1:PersistentLevel.Level1'
[2017.07.06-13.14.50:902][267]LogPlayLevel: PlayLevel: No blueprints needed recompiling
[2017.07.06-13.14.50:903][267]PIE: New page: PIE session: Level1 (Jul 6, 2017, 5:14:50 AM)
[2017.07.06-13.14.50:903][267]LogPlayLevel: Creating play world package: /Game/SideScroller_BP/Maps/UEDPIE_0_Level1
[2017.07.06-13.14.50:939][267]LogPlayLevel: PIE: StaticDuplicateObject took: (0.035882s)
[2017.07.06-13.14.50:940][267]LogAIModule: Creating AISystem for world Level1
[2017.07.06-13.14.50:940][267]LogPlayLevel: PIE: World Init took: (0.001183s)
[2017.07.06-13.14.50:940][267]LogPlayLevel: PIE: Created PIE world by copying editor world from /Game/SideScroller_BP/Maps/Level1.Level1 to /Game/SideScroller_BP/Maps/UEDPIE_0_Level1.Level1 (0.037404s)
[2017.07.06-13.14.50:963][267]LogInit: XAudio2 using 'Speaker/HP (Realtek High Definition Audio)' : 2 channels at 48 kHz using 32 bits per sample (channel mask 0x3)
[2017.07.06-13.14.50:975][267]LogInit: FAudioDevice initialized.
[2017.07.06-13.14.51:010][267]LogLoad: Game class is 'GameModeBase'
[2017.07.06-13.14.51:014][267]LogWorld: Bringing World /Game/SideScroller_BP/Maps/UEDPIE_0_Level1.Level1 up for play (max tick rate 60) at 2017.07.06-09.14.51
[2017.07.06-13.14.51:015][267]LogWorld: Bringing up level for play took: 0.003173
[2017.07.06-13.14.51:017][267]PIE: Info Play in editor start time for /Game/SideScroller_BP/Maps/UEDPIE_0_Level1 -0.293
[2017.07.06-13.14.51:018][267]LogBlueprintUserMessages: Late PlayInEditor Detection: Level '/Game/SideScroller_BP/Maps/Level1.Level1:PersistentLevel' has LevelScriptBlueprint '/Game/SideScroller_BP/Maps/Level1.Level1:PersistentLevel.Level1' with GeneratedClass '/Game/SideScroller_BP/Maps/Level1.Level1_C' with ClassGeneratedBy '/Game/SideScroller_BP/Maps/Level1.Level1:PersistentLevel.Level1'
[2017.07.06-13.14.51:018][267]LogScriptCore:Warning: Script Msg: Divide by zero
Script call stack:
	Function /Game/SideScroller_BP/Blueprints/SideScrollerCharacter.SideScrollerCharacter_C:ReceiveTick
	Function /Game/SideScroller_BP/Blueprints/SideScrollerCharacter.SideScrollerCharacter_C:ExecuteUbergraph_SideScrollerCharacter
	Function /Game/SideScroller_BP/Blueprints/SideScrollerCharacter.SideScrollerCharacter_C:AimTheGrapple
	Function /Game/SideScroller_BP/Blueprints/SideScrollerCharacter.SideScrollerCharacter_C:GetMouseWorldLocation

[2017.07.06-13.14.51:074][268]LogScriptCore:Warning: Script Msg: Divide by zero
Script call stack:
	Function /Game/SideScroller_BP/Blueprints/SideScrollerCharacter.SideScrollerCharacter_C:ReceiveTick
	Function /Game/SideScroller_BP/Blueprints/SideScrollerCharacter.SideScrollerCharacter_C:ExecuteUbergraph_SideScrollerCharacter
	Function /Game/SideScroller_BP/Blueprints/SideScrollerCharacter.SideScrollerCharacter_C:AimTheGrapple
	Function /Game/SideScroller_BP/Blueprints/SideScrollerCharacter.SideScrollerCharacter_C:GetMouseWorldLocation

[2017.07.06-13.14.51:091][269]LogScriptCore:Warning: Script Msg: Divide by zero
Script call stack:
	Function /Game/SideScroller_BP/Blueprints/SideScrollerCharacter.SideScrollerCharacter_C:ReceiveTick
	Function /Game/SideScroller_BP/Blueprints/SideScrollerCharacter.SideScrollerCharacter_C:ExecuteUbergraph_SideScrollerCharacter
	Function /Game/SideScroller_BP/Blueprints/SideScrollerCharacter.SideScrollerCharacter_C:AimTheGrapple
	Function /Game/SideScroller_BP/Blueprints/SideScrollerCharacter.SideScrollerCharacter_C:GetMouseWorldLocation

[2017.07.06-13.14.51:142][270]LogScriptCore:Warning: Script Msg: Divide by zero
Script call stack:
	Function /Game/SideScroller_BP/Blueprints/SideScrollerCharacter.SideScrollerCharacter_C:ReceiveTick
	Function /Game/SideScroller_BP/Blueprints/SideScrollerCharacter.SideScrollerCharacter_C:ExecuteUbergraph_SideScrollerCharacter
	Function /Game/SideScroller_BP/Blueprints/SideScrollerCharacter.SideScrollerCharacter_C:AimTheGrapple
	Function /Game/SideScroller_BP/Blueprints/SideScrollerCharacter.SideScrollerCharacter_C:GetMouseWorldLocation

[2017.07.06-13.14.51:162][271]LogScriptCore:Warning: Script Msg: Divide by zero
Script call stack:
	Function /Game/SideScroller_BP/Blueprints/SideScrollerCharacter.SideScrollerCharacter_C:ReceiveTick
	Function /Game/SideScroller_BP/Blueprints/SideScrollerCharacter.SideScrollerCharacter_C:ExecuteUbergraph_SideScrollerCharacter
	Function /Game/SideScroller_BP/Blueprints/SideScrollerCharacter.SideScrollerCharacter_C:AimTheGrapple
	Function /Game/SideScroller_BP/Blueprints/SideScrollerCharacter.SideScrollerCharacter_C:GetMouseWorldLocation

[2017.07.06-13.15.11:097][244]LogNet: Browse: /Game/SideScroller_BP/Maps/Level1
[2017.07.06-13.15.11:097][244]LogLoad: LoadMap: /Game/SideScroller_BP/Maps/Level1
[2017.07.06-13.15.11:137][244]Cmd: MEM
[2017.07.06-13.15.11:162][244]LogMemory: Platform Memory Stats for Windows
[2017.07.06-13.15.11:162][244]LogMemory: Process Physical Memory: 1545.36 MB used, 1573.59 MB peak
[2017.07.06-13.15.11:162][244]LogMemory: Process Virtual Memory: 2093.93 MB used, 2117.79 MB peak
[2017.07.06-13.15.11:162][244]LogMemory: Physical Memory: 8265.45 MB used,  7743.77 MB free, 16009.22 MB total
[2017.07.06-13.15.11:162][244]LogMemory: Virtual Memory: 2893.68 MB used,  7743.77 MB free, 134217728.00 MB total
[2017.07.06-13.15.11:162][244]LogMemory: 
[2017.07.06-13.15.11:162][244]Allocator Stats for TBB: (not implemented)
[2017.07.06-13.15.11:162][244]LogPlayLevel: Creating play world package: /Game/SideScroller_BP/Maps/UEDPIE_0_Level1
[2017.07.06-13.15.11:185][244]LogPlayLevel: PIE: StaticDuplicateObject took: (0.023214s)
[2017.07.06-13.15.11:186][244]LogAIModule: Creating AISystem for world Level1
[2017.07.06-13.15.11:186][244]LogPlayLevel: PIE: World Init took: (0.000983s)
[2017.07.06-13.15.11:186][244]LogPlayLevel: PIE: Created PIE world by copying editor world from /Game/SideScroller_BP/Maps/Level1.Level1 to /Game/SideScroller_BP/Maps/UEDPIE_0_Level1.Level1 (0.024598s)
[2017.07.06-13.15.11:202][244]LogLoad: Game class is 'GameModeBase'
[2017.07.06-13.15.11:206][244]LogWorld: Bringing World /Game/SideScroller_BP/Maps/UEDPIE_0_Level1.Level1 up for play (max tick rate 60) at 2017.07.06-09.15.11
[2017.07.06-13.15.11:207][244]LogWorld: Bringing up level for play took: 0.003715
[2017.07.06-13.15.11:210][244]LogLoad: Took 0.113492 seconds to LoadMap(/Game/SideScroller_BP/Maps/UEDPIE_0_Level1)
[2017.07.06-13.15.45:708][ 98]LogNet: Browse: /Game/SideScroller_BP/Maps/Level1
[2017.07.06-13.15.45:708][ 98]LogLoad: LoadMap: /Game/SideScroller_BP/Maps/Level1
[2017.07.06-13.15.45:733][ 98]Cmd: MEM
[2017.07.06-13.15.45:753][ 98]LogMemory: Platform Memory Stats for Windows
[2017.07.06-13.15.45:753][ 98]LogMemory: Process Physical Memory: 1547.29 MB used, 1573.59 MB peak
[2017.07.06-13.15.45:753][ 98]LogMemory: Process Virtual Memory: 1981.82 MB used, 2208.52 MB peak
[2017.07.06-13.15.45:753][ 98]LogMemory: Physical Memory: 8268.42 MB used,  7740.80 MB free, 16009.22 MB total
[2017.07.06-13.15.45:753][ 98]LogMemory: Virtual Memory: 2926.74 MB used,  7740.80 MB free, 134217728.00 MB total
[2017.07.06-13.15.45:753][ 98]LogMemory: 
[2017.07.06-13.15.45:753][ 98]Allocator Stats for TBB: (not implemented)
[2017.07.06-13.15.45:753][ 98]LogPlayLevel: Creating play world package: /Game/SideScroller_BP/Maps/UEDPIE_0_Level1
[2017.07.06-13.15.45:776][ 98]LogPlayLevel: PIE: StaticDuplicateObject took: (0.022589s)
[2017.07.06-13.15.45:777][ 98]LogAIModule: Creating AISystem for world Level1
[2017.07.06-13.15.45:777][ 98]LogPlayLevel: PIE: World Init took: (0.001030s)
[2017.07.06-13.15.45:777][ 98]LogPlayLevel: PIE: Created PIE world by copying editor world from /Game/SideScroller_BP/Maps/Level1.Level1 to /Game/SideScroller_BP/Maps/UEDPIE_0_Level1.Level1 (0.023951s)
[2017.07.06-13.15.45:799][ 98]LogLoad: Game class is 'GameModeBase'
[2017.07.06-13.15.45:803][ 98]LogWorld: Bringing World /Game/SideScroller_BP/Maps/UEDPIE_0_Level1.Level1 up for play (max tick rate 60) at 2017.07.06-09.15.45
[2017.07.06-13.15.45:804][ 98]LogWorld: Bringing up level for play took: 0.003467
[2017.07.06-13.15.45:807][ 98]LogLoad: Took 0.098916 seconds to LoadMap(/Game/SideScroller_BP/Maps/UEDPIE_0_Level1)
[2017.07.06-13.15.51:737][377]LogNet: Browse: /Game/SideScroller_BP/Maps/MenuLevel
[2017.07.06-13.15.51:737][377]LogLoad: LoadMap: /Game/SideScroller_BP/Maps/MenuLevel
[2017.07.06-13.15.51:780][377]Cmd: MEM
[2017.07.06-13.15.51:798][377]LogMemory: Platform Memory Stats for Windows
[2017.07.06-13.15.51:798][377]LogMemory: Process Physical Memory: 1556.77 MB used, 1573.59 MB peak
[2017.07.06-13.15.51:798][377]LogMemory: Process Virtual Memory: 1992.11 MB used, 2208.52 MB peak
[2017.07.06-13.15.51:798][377]LogMemory: Physical Memory: 8280.70 MB used,  7728.52 MB free, 16009.22 MB total
[2017.07.06-13.15.51:798][377]LogMemory: Virtual Memory: 2870.74 MB used,  7728.52 MB free, 134217728.00 MB total
[2017.07.06-13.15.51:798][377]LogMemory: 
[2017.07.06-13.15.51:798][377]Allocator Stats for TBB: (not implemented)
[2017.07.06-13.15.51:889][377]LogAIModule: Creating AISystem for world MenuLevel
[2017.07.06-13.15.51:890][377]LogLoad: Game class is 'GameModeBase'
[2017.07.06-13.15.51:893][377]LogWorld: Bringing World /Game/SideScroller_BP/Maps/UEDPIE_0_MenuLevel.MenuLevel up for play (max tick rate 60) at 2017.07.06-09.15.51
[2017.07.06-13.15.51:893][377]LogWorld: Bringing up level for play took: 0.002057
[2017.07.06-13.15.51:893][377]LogGameMode: FindPlayerStart: PATHS NOT DEFINED or NO PLAYERSTART with positive rating
[2017.07.06-13.15.51:896][377]LogLoad: Took 0.159370 seconds to LoadMap(/Game/SideScroller_BP/Maps/MenuLevel)
[2017.07.06-13.15.57:765][729]LogBlueprintUserMessages: Early EndPlayMap Detection: Level '/Game/SideScroller_BP/Maps/Level1.Level1:PersistentLevel' has LevelScriptBlueprint '/Game/SideScroller_BP/Maps/Level1.Level1:PersistentLevel.Level1' with GeneratedClass '/Game/SideScroller_BP/Maps/Level1.Level1_C' with ClassGeneratedBy '/Game/SideScroller_BP/Maps/Level1.Level1:PersistentLevel.Level1'
[2017.07.06-13.15.57:798][729]LogBlueprintUserMessages: Late EndPlayMap Detection: Level '/Game/SideScroller_BP/Maps/Level1.Level1:PersistentLevel' has LevelScriptBlueprint '/Game/SideScroller_BP/Maps/Level1.Level1:PersistentLevel.Level1' with GeneratedClass '/Game/SideScroller_BP/Maps/Level1.Level1_C' with ClassGeneratedBy '/Game/SideScroller_BP/Maps/Level1.Level1:PersistentLevel.Level1'
[2017.07.06-13.16.02:844][939]LogAIModule: Creating AISystem for world MenuLevel
[2017.07.06-13.16.04:502][939]LogSavePackage: Save=132.71ms
[2017.07.06-13.16.04:502][939]LogSavePackage: Moving '../../../../../../Users/Camper/Documents/GitHub/Emagination2017Project/MyProject5/Saved/SideScrollerCharacter7001C15449EE33826ED107BB90499E2E.tmp' to '../../../../../../Users/Camper/Documents/GitHub/Emagination2017Project/MyProject5/Content/SideScroller_BP/Blueprints/SideScrollerCharacter.uasset'
[2017.07.06-13.16.04:508][939]LogSavePackage:Display: Finished SavePackage ../../../../../../Users/Camper/Documents/GitHub/Emagination2017Project/MyProject5/Content/SideScroller_BP/Blueprints/SideScrollerCharacter.uasset
[2017.07.06-13.16.04:889][939]LogSlate: Took 0.000316 seconds to synchronously load lazily loaded font '../../../Engine/Content/Slate/Fonts/Roboto-Regular.ttf' (155K)
[2017.07.06-13.16.05:283][939]LogSavePackage: Save=596.48ms
[2017.07.06-13.16.05:283][939]LogSavePackage: Moving '../../../../../../Users/Camper/Documents/GitHub/Emagination2017Project/MyProject5/Saved/Level179AF31B84FB11618A08186A1C9B91CED.tmp' to '../../../../../../Users/Camper/Documents/GitHub/Emagination2017Project/MyProject5/Content/SideScroller_BP/Maps/Level1.umap'
[2017.07.06-13.16.05:290][939]LogSavePackage:Display: Finished SavePackage ../../../../../../Users/Camper/Documents/GitHub/Emagination2017Project/MyProject5/Content/SideScroller_BP/Maps/Level1.umap
[2017.07.06-13.16.05:371][939]LogFileHelpers: Saving map 'Level1' took 0.863
[2017.07.06-13.16.05:373][939]Cmd: MAP LOAD FILE="../../../../../../Users/Camper/Documents/GitHub/Emagination2017Project/MyProject5/Content/SideScroller_BP/Maps/MenuLevel.umap" TEMPLATE=0 SHOWPROGRESS=1 FEATURELEVEL=3
[2017.07.06-13.16.05:373][939]LightingResults: New page: Lighting Build
[2017.07.06-13.16.05:375][939]LoadErrors: New page: Loading map: MenuLevel.umap
[2017.07.06-13.16.05:428][939]MapCheck: New page: Map Check
[2017.07.06-13.16.05:429][939]LightingResults: New page: Lighting Build
[2017.07.06-13.16.05:606][939]LogEditorServer: Finished looking for orphan Actors (0.000 secs)
[2017.07.06-13.16.05:636][939]Cmd: MAP CHECKDEP NOCLEARLOG
[2017.07.06-13.16.05:788][939]MapCheck: Info Map check complete: 0 Error(s), 0 Warning(s), took 151.667ms to complete.
[2017.07.06-13.16.05:788][939]LogFileHelpers: Loading map 'MenuLevel' took 0.416
[2017.07.06-13.16.19:609][705]LogSlate: Took 0.003387 seconds to synchronously load lazily loaded font '../../../Engine/Content/Slate/Fonts/DroidSansFallback.ttf' (3848K)
[2017.07.06-13.17.03:938][363]BlueprintLog: New page: Compile MainMenu
[2017.07.06-13.17.05:644][454]LogTemp: Repeting last play command: Selected Viewport
[2017.07.06-13.17.05:666][454]LogBlueprintUserMessages: Early PlayInEditor Detection: Level '/Game/SideScroller_BP/Maps/MenuLevel.MenuLevel:PersistentLevel' has LevelScriptBlueprint '/Game/SideScroller_BP/Maps/MenuLevel.MenuLevel:PersistentLevel.MenuLevel' with GeneratedClass '/Game/SideScroller_BP/Maps/MenuLevel.MenuLevel_C' with ClassGeneratedBy '/Game/SideScroller_BP/Maps/MenuLevel.MenuLevel:PersistentLevel.MenuLevel'
[2017.07.06-13.17.05:666][454]LogPlayLevel: PlayLevel: No blueprints needed recompiling
[2017.07.06-13.17.05:666][454]PIE: New page: PIE session: MenuLevel (Jul 6, 2017, 5:17:05 AM)
[2017.07.06-13.17.05:666][454]LogPlayLevel: Creating play world package: /Game/SideScroller_BP/Maps/UEDPIE_0_MenuLevel
[2017.07.06-13.17.05:667][454]LogPlayLevel: PIE: StaticDuplicateObject took: (0.001012s)
[2017.07.06-13.17.05:668][454]LogAIModule: Creating AISystem for world MenuLevel
[2017.07.06-13.17.05:668][454]LogPlayLevel: PIE: World Init took: (0.000706s)
[2017.07.06-13.17.05:668][454]LogPlayLevel: PIE: Created PIE world by copying editor world from /Game/SideScroller_BP/Maps/MenuLevel.MenuLevel to /Game/SideScroller_BP/Maps/UEDPIE_0_MenuLevel.MenuLevel (0.001948s)
[2017.07.06-13.17.05:692][454]LogInit: XAudio2 using 'Speaker/HP (Realtek High Definition Audio)' : 2 channels at 48 kHz using 32 bits per sample (channel mask 0x3)
[2017.07.06-13.17.05:704][454]LogInit: FAudioDevice initialized.
[2017.07.06-13.17.05:740][454]LogLoad: Game class is 'GameModeBase'
[2017.07.06-13.17.05:743][454]LogWorld: Bringing World /Game/SideScroller_BP/Maps/UEDPIE_0_MenuLevel.MenuLevel up for play (max tick rate 60) at 2017.07.06-09.17.05
[2017.07.06-13.17.05:743][454]LogWorld: Bringing up level for play took: 0.001089
[2017.07.06-13.17.05:746][454]PIE: Info Play in editor start time for /Game/SideScroller_BP/Maps/UEDPIE_0_MenuLevel 0.436
[2017.07.06-13.17.05:747][454]LogBlueprintUserMessages: Late PlayInEditor Detection: Level '/Game/SideScroller_BP/Maps/MenuLevel.MenuLevel:PersistentLevel' has LevelScriptBlueprint '/Game/SideScroller_BP/Maps/MenuLevel.MenuLevel:PersistentLevel.MenuLevel' with GeneratedClass '/Game/SideScroller_BP/Maps/MenuLevel.MenuLevel_C' with ClassGeneratedBy '/Game/SideScroller_BP/Maps/MenuLevel.MenuLevel:PersistentLevel.MenuLevel'
[2017.07.06-13.17.20:968][367]LogBlueprintUserMessages: Early EndPlayMap Detection: Level '/Game/SideScroller_BP/Maps/MenuLevel.MenuLevel:PersistentLevel' has LevelScriptBlueprint '/Game/SideScroller_BP/Maps/MenuLevel.MenuLevel:PersistentLevel.MenuLevel' with GeneratedClass '/Game/SideScroller_BP/Maps/MenuLevel.MenuLevel_C' with ClassGeneratedBy '/Game/SideScroller_BP/Maps/MenuLevel.MenuLevel:PersistentLevel.MenuLevel'
[2017.07.06-13.17.21:005][367]LogBlueprintUserMessages: Late EndPlayMap Detection: Level '/Game/SideScroller_BP/Maps/MenuLevel.MenuLevel:PersistentLevel' has LevelScriptBlueprint '/Game/SideScroller_BP/Maps/MenuLevel.MenuLevel:PersistentLevel.MenuLevel' with GeneratedClass '/Game/SideScroller_BP/Maps/MenuLevel.MenuLevel_C' with ClassGeneratedBy '/Game/SideScroller_BP/Maps/MenuLevel.MenuLevel:PersistentLevel.MenuLevel'
[2017.07.06-13.17.22:501][450]LogSavePackage: Save=50.18ms
[2017.07.06-13.17.22:501][450]LogSavePackage: Moving '../../../../../../Users/Camper/Documents/GitHub/Emagination2017Project/MyProject5/Saved/MainMenu4748964F4A85DB0A7AC1C88E2E157939.tmp' to '../../../../../../Users/Camper/Documents/GitHub/Emagination2017Project/MyProject5/Content/SideScroller_BP/Blueprints/MainMenu.uasset'
[2017.07.06-13.17.22:506][450]LogSavePackage:Display: Finished SavePackage ../../../../../../Users/Camper/Documents/GitHub/Emagination2017Project/MyProject5/Content/SideScroller_BP/Blueprints/MainMenu.uasset
[2017.07.06-13.22.05:668][944]LogSavePackage: Save=31.88ms
[2017.07.06-13.22.05:668][944]LogSavePackage: Moving '../../../../../../Users/Camper/Documents/GitHub/Emagination2017Project/MyProject5/Saved/HUDD6DB2861423B517EA45F61B75B66D4A5.tmp' to '../../../../../../Users/Camper/Documents/GitHub/Emagination2017Project/MyProject5/Content/SideScroller_BP/Blueprints/HUD.uasset'
[2017.07.06-13.22.05:672][944]LogSavePackage:Display: Finished SavePackage ../../../../../../Users/Camper/Documents/GitHub/Emagination2017Project/MyProject5/Content/SideScroller_BP/Blueprints/HUD.uasset
[2017.07.06-13.25.08:863][594]LogEditorTransaction: Undo Edit Text
[2017.07.06-13.31.47:756][397]LogSlate:Warning: FSlateFontInfo property 'Font.FontObject' on object '/Engine/Transient.World_9:EndingSequence_C_14.WidgetTree.TextBlock_3' was set to use a null UFont. Slate will be forced to use the fallback font path which may be slower.
[2017.07.06-13.31.47:811][397]LogSlate: Took 0.048943 seconds to synchronously load lazily loaded font '../../../Engine/Content/SlateDebug/Fonts/LastResort.ttf' (5269K)
[2017.07.06-13.38.00:996][530]LogEditorTransaction: Undo Edit Top
[2017.07.06-13.42.27:409][403]LogEditorTransaction: Undo Edit A
[2017.07.06-13.42.51:344][826]LogEditorTransaction: Undo Edit Properties
[2017.07.06-13.42.52:000][859]Cmd: TRANSACTION UNDO
[2017.07.06-13.42.52:000][859]LogEditorTransaction: Undo Edit A
[2017.07.06-13.44.18:790][ 33]LogFileHelpers: Editor autosave (incl. sublevels) for '/Game/SideScroller_BP/Maps/MenuLevel' took 0.030
[2017.07.06-13.44.18:803][ 33]OBJ SavePackage: Generating thumbnails for [0] asset(s) in package [/Game/SideScroller_BP/Blueprints/EndingSequence] ([1] browsable assets)...
[2017.07.06-13.44.18:803][ 33]OBJ SavePackage: Finished generating thumbnails for package [/Game/SideScroller_BP/Blueprints/EndingSequence]
[2017.07.06-13.44.18:819][ 33]LogSavePackage: Save=14.24ms
[2017.07.06-13.44.18:819][ 33]LogSavePackage: Moving '../../../../../../Users/Camper/Documents/GitHub/Emagination2017Project/MyProject5/Saved/EndingSequence_Auto198AC1A244EBB99212D1188AA3748AEC1.tmp' to '../../../../../../Users/Camper/Documents/GitHub/Emagination2017Project/MyProject5/Saved/Autosaves/Game/SideScroller_BP/Blueprints/EndingSequence_Auto1.uasset'
[2017.07.06-13.44.18:822][ 33]LogSavePackage:Display: Finished SavePackage ../../../../../../Users/Camper/Documents/GitHub/Emagination2017Project/MyProject5/Saved/Autosaves/Game/SideScroller_BP/Blueprints/EndingSequence_Auto1.uasset
[2017.07.06-13.44.18:822][ 33]LogFileHelpers: Auto-saving content packages took 0.030
[2017.07.06-13.45.12:375][246]LogEditorTransaction: Undo Animatable Property Changed
[2017.07.06-13.45.17:133][525]Cmd: TRANSACTION REDO
[2017.07.06-13.45.17:133][525]LogEditorTransaction: Redo Animatable Property Changed
[2017.07.06-13.46.05:921][442]LogEditorTransaction: Undo Animatable Property Changed
[2017.07.06-13.46.06:446][467]LogEditorTransaction: Undo Edit A
[2017.07.06-13.46.06:909][489]LogEditorTransaction: Undo Animatable Property Changed
[2017.07.06-13.46.07:465][517]LogEditorTransaction: Undo Animatable Property Changed
[2017.07.06-13.46.08:607][580]LogEditorTransaction: Undo Edit A
[2017.07.06-13.46.09:062][602]LogEditorTransaction: Undo Animatable Property Changed
[2017.07.06-13.53.34:194][222]LogEditorTransaction: Undo Edit Bottom
[2017.07.06-13.53.34:209][222]LogWindows: Windows GetLastError: The operation completed successfully. (0)
